#
# There is insufficient memory for the Java Runtime Environment to continue.
# Native memory allocation (malloc) failed to allocate 1779376 bytes for Chunk::new
# Possible reasons:
#   The system is out of physical RAM or swap space
#   The process is running with CompressedOops enabled, and the Java Heap may be blocking the growth of the native heap
# Possible solutions:
#   Reduce memory load on the system
#   Increase physical memory or swap space
#   Check if swap backing store is full
#   Decrease Java heap size (-Xmx/-Xms)
#   Decrease number of Java threads
#   Decrease Java thread stack sizes (-Xss)
#   Set larger code cache with -XX:ReservedCodeCacheSize=
#   JVM is running with Unscaled Compressed Oops mode in which the Java heap is
#     placed in the first 4GB address space. The Java Heap base address is the
#     maximum limit for the native heap growth. Please use -XX:HeapBaseMinAddress
#     to set the Java Heap base and to place the Java Heap above 4GB virtual address.
# This output file may be truncated or incomplete.
#
#  Out of Memory Error (arena.cpp:168), pid=30792, tid=29004
#
# JRE version: Java(TM) SE Runtime Environment (21.0.2+13) (build 21.0.2+13-LTS-58)
# Java VM: Java HotSpot(TM) 64-Bit Server VM (21.0.2+13-LTS-58, mixed mode, sharing, tiered, compressed oops, compressed class ptrs, g1 gc, windows-amd64)
# No core dump will be written. Minidumps are not enabled by default on client versions of Windows
#

---------------  S U M M A R Y ------------

Command Line: -ea -Dfile.encoding=UTF-8 -Dstdout.encoding=UTF-8 -Dstderr.encoding=UTF-8 -XX:+ShowCodeDetailsInExceptionMessages org.testng.remote.RemoteTestNG -serport 56297 -protocol json -d D:\Eclipse-Rajeev\Octopussaas_main_Framework\test-output C:\Users\Rajeev nandi\AppData\Local\Temp\testng-eclipse-1464500765\testng-customsuite.xml

Host: 11th Gen Intel(R) Core(TM) i5-1135G7 @ 2.40GHz, 8 cores, 7G,  Windows 11 , 64 bit Build 26100 (10.0.26100.8521)
Time: Tue Jun  2 15:26:15 2026 India Standard Time elapsed time: 31.296683 seconds (0d 0h 0m 31s)

---------------  T H R E A D  ---------------

Current thread (0x000001b5ab8a07e0):  JavaThread "C2 CompilerThread0" daemon [_thread_in_native, id=29004, stack(0x000000527f700000,0x000000527f800000) (1024K)]


Current CompileTask:
C2:  31297 3774       4       org.apache.xmlbeans.impl.store.Xobj::getUser (145 bytes)

Stack: [0x000000527f700000,0x000000527f800000]
Native frames: (J=compiled Java code, j=interpreted, Vv=VM code, C=native code)
V  [jvm.dll+0x6cade9]
V  [jvm.dll+0x8569c1]
V  [jvm.dll+0x858d2e]
V  [jvm.dll+0x859413]
V  [jvm.dll+0x280e56]
V  [jvm.dll+0xc3f3d]
V  [jvm.dll+0xc4473]
V  [jvm.dll+0x3b5bf2]
V  [jvm.dll+0x382855]
V  [jvm.dll+0x381cca]
V  [jvm.dll+0x249bd0]
V  [jvm.dll+0x2491b1]
V  [jvm.dll+0x1c9634]
V  [jvm.dll+0x258859]
V  [jvm.dll+0x256e3a]
V  [jvm.dll+0x3ef6c6]
V  [jvm.dll+0x7ff568]
V  [jvm.dll+0x6c953d]
C  [ucrtbase.dll+0x2cd30]
C  [KERNEL32.DLL+0x2e957]
C  [ntdll.dll+0x87c1c]


---------------  P R O C E S S  ---------------

Threads class SMR info:
_java_thread_list=0x000001b5f1407760, length=29, elements={
0x000001b58ce24f40, 0x000001b5ab85da20, 0x000001b5ab8624a0, 0x000001b5ab8668c0,
0x000001b5ab867320, 0x000001b5ab869d90, 0x000001b5ab877900, 0x000001b5ab8a07e0,
0x000001b5ab9d0090, 0x000001b5abb01bf0, 0x000001b5abb04c40, 0x000001b5f14e7720,
0x000001b5f214fe80, 0x000001b5f25a1a40, 0x000001b5f25a20b0, 0x000001b5f22cd990,
0x000001b5f22ce000, 0x000001b5f24e9360, 0x000001b5f24e99f0, 0x000001b5f24ea710,
0x000001b5f24e8cd0, 0x000001b5f24e7290, 0x000001b5f24e7920, 0x000001b5f24e7fb0,
0x000001b5f24e8640, 0x000001b5f22f64e0, 0x000001b5f22f5e50, 0x000001b5f22f6b70,
0x000001b5f11650f0
}

Java Threads: ( => current thread )
  0x000001b58ce24f40 JavaThread "main"                              [_thread_blocked, id=12632, stack(0x000000527e900000,0x000000527ea00000) (1024K)]
  0x000001b5ab85da20 JavaThread "Reference Handler"          daemon [_thread_blocked, id=31720, stack(0x000000527f100000,0x000000527f200000) (1024K)]
  0x000001b5ab8624a0 JavaThread "Finalizer"                  daemon [_thread_blocked, id=29596, stack(0x000000527f200000,0x000000527f300000) (1024K)]
  0x000001b5ab8668c0 JavaThread "Signal Dispatcher"          daemon [_thread_blocked, id=28420, stack(0x000000527f300000,0x000000527f400000) (1024K)]
  0x000001b5ab867320 JavaThread "Attach Listener"            daemon [_thread_blocked, id=22276, stack(0x000000527f400000,0x000000527f500000) (1024K)]
  0x000001b5ab869d90 JavaThread "Service Thread"             daemon [_thread_blocked, id=6756, stack(0x000000527f500000,0x000000527f600000) (1024K)]
  0x000001b5ab877900 JavaThread "Monitor Deflation Thread"   daemon [_thread_blocked, id=3056, stack(0x000000527f600000,0x000000527f700000) (1024K)]
=>0x000001b5ab8a07e0 JavaThread "C2 CompilerThread0"         daemon [_thread_in_native, id=29004, stack(0x000000527f700000,0x000000527f800000) (1024K)]
  0x000001b5ab9d0090 JavaThread "C1 CompilerThread0"         daemon [_thread_blocked, id=3476, stack(0x000000527f800000,0x000000527f900000) (1024K)]
  0x000001b5abb01bf0 JavaThread "Notification Thread"        daemon [_thread_blocked, id=30092, stack(0x000000527f900000,0x000000527fa00000) (1024K)]
  0x000001b5abb04c40 JavaThread "Common-Cleaner"             daemon [_thread_blocked, id=20688, stack(0x000000527fa00000,0x000000527fb00000) (1024K)]
  0x000001b5f14e7720 JavaThread "ReaderThread"                      [_thread_in_native, id=352, stack(0x000000527fd00000,0x000000527fe00000) (1024K)]
  0x000001b5f214fe80 JavaThread "ForkJoinPool.commonPool-worker-1" daemon [_thread_blocked, id=17000, stack(0x0000005200400000,0x0000005200500000) (1024K)]
  0x000001b5f25a1a40 JavaThread "HttpClient-1-SelectorManager" daemon [_thread_in_native, id=19760, stack(0x0000005200600000,0x0000005200700000) (1024K)]
  0x000001b5f25a20b0 JavaThread "External Process Output Forwarder - C:\Users\Rajeev nandi\.cache\selenium\chromedriver\win64\148.0.7778.178\chromedriver.exe" daemon [_thread_in_native, id=31624, stack(0x0000005200700000,0x0000005200800000) (1024K)]
  0x000001b5f22cd990 JavaThread "Driver Service Executor"    daemon [_thread_blocked, id=23092, stack(0x0000005200800000,0x0000005200900000) (1024K)]
  0x000001b5f22ce000 JavaThread "Driver Service Executor"    daemon [_thread_blocked, id=31696, stack(0x0000005200900000,0x0000005200a00000) (1024K)]
  0x000001b5f24e9360 JavaThread "UrlChecker-2"               daemon [_thread_blocked, id=22424, stack(0x0000005200500000,0x0000005200600000) (1024K)]
  0x000001b5f24e99f0 JavaThread "JdkHttpClient-0-0"          daemon [_thread_blocked, id=19228, stack(0x0000005200b00000,0x0000005200c00000) (1024K)]
  0x000001b5f24ea710 JavaThread "CompletableFutureDelayScheduler" daemon [_thread_blocked, id=10920, stack(0x0000005200c00000,0x0000005200d00000) (1024K)]
  0x000001b5f24e8cd0 JavaThread "JdkHttpClient-0-1"          daemon [_thread_blocked, id=7096, stack(0x0000005200e00000,0x0000005200f00000) (1024K)]
  0x000001b5f24e7290 JavaThread "JdkHttpClient-0-2"          daemon [_thread_blocked, id=10320, stack(0x0000005200f00000,0x0000005201000000) (1024K)]
  0x000001b5f24e7920 JavaThread "JdkHttpClient-0-3"          daemon [_thread_blocked, id=8876, stack(0x0000005201000000,0x0000005201100000) (1024K)]
  0x000001b5f24e7fb0 JavaThread "HttpClient-2-SelectorManager" daemon [_thread_in_native, id=5792, stack(0x0000005201100000,0x0000005201200000) (1024K)]
  0x000001b5f24e8640 JavaThread "JdkHttpClient-1-0"          daemon [_thread_blocked, id=28072, stack(0x0000005201200000,0x0000005201300000) (1024K)]
  0x000001b5f22f64e0 JavaThread "JdkHttpClient-1-1"          daemon [_thread_blocked, id=13468, stack(0x0000005201300000,0x0000005201400000) (1024K)]
  0x000001b5f22f5e50 JavaThread "JdkHttpClient-1-2"          daemon [_thread_blocked, id=23696, stack(0x0000005201400000,0x0000005201500000) (1024K)]
  0x000001b5f22f6b70 JavaThread "JdkHttpClient-1-3"          daemon [_thread_blocked, id=15320, stack(0x0000005201500000,0x0000005201600000) (1024K)]
  0x000001b5f11650f0 JavaThread "C2 CompilerThread1"         daemon [_thread_blocked, id=32032, stack(0x0000005201600000,0x0000005201700000) (1024K)]
Total: 29

Other Threads:
  0x000001b5ab83ef80 VMThread "VM Thread"                           [id=3568, stack(0x000000527f000000,0x000000527f100000) (1024K)]
  0x000001b5ab828fb0 WatcherThread "VM Periodic Task Thread"        [id=6852, stack(0x000000527ef00000,0x000000527f000000) (1024K)]
  0x000001b58d2a6310 WorkerThread "GC Thread#0"                     [id=29996, stack(0x000000527ea00000,0x000000527eb00000) (1024K)]
  0x000001b5f1e34080 WorkerThread "GC Thread#1"                     [id=31104, stack(0x000000527fe00000,0x000000527ff00000) (1024K)]
  0x000001b5f1e34420 WorkerThread "GC Thread#2"                     [id=14900, stack(0x000000527ff00000,0x0000005280000000) (1024K)]
  0x000001b5f1c18160 WorkerThread "GC Thread#3"                     [id=18852, stack(0x0000005200000000,0x0000005200100000) (1024K)]
  0x000001b5f147cdf0 WorkerThread "GC Thread#4"                     [id=12816, stack(0x0000005200100000,0x0000005200200000) (1024K)]
  0x000001b5f147d190 WorkerThread "GC Thread#5"                     [id=20160, stack(0x0000005200200000,0x0000005200300000) (1024K)]
  0x000001b5f147d530 WorkerThread "GC Thread#6"                     [id=21376, stack(0x0000005200300000,0x0000005200400000) (1024K)]
  0x000001b5f24ef2b0 WorkerThread "GC Thread#7"                     [id=25084, stack(0x0000005200d00000,0x0000005200e00000) (1024K)]
  0x000001b58d2b6a00 ConcurrentGCThread "G1 Main Marker"            [id=9692, stack(0x000000527eb00000,0x000000527ec00000) (1024K)]
  0x000001b58d2b8a30 WorkerThread "G1 Conc#0"                       [id=17028, stack(0x000000527ec00000,0x000000527ed00000) (1024K)]
  0x000001b5f13a8040 WorkerThread "G1 Conc#1"                       [id=31764, stack(0x0000005200a00000,0x0000005200b00000) (1024K)]
  0x000001b5ab6fa530 ConcurrentGCThread "G1 Refine#0"               [id=12292, stack(0x000000527ed00000,0x000000527ee00000) (1024K)]
  0x000001b58d30e8d0 ConcurrentGCThread "G1 Service"                [id=16776, stack(0x000000527ee00000,0x000000527ef00000) (1024K)]
Total: 15

Threads with active compile tasks:
C2 CompilerThread0    31339 3774       4       org.apache.xmlbeans.impl.store.Xobj::getUser (145 bytes)
Total: 1

VM state: not at safepoint (normal execution)

VM Mutex/Monitor currently owned by a thread: None

Heap address: 0x0000000084000000, size: 1984 MB, Compressed Oops mode: 32-bit

CDS archive(s) mapped at: [0x000001b5ac000000-0x000001b5acc90000-0x000001b5acc90000), size 13172736, SharedBaseAddress: 0x000001b5ac000000, ArchiveRelocationMode: 1.
Compressed class space mapped at: 0x000001b5ad000000-0x000001b5ed000000, reserved size: 1073741824
Narrow klass base: 0x000001b5ac000000, Narrow klass shift: 0, Narrow klass range: 0x100000000

GC Precious Log:
 CardTable entry size: 512
 Card Set container configuration: InlinePtr #cards 5 size 8 Array Of Cards #cards 12 size 40 Howl #buckets 4 coarsen threshold 1843 Howl Bitmap #cards 512 size 80 coarsen threshold 460 Card regions per heap region 1 cards per card region 2048
 CPUs: 8 total, 8 available
 Memory: 7934M
 Large Page Support: Disabled
 NUMA Support: Disabled
 Compressed Oops: Enabled (32-bit)
 Heap Region Size: 1M
 Heap Min Capacity: 8M
 Heap Initial Capacity: 124M
 Heap Max Capacity: 1984M
 Pre-touch: Disabled
 Parallel Workers: 8
 Concurrent Workers: 2
 Concurrent Refinement Workers: 8
 Periodic GC: Disabled

Heap:
 garbage-first heap   total 51200K, used 39132K [0x0000000084000000, 0x0000000100000000)
  region size 1024K, 29 young (29696K), 3 survivors (3072K)
 Metaspace       used 28435K, committed 28864K, reserved 1114112K
  class space    used 3386K, committed 3584K, reserved 1048576K

Heap Regions: E=young(eden), S=young(survivor), O=old, HS=humongous(starts), HC=humongous(continues), CS=collection set, F=free, TAMS=top-at-mark-start, PB=parsable bottom
|   0|0x0000000084000000, 0x0000000084100000, 0x0000000084100000|100%|HS|  |TAMS 0x0000000084000000| PB 0x0000000084000000| Complete 
|   1|0x0000000084100000, 0x0000000084200000, 0x0000000084200000|100%| O|  |TAMS 0x0000000084100000| PB 0x0000000084100000| Untracked 
|   2|0x0000000084200000, 0x0000000084300000, 0x0000000084300000|100%| O|  |TAMS 0x0000000084200000| PB 0x0000000084200000| Untracked 
|   3|0x0000000084300000, 0x0000000084400000, 0x0000000084400000|100%| O|  |TAMS 0x0000000084300000| PB 0x0000000084300000| Untracked 
|   4|0x0000000084400000, 0x0000000084500000, 0x0000000084500000|100%| O|  |TAMS 0x0000000084400000| PB 0x0000000084400000| Untracked 
|   5|0x0000000084500000, 0x0000000084600000, 0x0000000084600000|100%| O|  |TAMS 0x0000000084500000| PB 0x0000000084500000| Untracked 
|   6|0x0000000084600000, 0x0000000084700000, 0x0000000084700000|100%| O|  |TAMS 0x0000000084600000| PB 0x0000000084600000| Untracked 
|   7|0x0000000084700000, 0x0000000084800000, 0x0000000084800000|100%| O|  |TAMS 0x0000000084700000| PB 0x0000000084700000| Untracked 
|   8|0x0000000084800000, 0x0000000084900000, 0x0000000084900000|100%| O|  |TAMS 0x0000000084800000| PB 0x0000000084800000| Untracked 
|   9|0x0000000084900000, 0x0000000084a00000, 0x0000000084a00000|100%| O|  |TAMS 0x0000000084900000| PB 0x0000000084900000| Untracked 
|  10|0x0000000084a00000, 0x0000000084b00000, 0x0000000084b00000|100%| O|  |TAMS 0x0000000084a00000| PB 0x0000000084a00000| Untracked 
|  11|0x0000000084b00000, 0x0000000084b00000, 0x0000000084c00000|  0%| F|  |TAMS 0x0000000084b00000| PB 0x0000000084b00000| Untracked 
|  12|0x0000000084c00000, 0x0000000084c37280, 0x0000000084d00000| 21%| O|  |TAMS 0x0000000084c00000| PB 0x0000000084c00000| Untracked 
|  13|0x0000000084d00000, 0x0000000084d00000, 0x0000000084e00000|  0%| F|  |TAMS 0x0000000084d00000| PB 0x0000000084d00000| Untracked 
|  14|0x0000000084e00000, 0x0000000084e00000, 0x0000000084f00000|  0%| F|  |TAMS 0x0000000084e00000| PB 0x0000000084e00000| Untracked 
|  15|0x0000000084f00000, 0x0000000084f00000, 0x0000000085000000|  0%| F|  |TAMS 0x0000000084f00000| PB 0x0000000084f00000| Untracked 
|  16|0x0000000085000000, 0x0000000085000000, 0x0000000085100000|  0%| F|  |TAMS 0x0000000085000000| PB 0x0000000085000000| Untracked 
|  17|0x0000000085100000, 0x0000000085100000, 0x0000000085200000|  0%| F|  |TAMS 0x0000000085100000| PB 0x0000000085100000| Untracked 
|  18|0x0000000085200000, 0x0000000085200000, 0x0000000085300000|  0%| F|  |TAMS 0x0000000085200000| PB 0x0000000085200000| Untracked 
|  19|0x0000000085300000, 0x0000000085300000, 0x0000000085400000|  0%| F|  |TAMS 0x0000000085300000| PB 0x0000000085300000| Untracked 
|  20|0x0000000085400000, 0x0000000085400000, 0x0000000085500000|  0%| F|  |TAMS 0x0000000085400000| PB 0x0000000085400000| Untracked 
|  21|0x0000000085500000, 0x00000000855f9480, 0x0000000085600000| 97%| E|  |TAMS 0x0000000085500000| PB 0x0000000085500000| Complete 
|  22|0x0000000085600000, 0x0000000085700000, 0x0000000085700000|100%| E|CS|TAMS 0x0000000085600000| PB 0x0000000085600000| Complete 
|  23|0x0000000085700000, 0x0000000085800000, 0x0000000085800000|100%| S|CS|TAMS 0x0000000085700000| PB 0x0000000085700000| Complete 
|  24|0x0000000085800000, 0x0000000085900000, 0x0000000085900000|100%| S|CS|TAMS 0x0000000085800000| PB 0x0000000085800000| Complete 
|  25|0x0000000085900000, 0x0000000085a00000, 0x0000000085a00000|100%| S|CS|TAMS 0x0000000085900000| PB 0x0000000085900000| Complete 
|  26|0x0000000085a00000, 0x0000000085b00000, 0x0000000085b00000|100%| E|CS|TAMS 0x0000000085a00000| PB 0x0000000085a00000| Complete 
|  27|0x0000000085b00000, 0x0000000085c00000, 0x0000000085c00000|100%| E|CS|TAMS 0x0000000085b00000| PB 0x0000000085b00000| Complete 
|  28|0x0000000085c00000, 0x0000000085d00000, 0x0000000085d00000|100%| E|CS|TAMS 0x0000000085c00000| PB 0x0000000085c00000| Complete 
|  29|0x0000000085d00000, 0x0000000085e00000, 0x0000000085e00000|100%| E|CS|TAMS 0x0000000085d00000| PB 0x0000000085d00000| Complete 
|  30|0x0000000085e00000, 0x0000000085f00000, 0x0000000085f00000|100%| E|CS|TAMS 0x0000000085e00000| PB 0x0000000085e00000| Complete 
|  31|0x0000000085f00000, 0x0000000086000000, 0x0000000086000000|100%| E|CS|TAMS 0x0000000085f00000| PB 0x0000000085f00000| Complete 
|  32|0x0000000086000000, 0x0000000086100000, 0x0000000086100000|100%| E|CS|TAMS 0x0000000086000000| PB 0x0000000086000000| Complete 
|  33|0x0000000086100000, 0x0000000086200000, 0x0000000086200000|100%| E|CS|TAMS 0x0000000086100000| PB 0x0000000086100000| Complete 
|  34|0x0000000086200000, 0x0000000086300000, 0x0000000086300000|100%| E|CS|TAMS 0x0000000086200000| PB 0x0000000086200000| Complete 
|  35|0x0000000086300000, 0x0000000086400000, 0x0000000086400000|100%| E|CS|TAMS 0x0000000086300000| PB 0x0000000086300000| Complete 
|  36|0x0000000086400000, 0x0000000086500000, 0x0000000086500000|100%| E|  |TAMS 0x0000000086400000| PB 0x0000000086400000| Complete 
|  37|0x0000000086500000, 0x0000000086600000, 0x0000000086600000|100%| E|CS|TAMS 0x0000000086500000| PB 0x0000000086500000| Complete 
|  38|0x0000000086600000, 0x0000000086700000, 0x0000000086700000|100%| E|CS|TAMS 0x0000000086600000| PB 0x0000000086600000| Complete 
|  39|0x0000000086700000, 0x0000000086800000, 0x0000000086800000|100%| E|CS|TAMS 0x0000000086700000| PB 0x0000000086700000| Complete 
|  40|0x0000000086800000, 0x0000000086900000, 0x0000000086900000|100%| E|CS|TAMS 0x0000000086800000| PB 0x0000000086800000| Complete 
|  41|0x0000000086900000, 0x0000000086a00000, 0x0000000086a00000|100%| E|CS|TAMS 0x0000000086900000| PB 0x0000000086900000| Complete 
|  42|0x0000000086a00000, 0x0000000086b00000, 0x0000000086b00000|100%| E|CS|TAMS 0x0000000086a00000| PB 0x0000000086a00000| Complete 
|  43|0x0000000086b00000, 0x0000000086c00000, 0x0000000086c00000|100%| E|CS|TAMS 0x0000000086b00000| PB 0x0000000086b00000| Complete 
|  44|0x0000000086c00000, 0x0000000086d00000, 0x0000000086d00000|100%| E|CS|TAMS 0x0000000086c00000| PB 0x0000000086c00000| Complete 
|  45|0x0000000086d00000, 0x0000000086e00000, 0x0000000086e00000|100%| E|CS|TAMS 0x0000000086d00000| PB 0x0000000086d00000| Complete 
|  46|0x0000000086e00000, 0x0000000086f00000, 0x0000000086f00000|100%| E|CS|TAMS 0x0000000086e00000| PB 0x0000000086e00000| Complete 
| 109|0x000000008ad00000, 0x000000008ae00000, 0x000000008ae00000|100%| E|CS|TAMS 0x000000008ad00000| PB 0x000000008ad00000| Complete 
| 110|0x000000008ae00000, 0x000000008af00000, 0x000000008af00000|100%| E|CS|TAMS 0x000000008ae00000| PB 0x000000008ae00000| Complete 
| 123|0x000000008bb00000, 0x000000008bc00000, 0x000000008bc00000|100%| E|CS|TAMS 0x000000008bb00000| PB 0x000000008bb00000| Complete 

Card table byte_map: [0x000001b5a6ac0000,0x000001b5a6ea0000] _byte_map_base: 0x000001b5a66a0000

Marking Bits: (CMBitMap*) 0x000001b58d2a6920
 Bits: [0x000001b5a6ea0000, 0x000001b5a8da0000)

Polling page: 0x000001b58cdc0000

Metaspace:

Usage:
  Non-class:     24.46 MB used.
      Class:      3.31 MB used.
       Both:     27.77 MB used.

Virtual space:
  Non-class space:       64.00 MB reserved,      24.69 MB ( 39%) committed,  1 nodes.
      Class space:        1.00 GB reserved,       3.50 MB ( <1%) committed,  1 nodes.
             Both:        1.06 GB reserved,      28.19 MB (  3%) committed. 

Chunk freelists:
   Non-Class:  6.63 MB
       Class:  12.47 MB
        Both:  19.10 MB

MaxMetaspaceSize: unlimited
CompressedClassSpaceSize: 1.00 GB
Initial GC threshold: 21.00 MB
Current GC threshold: 35.12 MB
CDS: on
 - commit_granule_bytes: 65536.
 - commit_granule_words: 8192.
 - virtual_space_node_default_size: 8388608.
 - enlarge_chunks_in_place: 1.
 - use_allocation_guard: 0.


Internal statistics:

num_allocs_failed_limit: 3.
num_arena_births: 562.
num_arena_deaths: 0.
num_vsnodes_births: 2.
num_vsnodes_deaths: 0.
num_space_committed: 451.
num_space_uncommitted: 0.
num_chunks_returned_to_freelist: 3.
num_chunks_taken_from_freelist: 1412.
num_chunk_merges: 3.
num_chunk_splits: 911.
num_chunks_enlarged: 601.
num_inconsistent_stats: 0.

CodeHeap 'non-profiled nmethods': size=120000Kb used=1662Kb max_used=1662Kb free=118337Kb
 bounds [0x000001b59e740000, 0x000001b59e9b0000, 0x000001b5a5c70000]
CodeHeap 'profiled nmethods': size=120000Kb used=7833Kb max_used=7833Kb free=112166Kb
 bounds [0x000001b596c70000, 0x000001b597420000, 0x000001b59e1a0000]
CodeHeap 'non-nmethods': size=5760Kb used=1762Kb max_used=1803Kb free=3997Kb
 bounds [0x000001b59e1a0000, 0x000001b59e410000, 0x000001b59e740000]
 total_blobs=4444 nmethods=3811 adapters=536
 compilation: enabled
              stopped_count=0, restarted_count=0
 full_count=0

Compilation events (20 events):
Event: 26.133 Thread 0x000001b5ab9d0090 nmethod 3802 0x000001b597411010 code [0x000001b597411220, 0x000001b597411600]
Event: 26.133 Thread 0x000001b5ab9d0090 3803       3       org.apache.xmlbeans.impl.store.Xobj::setAttr (69 bytes)
Event: 26.134 Thread 0x000001b5ab9d0090 nmethod 3803 0x000001b597411890 code [0x000001b597411b00, 0x000001b597412278]
Event: 26.134 Thread 0x000001b5ab9d0090 3804       3       com.sun.org.apache.xerces.internal.utils.XMLSecurityManager::readSystemProperties (61 bytes)
Event: 26.134 Thread 0x000001b5ab9d0090 nmethod 3804 0x000001b597412610 code [0x000001b597412820, 0x000001b597412d90]
Event: 26.134 Thread 0x000001b5ab9d0090 3805       3       com.sun.org.apache.xerces.internal.impl.dtd.XMLSimpleType::<init> (5 bytes)
Event: 26.135 Thread 0x000001b5ab9d0090 nmethod 3805 0x000001b597412f90 code [0x000001b597413140, 0x000001b5974132a8]
Event: 26.135 Thread 0x000001b5ab9d0090 3806       3       com.sun.org.apache.xerces.internal.utils.XMLSecurityManager::getIndex (59 bytes)
Event: 27.154 Thread 0x000001b5ab9d0090 nmethod 3806 0x000001b597413390 code [0x000001b5974135c0, 0x000001b597413c88]
Event: 27.154 Thread 0x000001b5ab9d0090 3809       3       org.apache.xmlbeans.impl.store.Xobj::invalidateUser (66 bytes)
Event: 27.155 Thread 0x000001b5ab9d0090 nmethod 3809 0x000001b597413f10 code [0x000001b597414180, 0x000001b597414c98]
Event: 27.155 Thread 0x000001b5ab9d0090 3812       3       org.apache.xmlbeans.impl.store.Xobj::removeXobj (103 bytes)
Event: 27.156 Thread 0x000001b5ab9d0090 nmethod 3812 0x000001b597414f90 code [0x000001b597415160, 0x000001b5974155a0]
Event: 27.156 Thread 0x000001b5ab9d0090 3811       3       org.apache.xmlbeans.impl.values.XmlObjectBase::disconnect_store (37 bytes)
Event: 27.156 Thread 0x000001b5ab9d0090 nmethod 3811 0x000001b597415710 code [0x000001b5974158c0, 0x000001b597415b00]
Event: 27.156 Thread 0x000001b5ab9d0090 3808       3       java.util.Stack::<init> (5 bytes)
Event: 27.156 Thread 0x000001b5ab9d0090 nmethod 3808 0x000001b597415c10 code [0x000001b597415dc0, 0x000001b597415fd0]
Event: 27.156 Thread 0x000001b5ab9d0090 3807       1       java.util.Collections$EmptyEnumeration::hasMoreElements (2 bytes)
Event: 27.156 Thread 0x000001b5ab9d0090 nmethod 3807 0x000001b59e8d6490 code [0x000001b59e8d6620, 0x000001b59e8d66e8]
Event: 31.116 Thread 0x000001b5ab9d0090 3813       3       java.lang.Long::compare (22 bytes)

GC Heap History (10 events):
Event: 0.775 GC heap before
{Heap before GC invocations=0 (full 0):
 garbage-first heap   total 126976K, used 23552K [0x0000000084000000, 0x0000000100000000)
  region size 1024K, 23 young (23552K), 0 survivors (0K)
 Metaspace       used 7371K, committed 7680K, reserved 1114112K
  class space    used 833K, committed 960K, reserved 1048576K
}
Event: 0.781 GC heap after
{Heap after GC invocations=1 (full 0):
 garbage-first heap   total 126976K, used 6976K [0x0000000084000000, 0x0000000100000000)
  region size 1024K, 3 young (3072K), 3 survivors (3072K)
 Metaspace       used 7371K, committed 7680K, reserved 1114112K
  class space    used 833K, committed 960K, reserved 1048576K
}
Event: 3.855 GC heap before
{Heap before GC invocations=1 (full 0):
 garbage-first heap   total 126976K, used 36672K [0x0000000084000000, 0x0000000100000000)
  region size 1024K, 33 young (33792K), 3 survivors (3072K)
 Metaspace       used 17992K, committed 18432K, reserved 1114112K
  class space    used 2125K, committed 2304K, reserved 1048576K
}
Event: 3.864 GC heap after
{Heap after GC invocations=2 (full 0):
 garbage-first heap   total 126976K, used 11695K [0x0000000084000000, 0x0000000100000000)
  region size 1024K, 5 young (5120K), 5 survivors (5120K)
 Metaspace       used 17992K, committed 18432K, reserved 1114112K
  class space    used 2125K, committed 2304K, reserved 1048576K
}
Event: 22.707 GC heap before
{Heap before GC invocations=2 (full 0):
 garbage-first heap   total 126976K, used 23983K [0x0000000084000000, 0x0000000100000000)
  region size 1024K, 18 young (18432K), 5 survivors (5120K)
 Metaspace       used 21072K, committed 21504K, reserved 1114112K
  class space    used 2537K, committed 2752K, reserved 1048576K
}
Event: 22.724 GC heap after
{Heap after GC invocations=3 (full 0):
 garbage-first heap   total 126976K, used 12714K [0x0000000084000000, 0x0000000100000000)
  region size 1024K, 2 young (2048K), 2 survivors (2048K)
 Metaspace       used 21072K, committed 21504K, reserved 1114112K
  class space    used 2537K, committed 2752K, reserved 1048576K
}
Event: 24.517 GC heap before
{Heap before GC invocations=4 (full 0):
 garbage-first heap   total 51200K, used 41386K [0x0000000084000000, 0x0000000100000000)
  region size 1024K, 30 young (30720K), 2 survivors (2048K)
 Metaspace       used 25481K, committed 25920K, reserved 1114112K
  class space    used 3050K, committed 3264K, reserved 1048576K
}
Event: 24.521 GC heap after
{Heap after GC invocations=5 (full 0):
 garbage-first heap   total 51200K, used 13638K [0x0000000084000000, 0x0000000100000000)
  region size 1024K, 3 young (3072K), 3 survivors (3072K)
 Metaspace       used 25481K, committed 25920K, reserved 1114112K
  class space    used 3050K, committed 3264K, reserved 1048576K
}
Event: 24.568 GC heap before
{Heap before GC invocations=5 (full 0):
 garbage-first heap   total 51200K, used 38214K [0x0000000084000000, 0x0000000100000000)
  region size 1024K, 27 young (27648K), 3 survivors (3072K)
 Metaspace       used 25481K, committed 25920K, reserved 1114112K
  class space    used 3050K, committed 3264K, reserved 1048576K
}
Event: 24.571 GC heap after
{Heap after GC invocations=6 (full 0):
 garbage-first heap   total 51200K, used 14556K [0x0000000084000000, 0x0000000100000000)
  region size 1024K, 3 young (3072K), 3 survivors (3072K)
 Metaspace       used 25481K, committed 25920K, reserved 1114112K
  class space    used 3050K, committed 3264K, reserved 1048576K
}

Dll operation events (11 events):
Event: 0.011 Loaded shared library C:\Program Files\Java\jdk-21\bin\java.dll
Event: 0.051 Loaded shared library C:\Program Files\Java\jdk-21\bin\jsvml.dll
Event: 0.115 Loaded shared library C:\Program Files\Java\jdk-21\bin\net.dll
Event: 0.118 Loaded shared library C:\Program Files\Java\jdk-21\bin\nio.dll
Event: 0.123 Loaded shared library C:\Program Files\Java\jdk-21\bin\zip.dll
Event: 0.298 Loaded shared library C:\Program Files\Java\jdk-21\bin\jimage.dll
Event: 0.327 Loaded shared library C:\Program Files\Java\jdk-21\bin\verify.dll
Event: 0.426 Loaded shared library C:\Program Files\Java\jdk-21\bin\extnet.dll
Event: 3.166 Loaded shared library C:\Program Files\Java\jdk-21\bin\management.dll
Event: 3.171 Loaded shared library C:\Program Files\Java\jdk-21\bin\management_ext.dll
Event: 3.432 Loaded shared library C:\Program Files\Java\jdk-21\bin\sunmscapi.dll

Deoptimization events (20 events):
Event: 25.816 Thread 0x000001b58ce24f40 DEOPT PACKING pc=0x000001b59e8740c8 sp=0x000000527e9fdb40
Event: 25.816 Thread 0x000001b58ce24f40 DEOPT UNPACKING pc=0x000001b59e1f7da2 sp=0x000000527e9fdb18 mode 2
Event: 25.816 Thread 0x000001b58ce24f40 Uncommon trap: trap_request=0xffffffde fr.pc=0x000001b59e8740c8 relative=0x0000000000000688
Event: 25.816 Thread 0x000001b58ce24f40 Uncommon trap: reason=class_check action=maybe_recompile pc=0x000001b59e8740c8 method=java.io.FilterInputStream.read([BII)I @ 7 c2
Event: 25.816 Thread 0x000001b58ce24f40 DEOPT PACKING pc=0x000001b59e8740c8 sp=0x000000527e9fdb40
Event: 25.816 Thread 0x000001b58ce24f40 DEOPT UNPACKING pc=0x000001b59e1f7da2 sp=0x000000527e9fdb18 mode 2
Event: 25.816 Thread 0x000001b58ce24f40 Uncommon trap: trap_request=0xffffffde fr.pc=0x000001b59e8740c8 relative=0x0000000000000688
Event: 25.816 Thread 0x000001b58ce24f40 Uncommon trap: reason=class_check action=maybe_recompile pc=0x000001b59e8740c8 method=java.io.FilterInputStream.read([BII)I @ 7 c2
Event: 25.816 Thread 0x000001b58ce24f40 DEOPT PACKING pc=0x000001b59e8740c8 sp=0x000000527e9fdc80
Event: 25.816 Thread 0x000001b58ce24f40 DEOPT UNPACKING pc=0x000001b59e1f7da2 sp=0x000000527e9fdc58 mode 2
Event: 25.849 Thread 0x000001b58ce24f40 Uncommon trap: trap_request=0xffffffd6 fr.pc=0x000001b59e8b2dcc relative=0x000000000000082c
Event: 25.849 Thread 0x000001b58ce24f40 Uncommon trap: reason=array_check action=maybe_recompile pc=0x000001b59e8b2dcc method=com.sun.org.apache.xerces.internal.utils.XMLLimitAnalyzer.addValue(ILjava/lang/String;I)V @ 123 c2
Event: 25.849 Thread 0x000001b58ce24f40 DEOPT PACKING pc=0x000001b59e8b2dcc sp=0x000000527e9fd460
Event: 25.849 Thread 0x000001b58ce24f40 DEOPT UNPACKING pc=0x000001b59e1f7da2 sp=0x000000527e9fd410 mode 2
Event: 25.882 Thread 0x000001b58ce24f40 Uncommon trap: trap_request=0xffffffd6 fr.pc=0x000001b59e8b2dcc relative=0x000000000000082c
Event: 25.882 Thread 0x000001b58ce24f40 Uncommon trap: reason=array_check action=maybe_recompile pc=0x000001b59e8b2dcc method=com.sun.org.apache.xerces.internal.utils.XMLLimitAnalyzer.addValue(ILjava/lang/String;I)V @ 123 c2
Event: 25.882 Thread 0x000001b58ce24f40 DEOPT PACKING pc=0x000001b59e8b2dcc sp=0x000000527e9fd2c0
Event: 25.882 Thread 0x000001b58ce24f40 DEOPT UNPACKING pc=0x000001b59e1f7da2 sp=0x000000527e9fd270 mode 2
Event: 25.896 Thread 0x000001b58ce24f40 DEOPT PACKING pc=0x000001b597330c77 sp=0x000000527e9fd3a0
Event: 25.897 Thread 0x000001b58ce24f40 DEOPT UNPACKING pc=0x000001b59e1f88e2 sp=0x000000527e9fc7f8 mode 0

Classes loaded (20 events):
Event: 24.639 Loading class org/xml/sax/ext/DeclHandler
Event: 24.639 Loading class org/xml/sax/ext/DeclHandler done
Event: 24.661 Loading class java/lang/AbstractMethodError
Event: 24.662 Loading class java/lang/AbstractMethodError done
Event: 24.670 Loading class org/w3c/dom/Comment
Event: 24.670 Loading class org/w3c/dom/Comment done
Event: 24.674 Loading class org/w3c/dom/ProcessingInstruction
Event: 24.674 Loading class org/w3c/dom/ProcessingInstruction done
Event: 24.691 Loading class org/w3c/dom/DocumentFragment
Event: 24.691 Loading class org/w3c/dom/DocumentFragment done
Event: 24.890 Loading class java/util/ConcurrentModificationException
Event: 24.891 Loading class java/util/ConcurrentModificationException done
Event: 25.424 Loading class java/util/TreeMap$AscendingSubMap
Event: 25.425 Loading class java/util/TreeMap$NavigableSubMap
Event: 25.425 Loading class java/util/TreeMap$NavigableSubMap done
Event: 25.425 Loading class java/util/TreeMap$AscendingSubMap done
Event: 25.425 Loading class java/util/TreeMap$NavigableSubMap$SubMapKeyIterator
Event: 25.425 Loading class java/util/TreeMap$NavigableSubMap$SubMapIterator
Event: 25.425 Loading class java/util/TreeMap$NavigableSubMap$SubMapIterator done
Event: 25.425 Loading class java/util/TreeMap$NavigableSubMap$SubMapKeyIterator done

Classes unloaded (0 events):
No events

Classes redefined (0 events):
No events

Internal exceptions (20 events):
Event: 4.847 Thread 0x000001b5f24e8cd0 Exception <a 'java/lang/NoSuchMethodError'{0x000000008bafeac0}: 'java.lang.Object java.lang.invoke.DirectMethodHandle$Holder.newInvokeSpecial(java.lang.Object, java.lang.Object, long, java.lang.Object, java.lang.Object, java.lang.Object)'> (0x000000008bafeac0) 
thrown [s\open\src\hotspot\share\interpreter\linkResolver.cpp, line 773]
Event: 4.865 Thread 0x000001b5f24e8cd0 Exception <a 'java/lang/NoSuchMethodError'{0x000000008b915330}: 'void java.lang.invoke.DirectMethodHandle$Holder.invokeSpecial(java.lang.Object, java.lang.Object, java.lang.Object, java.lang.Object, java.lang.Object, java.lang.Object, java.lang.Object)'> (0x000000008b915330) 
thrown [s\open\src\hotspot\share\interpreter\linkResolver.cpp, line 773]
Event: 4.897 Thread 0x000001b58ce24f40 Exception <a 'java/lang/NoSuchMethodError'{0x000000008b9971e8}: 'java.lang.Object java.lang.invoke.DirectMethodHandle$Holder.invokeSpecialIFC(java.lang.Object, java.lang.Object, java.lang.Object)'> (0x000000008b9971e8) 
thrown [s\open\src\hotspot\share\interpreter\linkResolver.cpp, line 773]
Event: 5.178 Thread 0x000001b58ce24f40 Exception <a 'java/lang/ClassNotFoundException'{0x000000008b524a20}: sun/util/logging/resources/spi/loggingProvider> (0x000000008b524a20) 
thrown [s\open\src\hotspot\share\classfile\systemDictionary.cpp, line 312]
Event: 16.932 Thread 0x000001b58ce24f40 Exception <a 'java/lang/NoSuchMethodError'{0x000000008b2553d0}: 'long java.lang.invoke.DelegatingMethodHandle$Holder.reinvoke_L(java.lang.Object, java.lang.Object)'> (0x000000008b2553d0) 
thrown [s\open\src\hotspot\share\interpreter\linkResolver.cpp, line 773]
Event: 16.933 Thread 0x000001b58ce24f40 Exception <a 'java/lang/NoSuchMethodError'{0x000000008b25f098}: 'void java.lang.invoke.DelegatingMethodHandle$Holder.reinvoke_L(java.lang.Object, java.lang.Object, long)'> (0x000000008b25f098) 
thrown [s\open\src\hotspot\share\interpreter\linkResolver.cpp, line 773]
Event: 16.933 Thread 0x000001b58ce24f40 Exception <a 'java/lang/NoSuchMethodError'{0x000000008b265878}: 'long java.lang.invoke.Invokers$Holder.invokeExact_MT(java.lang.Object, java.lang.Object, java.lang.Object)'> (0x000000008b265878) 
thrown [s\open\src\hotspot\share\interpreter\linkResolver.cpp, line 773]
Event: 22.290 Thread 0x000001b58ce24f40 Implicit null exception at 0x000001b59e8399de to 0x000001b59e839df8
Event: 22.417 Thread 0x000001b58ce24f40 Exception <a 'java/lang/IncompatibleClassChangeError'{0x000000008b088328}: Found class java.lang.Object, but interface was expected> (0x000000008b088328) 
thrown [s\open\src\hotspot\share\interpreter\linkResolver.cpp, line 840]
Event: 23.668 Thread 0x000001b58ce24f40 Exception <a 'java/lang/NoSuchMethodError'{0x0000000086b22a60}: 'void java.lang.invoke.DirectMethodHandle$Holder.invokeVirtual(java.lang.Object, java.lang.Object, java.lang.Object, int)'> (0x0000000086b22a60) 
thrown [s\open\src\hotspot\share\interpreter\linkResolver.cpp, line 773]
Event: 23.680 Thread 0x000001b58ce24f40 Exception <a 'java/lang/NoSuchMethodError'{0x0000000086b29c80}: 'void java.lang.invoke.DirectMethodHandle$Holder.invokeVirtual(java.lang.Object, java.lang.Object, java.lang.Object, java.lang.Object)'> (0x0000000086b29c80) 
thrown [s\open\src\hotspot\share\interpreter\linkResolver.cpp, line 773]
Event: 23.734 Thread 0x000001b58ce24f40 Exception <a 'java/lang/NoSuchMethodError'{0x0000000086b58bd8}: 'void java.lang.invoke.DirectMethodHandle$Holder.invokeStatic(java.lang.Object, java.lang.Object, java.lang.Object, int)'> (0x0000000086b58bd8) 
thrown [s\open\src\hotspot\share\interpreter\linkResolver.cpp, line 773]
Event: 23.735 Thread 0x000001b58ce24f40 Exception <a 'java/lang/NoSuchMethodError'{0x0000000086b5c0a8}: 'void java.lang.invoke.DirectMethodHandle$Holder.invokeStaticInit(java.lang.Object, java.lang.Object, java.lang.Object, int)'> (0x0000000086b5c0a8) 
thrown [s\open\src\hotspot\share\interpreter\linkResolver.cpp, line 773]
Event: 24.087 Thread 0x000001b58ce24f40 Exception <a 'java/lang/NoSuchMethodError'{0x0000000086717258}: 'java.lang.Object java.lang.invoke.DirectMethodHandle$Holder.invokeStaticInit(java.lang.Object, java.lang.Object, java.lang.Object)'> (0x0000000086717258) 
thrown [s\open\src\hotspot\share\interpreter\linkResolver.cpp, line 773]
Event: 24.088 Thread 0x000001b58ce24f40 Exception <a 'java/lang/NoSuchMethodError'{0x000000008671cc50}: 'java.lang.Object java.lang.invoke.DirectMethodHandle$Holder.invokeStatic(java.lang.Object, java.lang.Object, int, int)'> (0x000000008671cc50) 
thrown [s\open\src\hotspot\share\interpreter\linkResolver.cpp, line 773]
Event: 24.088 Thread 0x000001b58ce24f40 Exception <a 'java/lang/NoSuchMethodError'{0x0000000086720300}: 'java.lang.Object java.lang.invoke.DirectMethodHandle$Holder.invokeStaticInit(java.lang.Object, java.lang.Object, int, int)'> (0x0000000086720300) 
thrown [s\open\src\hotspot\share\interpreter\linkResolver.cpp, line 773]
Event: 24.373 Thread 0x000001b58ce24f40 Implicit null exception at 0x000001b59e7d97e6 to 0x000001b59e7d988a
Event: 24.472 Thread 0x000001b58ce24f40 Exception <a 'java/lang/NoSuchMethodError'{0x00000000860c90c0}: 'java.lang.Object java.lang.invoke.DirectMethodHandle$Holder.newInvokeSpecial(java.lang.Object, java.lang.Object, int, java.lang.Object)'> (0x00000000860c90c0) 
thrown [s\open\src\hotspot\share\interpreter\linkResolver.cpp, line 773]
Event: 25.406 Thread 0x000001b58ce24f40 Exception <a 'java/lang/NoSuchMethodError'{0x0000000086267a10}: 'java.lang.Object java.lang.invoke.DirectMethodHandle$Holder.invokeVirtual(java.lang.Object, java.lang.Object, int)'> (0x0000000086267a10) 
thrown [s\open\src\hotspot\share\interpreter\linkResolver.cpp, line 773]
Event: 25.407 Thread 0x000001b58ce24f40 Exception <a 'java/lang/NoSuchMethodError'{0x000000008626e2f0}: 'void java.lang.invoke.DirectMethodHandle$Holder.invokeVirtual(java.lang.Object, java.lang.Object, int, java.lang.Object)'> (0x000000008626e2f0) 
thrown [s\open\src\hotspot\share\interpreter\linkResolver.cpp, line 773]

ZGC Phase Switch (0 events):
No events

VM Operations (20 events):
Event: 22.706 Executing VM operation: CollectForMetadataAllocation (Metadata GC Threshold)
Event: 22.724 Executing VM operation: CollectForMetadataAllocation (Metadata GC Threshold) done
Event: 22.759 Executing VM operation: G1PauseRemark
Event: 22.771 Executing VM operation: G1PauseRemark done
Event: 22.775 Executing VM operation: G1PauseCleanup
Event: 22.798 Executing VM operation: G1PauseCleanup done
Event: 23.120 Executing VM operation: HandshakeAllThreads (Deoptimize)
Event: 23.120 Executing VM operation: HandshakeAllThreads (Deoptimize) done
Event: 24.120 Executing VM operation: Cleanup
Event: 24.121 Executing VM operation: Cleanup done
Event: 24.469 Executing VM operation: HandshakeAllThreads (Deoptimize)
Event: 24.469 Executing VM operation: HandshakeAllThreads (Deoptimize) done
Event: 24.517 Executing VM operation: G1CollectForAllocation (G1 Evacuation Pause)
Event: 24.521 Executing VM operation: G1CollectForAllocation (G1 Evacuation Pause) done
Event: 24.567 Executing VM operation: G1CollectForAllocation (G1 Evacuation Pause)
Event: 24.571 Executing VM operation: G1CollectForAllocation (G1 Evacuation Pause) done
Event: 25.578 Executing VM operation: Cleanup
Event: 25.595 Executing VM operation: Cleanup done
Event: 26.597 Executing VM operation: Cleanup
Event: 27.154 Executing VM operation: Cleanup done

Events (20 events):
Event: 3.731 Thread 0x000001b5f25a20b0 Thread added: 0x000001b5f25a20b0
Event: 3.735 Thread 0x000001b5f22cd990 Thread added: 0x000001b5f22cd990
Event: 3.735 Thread 0x000001b5f22ce000 Thread added: 0x000001b5f22ce000
Event: 3.736 Thread 0x000001b5f1ec64e0 Thread exited: 0x000001b5f1ec64e0
Event: 3.738 Thread 0x000001b5f24e9360 Thread added: 0x000001b5f24e9360
Event: 3.797 Thread 0x000001b5f24ea080 Thread added: 0x000001b5f24ea080
Event: 3.835 Thread 0x000001b5f24e99f0 Thread added: 0x000001b5f24e99f0
Event: 3.838 Thread 0x000001b5f24ea710 Thread added: 0x000001b5f24ea710
Event: 3.893 Thread 0x000001b5f24e8cd0 Thread added: 0x000001b5f24e8cd0
Event: 3.895 Thread 0x000001b5f24e7290 Thread added: 0x000001b5f24e7290
Event: 3.895 Thread 0x000001b5f24e7920 Thread added: 0x000001b5f24e7920
Event: 5.038 Thread 0x000001b5f24e7fb0 Thread added: 0x000001b5f24e7fb0
Event: 5.041 Thread 0x000001b5f24e8640 Thread added: 0x000001b5f24e8640
Event: 5.047 Thread 0x000001b5f22f64e0 Thread added: 0x000001b5f22f64e0
Event: 5.048 Thread 0x000001b5f22f5e50 Thread added: 0x000001b5f22f5e50
Event: 5.048 Thread 0x000001b5f22f6b70 Thread added: 0x000001b5f22f6b70
Event: 13.819 Thread 0x000001b5f24ea080 Thread exited: 0x000001b5f24ea080
Event: 24.489 Thread 0x000001b5f1e59750 Thread added: 0x000001b5f1e59750
Event: 25.440 Thread 0x000001b5f1e59750 Thread exited: 0x000001b5f1e59750
Event: 25.951 Thread 0x000001b5f11650f0 Thread added: 0x000001b5f11650f0


Dynamic libraries:
0x00007ff7d7630000 - 0x00007ff7d7640000 	C:\Program Files\Java\jdk-21\bin\javaw.exe
0x00007ff961200000 - 0x00007ff961466000 	C:\WINDOWS\SYSTEM32\ntdll.dll
0x00007ff95fb30000 - 0x00007ff95fbf9000 	C:\WINDOWS\System32\KERNEL32.DLL
0x00007ff95e700000 - 0x00007ff95eafa000 	C:\WINDOWS\System32\KERNELBASE.dll
0x00007ff95eca0000 - 0x00007ff95edec000 	C:\WINDOWS\System32\ucrtbase.dll
0x00007ff94d780000 - 0x00007ff94d799000 	C:\Program Files\Java\jdk-21\bin\jli.dll
0x00007ff94ccb0000 - 0x00007ff94cccb000 	C:\Program Files\Java\jdk-21\bin\VCRUNTIME140.dll
0x00007ff961040000 - 0x00007ff9610f6000 	C:\WINDOWS\System32\ADVAPI32.dll
0x00007ff95fc90000 - 0x00007ff95fd39000 	C:\WINDOWS\System32\msvcrt.dll
0x00007ff9601c0000 - 0x00007ff96026a000 	C:\WINDOWS\System32\sechost.dll
0x00007ff95ef80000 - 0x00007ff95f098000 	C:\WINDOWS\System32\RPCRT4.dll
0x00007ff95f4f0000 - 0x00007ff95f6b7000 	C:\WINDOWS\System32\USER32.dll
0x00007ff95ebb0000 - 0x00007ff95ebd7000 	C:\WINDOWS\System32\win32u.dll
0x00007ff943eb0000 - 0x00007ff944142000 	C:\WINDOWS\WinSxS\amd64_microsoft.windows.common-controls_6595b64144ccf1df_6.0.26100.8521_none_3e08b75ce33403b3\COMCTL32.dll
0x00007ff960170000 - 0x00007ff96019b000 	C:\WINDOWS\System32\GDI32.dll
0x00007ff95e490000 - 0x00007ff95e5bb000 	C:\WINDOWS\System32\gdi32full.dll
0x00007ff95eb00000 - 0x00007ff95eba3000 	C:\WINDOWS\System32\msvcp_win.dll
0x00007ff94d650000 - 0x00007ff94d65b000 	C:\WINDOWS\SYSTEM32\VERSION.dll
0x00007ff95f6c0000 - 0x00007ff95f6f2000 	C:\WINDOWS\System32\IMM32.DLL
0x00007ff94de20000 - 0x00007ff94de2c000 	C:\Program Files\Java\jdk-21\bin\vcruntime140_1.dll
0x00007ff93c630000 - 0x00007ff93c6be000 	C:\Program Files\Java\jdk-21\bin\msvcp140.dll
0x00007ff901b80000 - 0x00007ff902897000 	C:\Program Files\Java\jdk-21\bin\server\jvm.dll
0x00007ff95faa0000 - 0x00007ff95fb20000 	C:\WINDOWS\System32\WS2_32.dll
0x00007ff95e2f0000 - 0x00007ff95e34e000 	C:\WINDOWS\SYSTEM32\POWRPROF.dll
0x00007ff956090000 - 0x00007ff9560c6000 	C:\WINDOWS\SYSTEM32\WINMM.dll
0x00007ff95e2d0000 - 0x00007ff95e2e4000 	C:\WINDOWS\SYSTEM32\UMPDC.dll
0x00007ff95d220000 - 0x00007ff95d23b000 	C:\WINDOWS\SYSTEM32\kernel.appcore.dll
0x00007ff94dc40000 - 0x00007ff94dc4a000 	C:\Program Files\Java\jdk-21\bin\jimage.dll
0x00007ff95ba90000 - 0x00007ff95bcd2000 	C:\WINDOWS\SYSTEM32\DBGHELP.DLL
0x00007ff95f700000 - 0x00007ff95fa83000 	C:\WINDOWS\System32\combase.dll
0x00007ff95ff20000 - 0x00007ff95fff9000 	C:\WINDOWS\System32\OLEAUT32.dll
0x00007ff940190000 - 0x00007ff9401cb000 	C:\WINDOWS\SYSTEM32\dbgcore.DLL
0x00007ff95e5c0000 - 0x00007ff95e668000 	C:\WINDOWS\System32\bcryptPrimitives.dll
0x00007ff94bd10000 - 0x00007ff94bd2f000 	C:\Program Files\Java\jdk-21\bin\java.dll
0x00007ff960890000 - 0x00007ff961014000 	C:\WINDOWS\System32\SHELL32.dll
0x00007ff95c040000 - 0x00007ff95c8c0000 	C:\WINDOWS\SYSTEM32\windows.storage.dll
0x00007ff95f290000 - 0x00007ff95f386000 	C:\WINDOWS\System32\SHCORE.dll
0x00007ff960100000 - 0x00007ff960167000 	C:\WINDOWS\System32\shlwapi.dll
0x00007ff95e3b0000 - 0x00007ff95e3d9000 	C:\WINDOWS\SYSTEM32\profapi.dll
0x00007ff93c550000 - 0x00007ff93c627000 	C:\Program Files\Java\jdk-21\bin\jsvml.dll
0x00007ff94d770000 - 0x00007ff94d780000 	C:\Program Files\Java\jdk-21\bin\net.dll
0x00007ff950200000 - 0x00007ff950329000 	C:\WINDOWS\SYSTEM32\WINHTTP.dll
0x00007ff95d790000 - 0x00007ff95d7fc000 	C:\WINDOWS\system32\mswsock.dll
0x00007ff94b620000 - 0x00007ff94b636000 	C:\Program Files\Java\jdk-21\bin\nio.dll
0x00007ff94b2e0000 - 0x00007ff94b2f8000 	C:\Program Files\Java\jdk-21\bin\zip.dll
0x00007ff94bc90000 - 0x00007ff94bca0000 	C:\Program Files\Java\jdk-21\bin\verify.dll
0x00007ff95cd00000 - 0x00007ff95ce4a000 	C:\WINDOWS\SYSTEM32\DNSAPI.dll
0x00007ff95d590000 - 0x00007ff95d59d000 	C:\WINDOWS\SYSTEM32\DSPARSE.dll
0x00007ff95cc40000 - 0x00007ff95cc73000 	C:\WINDOWS\SYSTEM32\IPHLPAPI.DLL
0x00007ff95ef70000 - 0x00007ff95ef7a000 	C:\WINDOWS\System32\NSI.dll
0x00007ff94f400000 - 0x00007ff94f40b000 	C:\Windows\System32\rasadhlp.dll
0x00007ff9585d0000 - 0x00007ff958656000 	C:\WINDOWS\System32\fwpuclnt.dll
0x00007ff95a750000 - 0x00007ff95a759000 	C:\Program Files\Java\jdk-21\bin\extnet.dll
0x00007ff95da70000 - 0x00007ff95da8b000 	C:\WINDOWS\SYSTEM32\CRYPTSP.dll
0x00007ff95d180000 - 0x00007ff95d1b9000 	C:\WINDOWS\system32\rsaenh.dll
0x00007ff95d840000 - 0x00007ff95d873000 	C:\WINDOWS\SYSTEM32\USERENV.dll
0x00007ff95e380000 - 0x00007ff95e3aa000 	C:\WINDOWS\SYSTEM32\bcrypt.dll
0x00007ff95da90000 - 0x00007ff95da9c000 	C:\WINDOWS\SYSTEM32\CRYPTBASE.dll
0x00007ff94dd70000 - 0x00007ff94dd7a000 	C:\Program Files\Java\jdk-21\bin\management.dll
0x00007ff94b670000 - 0x00007ff94b67b000 	C:\Program Files\Java\jdk-21\bin\management_ext.dll
0x00007ff9601a0000 - 0x00007ff9601a8000 	C:\WINDOWS\System32\PSAPI.DLL
0x00007ff94b9f0000 - 0x00007ff94b9fe000 	C:\Program Files\Java\jdk-21\bin\sunmscapi.dll
0x00007ff95edf0000 - 0x00007ff95ef68000 	C:\WINDOWS\System32\CRYPT32.dll
0x00007ff95dc90000 - 0x00007ff95dcc0000 	C:\WINDOWS\SYSTEM32\ncrypt.dll
0x00007ff95dc40000 - 0x00007ff95dc7f000 	C:\WINDOWS\SYSTEM32\NTASN1.dll
0x00007ff91cd20000 - 0x00007ff91cd28000 	C:\WINDOWS\system32\wshunix.dll

dbghelp: loaded successfully - version: 4.0.5 - missing functions: none
symbol engine: initialized successfully - sym options: 0x614 - pdb path: .;C:\Program Files\Java\jdk-21\bin;C:\WINDOWS\SYSTEM32;C:\WINDOWS\WinSxS\amd64_microsoft.windows.common-controls_6595b64144ccf1df_6.0.26100.8521_none_3e08b75ce33403b3;C:\Program Files\Java\jdk-21\bin\server

VM Arguments:
jvm_args: -ea -Dfile.encoding=UTF-8 -Dstdout.encoding=UTF-8 -Dstderr.encoding=UTF-8 -XX:+ShowCodeDetailsInExceptionMessages 
java_command: org.testng.remote.RemoteTestNG -serport 56297 -protocol json -d D:\Eclipse-Rajeev\Octopussaas_main_Framework\test-output C:\Users\Rajeev nandi\AppData\Local\Temp\testng-eclipse-1464500765\testng-customsuite.xml
java_class_path (initial): C:\Users\Rajeev nandi\eclipse\java-2025-06\eclipse\configuration\org.eclipse.osgi\523\0\.cp\lib\testng-remote.jar;D:\Eclipse-Rajeev\Octopussaas_main_Framework\target\test-classes;D:\Eclipse-Rajeev\Octopussaas_main_Framework\target\classes;C:\Users\Rajeev nandi\.m2\repository\org\seleniumhq\selenium\selenium-java\4.34.0\selenium-java-4.34.0.jar;C:\Users\Rajeev nandi\.m2\repository\org\seleniumhq\selenium\selenium-api\4.34.0\selenium-api-4.34.0.jar;C:\Users\Rajeev nandi\.m2\repository\org\jspecify\jspecify\1.0.0\jspecify-1.0.0.jar;C:\Users\Rajeev nandi\.m2\repository\org\seleniumhq\selenium\selenium-chrome-driver\4.34.0\selenium-chrome-driver-4.34.0.jar;C:\Users\Rajeev nandi\.m2\repository\com\google\auto\service\auto-service-annotations\1.1.1\auto-service-annotations-1.1.1.jar;C:\Users\Rajeev nandi\.m2\repository\org\seleniumhq\selenium\selenium-chromium-driver\4.34.0\selenium-chromium-driver-4.34.0.jar;C:\Users\Rajeev nandi\.m2\repository\org\seleniumhq\selenium\selenium-json\4.34.0\selenium-json-4.34.0.jar;C:\Users\Rajeev nandi\.m2\repository\org\seleniumhq\selenium\selenium-manager\4.34.0\selenium-manager-4.34.0.jar;C:\Users\Rajeev nandi\.m2\repository\org\seleniumhq\selenium\selenium-devtools-v136\4.34.0\selenium-devtools-v136-4.34.0.jar;C:\Users\Rajeev nandi\.m2\repository\org\seleniumhq\selenium\selenium-devtools-v137\4.34.0\selenium-devtools-v137-4.34.0.jar;C:\Users\Rajeev nandi\.m2\repository\org\seleniumhq\selenium\selenium-devtools-v138\4.34.0\selenium-devtools-v138-4.34.0.jar;C:\Users\Rajeev nandi\.m2\repository\org\seleniumhq\selenium\selenium-edge-driver\4.34.0\selenium-edge-driver-4.34.0.jar;C:\Users\Rajeev nandi\.m2\repository\org\seleniumhq\selenium\selenium-firefox-driver\4.34.0\selenium-firefox-driver-4.34.0.jar;C:\Users\Rajeev nandi\.m2\repository\org\seleniumhq\selenium\selenium-http\4.34.0\selenium-http-4.34.0.jar;C:\Users\Rajeev nandi\.m2\repository\org\seleniumhq\selenium\selenium-ie-driver\4.34.0\selenium-ie-driver-4.34.0.jar;C:\Users\Rajeev nandi\.m2\repository\org\seleniumhq\selenium\selenium-remote-driver\4.34.0\selenium-remote-driver-4.34.0.jar;C:\Users\Rajeev nandi\.m2\repository\com\google\guava\guava\33.4.8-jre\guava-33.4.8-jre.jar;C:\Users\Rajeev nandi\.m2\repository\com\google\guava\failureaccess\1.0.3\failureaccess-1.0.3.jar;C:\Users\Rajeev nandi\.m2\repository\com\google\guava\listenablefuture\9999.0-empty-to-avoid-conflict-with-guava\listenablefuture-9999.0-empty-to-avoid-conflict-with-guava.jar;C:\Users\Rajeev nandi\.m2\repository\com\google\errorprone\error_prone_annotations\2.36.0\error_prone_annotations-2.36.0.jar;C:\Users\Rajeev nandi\.m2\repository\com\google\j2objc\j2objc-annotations\3.0.0\j2objc-annotations-3.0.0.jar;C:\Users\Rajeev nandi\.m2\repository\io\opentelemetry\opentelemetry-api\1.51.0\opentelemetry-api-1.51.0.jar;C:\Users\Rajeev nandi\.m2\repository\io\opentelemetry\opentelemetry-context\1.51.0\opentelemetry-context-1.51.0.jar;C:\Users\Rajeev nandi\.m2\repository\io\opentelemetry\opentelemetry-exporter-logging\1.51.0\opentelemetry-exporter-logging-1.51.0.jar;C:\Users\Rajeev nandi\.m2\repository\io\opentelemetry\opentelemetry-sdk-common\1.51.0\opentelemetry-sdk-common-1.51.0.jar;C:\Users\Rajeev nandi\.m2\repository\io\opentelemetry\opentelemetry-sdk-extension-autoconfigure-spi\1.51.0\opentelemetry-sdk-extension-autoconfigure-spi-1.51.0.jar;C:\Users\Rajeev nandi\.m2\repository\io\opentelemetry\opentelemetry-sdk-extension-autoconfigure\1.51.0\opentelemetry-sdk-extension-autoconfigure-1.51.0.jar;C:\Users\Rajeev nandi\.m2\repository\io\opentelemetry\opentelemetry-sdk-trace\1.51.0\opentelemetry-sdk-trace-1.51.0.jar;C:\Users\Rajeev nandi\.m2\repository\io\opentelemetry\opentelemetry-sdk\1.51.0\opentelemetry-sdk-1.51.0.jar;C:\Users\Rajeev nandi\.m2\repository\io\opentelemetry\opentelemetry-sdk-metrics\1.51.0\opentelemetry-sdk-metrics-1.51.0.jar;C:\Users\Rajeev nandi\.m2\repository\io\opentelemetry\opentelemetry-sdk-logs\1.51.0\opentelemetry-sdk-logs-1.51.0.jar;C:\Users\Rajeev nandi\.m2\repository\net\bytebuddy\byte-buddy\1.17.6\byte-buddy-1.17.6.jar;C:\Users\Rajeev nandi\.m2\repository\org\seleniumhq\selenium\selenium-os\4.34.0\selenium-os-4.34.0.jar;C:\Users\Rajeev nandi\.m2\repository\org\apache\commons\commons-exec\1.5.0\commons-exec-1.5.0.jar;C:\Users\Rajeev nandi\.m2\repository\org\seleniumhq\selenium\selenium-safari-driver\4.34.0\selenium-safari-driver-4.34.0.jar;C:\Users\Rajeev nandi\.m2\repository\org\seleniumhq\selenium\selenium-support\4.34.0\selenium-support-4.34.0.jar;C:\Users\Rajeev nandi\.m2\repository\org\apache\poi\poi\5.2.3\poi-5.2.3.jar;C:\Users\Rajeev nandi\.m2\repository\commons-codec\commons-codec\1.15\commons-codec-1.15.jar;C:\Users\Rajeev nandi\.m2\repository\org\apache\commons\commons-collections4\4.4\commons-collections4-4.4.jar;C:\Users\Rajeev nandi\.m2\repository\org\apache\commons\commons-math3\3.6.1\commons-math3-3.6.1.jar;C:\Users\Rajeev nandi\.m2\repository\com\zaxxer\SparseBitSet\1.2\SparseBitSet-1.2.jar;C:\Users\Rajeev nandi\.m2\repository\org\apache\logging\log4j\log4j-api\2.18.0\log4j-api-2.18.0.jar;C:\Users\Rajeev nandi\.m2\repository\org\apache\poi\poi-ooxml\5.2.3\poi-ooxml-5.2.3.jar;C:\Users\Rajeev nandi\.m2\repository\org\apache\poi\poi-ooxml-lite\5.2.3\poi-ooxml-lite-5.2.3.jar;C:\Users\Rajeev nandi\.m2\repository\org\apache\xmlbeans\xmlbeans\5.1.1\xmlbeans-5.1.1.jar;C:\Users\Rajeev nandi\.m2\repository\org\apache\commons\commons-compress\1.21\commons-compress-1.21.jar;C:\Users\Rajeev nandi\.m2\repository\com\github\virtuald\curvesapi\1.07\curvesapi-1.07.jar;C:\Users\Rajeev nandi\.m2\repository\org\testng\testng\7.10.0\testng-7.10.0.jar;C:\Users\Rajeev nandi\.m2\repository\org\slf4j\slf4j-api\1.7.36\slf4j-api-1.7.36.jar;C:\Users\Rajeev nandi\.m2\repository\com\beust\jcommander\1.82\jcommander-1.82.jar;C:\Users\Rajeev nandi\.m2\repository\org\webjars\jquery\3.7.1\jquery-3.7.1.jar;C:\Users\Rajeev nandi\.m2\repository\org\projectlombok\lombok\1.18.30\lombok-1.18.30.jar;C:\Users\Rajeev nandi\.m2\repository\com\googlecode\json-simple\json-simple\1.1\json-simple-1.1.jar;C:\Users\Rajeev nandi\.m2\repository\com\mysql\mysql-connector-j\9.1.0\mysql-connector-j-9.1.0.jar;C:\Users\Rajeev nandi\.m2\repository\com\google\protobuf\protobuf-java\4.26.1\protobuf-java-4.26.1.jar;C:\Users\Rajeev nandi\.m2\repository\commons-io\commons-io\2.13.0\commons-io-2.13.0.jar;C:\Users\Rajeev nandi\.m2\repository\com\aventstack\extentreports\5.0.9\extentreports-5.0.9.jar;C:\Users\Rajeev nandi\.m2\repository\io\reactivex\rxjava3\rxjava\3.0.4\rxjava-3.0.4.jar;C:\Users\Rajeev nandi\.m2\repository\org\reactivestreams\reactive-streams\1.0.3\reactive-streams-1.0.3.jar;C:\Users\Rajeev nandi\.m2\repository\org\freemarker\freemarker\2.3.30\freemarker-2.3.30.jar;C:\Users\Rajeev nandi\.m2\repository\com\google\code\gson\gson\2.8.6\gson-2.8.6.jar
Launcher Type: SUN_STANDARD

[Global flags]
     intx CICompilerCount                          = 4                                         {product} {ergonomic}
     uint ConcGCThreads                            = 2                                         {product} {ergonomic}
     uint G1ConcRefinementThreads                  = 8                                         {product} {ergonomic}
   size_t G1HeapRegionSize                         = 1048576                                   {product} {ergonomic}
    uintx GCDrainStackTargetSize                   = 64                                        {product} {ergonomic}
   size_t InitialHeapSize                          = 130023424                                 {product} {ergonomic}
   size_t MarkStackSize                            = 4194304                                   {product} {ergonomic}
   size_t MaxHeapSize                              = 2080374784                                {product} {ergonomic}
   size_t MaxNewSize                               = 1247805440                                {product} {ergonomic}
   size_t MinHeapDeltaBytes                        = 1048576                                   {product} {ergonomic}
   size_t MinHeapSize                              = 8388608                                   {product} {ergonomic}
    uintx NonNMethodCodeHeapSize                   = 5839372                                {pd product} {ergonomic}
    uintx NonProfiledCodeHeapSize                  = 122909434                              {pd product} {ergonomic}
    uintx ProfiledCodeHeapSize                     = 122909434                              {pd product} {ergonomic}
    uintx ReservedCodeCacheSize                    = 251658240                              {pd product} {ergonomic}
     bool SegmentedCodeCache                       = true                                      {product} {ergonomic}
     bool ShowCodeDetailsInExceptionMessages       = true                                   {manageable} {command line}
   size_t SoftMaxHeapSize                          = 2080374784                             {manageable} {ergonomic}
     bool UseCompressedOops                        = true                           {product lp64_product} {ergonomic}
     bool UseG1GC                                  = true                                      {product} {ergonomic}
     bool UseLargePagesIndividualAllocation        = false                                  {pd product} {ergonomic}

Logging:
Log output configuration:
 #0: stdout all=warning uptime,level,tags foldmultilines=false
 #1: stderr all=off uptime,level,tags foldmultilines=false

Environment Variables:
JAVA_HOME=C:\Program Files\Java\jdk-17
PATH=C:\Python314\Scripts\;C:\Python314\;C:\app\Rajeevnandi2\product\11.2.0\dbhome_1\bin;C:\app\Rajeevnandi\product\11.2.0\dbhome_2\bin;C:\app\Rajeevnandi\product\11.2.0\dbhome_1\bin;C:\Program Files\Common Files\Oracle\Java\javapath;C:\WINDOWS\system32;C:\WINDOWS;C:\WINDOWS\System32\Wbem;C:\WINDOWS\System32\WindowsPowerShell\v1.0\;C:\WINDOWS\System32\OpenSSH\;C:\Program Files\dotnet\;C:\Program Files\Java\jdk-21\bin;C:\Program Files\Java\jdk-17\bin;D:\automation software\apache-maven-3.9.11-bin\apache-maven-3.9.11\bin;C:\Program Files\Git\cmd;C:\ProgramData\chocolatey\bin;C:\Program Files\nodejs\;C:\Program Files\MySQL\MySQL Shell 8.0\bin\;C:\Users\Rajeev nandi\AppData\Local\Microsoft\WindowsApps;C:\Program Files\JetBrains\PyCharm 2023.2\bin;;C:\Users\Rajeev nandi\AppData\Local\Programs\Microsoft VS Code\bin;D:\automation software\apache-maven-3.9.11-bin\apache-maven-3.9.11\bin;C:\Users\Rajeev nandi\AppData\Roaming\npm;C:\Users\Rajeev nandi\AppData\Local\GitHubDesktop\bin;
USERNAME=Rajeev nandi
OS=Windows_NT
PROCESSOR_IDENTIFIER=Intel64 Family 6 Model 140 Stepping 1, GenuineIntel
TMP=C:\Users\Rajeev nandi\AppData\Local\Temp
TEMP=C:\Users\Rajeev nandi\AppData\Local\Temp




Periodic native trim disabled

---------------  S Y S T E M  ---------------

OS:
 Windows 11 , 64 bit Build 26100 (10.0.26100.8521)
OS uptime: 6 days 4:06 hours
Hyper-V role detected

CPU: total 8 (initial active 8) (4 cores per cpu, 2 threads per core) family 6 model 140 stepping 1 microcode 0xbe, cx8, cmov, fxsr, ht, mmx, 3dnowpref, sse, sse2, sse3, ssse3, sse4.1, sse4.2, popcnt, lzcnt, tsc, tscinvbit, avx, avx2, aes, erms, clmul, bmi1, bmi2, adx, avx512f, avx512dq, avx512cd, avx512bw, avx512vl, sha, fma, vzeroupper, avx512_vpopcntdq, avx512_vpclmulqdq, avx512_vaes, avx512_vnni, clflush, clflushopt, clwb, avx512_vbmi2, avx512_vbmi, hv, rdtscp, rdpid, fsrm, gfni, avx512_bitalg, f16c, cet_ibt, cet_ss, avx512_ifma
Processor Information for all 8 processors :
  Max Mhz: 2419, Current Mhz: 2419, Mhz Limit: 2419

Memory: 4k page, system-wide physical 7934M (1204M free)
TotalPageFile size 32510M (AvailPageFile size 5M)
current process WorkingSet (physical memory assigned to process): 129M, peak: 136M
current process commit charge ("private bytes"): 200M, peak: 251M

vm_info: Java HotSpot(TM) 64-Bit Server VM (21.0.2+13-LTS-58) for windows-amd64 JRE (21.0.2+13-LTS-58), built on 2024-01-05T18:32:24Z by "mach5one" with MS VC++ 17.1 (VS2022)

END.
