#
# There is insufficient memory for the Java Runtime Environment to continue.
# Native memory allocation (malloc) failed to allocate 1453616 bytes for Chunk::new
# Possible reasons:
#   The system is out of physical RAM or swap space
#   The process is running with CompressedOops enabled, and the Java Heap may be blocking the growth of the native heap
# Possible solutions:
#   Reduce memory load on the system
#   Increase physical memory or swap space
#   Check if swap backing store is full
#   Decrease Java heap size (-Xmx/-Xms)
#   Decrease number of Java threads
#   Decrease Java thread stack sizes (-Xss)
#   Set larger code cache with -XX:ReservedCodeCacheSize=
#   JVM is running with Unscaled Compressed Oops mode in which the Java heap is
#     placed in the first 4GB address space. The Java Heap base address is the
#     maximum limit for the native heap growth. Please use -XX:HeapBaseMinAddress
#     to set the Java Heap base and to place the Java Heap above 4GB virtual address.
# This output file may be truncated or incomplete.
#
#  Out of Memory Error (arena.cpp:168), pid=21060, tid=22460
#
# JRE version: Java(TM) SE Runtime Environment (21.0.2+13) (build 21.0.2+13-LTS-58)
# Java VM: Java HotSpot(TM) 64-Bit Server VM (21.0.2+13-LTS-58, mixed mode, sharing, tiered, compressed oops, compressed class ptrs, g1 gc, windows-amd64)
# No core dump will be written. Minidumps are not enabled by default on client versions of Windows
#

---------------  S U M M A R Y ------------

Command Line: -ea -Dfile.encoding=UTF-8 -Dstdout.encoding=UTF-8 -Dstderr.encoding=UTF-8 -XX:+ShowCodeDetailsInExceptionMessages org.testng.remote.RemoteTestNG -serport 50390 -protocol json -d D:\Eclipse-Rajeev\Octopussaas_main_Framework\test-output C:\Users\Rajeev nandi\AppData\Local\Temp\testng-eclipse--131937978\testng-customsuite.xml

Host: 11th Gen Intel(R) Core(TM) i5-1135G7 @ 2.40GHz, 8 cores, 7G,  Windows 11 , 64 bit Build 26100 (10.0.26100.8521)
Time: Wed Jun  3 10:29:18 2026 India Standard Time elapsed time: 22.859453 seconds (0d 0h 0m 22s)

---------------  T H R E A D  ---------------

Current thread (0x000002747817c5e0):  JavaThread "C2 CompilerThread0" daemon [_thread_in_native, id=22460, stack(0x000000b52d800000,0x000000b52d900000) (1024K)]


Current CompileTask:
C2:  22859 3023   !   4       jdk.internal.loader.BuiltinClassLoader::loadClassOrNull (143 bytes)

Stack: [0x000000b52d800000,0x000000b52d900000]
Native frames: (J=compiled Java code, j=interpreted, Vv=VM code, C=native code)
V  [jvm.dll+0x6cade9]
V  [jvm.dll+0x8569c1]
V  [jvm.dll+0x858d2e]
V  [jvm.dll+0x859413]
V  [jvm.dll+0x280e56]
V  [jvm.dll+0xc3f3d]
V  [jvm.dll+0xc4473]
V  [jvm.dll+0x3b5bf2]
V  [jvm.dll+0x1e2013]
V  [jvm.dll+0x249d22]
V  [jvm.dll+0x2491b1]
V  [jvm.dll+0x1c9634]
V  [jvm.dll+0x258859]
V  [jvm.dll+0x256e3a]
V  [jvm.dll+0x3ef6c6]
V  [jvm.dll+0x7ff568]
V  [jvm.dll+0x6c953d]
C  [ucrtbase.dll+0x2cd30]
C  [KERNEL32.DLL+0x2e957]
C  [ntdll.dll+0x87c1c]


---------------  P R O C E S S  ---------------

Threads class SMR info:
_java_thread_list=0x000002747d345b30, length=29, elements={
0x000002745b8d54f0, 0x0000027478156260, 0x0000027478158cd0, 0x000002747815b870,
0x000002747815eb90, 0x000002747815d690, 0x00000274781654a0, 0x000002747817c5e0,
0x0000027478164ab0, 0x00000274783d9230, 0x00000274783e0660, 0x0000027478aca870,
0x00000274785131d0, 0x000002747d8bd160, 0x000002747d8be7e0, 0x000002747dbc1270,
0x000002747db966c0, 0x000002747e059b50, 0x000002747e05a870, 0x000002747e0587a0,
0x000002747e05a1e0, 0x000002747e05af00, 0x000002747e05b590, 0x000002747e058e30,
0x000002747e0594c0, 0x000002747dab0d50, 0x000002747daad8d0, 0x000002747dab13e0,
0x0000027478db6090
}

Java Threads: ( => current thread )
  0x000002745b8d54f0 JavaThread "main"                              [_thread_in_Java, id=6064, stack(0x000000b52ca00000,0x000000b52cb00000) (1024K)]
  0x0000027478156260 JavaThread "Reference Handler"          daemon [_thread_blocked, id=23376, stack(0x000000b52d200000,0x000000b52d300000) (1024K)]
  0x0000027478158cd0 JavaThread "Finalizer"                  daemon [_thread_blocked, id=17848, stack(0x000000b52d300000,0x000000b52d400000) (1024K)]
  0x000002747815b870 JavaThread "Signal Dispatcher"          daemon [_thread_blocked, id=24256, stack(0x000000b52d400000,0x000000b52d500000) (1024K)]
  0x000002747815eb90 JavaThread "Attach Listener"            daemon [_thread_blocked, id=2384, stack(0x000000b52d500000,0x000000b52d600000) (1024K)]
  0x000002747815d690 JavaThread "Service Thread"             daemon [_thread_blocked, id=10616, stack(0x000000b52d600000,0x000000b52d700000) (1024K)]
  0x00000274781654a0 JavaThread "Monitor Deflation Thread"   daemon [_thread_blocked, id=2776, stack(0x000000b52d700000,0x000000b52d800000) (1024K)]
=>0x000002747817c5e0 JavaThread "C2 CompilerThread0"         daemon [_thread_in_native, id=22460, stack(0x000000b52d800000,0x000000b52d900000) (1024K)]
  0x0000027478164ab0 JavaThread "C1 CompilerThread0"         daemon [_thread_in_native, id=21552, stack(0x000000b52d900000,0x000000b52da00000) (1024K)]
  0x00000274783d9230 JavaThread "Notification Thread"        daemon [_thread_blocked, id=16864, stack(0x000000b52da00000,0x000000b52db00000) (1024K)]
  0x00000274783e0660 JavaThread "Common-Cleaner"             daemon [_thread_blocked, id=15552, stack(0x000000b52db00000,0x000000b52dc00000) (1024K)]
  0x0000027478aca870 JavaThread "ReaderThread"                      [_thread_in_native, id=2960, stack(0x000000b52de00000,0x000000b52df00000) (1024K)]
  0x00000274785131d0 JavaThread "ForkJoinPool.commonPool-worker-1" daemon [_thread_blocked, id=788, stack(0x000000b52dc00000,0x000000b52dd00000) (1024K)]
  0x000002747d8bd160 JavaThread "HttpClient-1-SelectorManager" daemon [_thread_in_native, id=12032, stack(0x000000b52e700000,0x000000b52e800000) (1024K)]
  0x000002747d8be7e0 JavaThread "External Process Output Forwarder - C:\Users\Rajeev nandi\.cache\selenium\chromedriver\win64\148.0.7778.178\chromedriver.exe" daemon [_thread_in_native, id=17448, stack(0x000000b52e800000,0x000000b52e900000) (1024K)]
  0x000002747dbc1270 JavaThread "Driver Service Executor"    daemon [_thread_blocked, id=26560, stack(0x000000b52e900000,0x000000b52ea00000) (1024K)]
  0x000002747db966c0 JavaThread "Driver Service Executor"    daemon [_thread_in_native, id=25516, stack(0x000000b52ea00000,0x000000b52eb00000) (1024K)]
  0x000002747e059b50 JavaThread "UrlChecker-2"               daemon [_thread_blocked, id=32624, stack(0x000000b52eb00000,0x000000b52ec00000) (1024K)]
  0x000002747e05a870 JavaThread "JdkHttpClient-0-0"          daemon [_thread_blocked, id=21864, stack(0x000000b52ed00000,0x000000b52ee00000) (1024K)]
  0x000002747e0587a0 JavaThread "CompletableFutureDelayScheduler" daemon [_thread_blocked, id=19748, stack(0x000000b52ee00000,0x000000b52ef00000) (1024K)]
  0x000002747e05a1e0 JavaThread "JdkHttpClient-0-1"          daemon [_thread_blocked, id=4944, stack(0x000000b52ef00000,0x000000b52f000000) (1024K)]
  0x000002747e05af00 JavaThread "JdkHttpClient-0-2"          daemon [_thread_blocked, id=20380, stack(0x000000b52f000000,0x000000b52f100000) (1024K)]
  0x000002747e05b590 JavaThread "JdkHttpClient-0-3"          daemon [_thread_blocked, id=26540, stack(0x000000b52f100000,0x000000b52f200000) (1024K)]
  0x000002747e058e30 JavaThread "HttpClient-2-SelectorManager" daemon [_thread_in_native, id=32156, stack(0x000000b52e600000,0x000000b52e700000) (1024K)]
  0x000002747e0594c0 JavaThread "JdkHttpClient-1-0"          daemon [_thread_blocked, id=23912, stack(0x000000b52f200000,0x000000b52f300000) (1024K)]
  0x000002747dab0d50 JavaThread "JdkHttpClient-1-1"          daemon [_thread_blocked, id=21052, stack(0x000000b52f300000,0x000000b52f400000) (1024K)]
  0x000002747daad8d0 JavaThread "JdkHttpClient-1-2"          daemon [_thread_blocked, id=21536, stack(0x000000b52f400000,0x000000b52f500000) (1024K)]
  0x000002747dab13e0 JavaThread "JdkHttpClient-1-3"          daemon [_thread_blocked, id=20248, stack(0x000000b52f500000,0x000000b52f600000) (1024K)]
  0x0000027478db6090 JavaThread "C2 CompilerThread1"         daemon [_thread_in_native, id=100, stack(0x000000b52f600000,0x000000b52f700000) (1024K)]
Total: 29

Other Threads:
  0x0000027478133fb0 VMThread "VM Thread"                           [id=4588, stack(0x000000b52d100000,0x000000b52d200000) (1024K)]
  0x0000027478115bf0 WatcherThread "VM Periodic Task Thread"        [id=31564, stack(0x000000b52d000000,0x000000b52d100000) (1024K)]
  0x000002745b926890 WorkerThread "GC Thread#0"                     [id=15132, stack(0x000000b52cb00000,0x000000b52cc00000) (1024K)]
  0x000002747d379f60 WorkerThread "GC Thread#1"                     [id=16436, stack(0x000000b52df00000,0x000000b52e000000) (1024K)]
  0x000002747d37a300 WorkerThread "GC Thread#2"                     [id=30936, stack(0x000000b52e000000,0x000000b52e100000) (1024K)]
  0x000002747d37a6a0 WorkerThread "GC Thread#3"                     [id=31584, stack(0x000000b52e100000,0x000000b52e200000) (1024K)]
  0x000002747d3848f0 WorkerThread "GC Thread#4"                     [id=19900, stack(0x000000b52e200000,0x000000b52e300000) (1024K)]
  0x000002747d384c90 WorkerThread "GC Thread#5"                     [id=22592, stack(0x000000b52e300000,0x000000b52e400000) (1024K)]
  0x000002747d385030 WorkerThread "GC Thread#6"                     [id=26220, stack(0x000000b52e400000,0x000000b52e500000) (1024K)]
  0x000002747d3853d0 WorkerThread "GC Thread#7"                     [id=12680, stack(0x000000b52e500000,0x000000b52e600000) (1024K)]
  0x000002745b936f80 ConcurrentGCThread "G1 Main Marker"            [id=19684, stack(0x000000b52cc00000,0x000000b52cd00000) (1024K)]
  0x000002745b939bc0 WorkerThread "G1 Conc#0"                       [id=13856, stack(0x000000b52cd00000,0x000000b52ce00000) (1024K)]
  0x000002747dd34030 WorkerThread "G1 Conc#1"                       [id=29788, stack(0x000000b52ec00000,0x000000b52ed00000) (1024K)]
  0x0000027477fe6910 ConcurrentGCThread "G1 Refine#0"               [id=24004, stack(0x000000b52ce00000,0x000000b52cf00000) (1024K)]
  0x0000027477fe7130 ConcurrentGCThread "G1 Service"                [id=23988, stack(0x000000b52cf00000,0x000000b52d000000) (1024K)]
Total: 15

Threads with active compile tasks:
C2 CompilerThread0    22888 3023   !   4       jdk.internal.loader.BuiltinClassLoader::loadClassOrNull (143 bytes)
C1 CompilerThread0    22888 3284       3       org.apache.xmlbeans.impl.store.Cur::createElementXobj (216 bytes)
C2 CompilerThread1    22888 3290       4       org.apache.xmlbeans.impl.store.Cur::moveTo (7 bytes)
Total: 3

VM state: not at safepoint (normal execution)

VM Mutex/Monitor currently owned by a thread: None

Heap address: 0x0000000084000000, size: 1984 MB, Compressed Oops mode: 32-bit

CDS archive(s) mapped at: [0x0000027400000000-0x0000027400c90000-0x0000027400c90000), size 13172736, SharedBaseAddress: 0x0000027400000000, ArchiveRelocationMode: 1.
Compressed class space mapped at: 0x0000027401000000-0x0000027441000000, reserved size: 1073741824
Narrow klass base: 0x0000027400000000, Narrow klass shift: 0, Narrow klass range: 0x100000000

GC Precious Log:
 CardTable entry size: 512
 Card Set container configuration: InlinePtr #cards 5 size 8 Array Of Cards #cards 12 size 40 Howl #buckets 4 coarsen threshold 1843 Howl Bitmap #cards 512 size 80 coarsen threshold 460 Card regions per heap region 1 cards per card region 2048
 CPUs: 8 total, 8 available
 Memory: 7934M
 Large Page Support: Disabled
 NUMA Support: Disabled
 Compressed Oops: Enabled (32-bit)
 Heap Region Size: 1M
 Heap Min Capacity: 8M
 Heap Initial Capacity: 124M
 Heap Max Capacity: 1984M
 Pre-touch: Disabled
 Parallel Workers: 8
 Concurrent Workers: 2
 Concurrent Refinement Workers: 8
 Periodic GC: Disabled

Heap:
 garbage-first heap   total 51200K, used 30179K [0x0000000084000000, 0x0000000100000000)
  region size 1024K, 20 young (20480K), 3 survivors (3072K)
 Metaspace       used 27352K, committed 27776K, reserved 1114112K
  class space    used 3267K, committed 3456K, reserved 1048576K

Heap Regions: E=young(eden), S=young(survivor), O=old, HS=humongous(starts), HC=humongous(continues), CS=collection set, F=free, TAMS=top-at-mark-start, PB=parsable bottom
|   0|0x0000000084000000, 0x0000000084100000, 0x0000000084100000|100%|HS|  |TAMS 0x0000000084000000| PB 0x0000000084000000| Complete 
|   1|0x0000000084100000, 0x0000000084200000, 0x0000000084200000|100%| O|  |TAMS 0x0000000084100000| PB 0x0000000084100000| Untracked 
|   2|0x0000000084200000, 0x0000000084300000, 0x0000000084300000|100%| O|  |TAMS 0x0000000084200000| PB 0x0000000084200000| Untracked 
|   3|0x0000000084300000, 0x0000000084400000, 0x0000000084400000|100%| O|  |TAMS 0x0000000084300000| PB 0x0000000084300000| Untracked 
|   4|0x0000000084400000, 0x0000000084500000, 0x0000000084500000|100%| O|  |TAMS 0x0000000084400000| PB 0x0000000084400000| Untracked 
|   5|0x0000000084500000, 0x0000000084600000, 0x0000000084600000|100%| O|  |TAMS 0x0000000084500000| PB 0x0000000084500000| Untracked 
|   6|0x0000000084600000, 0x0000000084700000, 0x0000000084700000|100%| O|  |TAMS 0x0000000084600000| PB 0x0000000084600000| Untracked 
|   7|0x0000000084700000, 0x0000000084700000, 0x0000000084800000|  0%| F|  |TAMS 0x0000000084700000| PB 0x0000000084700000| Untracked 
|   8|0x0000000084800000, 0x0000000084900000, 0x0000000084900000|100%| O|  |TAMS 0x0000000084800000| PB 0x0000000084800000| Untracked 
|   9|0x0000000084900000, 0x0000000084a00000, 0x0000000084a00000|100%| O|  |TAMS 0x0000000084900000| PB 0x0000000084900000| Untracked 
|  10|0x0000000084a00000, 0x0000000084b00000, 0x0000000084b00000|100%| O|  |TAMS 0x0000000084a00000| PB 0x0000000084a00000| Untracked 
|  11|0x0000000084b00000, 0x0000000084c00000, 0x0000000084c00000|100%| O|  |TAMS 0x0000000084b00000| PB 0x0000000084b00000| Untracked 
|  12|0x0000000084c00000, 0x0000000084cc23d0, 0x0000000084d00000| 75%| O|  |TAMS 0x0000000084c00000| PB 0x0000000084c00000| Untracked 
|  13|0x0000000084d00000, 0x0000000084d00000, 0x0000000084e00000|  0%| F|  |TAMS 0x0000000084d00000| PB 0x0000000084d00000| Untracked 
|  14|0x0000000084e00000, 0x0000000084e00000, 0x0000000084f00000|  0%| F|  |TAMS 0x0000000084e00000| PB 0x0000000084e00000| Untracked 
|  15|0x0000000084f00000, 0x0000000084f00000, 0x0000000085000000|  0%| F|  |TAMS 0x0000000084f00000| PB 0x0000000084f00000| Untracked 
|  16|0x0000000085000000, 0x0000000085000000, 0x0000000085100000|  0%| F|  |TAMS 0x0000000085000000| PB 0x0000000085000000| Untracked 
|  17|0x0000000085100000, 0x0000000085100000, 0x0000000085200000|  0%| F|  |TAMS 0x0000000085100000| PB 0x0000000085100000| Untracked 
|  18|0x0000000085200000, 0x0000000085200000, 0x0000000085300000|  0%| F|  |TAMS 0x0000000085200000| PB 0x0000000085200000| Untracked 
|  19|0x0000000085300000, 0x0000000085300000, 0x0000000085400000|  0%| F|  |TAMS 0x0000000085300000| PB 0x0000000085300000| Untracked 
|  20|0x0000000085400000, 0x0000000085400000, 0x0000000085500000|  0%| F|  |TAMS 0x0000000085400000| PB 0x0000000085400000| Untracked 
|  21|0x0000000085500000, 0x0000000085500000, 0x0000000085600000|  0%| F|  |TAMS 0x0000000085500000| PB 0x0000000085500000| Untracked 
|  22|0x0000000085600000, 0x0000000085600000, 0x0000000085700000|  0%| F|  |TAMS 0x0000000085600000| PB 0x0000000085600000| Untracked 
|  23|0x0000000085700000, 0x00000000857b6a00, 0x0000000085800000| 71%| S|CS|TAMS 0x0000000085700000| PB 0x0000000085700000| Complete 
|  24|0x0000000085800000, 0x0000000085900000, 0x0000000085900000|100%| S|CS|TAMS 0x0000000085800000| PB 0x0000000085800000| Complete 
|  25|0x0000000085900000, 0x0000000085a00000, 0x0000000085a00000|100%| S|CS|TAMS 0x0000000085900000| PB 0x0000000085900000| Complete 
|  26|0x0000000085a00000, 0x0000000085a00000, 0x0000000085b00000|  0%| F|  |TAMS 0x0000000085a00000| PB 0x0000000085a00000| Untracked 
|  27|0x0000000085b00000, 0x0000000085b00000, 0x0000000085c00000|  0%| F|  |TAMS 0x0000000085b00000| PB 0x0000000085b00000| Untracked 
|  28|0x0000000085c00000, 0x0000000085c00000, 0x0000000085d00000|  0%| F|  |TAMS 0x0000000085c00000| PB 0x0000000085c00000| Untracked 
|  29|0x0000000085d00000, 0x0000000085d00000, 0x0000000085e00000|  0%| F|  |TAMS 0x0000000085d00000| PB 0x0000000085d00000| Untracked 
|  30|0x0000000085e00000, 0x0000000085e00000, 0x0000000085f00000|  0%| F|  |TAMS 0x0000000085e00000| PB 0x0000000085e00000| Untracked 
|  31|0x0000000085f00000, 0x0000000085f00000, 0x0000000086000000|  0%| F|  |TAMS 0x0000000085f00000| PB 0x0000000085f00000| Untracked 
|  32|0x0000000086000000, 0x0000000086000000, 0x0000000086100000|  0%| F|  |TAMS 0x0000000086000000| PB 0x0000000086000000| Untracked 
|  33|0x0000000086100000, 0x000000008617f840, 0x0000000086200000| 49%| E|  |TAMS 0x0000000086100000| PB 0x0000000086100000| Complete 
|  34|0x0000000086200000, 0x0000000086300000, 0x0000000086300000|100%| E|CS|TAMS 0x0000000086200000| PB 0x0000000086200000| Complete 
|  35|0x0000000086300000, 0x0000000086400000, 0x0000000086400000|100%| E|CS|TAMS 0x0000000086300000| PB 0x0000000086300000| Complete 
|  36|0x0000000086400000, 0x0000000086500000, 0x0000000086500000|100%| E|CS|TAMS 0x0000000086400000| PB 0x0000000086400000| Complete 
|  37|0x0000000086500000, 0x0000000086600000, 0x0000000086600000|100%| E|CS|TAMS 0x0000000086500000| PB 0x0000000086500000| Complete 
|  38|0x0000000086600000, 0x0000000086700000, 0x0000000086700000|100%| E|CS|TAMS 0x0000000086600000| PB 0x0000000086600000| Complete 
|  39|0x0000000086700000, 0x0000000086800000, 0x0000000086800000|100%| E|CS|TAMS 0x0000000086700000| PB 0x0000000086700000| Complete 
|  40|0x0000000086800000, 0x0000000086900000, 0x0000000086900000|100%| E|CS|TAMS 0x0000000086800000| PB 0x0000000086800000| Complete 
|  41|0x0000000086900000, 0x0000000086a00000, 0x0000000086a00000|100%| E|CS|TAMS 0x0000000086900000| PB 0x0000000086900000| Complete 
|  42|0x0000000086a00000, 0x0000000086b00000, 0x0000000086b00000|100%| E|CS|TAMS 0x0000000086a00000| PB 0x0000000086a00000| Complete 
| 107|0x000000008ab00000, 0x000000008ac00000, 0x000000008ac00000|100%| E|  |TAMS 0x000000008ab00000| PB 0x000000008ab00000| Complete 
| 108|0x000000008ac00000, 0x000000008ad00000, 0x000000008ad00000|100%| E|CS|TAMS 0x000000008ac00000| PB 0x000000008ac00000| Complete 
| 109|0x000000008ad00000, 0x000000008ae00000, 0x000000008ae00000|100%| E|CS|TAMS 0x000000008ad00000| PB 0x000000008ad00000| Complete 
| 110|0x000000008ae00000, 0x000000008af00000, 0x000000008af00000|100%| E|CS|TAMS 0x000000008ae00000| PB 0x000000008ae00000| Complete 
| 111|0x000000008af00000, 0x000000008b000000, 0x000000008b000000|100%| E|CS|TAMS 0x000000008af00000| PB 0x000000008af00000| Complete 
| 122|0x000000008ba00000, 0x000000008bb00000, 0x000000008bb00000|100%| E|CS|TAMS 0x000000008ba00000| PB 0x000000008ba00000| Complete 
| 123|0x000000008bb00000, 0x000000008bc00000, 0x000000008bc00000|100%| E|CS|TAMS 0x000000008bb00000| PB 0x000000008bb00000| Complete 

Card table byte_map: [0x0000027473440000,0x0000027473820000] _byte_map_base: 0x0000027473020000

Marking Bits: (CMBitMap*) 0x000002745b926ea0
 Bits: [0x0000027473820000, 0x0000027475720000)

Polling page: 0x00000274597c0000

Metaspace:

Usage:
  Non-class:     23.56 MB used.
      Class:      3.20 MB used.
       Both:     26.76 MB used.

Virtual space:
  Non-class space:       64.00 MB reserved,      23.81 MB ( 37%) committed,  1 nodes.
      Class space:        1.00 GB reserved,       3.38 MB ( <1%) committed,  1 nodes.
             Both:        1.06 GB reserved,      27.19 MB (  2%) committed. 

Chunk freelists:
   Non-Class:  7.36 MB
       Class:  12.58 MB
        Both:  19.94 MB

MaxMetaspaceSize: unlimited
CompressedClassSpaceSize: 1.00 GB
Initial GC threshold: 21.00 MB
Current GC threshold: 35.12 MB
CDS: on
 - commit_granule_bytes: 65536.
 - commit_granule_words: 8192.
 - virtual_space_node_default_size: 8388608.
 - enlarge_chunks_in_place: 1.
 - use_allocation_guard: 0.


Internal statistics:

num_allocs_failed_limit: 3.
num_arena_births: 550.
num_arena_deaths: 0.
num_vsnodes_births: 2.
num_vsnodes_deaths: 0.
num_space_committed: 435.
num_space_uncommitted: 0.
num_chunks_returned_to_freelist: 3.
num_chunks_taken_from_freelist: 1371.
num_chunk_merges: 3.
num_chunk_splits: 880.
num_chunks_enlarged: 565.
num_inconsistent_stats: 0.

CodeHeap 'non-profiled nmethods': size=120000Kb used=1305Kb max_used=1305Kb free=118694Kb
 bounds [0x000002746b800000, 0x000002746ba70000, 0x0000027472d30000]
CodeHeap 'profiled nmethods': size=120000Kb used=6664Kb max_used=6664Kb free=113335Kb
 bounds [0x0000027463d30000, 0x00000274643c0000, 0x000002746b260000]
CodeHeap 'non-nmethods': size=5760Kb used=1751Kb max_used=1768Kb free=4008Kb
 bounds [0x000002746b260000, 0x000002746b4d0000, 0x000002746b800000]
 total_blobs=3916 nmethods=3287 adapters=533
 compilation: enabled
              stopped_count=0, restarted_count=0
 full_count=0

Compilation events (20 events):
Event: 21.842 Thread 0x0000027478db6090 3244       4       org.apache.xmlbeans.impl.store.Cur::isAttr (45 bytes)
Event: 21.842 Thread 0x0000027478164ab0 nmethod 3258 0x0000027464390090 code [0x00000274643902c0, 0x0000027464390bf8]
Event: 21.842 Thread 0x0000027478164ab0 3259       3       com.sun.org.apache.xerces.internal.util.XMLAttributesImpl::setValue (27 bytes)
Event: 21.842 Thread 0x0000027478164ab0 nmethod 3259 0x0000027464390f90 code [0x0000027464391140, 0x0000027464391398]
Event: 21.842 Thread 0x0000027478164ab0 3260       3       com.sun.org.apache.xerces.internal.util.XMLAttributesImpl::getURI (29 bytes)
Event: 21.843 Thread 0x0000027478164ab0 nmethod 3260 0x0000027464391490 code [0x0000027464391640, 0x0000027464391828]
Event: 21.843 Thread 0x0000027478164ab0 3261       1       org.apache.xmlbeans.impl.store.Xobj::getQName (5 bytes)
Event: 21.843 Thread 0x0000027478164ab0 nmethod 3261 0x000002746b943f10 code [0x000002746b9440a0, 0x000002746b944168]
Event: 21.843 Thread 0x0000027478164ab0 3262       3       com.sun.org.apache.xerces.internal.util.XMLAttributesImpl::getQName (38 bytes)
Event: 21.843 Thread 0x0000027478164ab0 nmethod 3262 0x0000027464391990 code [0x0000027464391b60, 0x0000027464391dc0]
Event: 21.844 Thread 0x0000027478164ab0 3263       3       org.apache.xmlbeans.impl.store.Locale$DefaultQNameFactory::getQName (11 bytes)
Event: 21.844 Thread 0x0000027478164ab0 nmethod 3263 0x0000027464391f10 code [0x00000274643920c0, 0x0000027464392200]
Event: 21.845 Thread 0x0000027478164ab0 3264       3       org.apache.xmlbeans.impl.store.Cur$CurLoadContext::text (187 bytes)
Event: 21.845 Thread 0x0000027478164ab0 nmethod 3264 0x0000027464392310 code [0x0000027464392500, 0x00000274643928f0]
Event: 21.845 Thread 0x0000027478164ab0 3267       3       java.lang.StringUTF16::compress (50 bytes)
Event: 21.845 Thread 0x0000027478164ab0 nmethod 3267 0x0000027464392a90 code [0x0000027464392c40, 0x0000027464392e80]
Event: 21.845 Thread 0x0000027478164ab0 3269       3       com.sun.org.apache.xerces.internal.util.AugmentationsImpl$SmallContainer::clear (41 bytes)
Event: 21.846 Thread 0x0000027478164ab0 nmethod 3269 0x0000027464393010 code [0x00000274643931e0, 0x0000027464393700]
Event: 21.846 Thread 0x0000027478164ab0 3265       3       org.apache.xmlbeans.impl.store.CharUtil::saveChars (489 bytes)
Event: 22.857 Thread 0x0000027478164ab0 nmethod 3265 0x0000027464393890 code [0x0000027464393c20, 0x0000027464395268]

GC Heap History (10 events):
Event: 0.765 GC heap before
{Heap before GC invocations=0 (full 0):
 garbage-first heap   total 126976K, used 23552K [0x0000000084000000, 0x0000000100000000)
  region size 1024K, 23 young (23552K), 0 survivors (0K)
 Metaspace       used 7586K, committed 7872K, reserved 1114112K
  class space    used 858K, committed 1024K, reserved 1048576K
}
Event: 0.773 GC heap after
{Heap after GC invocations=1 (full 0):
 garbage-first heap   total 126976K, used 7680K [0x0000000084000000, 0x0000000100000000)
  region size 1024K, 3 young (3072K), 3 survivors (3072K)
 Metaspace       used 7586K, committed 7872K, reserved 1114112K
  class space    used 858K, committed 1024K, reserved 1048576K
}
Event: 4.486 GC heap before
{Heap before GC invocations=1 (full 0):
 garbage-first heap   total 126976K, used 36352K [0x0000000084000000, 0x0000000100000000)
  region size 1024K, 32 young (32768K), 3 survivors (3072K)
 Metaspace       used 18320K, committed 18752K, reserved 1114112K
  class space    used 2168K, committed 2368K, reserved 1048576K
}
Event: 4.493 GC heap after
{Heap after GC invocations=2 (full 0):
 garbage-first heap   total 126976K, used 11869K [0x0000000084000000, 0x0000000100000000)
  region size 1024K, 4 young (4096K), 4 survivors (4096K)
 Metaspace       used 18320K, committed 18752K, reserved 1114112K
  class space    used 2168K, committed 2368K, reserved 1048576K
}
Event: 20.671 GC heap before
{Heap before GC invocations=2 (full 0):
 garbage-first heap   total 126976K, used 23133K [0x0000000084000000, 0x0000000100000000)
  region size 1024K, 16 young (16384K), 4 survivors (4096K)
 Metaspace       used 21063K, committed 21504K, reserved 1114112K
  class space    used 2535K, committed 2752K, reserved 1048576K
}
Event: 20.678 GC heap after
{Heap after GC invocations=3 (full 0):
 garbage-first heap   total 126976K, used 12530K [0x0000000084000000, 0x0000000100000000)
  region size 1024K, 5 young (5120K), 5 survivors (5120K)
 Metaspace       used 21063K, committed 21504K, reserved 1114112K
  class space    used 2535K, committed 2752K, reserved 1048576K
}
Event: 21.332 GC heap before
{Heap before GC invocations=4 (full 0):
 garbage-first heap   total 51200K, used 38130K [0x0000000084000000, 0x0000000100000000)
  region size 1024K, 30 young (30720K), 5 survivors (5120K)
 Metaspace       used 25471K, committed 25920K, reserved 1114112K
  class space    used 3050K, committed 3264K, reserved 1048576K
}
Event: 21.340 GC heap after
{Heap after GC invocations=5 (full 0):
 garbage-first heap   total 51200K, used 14276K [0x0000000084000000, 0x0000000100000000)
  region size 1024K, 3 young (3072K), 3 survivors (3072K)
 Metaspace       used 25471K, committed 25920K, reserved 1114112K
  class space    used 3050K, committed 3264K, reserved 1048576K
}
Event: 21.386 GC heap before
{Heap before GC invocations=5 (full 0):
 garbage-first heap   total 51200K, used 38852K [0x0000000084000000, 0x0000000100000000)
  region size 1024K, 27 young (27648K), 3 survivors (3072K)
 Metaspace       used 25471K, committed 25920K, reserved 1114112K
  class space    used 3050K, committed 3264K, reserved 1048576K
}
Event: 21.392 GC heap after
{Heap after GC invocations=6 (full 0):
 garbage-first heap   total 51200K, used 14819K [0x0000000084000000, 0x0000000100000000)
  region size 1024K, 3 young (3072K), 3 survivors (3072K)
 Metaspace       used 25471K, committed 25920K, reserved 1114112K
  class space    used 3050K, committed 3264K, reserved 1048576K
}

Dll operation events (11 events):
Event: 0.008 Loaded shared library C:\Program Files\Java\jdk-21\bin\java.dll
Event: 0.039 Loaded shared library C:\Program Files\Java\jdk-21\bin\jsvml.dll
Event: 0.091 Loaded shared library C:\Program Files\Java\jdk-21\bin\net.dll
Event: 0.093 Loaded shared library C:\Program Files\Java\jdk-21\bin\nio.dll
Event: 0.097 Loaded shared library C:\Program Files\Java\jdk-21\bin\zip.dll
Event: 0.236 Loaded shared library C:\Program Files\Java\jdk-21\bin\jimage.dll
Event: 0.266 Loaded shared library C:\Program Files\Java\jdk-21\bin\verify.dll
Event: 0.347 Loaded shared library C:\Program Files\Java\jdk-21\bin\extnet.dll
Event: 3.134 Loaded shared library C:\Program Files\Java\jdk-21\bin\management.dll
Event: 3.138 Loaded shared library C:\Program Files\Java\jdk-21\bin\management_ext.dll
Event: 4.076 Loaded shared library C:\Program Files\Java\jdk-21\bin\sunmscapi.dll

Deoptimization events (20 events):
Event: 21.742 Thread 0x000002745b8d54f0 Uncommon trap: trap_request=0xffffff45 fr.pc=0x000002746b93999c relative=0x000000000000025c
Event: 21.742 Thread 0x000002745b8d54f0 Uncommon trap: reason=unstable_if action=reinterpret pc=0x000002746b93999c method=org.apache.xmlbeans.impl.store.Xobj.isNormal(I)Z @ 39 c2
Event: 21.742 Thread 0x000002745b8d54f0 DEOPT PACKING pc=0x000002746b93999c sp=0x000000b52cafd5f0
Event: 21.742 Thread 0x000002745b8d54f0 DEOPT UNPACKING pc=0x000002746b2b7da2 sp=0x000000b52cafd4d0 mode 2
Event: 21.842 Thread 0x000002745b8d54f0 Uncommon trap: trap_request=0xffffff45 fr.pc=0x000002746b8aa0b8 relative=0x00000000000003f8
Event: 21.842 Thread 0x000002745b8d54f0 Uncommon trap: reason=unstable_if action=reinterpret pc=0x000002746b8aa0b8 method=java.lang.StringUTF16.compress([CII)[B @ 13 c2
Event: 21.842 Thread 0x000002745b8d54f0 DEOPT PACKING pc=0x000002746b8aa0b8 sp=0x000000b52cafcf70
Event: 21.842 Thread 0x000002745b8d54f0 DEOPT UNPACKING pc=0x000002746b2b7da2 sp=0x000000b52cafceb0 mode 2
Event: 21.842 Thread 0x000002745b8d54f0 Uncommon trap: trap_request=0xffffff45 fr.pc=0x000002746b905c90 relative=0x00000000000002d0
Event: 21.842 Thread 0x000002745b8d54f0 Uncommon trap: reason=unstable_if action=reinterpret pc=0x000002746b905c90 method=java.lang.String.getChars(II[CI)V @ 24 c2
Event: 21.842 Thread 0x000002745b8d54f0 DEOPT PACKING pc=0x000002746b905c90 sp=0x000000b52cafcef0
Event: 21.842 Thread 0x000002745b8d54f0 DEOPT UNPACKING pc=0x000002746b2b7da2 sp=0x000000b52cafce88 mode 2
Event: 21.842 Thread 0x000002745b8d54f0 Uncommon trap: trap_request=0xffffff45 fr.pc=0x000002746b8a6138 relative=0x0000000000000218
Event: 21.842 Thread 0x000002745b8d54f0 Uncommon trap: reason=unstable_if action=reinterpret pc=0x000002746b8a6138 method=java.lang.StringUTF16.compress([CII)[B @ 13 c2
Event: 21.842 Thread 0x000002745b8d54f0 DEOPT PACKING pc=0x000002746b8a6138 sp=0x000000b52cafcf00
Event: 21.842 Thread 0x000002745b8d54f0 DEOPT UNPACKING pc=0x000002746b2b7da2 sp=0x000000b52cafcea0 mode 2
Event: 21.842 Thread 0x000002745b8d54f0 Uncommon trap: trap_request=0xffffff45 fr.pc=0x000002746b859074 relative=0x00000000000001d4
Event: 21.842 Thread 0x000002745b8d54f0 Uncommon trap: reason=unstable_if action=reinterpret pc=0x000002746b859074 method=java.lang.StringUTF16.compress([CI[BII)I @ 20 c2
Event: 21.842 Thread 0x000002745b8d54f0 DEOPT PACKING pc=0x000002746b859074 sp=0x000000b52cafce80
Event: 21.842 Thread 0x000002745b8d54f0 DEOPT UNPACKING pc=0x000002746b2b7da2 sp=0x000000b52cafce18 mode 2

Classes loaded (20 events):
Event: 21.295 Loading class java/io/UTFDataFormatException
Event: 21.295 Loading class java/io/UTFDataFormatException done
Event: 21.459 Loading class org/w3c/dom/DOMImplementation
Event: 21.459 Loading class org/w3c/dom/DOMImplementation done
Event: 21.469 Loading class org/w3c/dom/CDATASection
Event: 21.469 Loading class org/w3c/dom/CDATASection done
Event: 21.475 Loading class org/xml/sax/ext/LexicalHandler
Event: 21.475 Loading class org/xml/sax/ext/LexicalHandler done
Event: 21.475 Loading class org/xml/sax/ext/DeclHandler
Event: 21.475 Loading class org/xml/sax/ext/DeclHandler done
Event: 21.491 Loading class java/lang/AbstractMethodError
Event: 21.491 Loading class java/lang/AbstractMethodError done
Event: 21.496 Loading class org/w3c/dom/Comment
Event: 21.496 Loading class org/w3c/dom/Comment done
Event: 21.498 Loading class org/w3c/dom/ProcessingInstruction
Event: 21.498 Loading class org/w3c/dom/ProcessingInstruction done
Event: 21.511 Loading class org/w3c/dom/DocumentFragment
Event: 21.511 Loading class org/w3c/dom/DocumentFragment done
Event: 21.657 Loading class java/util/ConcurrentModificationException
Event: 21.658 Loading class java/util/ConcurrentModificationException done

Classes unloaded (0 events):
No events

Classes redefined (0 events):
No events

Internal exceptions (20 events):
Event: 4.483 Thread 0x000002747e05a870 Exception <a 'java/lang/NoSuchMethodError'{0x0000000089cee7b8}: 'void java.lang.invoke.DirectMethodHandle$Holder.invokeSpecial(java.lang.Object, java.lang.Object, java.lang.Object, java.lang.Object, java.lang.Object)'> (0x0000000089cee7b8) 
thrown [s\open\src\hotspot\share\interpreter\linkResolver.cpp, line 773]
Event: 4.502 Thread 0x000002747e05a1e0 Exception <a 'java/lang/NoSuchMethodError'{0x000000008bbc3570}: 'int java.lang.invoke.DirectMethodHandle$Holder.invokeSpecialIFC(java.lang.Object, java.lang.Object, java.lang.Object, java.lang.Object, java.lang.Object)'> (0x000000008bbc3570) 
thrown [s\open\src\hotspot\share\interpreter\linkResolver.cpp, line 773]
Event: 5.745 Thread 0x000002747e05a1e0 Exception <a 'java/lang/NoSuchMethodError'{0x000000008ba21b80}: 'java.lang.Object java.lang.invoke.DirectMethodHandle$Holder.newInvokeSpecial(java.lang.Object, java.lang.Object, long, java.lang.Object, java.lang.Object, java.lang.Object)'> (0x000000008ba21b80) 
thrown [s\open\src\hotspot\share\interpreter\linkResolver.cpp, line 773]
Event: 5.750 Thread 0x000002747e05a1e0 Exception <a 'java/lang/NoSuchMethodError'{0x000000008ba38410}: 'void java.lang.invoke.DirectMethodHandle$Holder.invokeSpecial(java.lang.Object, java.lang.Object, java.lang.Object, java.lang.Object, java.lang.Object, java.lang.Object, java.lang.Object)'> (0x000000008ba38410) 
thrown [s\open\src\hotspot\share\interpreter\linkResolver.cpp, line 773]
Event: 5.768 Thread 0x000002745b8d54f0 Exception <a 'java/lang/NoSuchMethodError'{0x000000008ba8b600}: 'java.lang.Object java.lang.invoke.DirectMethodHandle$Holder.invokeSpecialIFC(java.lang.Object, java.lang.Object, java.lang.Object)'> (0x000000008ba8b600) 
thrown [s\open\src\hotspot\share\interpreter\linkResolver.cpp, line 773]
Event: 5.922 Thread 0x000002745b8d54f0 Exception <a 'java/lang/ClassNotFoundException'{0x000000008b618570}: sun/util/logging/resources/spi/loggingProvider> (0x000000008b618570) 
thrown [s\open\src\hotspot\share\classfile\systemDictionary.cpp, line 312]
Event: 16.634 Thread 0x000002745b8d54f0 Exception <a 'java/lang/NoSuchMethodError'{0x000000008b39dd00}: 'long java.lang.invoke.DelegatingMethodHandle$Holder.reinvoke_L(java.lang.Object, java.lang.Object)'> (0x000000008b39dd00) 
thrown [s\open\src\hotspot\share\interpreter\linkResolver.cpp, line 773]
Event: 16.635 Thread 0x000002745b8d54f0 Exception <a 'java/lang/NoSuchMethodError'{0x000000008b3a79c8}: 'void java.lang.invoke.DelegatingMethodHandle$Holder.reinvoke_L(java.lang.Object, java.lang.Object, long)'> (0x000000008b3a79c8) 
thrown [s\open\src\hotspot\share\interpreter\linkResolver.cpp, line 773]
Event: 16.636 Thread 0x000002745b8d54f0 Exception <a 'java/lang/NoSuchMethodError'{0x000000008b3ae1a8}: 'long java.lang.invoke.Invokers$Holder.invokeExact_MT(java.lang.Object, java.lang.Object, java.lang.Object)'> (0x000000008b3ae1a8) 
thrown [s\open\src\hotspot\share\interpreter\linkResolver.cpp, line 773]
Event: 20.629 Thread 0x000002745b8d54f0 Implicit null exception at 0x000002746b8e7fde to 0x000002746b8e83f8
Event: 20.636 Thread 0x000002745b8d54f0 Exception <a 'java/lang/IncompatibleClassChangeError'{0x000000008b196620}: Found class java.lang.Object, but interface was expected> (0x000000008b196620) 
thrown [s\open\src\hotspot\share\interpreter\linkResolver.cpp, line 840]
Event: 20.831 Thread 0x000002745b8d54f0 Exception <a 'java/lang/NoSuchMethodError'{0x000000008684c100}: 'void java.lang.invoke.DirectMethodHandle$Holder.invokeVirtual(java.lang.Object, java.lang.Object, java.lang.Object, int)'> (0x000000008684c100) 
thrown [s\open\src\hotspot\share\interpreter\linkResolver.cpp, line 773]
Event: 20.833 Thread 0x000002745b8d54f0 Exception <a 'java/lang/NoSuchMethodError'{0x0000000086853350}: 'void java.lang.invoke.DirectMethodHandle$Holder.invokeVirtual(java.lang.Object, java.lang.Object, java.lang.Object, java.lang.Object)'> (0x0000000086853350) 
thrown [s\open\src\hotspot\share\interpreter\linkResolver.cpp, line 773]
Event: 20.845 Thread 0x000002745b8d54f0 Exception <a 'java/lang/NoSuchMethodError'{0x0000000086882500}: 'void java.lang.invoke.DirectMethodHandle$Holder.invokeStatic(java.lang.Object, java.lang.Object, java.lang.Object, int)'> (0x0000000086882500) 
thrown [s\open\src\hotspot\share\interpreter\linkResolver.cpp, line 773]
Event: 20.845 Thread 0x000002745b8d54f0 Exception <a 'java/lang/NoSuchMethodError'{0x00000000868859d0}: 'void java.lang.invoke.DirectMethodHandle$Holder.invokeStaticInit(java.lang.Object, java.lang.Object, java.lang.Object, int)'> (0x00000000868859d0) 
thrown [s\open\src\hotspot\share\interpreter\linkResolver.cpp, line 773]
Event: 21.018 Thread 0x000002745b8d54f0 Exception <a 'java/lang/NoSuchMethodError'{0x0000000086428e90}: 'java.lang.Object java.lang.invoke.DirectMethodHandle$Holder.invokeStaticInit(java.lang.Object, java.lang.Object, java.lang.Object)'> (0x0000000086428e90) 
thrown [s\open\src\hotspot\share\interpreter\linkResolver.cpp, line 773]
Event: 21.018 Thread 0x000002745b8d54f0 Exception <a 'java/lang/NoSuchMethodError'{0x000000008642e888}: 'java.lang.Object java.lang.invoke.DirectMethodHandle$Holder.invokeStatic(java.lang.Object, java.lang.Object, int, int)'> (0x000000008642e888) 
thrown [s\open\src\hotspot\share\interpreter\linkResolver.cpp, line 773]
Event: 21.018 Thread 0x000002745b8d54f0 Exception <a 'java/lang/NoSuchMethodError'{0x0000000086431f38}: 'java.lang.Object java.lang.invoke.DirectMethodHandle$Holder.invokeStaticInit(java.lang.Object, java.lang.Object, int, int)'> (0x0000000086431f38) 
thrown [s\open\src\hotspot\share\interpreter\linkResolver.cpp, line 773]
Event: 21.213 Thread 0x000002745b8d54f0 Implicit null exception at 0x000002746b894ee6 to 0x000002746b894f8a
Event: 21.297 Thread 0x000002745b8d54f0 Exception <a 'java/lang/NoSuchMethodError'{0x0000000085dd8058}: 'java.lang.Object java.lang.invoke.DirectMethodHandle$Holder.newInvokeSpecial(java.lang.Object, java.lang.Object, int, java.lang.Object)'> (0x0000000085dd8058) 
thrown [s\open\src\hotspot\share\interpreter\linkResolver.cpp, line 773]

ZGC Phase Switch (0 events):
No events

VM Operations (20 events):
Event: 11.785 Executing VM operation: Cleanup done
Event: 16.820 Executing VM operation: Cleanup
Event: 16.820 Executing VM operation: Cleanup done
Event: 18.821 Executing VM operation: Cleanup
Event: 18.821 Executing VM operation: Cleanup done
Event: 20.670 Executing VM operation: CollectForMetadataAllocation (Metadata GC Threshold)
Event: 20.678 Executing VM operation: CollectForMetadataAllocation (Metadata GC Threshold) done
Event: 20.686 Executing VM operation: G1PauseRemark
Event: 20.691 Executing VM operation: G1PauseRemark done
Event: 20.693 Executing VM operation: G1PauseCleanup
Event: 20.696 Executing VM operation: G1PauseCleanup done
Event: 20.745 Executing VM operation: HandshakeAllThreads (Deoptimize)
Event: 20.745 Executing VM operation: HandshakeAllThreads (Deoptimize) done
Event: 21.295 Executing VM operation: HandshakeAllThreads (Deoptimize)
Event: 21.295 Executing VM operation: HandshakeAllThreads (Deoptimize) done
Event: 21.332 Executing VM operation: G1CollectForAllocation (G1 Evacuation Pause)
Event: 21.340 Executing VM operation: G1CollectForAllocation (G1 Evacuation Pause) done
Event: 21.386 Executing VM operation: G1CollectForAllocation (G1 Evacuation Pause)
Event: 21.392 Executing VM operation: G1CollectForAllocation (G1 Evacuation Pause) done
Event: 22.402 Executing VM operation: Cleanup

Events (20 events):
Event: 4.089 Thread 0x000002747d6ff0d0 Thread added: 0x000002747d6ff0d0
Event: 4.291 Thread 0x000002747d8bd160 Thread added: 0x000002747d8bd160
Event: 4.314 Thread 0x000002747d8be7e0 Thread added: 0x000002747d8be7e0
Event: 4.317 Thread 0x000002747dbc1270 Thread added: 0x000002747dbc1270
Event: 4.317 Thread 0x000002747db966c0 Thread added: 0x000002747db966c0
Event: 4.327 Thread 0x000002747e059b50 Thread added: 0x000002747e059b50
Event: 4.416 Thread 0x000002747e05bc20 Thread added: 0x000002747e05bc20
Event: 4.448 Thread 0x000002747e05a870 Thread added: 0x000002747e05a870
Event: 4.451 Thread 0x000002747e0587a0 Thread added: 0x000002747e0587a0
Event: 4.500 Thread 0x000002747e05a1e0 Thread added: 0x000002747e05a1e0
Event: 4.502 Thread 0x000002747e05af00 Thread added: 0x000002747e05af00
Event: 4.502 Thread 0x000002747e05b590 Thread added: 0x000002747e05b590
Event: 5.728 Thread 0x000002747d6ff0d0 Thread exited: 0x000002747d6ff0d0
Event: 5.829 Thread 0x000002747e058e30 Thread added: 0x000002747e058e30
Event: 5.832 Thread 0x000002747e0594c0 Thread added: 0x000002747e0594c0
Event: 5.835 Thread 0x000002747dab0d50 Thread added: 0x000002747dab0d50
Event: 5.836 Thread 0x000002747daad8d0 Thread added: 0x000002747daad8d0
Event: 5.836 Thread 0x000002747dab13e0 Thread added: 0x000002747dab13e0
Event: 14.427 Thread 0x000002747e05bc20 Thread exited: 0x000002747e05bc20
Event: 21.386 Thread 0x0000027478db6090 Thread added: 0x0000027478db6090


Dynamic libraries:
0x00007ff72f010000 - 0x00007ff72f020000 	C:\Program Files\Java\jdk-21\bin\javaw.exe
0x00007ff961200000 - 0x00007ff961466000 	C:\WINDOWS\SYSTEM32\ntdll.dll
0x00007ff95fb30000 - 0x00007ff95fbf9000 	C:\WINDOWS\System32\KERNEL32.DLL
0x00007ff95e700000 - 0x00007ff95eafa000 	C:\WINDOWS\System32\KERNELBASE.dll
0x00007ff95eca0000 - 0x00007ff95edec000 	C:\WINDOWS\System32\ucrtbase.dll
0x00007ff94fca0000 - 0x00007ff94fcb9000 	C:\Program Files\Java\jdk-21\bin\jli.dll
0x00007ff94de90000 - 0x00007ff94deab000 	C:\Program Files\Java\jdk-21\bin\VCRUNTIME140.dll
0x00007ff961040000 - 0x00007ff9610f6000 	C:\WINDOWS\System32\ADVAPI32.dll
0x00007ff95fc90000 - 0x00007ff95fd39000 	C:\WINDOWS\System32\msvcrt.dll
0x00007ff9601c0000 - 0x00007ff96026a000 	C:\WINDOWS\System32\sechost.dll
0x00007ff95ef80000 - 0x00007ff95f098000 	C:\WINDOWS\System32\RPCRT4.dll
0x00007ff95f4f0000 - 0x00007ff95f6b7000 	C:\WINDOWS\System32\USER32.dll
0x00007ff95ebb0000 - 0x00007ff95ebd7000 	C:\WINDOWS\System32\win32u.dll
0x00007ff943eb0000 - 0x00007ff944142000 	C:\WINDOWS\WinSxS\amd64_microsoft.windows.common-controls_6595b64144ccf1df_6.0.26100.8521_none_3e08b75ce33403b3\COMCTL32.dll
0x00007ff960170000 - 0x00007ff96019b000 	C:\WINDOWS\System32\GDI32.dll
0x00007ff95e490000 - 0x00007ff95e5bb000 	C:\WINDOWS\System32\gdi32full.dll
0x00007ff95eb00000 - 0x00007ff95eba3000 	C:\WINDOWS\System32\msvcp_win.dll
0x00007ff94d650000 - 0x00007ff94d65b000 	C:\WINDOWS\SYSTEM32\VERSION.dll
0x00007ff95f6c0000 - 0x00007ff95f6f2000 	C:\WINDOWS\System32\IMM32.DLL
0x00007ff94de80000 - 0x00007ff94de8c000 	C:\Program Files\Java\jdk-21\bin\vcruntime140_1.dll
0x00007ff92bb20000 - 0x00007ff92bbae000 	C:\Program Files\Java\jdk-21\bin\msvcp140.dll
0x00007ff8e5ac0000 - 0x00007ff8e67d7000 	C:\Program Files\Java\jdk-21\bin\server\jvm.dll
0x00007ff95faa0000 - 0x00007ff95fb20000 	C:\WINDOWS\System32\WS2_32.dll
0x00007ff95e2f0000 - 0x00007ff95e34e000 	C:\WINDOWS\SYSTEM32\POWRPROF.dll
0x00007ff956090000 - 0x00007ff9560c6000 	C:\WINDOWS\SYSTEM32\WINMM.dll
0x00007ff95e2d0000 - 0x00007ff95e2e4000 	C:\WINDOWS\SYSTEM32\UMPDC.dll
0x00007ff95d220000 - 0x00007ff95d23b000 	C:\WINDOWS\SYSTEM32\kernel.appcore.dll
0x00007ff94d530000 - 0x00007ff94d53a000 	C:\Program Files\Java\jdk-21\bin\jimage.dll
0x00007ff95ba90000 - 0x00007ff95bcd2000 	C:\WINDOWS\SYSTEM32\DBGHELP.DLL
0x00007ff95f700000 - 0x00007ff95fa83000 	C:\WINDOWS\System32\combase.dll
0x00007ff95ff20000 - 0x00007ff95fff9000 	C:\WINDOWS\System32\OLEAUT32.dll
0x00007ff940190000 - 0x00007ff9401cb000 	C:\WINDOWS\SYSTEM32\dbgcore.DLL
0x00007ff95e5c0000 - 0x00007ff95e668000 	C:\WINDOWS\System32\bcryptPrimitives.dll
0x00007ff943040000 - 0x00007ff94305f000 	C:\Program Files\Java\jdk-21\bin\java.dll
0x00007ff960890000 - 0x00007ff961014000 	C:\WINDOWS\System32\SHELL32.dll
0x00007ff95c040000 - 0x00007ff95c8c0000 	C:\WINDOWS\SYSTEM32\windows.storage.dll
0x00007ff95f290000 - 0x00007ff95f386000 	C:\WINDOWS\System32\SHCORE.dll
0x00007ff960100000 - 0x00007ff960167000 	C:\WINDOWS\System32\shlwapi.dll
0x00007ff95e3b0000 - 0x00007ff95e3d9000 	C:\WINDOWS\SYSTEM32\profapi.dll
0x00007ff90f110000 - 0x00007ff90f1e7000 	C:\Program Files\Java\jdk-21\bin\jsvml.dll
0x00007ff943030000 - 0x00007ff943040000 	C:\Program Files\Java\jdk-21\bin\net.dll
0x00007ff950200000 - 0x00007ff950329000 	C:\WINDOWS\SYSTEM32\WINHTTP.dll
0x00007ff95d790000 - 0x00007ff95d7fc000 	C:\WINDOWS\system32\mswsock.dll
0x00007ff93d0e0000 - 0x00007ff93d0f6000 	C:\Program Files\Java\jdk-21\bin\nio.dll
0x00007ff93cb30000 - 0x00007ff93cb48000 	C:\Program Files\Java\jdk-21\bin\zip.dll
0x00007ff93d690000 - 0x00007ff93d6a0000 	C:\Program Files\Java\jdk-21\bin\verify.dll
0x00007ff95cd00000 - 0x00007ff95ce4a000 	C:\WINDOWS\SYSTEM32\DNSAPI.dll
0x00007ff95d590000 - 0x00007ff95d59d000 	C:\WINDOWS\SYSTEM32\DSPARSE.dll
0x00007ff95cc40000 - 0x00007ff95cc73000 	C:\WINDOWS\SYSTEM32\IPHLPAPI.DLL
0x00007ff95ef70000 - 0x00007ff95ef7a000 	C:\WINDOWS\System32\NSI.dll
0x00007ff94f400000 - 0x00007ff94f40b000 	C:\Windows\System32\rasadhlp.dll
0x00007ff9585d0000 - 0x00007ff958656000 	C:\WINDOWS\System32\fwpuclnt.dll
0x00007ff93c4c0000 - 0x00007ff93c4c9000 	C:\Program Files\Java\jdk-21\bin\extnet.dll
0x00007ff95da70000 - 0x00007ff95da8b000 	C:\WINDOWS\SYSTEM32\CRYPTSP.dll
0x00007ff95d180000 - 0x00007ff95d1b9000 	C:\WINDOWS\system32\rsaenh.dll
0x00007ff95d840000 - 0x00007ff95d873000 	C:\WINDOWS\SYSTEM32\USERENV.dll
0x00007ff95e380000 - 0x00007ff95e3aa000 	C:\WINDOWS\SYSTEM32\bcrypt.dll
0x00007ff95da90000 - 0x00007ff95da9c000 	C:\WINDOWS\SYSTEM32\CRYPTBASE.dll
0x00007ff95a770000 - 0x00007ff95a77a000 	C:\Program Files\Java\jdk-21\bin\management.dll
0x00007ff94dfa0000 - 0x00007ff94dfab000 	C:\Program Files\Java\jdk-21\bin\management_ext.dll
0x00007ff9601a0000 - 0x00007ff9601a8000 	C:\WINDOWS\System32\PSAPI.DLL
0x00007ff93cfe0000 - 0x00007ff93cfee000 	C:\Program Files\Java\jdk-21\bin\sunmscapi.dll
0x00007ff95edf0000 - 0x00007ff95ef68000 	C:\WINDOWS\System32\CRYPT32.dll
0x00007ff95dc90000 - 0x00007ff95dcc0000 	C:\WINDOWS\SYSTEM32\ncrypt.dll
0x00007ff95dc40000 - 0x00007ff95dc7f000 	C:\WINDOWS\SYSTEM32\NTASN1.dll
0x00007ff91cd20000 - 0x00007ff91cd28000 	C:\WINDOWS\system32\wshunix.dll

dbghelp: loaded successfully - version: 4.0.5 - missing functions: none
symbol engine: initialized successfully - sym options: 0x614 - pdb path: .;C:\Program Files\Java\jdk-21\bin;C:\WINDOWS\SYSTEM32;C:\WINDOWS\WinSxS\amd64_microsoft.windows.common-controls_6595b64144ccf1df_6.0.26100.8521_none_3e08b75ce33403b3;C:\Program Files\Java\jdk-21\bin\server

VM Arguments:
jvm_args: -ea -Dfile.encoding=UTF-8 -Dstdout.encoding=UTF-8 -Dstderr.encoding=UTF-8 -XX:+ShowCodeDetailsInExceptionMessages 
java_command: org.testng.remote.RemoteTestNG -serport 50390 -protocol json -d D:\Eclipse-Rajeev\Octopussaas_main_Framework\test-output C:\Users\Rajeev nandi\AppData\Local\Temp\testng-eclipse--131937978\testng-customsuite.xml
java_class_path (initial): C:\Users\Rajeev nandi\eclipse\java-2025-06\eclipse\configuration\org.eclipse.osgi\523\0\.cp\lib\testng-remote.jar;D:\Eclipse-Rajeev\Octopussaas_main_Framework\target\test-classes;D:\Eclipse-Rajeev\Octopussaas_main_Framework\target\classes;C:\Users\Rajeev nandi\.m2\repository\org\seleniumhq\selenium\selenium-java\4.34.0\selenium-java-4.34.0.jar;C:\Users\Rajeev nandi\.m2\repository\org\seleniumhq\selenium\selenium-api\4.34.0\selenium-api-4.34.0.jar;C:\Users\Rajeev nandi\.m2\repository\org\jspecify\jspecify\1.0.0\jspecify-1.0.0.jar;C:\Users\Rajeev nandi\.m2\repository\org\seleniumhq\selenium\selenium-chrome-driver\4.34.0\selenium-chrome-driver-4.34.0.jar;C:\Users\Rajeev nandi\.m2\repository\com\google\auto\service\auto-service-annotations\1.1.1\auto-service-annotations-1.1.1.jar;C:\Users\Rajeev nandi\.m2\repository\org\seleniumhq\selenium\selenium-chromium-driver\4.34.0\selenium-chromium-driver-4.34.0.jar;C:\Users\Rajeev nandi\.m2\repository\org\seleniumhq\selenium\selenium-json\4.34.0\selenium-json-4.34.0.jar;C:\Users\Rajeev nandi\.m2\repository\org\seleniumhq\selenium\selenium-manager\4.34.0\selenium-manager-4.34.0.jar;C:\Users\Rajeev nandi\.m2\repository\org\seleniumhq\selenium\selenium-devtools-v136\4.34.0\selenium-devtools-v136-4.34.0.jar;C:\Users\Rajeev nandi\.m2\repository\org\seleniumhq\selenium\selenium-devtools-v137\4.34.0\selenium-devtools-v137-4.34.0.jar;C:\Users\Rajeev nandi\.m2\repository\org\seleniumhq\selenium\selenium-devtools-v138\4.34.0\selenium-devtools-v138-4.34.0.jar;C:\Users\Rajeev nandi\.m2\repository\org\seleniumhq\selenium\selenium-edge-driver\4.34.0\selenium-edge-driver-4.34.0.jar;C:\Users\Rajeev nandi\.m2\repository\org\seleniumhq\selenium\selenium-firefox-driver\4.34.0\selenium-firefox-driver-4.34.0.jar;C:\Users\Rajeev nandi\.m2\repository\org\seleniumhq\selenium\selenium-http\4.34.0\selenium-http-4.34.0.jar;C:\Users\Rajeev nandi\.m2\repository\org\seleniumhq\selenium\selenium-ie-driver\4.34.0\selenium-ie-driver-4.34.0.jar;C:\Users\Rajeev nandi\.m2\repository\org\seleniumhq\selenium\selenium-remote-driver\4.34.0\selenium-remote-driver-4.34.0.jar;C:\Users\Rajeev nandi\.m2\repository\com\google\guava\guava\33.4.8-jre\guava-33.4.8-jre.jar;C:\Users\Rajeev nandi\.m2\repository\com\google\guava\failureaccess\1.0.3\failureaccess-1.0.3.jar;C:\Users\Rajeev nandi\.m2\repository\com\google\guava\listenablefuture\9999.0-empty-to-avoid-conflict-with-guava\listenablefuture-9999.0-empty-to-avoid-conflict-with-guava.jar;C:\Users\Rajeev nandi\.m2\repository\com\google\errorprone\error_prone_annotations\2.36.0\error_prone_annotations-2.36.0.jar;C:\Users\Rajeev nandi\.m2\repository\com\google\j2objc\j2objc-annotations\3.0.0\j2objc-annotations-3.0.0.jar;C:\Users\Rajeev nandi\.m2\repository\io\opentelemetry\opentelemetry-api\1.51.0\opentelemetry-api-1.51.0.jar;C:\Users\Rajeev nandi\.m2\repository\io\opentelemetry\opentelemetry-context\1.51.0\opentelemetry-context-1.51.0.jar;C:\Users\Rajeev nandi\.m2\repository\io\opentelemetry\opentelemetry-exporter-logging\1.51.0\opentelemetry-exporter-logging-1.51.0.jar;C:\Users\Rajeev nandi\.m2\repository\io\opentelemetry\opentelemetry-sdk-common\1.51.0\opentelemetry-sdk-common-1.51.0.jar;C:\Users\Rajeev nandi\.m2\repository\io\opentelemetry\opentelemetry-sdk-extension-autoconfigure-spi\1.51.0\opentelemetry-sdk-extension-autoconfigure-spi-1.51.0.jar;C:\Users\Rajeev nandi\.m2\repository\io\opentelemetry\opentelemetry-sdk-extension-autoconfigure\1.51.0\opentelemetry-sdk-extension-autoconfigure-1.51.0.jar;C:\Users\Rajeev nandi\.m2\repository\io\opentelemetry\opentelemetry-sdk-trace\1.51.0\opentelemetry-sdk-trace-1.51.0.jar;C:\Users\Rajeev nandi\.m2\repository\io\opentelemetry\opentelemetry-sdk\1.51.0\opentelemetry-sdk-1.51.0.jar;C:\Users\Rajeev nandi\.m2\repository\io\opentelemetry\opentelemetry-sdk-metrics\1.51.0\opentelemetry-sdk-metrics-1.51.0.jar;C:\Users\Rajeev nandi\.m2\repository\io\opentelemetry\opentelemetry-sdk-logs\1.51.0\opentelemetry-sdk-logs-1.51.0.jar;C:\Users\Rajeev nandi\.m2\repository\net\bytebuddy\byte-buddy\1.17.6\byte-buddy-1.17.6.jar;C:\Users\Rajeev nandi\.m2\repository\org\seleniumhq\selenium\selenium-os\4.34.0\selenium-os-4.34.0.jar;C:\Users\Rajeev nandi\.m2\repository\org\apache\commons\commons-exec\1.5.0\commons-exec-1.5.0.jar;C:\Users\Rajeev nandi\.m2\repository\org\seleniumhq\selenium\selenium-safari-driver\4.34.0\selenium-safari-driver-4.34.0.jar;C:\Users\Rajeev nandi\.m2\repository\org\seleniumhq\selenium\selenium-support\4.34.0\selenium-support-4.34.0.jar;C:\Users\Rajeev nandi\.m2\repository\org\apache\poi\poi\5.2.3\poi-5.2.3.jar;C:\Users\Rajeev nandi\.m2\repository\commons-codec\commons-codec\1.15\commons-codec-1.15.jar;C:\Users\Rajeev nandi\.m2\repository\org\apache\commons\commons-collections4\4.4\commons-collections4-4.4.jar;C:\Users\Rajeev nandi\.m2\repository\org\apache\commons\commons-math3\3.6.1\commons-math3-3.6.1.jar;C:\Users\Rajeev nandi\.m2\repository\com\zaxxer\SparseBitSet\1.2\SparseBitSet-1.2.jar;C:\Users\Rajeev nandi\.m2\repository\org\apache\logging\log4j\log4j-api\2.18.0\log4j-api-2.18.0.jar;C:\Users\Rajeev nandi\.m2\repository\org\apache\poi\poi-ooxml\5.2.3\poi-ooxml-5.2.3.jar;C:\Users\Rajeev nandi\.m2\repository\org\apache\poi\poi-ooxml-lite\5.2.3\poi-ooxml-lite-5.2.3.jar;C:\Users\Rajeev nandi\.m2\repository\org\apache\xmlbeans\xmlbeans\5.1.1\xmlbeans-5.1.1.jar;C:\Users\Rajeev nandi\.m2\repository\org\apache\commons\commons-compress\1.21\commons-compress-1.21.jar;C:\Users\Rajeev nandi\.m2\repository\com\github\virtuald\curvesapi\1.07\curvesapi-1.07.jar;C:\Users\Rajeev nandi\.m2\repository\org\testng\testng\7.10.0\testng-7.10.0.jar;C:\Users\Rajeev nandi\.m2\repository\org\slf4j\slf4j-api\1.7.36\slf4j-api-1.7.36.jar;C:\Users\Rajeev nandi\.m2\repository\com\beust\jcommander\1.82\jcommander-1.82.jar;C:\Users\Rajeev nandi\.m2\repository\org\webjars\jquery\3.7.1\jquery-3.7.1.jar;C:\Users\Rajeev nandi\.m2\repository\org\projectlombok\lombok\1.18.30\lombok-1.18.30.jar;C:\Users\Rajeev nandi\.m2\repository\com\googlecode\json-simple\json-simple\1.1\json-simple-1.1.jar;C:\Users\Rajeev nandi\.m2\repository\com\mysql\mysql-connector-j\9.1.0\mysql-connector-j-9.1.0.jar;C:\Users\Rajeev nandi\.m2\repository\com\google\protobuf\protobuf-java\4.26.1\protobuf-java-4.26.1.jar;C:\Users\Rajeev nandi\.m2\repository\commons-io\commons-io\2.13.0\commons-io-2.13.0.jar;C:\Users\Rajeev nandi\.m2\repository\com\aventstack\extentreports\5.0.9\extentreports-5.0.9.jar;C:\Users\Rajeev nandi\.m2\repository\io\reactivex\rxjava3\rxjava\3.0.4\rxjava-3.0.4.jar;C:\Users\Rajeev nandi\.m2\repository\org\reactivestreams\reactive-streams\1.0.3\reactive-streams-1.0.3.jar;C:\Users\Rajeev nandi\.m2\repository\org\freemarker\freemarker\2.3.30\freemarker-2.3.30.jar;C:\Users\Rajeev nandi\.m2\repository\com\google\code\gson\gson\2.8.6\gson-2.8.6.jar
Launcher Type: SUN_STANDARD

[Global flags]
     intx CICompilerCount                          = 4                                         {product} {ergonomic}
     uint ConcGCThreads                            = 2                                         {product} {ergonomic}
     uint G1ConcRefinementThreads                  = 8                                         {product} {ergonomic}
   size_t G1HeapRegionSize                         = 1048576                                   {product} {ergonomic}
    uintx GCDrainStackTargetSize                   = 64                                        {product} {ergonomic}
   size_t InitialHeapSize                          = 130023424                                 {product} {ergonomic}
   size_t MarkStackSize                            = 4194304                                   {product} {ergonomic}
   size_t MaxHeapSize                              = 2080374784                                {product} {ergonomic}
   size_t MaxNewSize                               = 1247805440                                {product} {ergonomic}
   size_t MinHeapDeltaBytes                        = 1048576                                   {product} {ergonomic}
   size_t MinHeapSize                              = 8388608                                   {product} {ergonomic}
    uintx NonNMethodCodeHeapSize                   = 5839372                                {pd product} {ergonomic}
    uintx NonProfiledCodeHeapSize                  = 122909434                              {pd product} {ergonomic}
    uintx ProfiledCodeHeapSize                     = 122909434                              {pd product} {ergonomic}
    uintx ReservedCodeCacheSize                    = 251658240                              {pd product} {ergonomic}
     bool SegmentedCodeCache                       = true                                      {product} {ergonomic}
     bool ShowCodeDetailsInExceptionMessages       = true                                   {manageable} {command line}
   size_t SoftMaxHeapSize                          = 2080374784                             {manageable} {ergonomic}
     bool UseCompressedOops                        = true                           {product lp64_product} {ergonomic}
     bool UseG1GC                                  = true                                      {product} {ergonomic}
     bool UseLargePagesIndividualAllocation        = false                                  {pd product} {ergonomic}

Logging:
Log output configuration:
 #0: stdout all=warning uptime,level,tags foldmultilines=false
 #1: stderr all=off uptime,level,tags foldmultilines=false

Environment Variables:
JAVA_HOME=C:\Program Files\Java\jdk-17
PATH=C:\Python314\Scripts\;C:\Python314\;C:\app\Rajeevnandi2\product\11.2.0\dbhome_1\bin;C:\app\Rajeevnandi\product\11.2.0\dbhome_2\bin;C:\app\Rajeevnandi\product\11.2.0\dbhome_1\bin;C:\Program Files\Common Files\Oracle\Java\javapath;C:\WINDOWS\system32;C:\WINDOWS;C:\WINDOWS\System32\Wbem;C:\WINDOWS\System32\WindowsPowerShell\v1.0\;C:\WINDOWS\System32\OpenSSH\;C:\Program Files\dotnet\;C:\Program Files\Java\jdk-21\bin;C:\Program Files\Java\jdk-17\bin;D:\automation software\apache-maven-3.9.11-bin\apache-maven-3.9.11\bin;C:\Program Files\Git\cmd;C:\ProgramData\chocolatey\bin;C:\Program Files\nodejs\;C:\Program Files\MySQL\MySQL Shell 8.0\bin\;C:\Users\Rajeev nandi\AppData\Local\Microsoft\WindowsApps;C:\Program Files\JetBrains\PyCharm 2023.2\bin;;C:\Users\Rajeev nandi\AppData\Local\Programs\Microsoft VS Code\bin;D:\automation software\apache-maven-3.9.11-bin\apache-maven-3.9.11\bin;C:\Users\Rajeev nandi\AppData\Roaming\npm;C:\Users\Rajeev nandi\AppData\Local\GitHubDesktop\bin;
USERNAME=Rajeev nandi
OS=Windows_NT
PROCESSOR_IDENTIFIER=Intel64 Family 6 Model 140 Stepping 1, GenuineIntel
TMP=C:\Users\Rajeev nandi\AppData\Local\Temp
TEMP=C:\Users\Rajeev nandi\AppData\Local\Temp




Periodic native trim disabled

---------------  S Y S T E M  ---------------

OS:
 Windows 11 , 64 bit Build 26100 (10.0.26100.8521)
OS uptime: 6 days 23:09 hours
Hyper-V role detected

CPU: total 8 (initial active 8) (4 cores per cpu, 2 threads per core) family 6 model 140 stepping 1 microcode 0xbe, cx8, cmov, fxsr, ht, mmx, 3dnowpref, sse, sse2, sse3, ssse3, sse4.1, sse4.2, popcnt, lzcnt, tsc, tscinvbit, avx, avx2, aes, erms, clmul, bmi1, bmi2, adx, avx512f, avx512dq, avx512cd, avx512bw, avx512vl, sha, fma, vzeroupper, avx512_vpopcntdq, avx512_vpclmulqdq, avx512_vaes, avx512_vnni, clflush, clflushopt, clwb, avx512_vbmi2, avx512_vbmi, hv, rdtscp, rdpid, fsrm, gfni, avx512_bitalg, f16c, cet_ibt, cet_ss, avx512_ifma
Processor Information for all 8 processors :
  Max Mhz: 2419, Current Mhz: 2419, Mhz Limit: 2419

Memory: 4k page, system-wide physical 7934M (470M free)
TotalPageFile size 32510M (AvailPageFile size 15M)
current process WorkingSet (physical memory assigned to process): 144M, peak: 151M
current process commit charge ("private bytes"): 198M, peak: 249M

vm_info: Java HotSpot(TM) 64-Bit Server VM (21.0.2+13-LTS-58) for windows-amd64 JRE (21.0.2+13-LTS-58), built on 2024-01-05T18:32:24Z by "mach5one" with MS VC++ 17.1 (VS2022)

END.
