#
# There is insufficient memory for the Java Runtime Environment to continue.
# Native memory allocation (malloc) failed to allocate 2310896 bytes for Chunk::new
# Possible reasons:
#   The system is out of physical RAM or swap space
#   The process is running with CompressedOops enabled, and the Java Heap may be blocking the growth of the native heap
# Possible solutions:
#   Reduce memory load on the system
#   Increase physical memory or swap space
#   Check if swap backing store is full
#   Decrease Java heap size (-Xmx/-Xms)
#   Decrease number of Java threads
#   Decrease Java thread stack sizes (-Xss)
#   Set larger code cache with -XX:ReservedCodeCacheSize=
#   JVM is running with Unscaled Compressed Oops mode in which the Java heap is
#     placed in the first 4GB address space. The Java Heap base address is the
#     maximum limit for the native heap growth. Please use -XX:HeapBaseMinAddress
#     to set the Java Heap base and to place the Java Heap above 4GB virtual address.
# This output file may be truncated or incomplete.
#
#  Out of Memory Error (./open/src/hotspot/share/memory/arena.cpp:197), pid=5788, tid=6988
#
# JRE version: Java(TM) SE Runtime Environment 18.9 (11.0.21+9) (build 11.0.21+9-LTS-193)
# Java VM: Java HotSpot(TM) 64-Bit Server VM 18.9 (11.0.21+9-LTS-193, mixed mode, tiered, compressed oops, g1 gc, windows-amd64)
# No core dump will be written. Minidumps are not enabled by default on client versions of Windows
#

---------------  S U M M A R Y ------------

Command Line: -ea -Dfile.encoding=UTF-8 -Dstdout.encoding=UTF-8 -Dstderr.encoding=UTF-8 org.testng.remote.RemoteTestNG -serport 54294 -protocol json -d D:\Eclipse-Rajeev\Octopussaas_main_Framework\test-output C:\Users\Rajeev nandi\AppData\Local\Temp\testng-eclipse-1156901572\testng-customsuite.xml

Host: 11th Gen Intel(R) Core(TM) i5-1135G7 @ 2.40GHz, 8 cores, 7G,  Windows 11 , 64 bit Build 26100 (10.0.26100.8521)
Time: Fri Jun  5 10:50:28 2026 India Standard Time elapsed time: 22.887785 seconds (0d 0h 0m 22s)

---------------  T H R E A D  ---------------

Current thread (0x000001707fc21000):  JavaThread "C2 CompilerThread0" daemon [_thread_in_native, id=6988, stack(0x0000000101200000,0x0000000101300000)]


Current CompileTask:
C2:  22887 3084   !   4       jdk.internal.loader.BuiltinClassLoader::loadClassOrNull (143 bytes)

Stack: [0x0000000101200000,0x0000000101300000]
Native frames: (J=compiled Java code, j=interpreted, Vv=VM code, C=native code)
V  [jvm.dll+0x66058a]
V  [jvm.dll+0x7a362f]
V  [jvm.dll+0x7a4cf9]
V  [jvm.dll+0x7a5393]
V  [jvm.dll+0x258f55]
V  [jvm.dll+0xb2a0c]
V  [jvm.dll+0xb2fcc]
V  [jvm.dll+0x367771]
V  [jvm.dll+0x1a2b74]
V  [jvm.dll+0x211d8d]
V  [jvm.dll+0x210c08]
V  [jvm.dll+0x18cdb1]
V  [jvm.dll+0x220e99]
V  [jvm.dll+0x21f1bc]
V  [jvm.dll+0x7673c1]
V  [jvm.dll+0x75fc44]
V  [jvm.dll+0x65f435]
C  [ucrtbase.dll+0x2cd30]
C  [KERNEL32.DLL+0x2e957]
C  [ntdll.dll+0x87c1c]


---------------  P R O C E S S  ---------------

Threads class SMR info:
_java_thread_list=0x00000170486eeb90, length=34, elements={
0x000001706727b800, 0x000001707f2ae800, 0x000001707f2b7000, 0x000001707fc18800,
0x000001707fc19800, 0x000001707fc1a800, 0x000001707fc21000, 0x000001707fc4a000,
0x000001707fc5e000, 0x000001707fdd8000, 0x0000017046479000, 0x0000017046bb9800,
0x0000017046a5c000, 0x0000017046718000, 0x0000017046719000, 0x00000170467d1800,
0x00000170467d2000, 0x00000170467d3000, 0x00000170473a0000, 0x00000170473a1000,
0x00000170473a1800, 0x000001704739f000, 0x00000170473a5000, 0x00000170473a4000,
0x00000170473a5800, 0x00000170473a3000, 0x0000017047038800, 0x0000017047037000,
0x0000017047037800, 0x0000017047036000, 0x000001704703a000, 0x000001704703b000,
0x000001704703c000, 0x000001704870f800
}

Java Threads: ( => current thread )
  0x000001706727b800 JavaThread "main" [_thread_in_Java, id=34764, stack(0x0000000100600000,0x0000000100700000)]
  0x000001707f2ae800 JavaThread "Reference Handler" daemon [_thread_blocked, id=22924, stack(0x0000000100d00000,0x0000000100e00000)]
  0x000001707f2b7000 JavaThread "Finalizer" daemon [_thread_blocked, id=31564, stack(0x0000000100e00000,0x0000000100f00000)]
  0x000001707fc18800 JavaThread "Signal Dispatcher" daemon [_thread_blocked, id=7084, stack(0x0000000100f00000,0x0000000101000000)]
  0x000001707fc19800 JavaThread "Attach Listener" daemon [_thread_blocked, id=4644, stack(0x0000000101000000,0x0000000101100000)]
  0x000001707fc1a800 JavaThread "Service Thread" daemon [_thread_blocked, id=816, stack(0x0000000101100000,0x0000000101200000)]
=>0x000001707fc21000 JavaThread "C2 CompilerThread0" daemon [_thread_in_native, id=6988, stack(0x0000000101200000,0x0000000101300000)]
  0x000001707fc4a000 JavaThread "C1 CompilerThread0" daemon [_thread_in_native, id=17056, stack(0x0000000101300000,0x0000000101400000)]
  0x000001707fc5e000 JavaThread "Sweeper thread" daemon [_thread_blocked, id=14428, stack(0x0000000101400000,0x0000000101500000)]
  0x000001707fdd8000 JavaThread "Common-Cleaner" daemon [_thread_blocked, id=20952, stack(0x0000000101600000,0x0000000101700000)]
  0x0000017046479000 JavaThread "ReaderThread" [_thread_in_native, id=8888, stack(0x0000000101900000,0x0000000101a00000)]
  0x0000017046bb9800 JavaThread "ForkJoinPool.commonPool-worker-3" daemon [_thread_blocked, id=34392, stack(0x0000000101d00000,0x0000000101e00000)]
  0x0000017046a5c000 JavaThread "ForkJoinPool.commonPool-worker-5" daemon [_thread_blocked, id=15236, stack(0x0000000101e00000,0x0000000101f00000)]
  0x0000017046718000 JavaThread "ForkJoinPool.commonPool-worker-7" daemon [_thread_blocked, id=34568, stack(0x0000000101f00000,0x0000000102000000)]
  0x0000017046719000 JavaThread "ForkJoinPool.commonPool-worker-9" daemon [_thread_blocked, id=34784, stack(0x0000000102000000,0x0000000102100000)]
  0x00000170467d1800 JavaThread "ForkJoinPool.commonPool-worker-11" daemon [_thread_blocked, id=9652, stack(0x0000000102100000,0x0000000102200000)]
  0x00000170467d2000 JavaThread "ForkJoinPool.commonPool-worker-13" daemon [_thread_blocked, id=13924, stack(0x0000000102200000,0x0000000102300000)]
  0x00000170467d3000 JavaThread "ForkJoinPool.commonPool-worker-15" daemon [_thread_blocked, id=32064, stack(0x0000000102300000,0x0000000102400000)]
  0x00000170473a0000 JavaThread "HttpClient-1-SelectorManager" daemon [_thread_in_native, id=19344, stack(0x0000000102500000,0x0000000102600000)]
  0x00000170473a1000 JavaThread "External Process Output Forwarder - C:\Users\Rajeev nandi\.cache\selenium\chromedriver\win64\148.0.7778.178\chromedriver.exe" daemon [_thread_in_native, id=18448, stack(0x0000000102600000,0x0000000102700000)]
  0x00000170473a1800 JavaThread "Driver Service Executor" daemon [_thread_blocked, id=11604, stack(0x0000000102700000,0x0000000102800000)]
  0x000001704739f000 JavaThread "Driver Service Executor" daemon [_thread_in_native, id=14716, stack(0x0000000102800000,0x0000000102900000)]
  0x00000170473a5000 JavaThread "UrlChecker-2" daemon [_thread_blocked, id=9220, stack(0x0000000102900000,0x0000000102a00000)]
  0x00000170473a4000 JavaThread "JdkHttpClient-0-0" daemon [_thread_blocked, id=1576, stack(0x0000000102b00000,0x0000000102c00000)]
  0x00000170473a5800 JavaThread "CompletableFutureDelayScheduler" daemon [_thread_blocked, id=808, stack(0x0000000102c00000,0x0000000102d00000)]
  0x00000170473a3000 JavaThread "JdkHttpClient-0-1" daemon [_thread_blocked, id=15220, stack(0x0000000102d00000,0x0000000102e00000)]
  0x0000017047038800 JavaThread "JdkHttpClient-0-2" daemon [_thread_blocked, id=34132, stack(0x0000000102e00000,0x0000000102f00000)]
  0x0000017047037000 JavaThread "JdkHttpClient-0-3" daemon [_thread_blocked, id=23096, stack(0x0000000102f00000,0x0000000103000000)]
  0x0000017047037800 JavaThread "HttpClient-2-SelectorManager" daemon [_thread_in_native, id=1756, stack(0x0000000102400000,0x0000000102500000)]
  0x0000017047036000 JavaThread "JdkHttpClient-1-0" daemon [_thread_blocked, id=20396, stack(0x0000000103000000,0x0000000103100000)]
  0x000001704703a000 JavaThread "JdkHttpClient-1-1" daemon [_thread_blocked, id=34684, stack(0x0000000103100000,0x0000000103200000)]
  0x000001704703b000 JavaThread "JdkHttpClient-1-2" daemon [_thread_blocked, id=7032, stack(0x0000000103200000,0x0000000103300000)]
  0x000001704703c000 JavaThread "JdkHttpClient-1-3" daemon [_thread_blocked, id=19752, stack(0x0000000103300000,0x0000000103400000)]
  0x000001704870f800 JavaThread "C2 CompilerThread1" daemon [_thread_in_native, id=14396, stack(0x0000000102a00000,0x0000000102b00000)]

Other Threads:
  0x000001707f2aa800 VMThread "VM Thread" [stack: 0x0000000100c00000,0x0000000100d00000] [id=16136]
  0x000001707fdc7000 WatcherThread [stack: 0x0000000101500000,0x0000000101600000] [id=9240]
  0x0000017067290000 GCTaskThread "GC Thread#0" [stack: 0x0000000100700000,0x0000000100800000] [id=18948]
  0x000001704687a800 GCTaskThread "GC Thread#1" [stack: 0x0000000101a00000,0x0000000101b00000] [id=32652]
  0x000001704687b000 GCTaskThread "GC Thread#2" [stack: 0x0000000101b00000,0x0000000101c00000] [id=13004]
  0x00000170466d9800 GCTaskThread "GC Thread#3" [stack: 0x0000000101c00000,0x0000000101d00000] [id=34652]
  0x00000170672c5800 ConcurrentGCThread "G1 Main Marker" [stack: 0x0000000100800000,0x0000000100900000] [id=32668]
  0x00000170672cc000 ConcurrentGCThread "G1 Conc#0" [stack: 0x0000000100900000,0x0000000100a00000] [id=2828]
  0x0000017046a0e800 ConcurrentGCThread "G1 Conc#1" [stack: 0x0000000101700000,0x0000000101800000] [id=9148]
  0x00000170672c3000 ConcurrentGCThread "G1 Refine#0" [stack: 0x0000000100a00000,0x0000000100b00000] [id=31568]
  0x000001707f0e4800 ConcurrentGCThread "G1 Young RemSet Sampling" [stack: 0x0000000100b00000,0x0000000100c00000] [id=26824]

Threads with active compile tasks:
C2 CompilerThread0    23922 3084   !   4       jdk.internal.loader.BuiltinClassLoader::loadClassOrNull (143 bytes)
C1 CompilerThread0    23922 3616       3       org.apache.xmlbeans.impl.store.Cur::skip (108 bytes)
C2 CompilerThread1    23922 3562       4       org.apache.xmlbeans.impl.store.Cur::moveTo (274 bytes)

VM state:not at safepoint (normal execution)

VM Mutex/Monitor currently owned by a thread: None

Heap address: 0x0000000084000000, size: 1984 MB, Compressed Oops mode: 32-bit
Narrow klass base: 0x0000017005e00000, Narrow klass shift: 0
Compressed class space size: 1073741824 Address: 0x0000017005e00000

Heap:
 garbage-first heap   total 126976K, used 40770K [0x0000000084000000, 0x0000000100000000)
  region size 1024K, 28 young (28672K), 2 survivors (2048K)
 Metaspace       used 36717K, capacity 38208K, committed 38272K, reserved 1083392K
  class space    used 4295K, capacity 4933K, committed 4992K, reserved 1048576K
Heap Regions: E=young(eden), S=young(survivor), O=old, HS=humongous(starts), HC=humongous(continues), CS=collection set, F=free, A=archive, TAMS=top-at-mark-start (previous, next)
|   0|0x0000000084000000, 0x0000000084100000, 0x0000000084100000|100%|HS|  |TAMS 0x0000000084100000, 0x0000000084000000| Complete 
|   1|0x0000000084100000, 0x0000000084200000, 0x0000000084200000|100%| O|  |TAMS 0x0000000084200000, 0x0000000084100000| Untracked 
|   2|0x0000000084200000, 0x0000000084300000, 0x0000000084300000|100%| O|  |TAMS 0x0000000084300000, 0x0000000084200000| Untracked 
|   3|0x0000000084300000, 0x0000000084400000, 0x0000000084400000|100%| O|  |TAMS 0x0000000084400000, 0x0000000084300000| Untracked 
|   4|0x0000000084400000, 0x0000000084500000, 0x0000000084500000|100%| O|  |TAMS 0x0000000084500000, 0x0000000084400000| Untracked 
|   5|0x0000000084500000, 0x0000000084600000, 0x0000000084600000|100%| O|  |TAMS 0x0000000084600000, 0x0000000084500000| Untracked 
|   6|0x0000000084600000, 0x0000000084700000, 0x0000000084700000|100%| O|  |TAMS 0x0000000084700000, 0x0000000084600000| Untracked 
|   7|0x0000000084700000, 0x0000000084800000, 0x0000000084800000|100%| O|  |TAMS 0x0000000084800000, 0x0000000084700000| Untracked 
|   8|0x0000000084800000, 0x0000000084900000, 0x0000000084900000|100%| O|  |TAMS 0x0000000084900000, 0x0000000084800000| Untracked 
|   9|0x0000000084900000, 0x0000000084a00000, 0x0000000084a00000|100%| O|  |TAMS 0x0000000084a00000, 0x0000000084900000| Untracked 
|  10|0x0000000084a00000, 0x0000000084b00000, 0x0000000084b00000|100%| O|  |TAMS 0x0000000084b00000, 0x0000000084a00000| Untracked 
|  11|0x0000000084b00000, 0x0000000084c00000, 0x0000000084c00000|100%| O|  |TAMS 0x0000000084c00000, 0x0000000084b00000| Untracked 
|  12|0x0000000084c00000, 0x0000000084cd0800, 0x0000000084d00000| 81%| O|  |TAMS 0x0000000084cd0800, 0x0000000084c00000| Untracked 
|  13|0x0000000084d00000, 0x0000000084d00000, 0x0000000084e00000|  0%| F|  |TAMS 0x0000000084d00000, 0x0000000084d00000| Untracked 
|  14|0x0000000084e00000, 0x0000000084e00000, 0x0000000084f00000|  0%| F|  |TAMS 0x0000000084e00000, 0x0000000084e00000| Untracked 
|  15|0x0000000084f00000, 0x0000000084f00000, 0x0000000085000000|  0%| F|  |TAMS 0x0000000084f00000, 0x0000000084f00000| Untracked 
|  16|0x0000000085000000, 0x0000000085000000, 0x0000000085100000|  0%| F|  |TAMS 0x0000000085000000, 0x0000000085000000| Untracked 
|  17|0x0000000085100000, 0x0000000085100000, 0x0000000085200000|  0%| F|  |TAMS 0x0000000085100000, 0x0000000085100000| Untracked 
|  18|0x0000000085200000, 0x0000000085200000, 0x0000000085300000|  0%| F|  |TAMS 0x0000000085200000, 0x0000000085200000| Untracked 
|  19|0x0000000085300000, 0x0000000085300000, 0x0000000085400000|  0%| F|  |TAMS 0x0000000085300000, 0x0000000085300000| Untracked 
|  20|0x0000000085400000, 0x0000000085400000, 0x0000000085500000|  0%| F|  |TAMS 0x0000000085400000, 0x0000000085400000| Untracked 
|  21|0x0000000085500000, 0x0000000085500000, 0x0000000085600000|  0%| F|  |TAMS 0x0000000085500000, 0x0000000085500000| Untracked 
|  22|0x0000000085600000, 0x0000000085600000, 0x0000000085700000|  0%| F|  |TAMS 0x0000000085600000, 0x0000000085600000| Untracked 
|  23|0x0000000085700000, 0x0000000085700000, 0x0000000085800000|  0%| F|  |TAMS 0x0000000085700000, 0x0000000085700000| Untracked 
|  24|0x0000000085800000, 0x0000000085800000, 0x0000000085900000|  0%| F|  |TAMS 0x0000000085800000, 0x0000000085800000| Untracked 
|  25|0x0000000085900000, 0x0000000085900000, 0x0000000085a00000|  0%| F|  |TAMS 0x0000000085900000, 0x0000000085900000| Untracked 
|  26|0x0000000085a00000, 0x0000000085a00000, 0x0000000085b00000|  0%| F|  |TAMS 0x0000000085a00000, 0x0000000085a00000| Untracked 
|  27|0x0000000085b00000, 0x0000000085b00000, 0x0000000085c00000|  0%| F|  |TAMS 0x0000000085b00000, 0x0000000085b00000| Untracked 
|  28|0x0000000085c00000, 0x0000000085c00000, 0x0000000085d00000|  0%| F|  |TAMS 0x0000000085c00000, 0x0000000085c00000| Untracked 
|  29|0x0000000085d00000, 0x0000000085d00000, 0x0000000085e00000|  0%| F|  |TAMS 0x0000000085d00000, 0x0000000085d00000| Untracked 
|  30|0x0000000085e00000, 0x0000000085e00000, 0x0000000085f00000|  0%| F|  |TAMS 0x0000000085e00000, 0x0000000085e00000| Untracked 
|  31|0x0000000085f00000, 0x0000000085f00000, 0x0000000086000000|  0%| F|  |TAMS 0x0000000085f00000, 0x0000000085f00000| Untracked 
|  32|0x0000000086000000, 0x0000000086000000, 0x0000000086100000|  0%| F|  |TAMS 0x0000000086000000, 0x0000000086000000| Untracked 
|  33|0x0000000086100000, 0x0000000086100000, 0x0000000086200000|  0%| F|  |TAMS 0x0000000086100000, 0x0000000086100000| Untracked 
|  34|0x0000000086200000, 0x0000000086200000, 0x0000000086300000|  0%| F|  |TAMS 0x0000000086200000, 0x0000000086200000| Untracked 
|  35|0x0000000086300000, 0x0000000086300000, 0x0000000086400000|  0%| F|  |TAMS 0x0000000086300000, 0x0000000086300000| Untracked 
|  36|0x0000000086400000, 0x0000000086400000, 0x0000000086500000|  0%| F|  |TAMS 0x0000000086400000, 0x0000000086400000| Untracked 
|  37|0x0000000086500000, 0x0000000086500000, 0x0000000086600000|  0%| F|  |TAMS 0x0000000086500000, 0x0000000086500000| Untracked 
|  38|0x0000000086600000, 0x0000000086600000, 0x0000000086700000|  0%| F|  |TAMS 0x0000000086600000, 0x0000000086600000| Untracked 
|  39|0x0000000086700000, 0x0000000086700000, 0x0000000086800000|  0%| F|  |TAMS 0x0000000086700000, 0x0000000086700000| Untracked 
|  40|0x0000000086800000, 0x0000000086800000, 0x0000000086900000|  0%| F|  |TAMS 0x0000000086800000, 0x0000000086800000| Untracked 
|  41|0x0000000086900000, 0x0000000086900000, 0x0000000086a00000|  0%| F|  |TAMS 0x0000000086900000, 0x0000000086900000| Untracked 
|  42|0x0000000086a00000, 0x0000000086a00000, 0x0000000086b00000|  0%| F|  |TAMS 0x0000000086a00000, 0x0000000086a00000| Untracked 
|  43|0x0000000086b00000, 0x0000000086b00000, 0x0000000086c00000|  0%| F|  |TAMS 0x0000000086b00000, 0x0000000086b00000| Untracked 
|  44|0x0000000086c00000, 0x0000000086c00000, 0x0000000086d00000|  0%| F|  |TAMS 0x0000000086c00000, 0x0000000086c00000| Untracked 
|  45|0x0000000086d00000, 0x0000000086d00000, 0x0000000086e00000|  0%| F|  |TAMS 0x0000000086d00000, 0x0000000086d00000| Untracked 
|  46|0x0000000086e00000, 0x0000000086e00000, 0x0000000086f00000|  0%| F|  |TAMS 0x0000000086e00000, 0x0000000086e00000| Untracked 
|  47|0x0000000086f00000, 0x0000000086f00000, 0x0000000087000000|  0%| F|  |TAMS 0x0000000086f00000, 0x0000000086f00000| Untracked 
|  48|0x0000000087000000, 0x0000000087000000, 0x0000000087100000|  0%| F|  |TAMS 0x0000000087000000, 0x0000000087000000| Untracked 
|  49|0x0000000087100000, 0x0000000087100000, 0x0000000087200000|  0%| F|  |TAMS 0x0000000087100000, 0x0000000087100000| Untracked 
|  50|0x0000000087200000, 0x0000000087200000, 0x0000000087300000|  0%| F|  |TAMS 0x0000000087200000, 0x0000000087200000| Untracked 
|  51|0x0000000087300000, 0x0000000087300000, 0x0000000087400000|  0%| F|  |TAMS 0x0000000087300000, 0x0000000087300000| Untracked 
|  52|0x0000000087400000, 0x0000000087400000, 0x0000000087500000|  0%| F|  |TAMS 0x0000000087400000, 0x0000000087400000| Untracked 
|  53|0x0000000087500000, 0x0000000087500000, 0x0000000087600000|  0%| F|  |TAMS 0x0000000087500000, 0x0000000087500000| Untracked 
|  54|0x0000000087600000, 0x0000000087600000, 0x0000000087700000|  0%| F|  |TAMS 0x0000000087600000, 0x0000000087600000| Untracked 
|  55|0x0000000087700000, 0x0000000087700000, 0x0000000087800000|  0%| F|  |TAMS 0x0000000087700000, 0x0000000087700000| Untracked 
|  56|0x0000000087800000, 0x0000000087800000, 0x0000000087900000|  0%| F|  |TAMS 0x0000000087800000, 0x0000000087800000| Untracked 
|  57|0x0000000087900000, 0x0000000087900000, 0x0000000087a00000|  0%| F|  |TAMS 0x0000000087900000, 0x0000000087900000| Untracked 
|  58|0x0000000087a00000, 0x0000000087a00000, 0x0000000087b00000|  0%| F|  |TAMS 0x0000000087a00000, 0x0000000087a00000| Untracked 
|  59|0x0000000087b00000, 0x0000000087b00000, 0x0000000087c00000|  0%| F|  |TAMS 0x0000000087b00000, 0x0000000087b00000| Untracked 
|  60|0x0000000087c00000, 0x0000000087c00000, 0x0000000087d00000|  0%| F|  |TAMS 0x0000000087c00000, 0x0000000087c00000| Untracked 
|  61|0x0000000087d00000, 0x0000000087d00000, 0x0000000087e00000|  0%| F|  |TAMS 0x0000000087d00000, 0x0000000087d00000| Untracked 
|  62|0x0000000087e00000, 0x0000000087e00000, 0x0000000087f00000|  0%| F|  |TAMS 0x0000000087e00000, 0x0000000087e00000| Untracked 
|  63|0x0000000087f00000, 0x0000000087f00000, 0x0000000088000000|  0%| F|  |TAMS 0x0000000087f00000, 0x0000000087f00000| Untracked 
|  64|0x0000000088000000, 0x0000000088000000, 0x0000000088100000|  0%| F|  |TAMS 0x0000000088000000, 0x0000000088000000| Untracked 
|  65|0x0000000088100000, 0x0000000088100000, 0x0000000088200000|  0%| F|  |TAMS 0x0000000088100000, 0x0000000088100000| Untracked 
|  66|0x0000000088200000, 0x0000000088200000, 0x0000000088300000|  0%| F|  |TAMS 0x0000000088200000, 0x0000000088200000| Untracked 
|  67|0x0000000088300000, 0x0000000088300000, 0x0000000088400000|  0%| F|  |TAMS 0x0000000088300000, 0x0000000088300000| Untracked 
|  68|0x0000000088400000, 0x0000000088400000, 0x0000000088500000|  0%| F|  |TAMS 0x0000000088400000, 0x0000000088400000| Untracked 
|  69|0x0000000088500000, 0x0000000088500000, 0x0000000088600000|  0%| F|  |TAMS 0x0000000088500000, 0x0000000088500000| Untracked 
|  70|0x0000000088600000, 0x0000000088600000, 0x0000000088700000|  0%| F|  |TAMS 0x0000000088600000, 0x0000000088600000| Untracked 
|  71|0x0000000088700000, 0x0000000088700000, 0x0000000088800000|  0%| F|  |TAMS 0x0000000088700000, 0x0000000088700000| Untracked 
|  72|0x0000000088800000, 0x0000000088800000, 0x0000000088900000|  0%| F|  |TAMS 0x0000000088800000, 0x0000000088800000| Untracked 
|  73|0x0000000088900000, 0x0000000088900000, 0x0000000088a00000|  0%| F|  |TAMS 0x0000000088900000, 0x0000000088900000| Untracked 
|  74|0x0000000088a00000, 0x0000000088a00000, 0x0000000088b00000|  0%| F|  |TAMS 0x0000000088a00000, 0x0000000088a00000| Untracked 
|  75|0x0000000088b00000, 0x0000000088b00000, 0x0000000088c00000|  0%| F|  |TAMS 0x0000000088b00000, 0x0000000088b00000| Untracked 
|  76|0x0000000088c00000, 0x0000000088c00000, 0x0000000088d00000|  0%| F|  |TAMS 0x0000000088c00000, 0x0000000088c00000| Untracked 
|  77|0x0000000088d00000, 0x0000000088d00000, 0x0000000088e00000|  0%| F|  |TAMS 0x0000000088d00000, 0x0000000088d00000| Untracked 
|  78|0x0000000088e00000, 0x0000000088e00000, 0x0000000088f00000|  0%| F|  |TAMS 0x0000000088e00000, 0x0000000088e00000| Untracked 
|  79|0x0000000088f00000, 0x0000000088f00000, 0x0000000089000000|  0%| F|  |TAMS 0x0000000088f00000, 0x0000000088f00000| Untracked 
|  80|0x0000000089000000, 0x0000000089000000, 0x0000000089100000|  0%| F|  |TAMS 0x0000000089000000, 0x0000000089000000| Untracked 
|  81|0x0000000089100000, 0x0000000089100000, 0x0000000089200000|  0%| F|  |TAMS 0x0000000089100000, 0x0000000089100000| Untracked 
|  82|0x0000000089200000, 0x0000000089200000, 0x0000000089300000|  0%| F|  |TAMS 0x0000000089200000, 0x0000000089200000| Untracked 
|  83|0x0000000089300000, 0x0000000089300000, 0x0000000089400000|  0%| F|  |TAMS 0x0000000089300000, 0x0000000089300000| Untracked 
|  84|0x0000000089400000, 0x0000000089400000, 0x0000000089500000|  0%| F|  |TAMS 0x0000000089400000, 0x0000000089400000| Untracked 
|  85|0x0000000089500000, 0x0000000089500000, 0x0000000089600000|  0%| F|  |TAMS 0x0000000089500000, 0x0000000089500000| Untracked 
|  86|0x0000000089600000, 0x0000000089600000, 0x0000000089700000|  0%| F|  |TAMS 0x0000000089600000, 0x0000000089600000| Untracked 
|  87|0x0000000089700000, 0x0000000089700000, 0x0000000089800000|  0%| F|  |TAMS 0x0000000089700000, 0x0000000089700000| Untracked 
|  88|0x0000000089800000, 0x0000000089800000, 0x0000000089900000|  0%| F|  |TAMS 0x0000000089800000, 0x0000000089800000| Untracked 
|  89|0x0000000089900000, 0x0000000089900000, 0x0000000089a00000|  0%| F|  |TAMS 0x0000000089900000, 0x0000000089900000| Untracked 
|  90|0x0000000089a00000, 0x0000000089a00000, 0x0000000089b00000|  0%| F|  |TAMS 0x0000000089a00000, 0x0000000089a00000| Untracked 
|  91|0x0000000089b00000, 0x0000000089b00000, 0x0000000089c00000|  0%| F|  |TAMS 0x0000000089b00000, 0x0000000089b00000| Untracked 
|  92|0x0000000089c00000, 0x0000000089c00000, 0x0000000089d00000|  0%| F|  |TAMS 0x0000000089c00000, 0x0000000089c00000| Untracked 
|  93|0x0000000089d00000, 0x0000000089d00000, 0x0000000089e00000|  0%| F|  |TAMS 0x0000000089d00000, 0x0000000089d00000| Untracked 
|  94|0x0000000089e00000, 0x0000000089e00000, 0x0000000089f00000|  0%| F|  |TAMS 0x0000000089e00000, 0x0000000089e00000| Untracked 
|  95|0x0000000089f00000, 0x0000000089f00000, 0x000000008a000000|  0%| F|  |TAMS 0x0000000089f00000, 0x0000000089f00000| Untracked 
|  96|0x000000008a000000, 0x000000008a100000, 0x000000008a100000|100%| E|  |TAMS 0x000000008a000000, 0x000000008a000000| Complete 
|  97|0x000000008a100000, 0x000000008a200000, 0x000000008a200000|100%| E|CS|TAMS 0x000000008a100000, 0x000000008a100000| Complete 
|  98|0x000000008a200000, 0x000000008a300000, 0x000000008a300000|100%| E|CS|TAMS 0x000000008a200000, 0x000000008a200000| Complete 
|  99|0x000000008a300000, 0x000000008a400000, 0x000000008a400000|100%| E|CS|TAMS 0x000000008a300000, 0x000000008a300000| Complete 
| 100|0x000000008a400000, 0x000000008a500000, 0x000000008a500000|100%| E|CS|TAMS 0x000000008a400000, 0x000000008a400000| Complete 
| 101|0x000000008a500000, 0x000000008a600000, 0x000000008a600000|100%| E|CS|TAMS 0x000000008a500000, 0x000000008a500000| Complete 
| 102|0x000000008a600000, 0x000000008a700000, 0x000000008a700000|100%| E|CS|TAMS 0x000000008a600000, 0x000000008a600000| Complete 
| 103|0x000000008a700000, 0x000000008a800000, 0x000000008a800000|100%| E|CS|TAMS 0x000000008a700000, 0x000000008a700000| Complete 
| 104|0x000000008a800000, 0x000000008a900000, 0x000000008a900000|100%| E|CS|TAMS 0x000000008a800000, 0x000000008a800000| Complete 
| 105|0x000000008a900000, 0x000000008aa00000, 0x000000008aa00000|100%| E|CS|TAMS 0x000000008a900000, 0x000000008a900000| Complete 
| 106|0x000000008aa00000, 0x000000008ab00000, 0x000000008ab00000|100%| E|CS|TAMS 0x000000008aa00000, 0x000000008aa00000| Complete 
| 107|0x000000008ab00000, 0x000000008ac00000, 0x000000008ac00000|100%| E|CS|TAMS 0x000000008ab00000, 0x000000008ab00000| Complete 
| 108|0x000000008ac00000, 0x000000008ad00000, 0x000000008ad00000|100%| E|CS|TAMS 0x000000008ac00000, 0x000000008ac00000| Complete 
| 109|0x000000008ad00000, 0x000000008ae00000, 0x000000008ae00000|100%| E|CS|TAMS 0x000000008ad00000, 0x000000008ad00000| Complete 
| 110|0x000000008ae00000, 0x000000008af00000, 0x000000008af00000|100%| E|CS|TAMS 0x000000008ae00000, 0x000000008ae00000| Complete 
| 111|0x000000008af00000, 0x000000008b000000, 0x000000008b000000|100%| E|CS|TAMS 0x000000008af00000, 0x000000008af00000| Complete 
| 112|0x000000008b000000, 0x000000008b100000, 0x000000008b100000|100%| E|CS|TAMS 0x000000008b000000, 0x000000008b000000| Complete 
| 113|0x000000008b100000, 0x000000008b200000, 0x000000008b200000|100%| E|CS|TAMS 0x000000008b100000, 0x000000008b100000| Complete 
| 114|0x000000008b200000, 0x000000008b300000, 0x000000008b300000|100%| E|CS|TAMS 0x000000008b200000, 0x000000008b200000| Complete 
| 115|0x000000008b300000, 0x000000008b400000, 0x000000008b400000|100%| E|CS|TAMS 0x000000008b300000, 0x000000008b300000| Complete 
| 116|0x000000008b400000, 0x000000008b500000, 0x000000008b500000|100%| E|CS|TAMS 0x000000008b400000, 0x000000008b400000| Complete 
| 117|0x000000008b500000, 0x000000008b600000, 0x000000008b600000|100%| S|CS|TAMS 0x000000008b500000, 0x000000008b500000| Complete 
| 118|0x000000008b600000, 0x000000008b700000, 0x000000008b700000|100%| S|CS|TAMS 0x000000008b600000, 0x000000008b600000| Complete 
| 119|0x000000008b700000, 0x000000008b800000, 0x000000008b800000|100%| E|CS|TAMS 0x000000008b700000, 0x000000008b700000| Complete 
| 120|0x000000008b800000, 0x000000008b900000, 0x000000008b900000|100%| E|CS|TAMS 0x000000008b800000, 0x000000008b800000| Complete 
| 121|0x000000008b900000, 0x000000008ba00000, 0x000000008ba00000|100%| E|CS|TAMS 0x000000008b900000, 0x000000008b900000| Complete 
| 122|0x000000008ba00000, 0x000000008bb00000, 0x000000008bb00000|100%| E|CS|TAMS 0x000000008ba00000, 0x000000008ba00000| Complete 
| 123|0x000000008bb00000, 0x000000008bc00000, 0x000000008bc00000|100%| E|CS|TAMS 0x000000008bb00000, 0x000000008bb00000| Complete 

Card table byte_map: [0x000001707e070000,0x000001707e450000] _byte_map_base: 0x000001707dc50000

Marking Bits (Prev, Next): (CMBitMap*) 0x00000170672b9308, (CMBitMap*) 0x00000170672b9340
 Prev Bits: [0x0000017000000000, 0x0000017001f00000)
 Next Bits: [0x0000017001f00000, 0x0000017003e00000)

Polling page: 0x0000017065470000

Metaspace:

Usage:
  Non-class:     32.50 MB capacity,    31.67 MB ( 97%) used,   677.33 KB (  2%) free+waste,   170.56 KB ( <1%) overhead. 
      Class:      4.82 MB capacity,     4.19 MB ( 87%) used,   547.61 KB ( 11%) free+waste,    89.88 KB (  2%) overhead. 
       Both:     37.31 MB capacity,    35.86 MB ( 96%) used,     1.20 MB (  3%) free+waste,   260.44 KB ( <1%) overhead. 

Virtual space:
  Non-class space:       34.00 MB reserved,      32.50 MB ( 96%) committed 
      Class space:        1.00 GB reserved,       4.88 MB ( <1%) committed 
             Both:        1.03 GB reserved,      37.38 MB (  4%) committed 

Chunk freelists:
   Non-Class:  640 bytes
       Class:  0 bytes
        Both:  640 bytes

CodeHeap 'non-profiled nmethods': size=120000Kb used=1508Kb max_used=1508Kb free=118491Kb
 bounds [0x0000017076420000, 0x0000017076690000, 0x000001707d950000]
CodeHeap 'profiled nmethods': size=120000Kb used=7996Kb max_used=7996Kb free=112003Kb
 bounds [0x000001706eef0000, 0x000001706f6c0000, 0x0000017076420000]
CodeHeap 'non-nmethods': size=5760Kb used=1242Kb max_used=1260Kb free=4517Kb
 bounds [0x000001706e950000, 0x000001706ebc0000, 0x000001706eef0000]
 total_blobs=4196 nmethods=3603 adapters=504
 compilation: enabled
              stopped_count=0, restarted_count=0
 full_count=0

Compilation events (10 events):
Event: 21.870 Thread 0x000001707fc4a000 nmethod 3518 0x000001706f677710 code [0x000001706f677a60, 0x000001706f6790a8]
Event: 21.870 Thread 0x000001707fc4a000 3517       3       java.net.URI$Parser::scan (53 bytes)
Event: 21.871 Thread 0x000001707fc4a000 nmethod 3517 0x000001706f679810 code [0x000001706f679aa0, 0x000001706f67a698]
Event: 21.871 Thread 0x000001707fc4a000 3527       3       java.util.regex.Pattern::clazz (438 bytes)
Event: 21.874 Thread 0x000001707fc4a000 nmethod 3527 0x000001706f67ab90 code [0x000001706f67b0e0, 0x000001706f67e118]
Event: 21.874 Thread 0x000001707fc4a000 3530       3       java.lang.String::split (324 bytes)
Event: 22.884 Thread 0x000001707fc4a000 nmethod 3530 0x000001706f67f190 code [0x000001706f67f7c0, 0x000001706f6831d8]
Event: 22.884 Thread 0x000001707fc4a000 3520       3       com.sun.org.apache.xerces.internal.dom.DeferredDocumentImpl::getLastChild (7 bytes)
Event: 22.884 Thread 0x000001707fc4a000 nmethod 3520 0x000001706f684690 code [0x000001706f684840, 0x000001706f684968]
Event: 22.884 Thread 0x000001707fc4a000 3521       3       com.sun.org.apache.xerces.internal.dom.DeferredDocumentImpl::getLastChild (49 bytes)

GC Heap History (10 events):
Event: 0.910 GC heap before
{Heap before GC invocations=0 (full 0):
 garbage-first heap   total 126976K, used 24576K [0x0000000084000000, 0x0000000100000000)
  region size 1024K, 24 young (24576K), 0 survivors (0K)
 Metaspace       used 13523K, capacity 13922K, committed 14080K, reserved 1062912K
  class space    used 1371K, capacity 1506K, committed 1536K, reserved 1048576K
}
Event: 0.915 GC heap after
{Heap after GC invocations=1 (full 0):
 garbage-first heap   total 126976K, used 6920K [0x0000000084000000, 0x0000000100000000)
  region size 1024K, 3 young (3072K), 3 survivors (3072K)
 Metaspace       used 13523K, capacity 13922K, committed 14080K, reserved 1062912K
  class space    used 1371K, capacity 1506K, committed 1536K, reserved 1048576K
}
Event: 3.601 GC heap before
{Heap before GC invocations=1 (full 0):
 garbage-first heap   total 126976K, used 47880K [0x0000000084000000, 0x0000000100000000)
  region size 1024K, 44 young (45056K), 3 survivors (3072K)
 Metaspace       used 20457K, capacity 21188K, committed 21248K, reserved 1069056K
  class space    used 2247K, capacity 2549K, committed 2560K, reserved 1048576K
}
Event: 3.609 GC heap after
{Heap after GC invocations=2 (full 0):
 garbage-first heap   total 126976K, used 9771K [0x0000000084000000, 0x0000000100000000)
  region size 1024K, 6 young (6144K), 6 survivors (6144K)
 Metaspace       used 20457K, capacity 21188K, committed 21248K, reserved 1069056K
  class space    used 2247K, capacity 2549K, committed 2560K, reserved 1048576K
}
Event: 20.444 GC heap before
{Heap before GC invocations=3 (full 0):
 garbage-first heap   total 126976K, used 50731K [0x0000000084000000, 0x0000000100000000)
  region size 1024K, 46 young (47104K), 6 survivors (6144K)
 Metaspace       used 30991K, capacity 32408K, committed 32640K, reserved 1077248K
  class space    used 3586K, capacity 4191K, committed 4224K, reserved 1048576K
}
Event: 20.458 GC heap after
{Heap after GC invocations=4 (full 0):
 garbage-first heap   total 126976K, used 13155K [0x0000000084000000, 0x0000000100000000)
  region size 1024K, 6 young (6144K), 6 survivors (6144K)
 Metaspace       used 30991K, capacity 32408K, committed 32640K, reserved 1077248K
  class space    used 3586K, capacity 4191K, committed 4224K, reserved 1048576K
}
Event: 21.035 GC heap before
{Heap before GC invocations=4 (full 0):
 garbage-first heap   total 126976K, used 66403K [0x0000000084000000, 0x0000000100000000)
  region size 1024K, 58 young (59392K), 6 survivors (6144K)
 Metaspace       used 33833K, capacity 35322K, committed 35584K, reserved 1081344K
  class space    used 3940K, capacity 4579K, committed 4608K, reserved 1048576K
}
Event: 21.045 GC heap after
{Heap after GC invocations=5 (full 0):
 garbage-first heap   total 126976K, used 15046K [0x0000000084000000, 0x0000000100000000)
  region size 1024K, 6 young (6144K), 6 survivors (6144K)
 Metaspace       used 33833K, capacity 35322K, committed 35584K, reserved 1081344K
  class space    used 3940K, capacity 4579K, committed 4608K, reserved 1048576K
}
Event: 21.158 GC heap before
{Heap before GC invocations=5 (full 0):
 garbage-first heap   total 126976K, used 19142K [0x0000000084000000, 0x0000000100000000)
  region size 1024K, 11 young (11264K), 6 survivors (6144K)
 Metaspace       used 34266K, capacity 35695K, committed 35840K, reserved 1081344K
  class space    used 3978K, capacity 4618K, committed 4736K, reserved 1048576K
}
Event: 21.165 GC heap after
{Heap after GC invocations=6 (full 0):
 garbage-first heap   total 126976K, used 15170K [0x0000000084000000, 0x0000000100000000)
  region size 1024K, 2 young (2048K), 2 survivors (2048K)
 Metaspace       used 34266K, capacity 35695K, committed 35840K, reserved 1081344K
  class space    used 3978K, capacity 4618K, committed 4736K, reserved 1048576K
}

Deoptimization events (10 events):
Event: 21.644 Thread 0x000001706727b800 Uncommon trap: reason=unstable_if action=reinterpret pc=0x000001707657fe80 method=org.apache.xmlbeans.impl.store.Cur.moveTo(Lorg/apache/xmlbeans/impl/store/Xobj;I)V @ 111 c2
Event: 21.644 Thread 0x000001706727b800 Uncommon trap: reason=unstable_if action=reinterpret pc=0x000001707657ba30 method=org.apache.xmlbeans.impl.store.Cur.moveToNoCheck(Lorg/apache/xmlbeans/impl/store/Xobj;I)V @ 5 c2
Event: 21.644 Thread 0x000001706727b800 Uncommon trap: reason=unstable_if action=reinterpret pc=0x000001707657e764 method=org.apache.xmlbeans.impl.store.Cur.isNormal()Z @ 60 c2
Event: 21.645 Thread 0x000001706727b800 Uncommon trap: reason=unstable_if action=reinterpret pc=0x000001707657cfe4 method=org.apache.xmlbeans.impl.store.Xobj.bitIsSet(I)Z @ 6 c2
Event: 21.645 Thread 0x000001706727b800 Uncommon trap: reason=unstable_if action=reinterpret pc=0x000001707657965c method=org.apache.xmlbeans.impl.store.Xobj.bitIsSet(I)Z @ 6 c2
Event: 21.725 Thread 0x000001706727b800 Uncommon trap: reason=unstable_if action=reinterpret pc=0x000001707658a7bc method=com.sun.org.apache.xerces.internal.impl.XMLEntityScanner.peekChar()I @ 14 c2
Event: 21.846 Thread 0x000001706727b800 Uncommon trap: reason=class_check action=maybe_recompile pc=0x000001707656e014 method=java.io.FilterInputStream.read([BII)I @ 7 c2
Event: 21.846 Thread 0x000001706727b800 Uncommon trap: reason=class_check action=maybe_recompile pc=0x000001707656e014 method=java.io.FilterInputStream.read([BII)I @ 7 c2
Event: 21.846 Thread 0x000001706727b800 Uncommon trap: reason=class_check action=maybe_recompile pc=0x000001707656e014 method=java.io.FilterInputStream.read([BII)I @ 7 c2
Event: 21.847 Thread 0x000001706727b800 Uncommon trap: reason=class_check action=maybe_recompile pc=0x000001707656e014 method=java.io.FilterInputStream.read([BII)I @ 7 c2

Classes redefined (0 events):
No events

Internal exceptions (10 events):
Event: 20.126 Thread 0x000001706727b800 Exception <a 'java/lang/IncompatibleClassChangeError'{0x0000000089f94fd0}: Found class java.lang.Object, but interface was expected> (0x0000000089f94fd0) thrown at [./open/src/hotspot/share/interpreter/linkResolver.cpp, line 838]
Event: 20.324 Thread 0x000001706727b800 Exception <a 'java/lang/NoSuchMethodError'{0x0000000089639d48}: java.lang.invoke.DirectMethodHandle$Holder.invokeVirtual(Ljava/lang/Object;Ljava/lang/Object;Ljava/lang/Object;Ljava/lang/Object;)V> (0x0000000089639d48) thrown at [./open/src/hotspot/share/i
Event: 20.334 Thread 0x000001706727b800 Exception <a 'java/lang/NoSuchMethodError'{0x000000008967e498}: java.lang.invoke.DirectMethodHandle$Holder.invokeStatic(Ljava/lang/Object;Ljava/lang/Object;Ljava/lang/Object;I)V> (0x000000008967e498) thrown at [./open/src/hotspot/share/interpreter/linkRes
Event: 20.334 Thread 0x000001706727b800 Exception <a 'java/lang/NoSuchMethodError'{0x0000000089681730}: java.lang.invoke.DirectMethodHandle$Holder.invokeStaticInit(Ljava/lang/Object;Ljava/lang/Object;Ljava/lang/Object;I)V> (0x0000000089681730) thrown at [./open/src/hotspot/share/interpreter/lin
Event: 20.640 Thread 0x000001706727b800 Exception <a 'java/lang/NoSuchMethodError'{0x000000008b9e1d50}: java.lang.invoke.DirectMethodHandle$Holder.invokeStaticInit(Ljava/lang/Object;Ljava/lang/Object;II)Ljava/lang/Object;> (0x000000008b9e1d50) thrown at [./open/src/hotspot/share/interpreter/lin
Event: 20.869 Thread 0x000001706727b800 Implicit null exception at 0x00000170764ac1d8 to 0x00000170764ac26a
Event: 20.930 Thread 0x000001706727b800 Exception <a 'java/lang/NoSuchMethodError'{0x000000008acac4d8}: java.lang.invoke.DirectMethodHandle$Holder.invokeStatic(Ljava/lang/Object;Ljava/lang/Object;ILjava/lang/Object;)Ljava/lang/Object;> (0x000000008acac4d8) thrown at [./open/src/hotspot/share/in
Event: 20.940 Thread 0x000001706727b800 Exception <a 'java/lang/NoSuchMethodError'{0x000000008ab09108}: java.lang.invoke.DirectMethodHandle$Holder.invokeVirtual(Ljava/lang/Object;Ljava/lang/Object;)V> (0x000000008ab09108) thrown at [./open/src/hotspot/share/interpreter/linkResolver.cpp, line 77
Event: 21.636 Thread 0x000001706727b800 Exception <a 'java/lang/NoSuchMethodError'{0x000000008aa7a9c0}: java.lang.invoke.DirectMethodHandle$Holder.invokeVirtual(Ljava/lang/Object;Ljava/lang/Object;I)Ljava/lang/Object;> (0x000000008aa7a9c0) thrown at [./open/src/hotspot/share/interpreter/linkRes
Event: 21.638 Thread 0x000001706727b800 Exception <a 'java/lang/NoSuchMethodError'{0x000000008aa81ae8}: java.lang.invoke.DirectMethodHandle$Holder.invokeVirtual(Ljava/lang/Object;Ljava/lang/Object;ILjava/lang/Object;)V> (0x000000008aa81ae8) thrown at [./open/src/hotspot/share/interpreter/linkRe

Events (10 events):
Event: 21.846 Thread 0x000001706727b800 DEOPT PACKING pc=0x000001707656e014 sp=0x00000001006fd260
Event: 21.846 Thread 0x000001706727b800 DEOPT UNPACKING pc=0x000001706e9583af sp=0x00000001006fd1e8 mode 2
Event: 21.846 Thread 0x000001706727b800 Uncommon trap: trap_request=0xffffffde fr.pc=0x000001707656e014 relative=0x0000000000000074
Event: 21.846 Thread 0x000001706727b800 DEOPT PACKING pc=0x000001707656e014 sp=0x00000001006fd260
Event: 21.846 Thread 0x000001706727b800 DEOPT UNPACKING pc=0x000001706e9583af sp=0x00000001006fd1e8 mode 2
Event: 21.847 Thread 0x000001706727b800 Uncommon trap: trap_request=0xffffffde fr.pc=0x000001707656e014 relative=0x0000000000000074
Event: 21.847 Thread 0x000001706727b800 DEOPT PACKING pc=0x000001707656e014 sp=0x00000001006fd3b0
Event: 21.847 Thread 0x000001706727b800 DEOPT UNPACKING pc=0x000001706e9583af sp=0x00000001006fd338 mode 2
Event: 21.880 loading class org/apache/xerces/util/SecurityManager
Event: 21.880 loading class org/apache/xerces/util/SecurityManager done


Dynamic libraries:
0x00007ff79caf0000 - 0x00007ff79cb00000 	C:\Program Files\Java\jdk-11\bin\javaw.exe
0x00007ff961200000 - 0x00007ff961466000 	C:\WINDOWS\SYSTEM32\ntdll.dll
0x00007ff95fb30000 - 0x00007ff95fbf9000 	C:\WINDOWS\System32\KERNEL32.DLL
0x00007ff95e700000 - 0x00007ff95eafa000 	C:\WINDOWS\System32\KERNELBASE.dll
0x00007ff95eca0000 - 0x00007ff95edec000 	C:\WINDOWS\System32\ucrtbase.dll
0x00007ff94df30000 - 0x00007ff94df49000 	C:\Program Files\Java\jdk-11\bin\jli.dll
0x00007ff961040000 - 0x00007ff9610f6000 	C:\WINDOWS\System32\ADVAPI32.dll
0x00007ff93c2b0000 - 0x00007ff93c2cb000 	C:\Program Files\Java\jdk-11\bin\VCRUNTIME140.dll
0x00007ff95fc90000 - 0x00007ff95fd39000 	C:\WINDOWS\System32\msvcrt.dll
0x00007ff9601c0000 - 0x00007ff96026a000 	C:\WINDOWS\System32\sechost.dll
0x00007ff95ef80000 - 0x00007ff95f098000 	C:\WINDOWS\System32\RPCRT4.dll
0x00007ff95f4f0000 - 0x00007ff95f6b7000 	C:\WINDOWS\System32\USER32.dll
0x00007ff95ebb0000 - 0x00007ff95ebd7000 	C:\WINDOWS\System32\win32u.dll
0x00007ff943eb0000 - 0x00007ff944142000 	C:\WINDOWS\WinSxS\amd64_microsoft.windows.common-controls_6595b64144ccf1df_6.0.26100.8521_none_3e08b75ce33403b3\COMCTL32.dll
0x00007ff960170000 - 0x00007ff96019b000 	C:\WINDOWS\System32\GDI32.dll
0x00007ff95e490000 - 0x00007ff95e5bb000 	C:\WINDOWS\System32\gdi32full.dll
0x00007ff95eb00000 - 0x00007ff95eba3000 	C:\WINDOWS\System32\msvcp_win.dll
0x00007ff94d650000 - 0x00007ff94d65b000 	C:\WINDOWS\SYSTEM32\VERSION.dll
0x00007ff95f6c0000 - 0x00007ff95f6f2000 	C:\WINDOWS\System32\IMM32.DLL
0x00007ff95a750000 - 0x00007ff95a75c000 	C:\Program Files\Java\jdk-11\bin\vcruntime140_1.dll
0x00007ff902490000 - 0x00007ff90251e000 	C:\Program Files\Java\jdk-11\bin\msvcp140.dll
0x00007ff8b4a10000 - 0x00007ff8b557d000 	C:\Program Files\Java\jdk-11\bin\server\jvm.dll
0x00007ff9601a0000 - 0x00007ff9601a8000 	C:\WINDOWS\System32\PSAPI.DLL
0x00007ff93fee0000 - 0x00007ff93feea000 	C:\WINDOWS\SYSTEM32\WSOCK32.dll
0x00007ff956090000 - 0x00007ff9560c6000 	C:\WINDOWS\SYSTEM32\WINMM.dll
0x00007ff95faa0000 - 0x00007ff95fb20000 	C:\WINDOWS\System32\WS2_32.dll
0x00007ff95d220000 - 0x00007ff95d23b000 	C:\WINDOWS\SYSTEM32\kernel.appcore.dll
0x00007ff959230000 - 0x00007ff959240000 	C:\Program Files\Java\jdk-11\bin\verify.dll
0x00007ff95ba90000 - 0x00007ff95bcd2000 	C:\WINDOWS\SYSTEM32\DBGHELP.DLL
0x00007ff95f700000 - 0x00007ff95fa83000 	C:\WINDOWS\System32\combase.dll
0x00007ff95ff20000 - 0x00007ff95fff9000 	C:\WINDOWS\System32\OLEAUT32.dll
0x00007ff940190000 - 0x00007ff9401cb000 	C:\WINDOWS\SYSTEM32\dbgcore.DLL
0x00007ff95e5c0000 - 0x00007ff95e668000 	C:\WINDOWS\System32\bcryptPrimitives.dll
0x00007ff93b1e0000 - 0x00007ff93b208000 	C:\Program Files\Java\jdk-11\bin\java.dll
0x00007ff94de70000 - 0x00007ff94de7a000 	C:\Program Files\Java\jdk-11\bin\jimage.dll
0x00007ff93be30000 - 0x00007ff93be47000 	C:\Program Files\Java\jdk-11\bin\zip.dll
0x00007ff960890000 - 0x00007ff961014000 	C:\WINDOWS\System32\SHELL32.dll
0x00007ff95c040000 - 0x00007ff95c8c0000 	C:\WINDOWS\SYSTEM32\windows.storage.dll
0x00007ff95f290000 - 0x00007ff95f386000 	C:\WINDOWS\System32\SHCORE.dll
0x00007ff960100000 - 0x00007ff960167000 	C:\WINDOWS\System32\shlwapi.dll
0x00007ff95e3b0000 - 0x00007ff95e3d9000 	C:\WINDOWS\SYSTEM32\profapi.dll
0x00007ff93b1c0000 - 0x00007ff93b1d9000 	C:\Program Files\Java\jdk-11\bin\net.dll
0x00007ff950200000 - 0x00007ff950329000 	C:\WINDOWS\SYSTEM32\WINHTTP.dll
0x00007ff95d790000 - 0x00007ff95d7fc000 	C:\WINDOWS\system32\mswsock.dll
0x00007ff93b010000 - 0x00007ff93b022000 	C:\Program Files\Java\jdk-11\bin\nio.dll
0x00007ff95cd00000 - 0x00007ff95ce4a000 	C:\WINDOWS\SYSTEM32\DNSAPI.dll
0x00007ff95d590000 - 0x00007ff95d59d000 	C:\WINDOWS\SYSTEM32\DSPARSE.dll
0x00007ff95cc40000 - 0x00007ff95cc73000 	C:\WINDOWS\SYSTEM32\IPHLPAPI.DLL
0x00007ff95ef70000 - 0x00007ff95ef7a000 	C:\WINDOWS\System32\NSI.dll
0x00007ff94f400000 - 0x00007ff94f40b000 	C:\Windows\System32\rasadhlp.dll
0x00007ff9585d0000 - 0x00007ff958656000 	C:\WINDOWS\System32\fwpuclnt.dll
0x00007ff95da70000 - 0x00007ff95da8b000 	C:\WINDOWS\SYSTEM32\CRYPTSP.dll
0x00007ff95d180000 - 0x00007ff95d1b9000 	C:\WINDOWS\system32\rsaenh.dll
0x00007ff95d840000 - 0x00007ff95d873000 	C:\WINDOWS\SYSTEM32\USERENV.dll
0x00007ff95e380000 - 0x00007ff95e3aa000 	C:\WINDOWS\SYSTEM32\bcrypt.dll
0x00007ff95da90000 - 0x00007ff95da9c000 	C:\WINDOWS\SYSTEM32\CRYPTBASE.dll
0x00007ff957a00000 - 0x00007ff957a1d000 	C:\WINDOWS\SYSTEM32\dhcpcsvc6.DLL
0x00007ff9579d0000 - 0x00007ff9579f5000 	C:\WINDOWS\SYSTEM32\dhcpcsvc.DLL
0x00007ff94bbf0000 - 0x00007ff94bbf9000 	C:\Program Files\Java\jdk-11\bin\management.dll
0x00007ff9463f0000 - 0x00007ff9463fb000 	C:\Program Files\Java\jdk-11\bin\management_ext.dll
0x00007ff93cfd0000 - 0x00007ff93cfde000 	C:\Program Files\Java\jdk-11\bin\sunmscapi.dll
0x00007ff95edf0000 - 0x00007ff95ef68000 	C:\WINDOWS\System32\CRYPT32.dll
0x00007ff95dc90000 - 0x00007ff95dcc0000 	C:\WINDOWS\SYSTEM32\ncrypt.dll
0x00007ff95dc40000 - 0x00007ff95dc7f000 	C:\WINDOWS\SYSTEM32\NTASN1.dll
0x00007ff92b4e0000 - 0x00007ff92b507000 	C:\Program Files\Java\jdk-11\bin\sunec.dll

dbghelp: loaded successfully - version: 4.0.5 - missing functions: none
symbol engine: initialized successfully - sym options: 0x614 - pdb path: .;C:\Program Files\Java\jdk-11\bin;C:\WINDOWS\SYSTEM32;C:\WINDOWS\WinSxS\amd64_microsoft.windows.common-controls_6595b64144ccf1df_6.0.26100.8521_none_3e08b75ce33403b3;C:\Program Files\Java\jdk-11\bin\server

VM Arguments:
jvm_args: -ea -Dfile.encoding=UTF-8 -Dstdout.encoding=UTF-8 -Dstderr.encoding=UTF-8 
java_command: org.testng.remote.RemoteTestNG -serport 54294 -protocol json -d D:\Eclipse-Rajeev\Octopussaas_main_Framework\test-output C:\Users\Rajeev nandi\AppData\Local\Temp\testng-eclipse-1156901572\testng-customsuite.xml
java_class_path (initial): C:\Users\Rajeev nandi\eclipse\java-2026-03\eclipse\configuration\org.eclipse.osgi\533\0\.cp\lib\testng-remote.jar;D:\Eclipse-Rajeev\Octopussaas_main_Framework\target\test-classes;D:\Eclipse-Rajeev\Octopussaas_main_Framework\target\classes;C:\Users\Rajeev nandi\.m2\repository\org\seleniumhq\selenium\selenium-java\4.34.0\selenium-java-4.34.0.jar;C:\Users\Rajeev nandi\.m2\repository\org\seleniumhq\selenium\selenium-api\4.34.0\selenium-api-4.34.0.jar;C:\Users\Rajeev nandi\.m2\repository\org\jspecify\jspecify\1.0.0\jspecify-1.0.0.jar;C:\Users\Rajeev nandi\.m2\repository\org\seleniumhq\selenium\selenium-chrome-driver\4.34.0\selenium-chrome-driver-4.34.0.jar;C:\Users\Rajeev nandi\.m2\repository\com\google\auto\service\auto-service-annotations\1.1.1\auto-service-annotations-1.1.1.jar;C:\Users\Rajeev nandi\.m2\repository\org\seleniumhq\selenium\selenium-chromium-driver\4.34.0\selenium-chromium-driver-4.34.0.jar;C:\Users\Rajeev nandi\.m2\repository\org\seleniumhq\selenium\selenium-json\4.34.0\selenium-json-4.34.0.jar;C:\Users\Rajeev nandi\.m2\repository\org\seleniumhq\selenium\selenium-manager\4.34.0\selenium-manager-4.34.0.jar;C:\Users\Rajeev nandi\.m2\repository\org\seleniumhq\selenium\selenium-devtools-v136\4.34.0\selenium-devtools-v136-4.34.0.jar;C:\Users\Rajeev nandi\.m2\repository\org\seleniumhq\selenium\selenium-devtools-v137\4.34.0\selenium-devtools-v137-4.34.0.jar;C:\Users\Rajeev nandi\.m2\repository\org\seleniumhq\selenium\selenium-devtools-v138\4.34.0\selenium-devtools-v138-4.34.0.jar;C:\Users\Rajeev nandi\.m2\repository\org\seleniumhq\selenium\selenium-edge-driver\4.34.0\selenium-edge-driver-4.34.0.jar;C:\Users\Rajeev nandi\.m2\repository\org\seleniumhq\selenium\selenium-firefox-driver\4.34.0\selenium-firefox-driver-4.34.0.jar;C:\Users\Rajeev nandi\.m2\repository\org\seleniumhq\selenium\selenium-http\4.34.0\selenium-http-4.34.0.jar;C:\Users\Rajeev nandi\.m2\repository\org\seleniumhq\selenium\selenium-ie-driver\4.34.0\selenium-ie-driver
Launcher Type: SUN_STANDARD

[Global flags]
     intx CICompilerCount                          = 4                                         {product} {ergonomic}
     uint ConcGCThreads                            = 2                                         {product} {ergonomic}
     uint G1ConcRefinementThreads                  = 8                                         {product} {ergonomic}
   size_t G1HeapRegionSize                         = 1048576                                   {product} {ergonomic}
    uintx GCDrainStackTargetSize                   = 64                                        {product} {ergonomic}
   size_t InitialHeapSize                          = 130023424                                 {product} {ergonomic}
   size_t MarkStackSize                            = 4194304                                   {product} {ergonomic}
   size_t MaxHeapSize                              = 2080374784                                {product} {ergonomic}
   size_t MaxNewSize                               = 1247805440                                {product} {ergonomic}
   size_t MinHeapDeltaBytes                        = 1048576                                   {product} {ergonomic}
    uintx NonNMethodCodeHeapSize                   = 5836300                                {pd product} {ergonomic}
    uintx NonProfiledCodeHeapSize                  = 122910970                              {pd product} {ergonomic}
    uintx ProfiledCodeHeapSize                     = 122910970                              {pd product} {ergonomic}
    uintx ReservedCodeCacheSize                    = 251658240                              {pd product} {ergonomic}
     bool SegmentedCodeCache                       = true                                      {product} {ergonomic}
     bool UseCompressedClassPointers               = true                                 {lp64_product} {ergonomic}
     bool UseCompressedOops                        = true                                 {lp64_product} {ergonomic}
     bool UseG1GC                                  = true                                      {product} {ergonomic}
     bool UseLargePagesIndividualAllocation        = false                                  {pd product} {ergonomic}

Logging:
Log output configuration:
 #0: stdout all=warning uptime,level,tags
 #1: stderr all=off uptime,level,tags

Environment Variables:
JAVA_HOME=C:\Program Files\Java\jdk-17
PATH=C:\Python314\Scripts\;C:\Python314\;C:\app\Rajeevnandi2\product\11.2.0\dbhome_1\bin;C:\app\Rajeevnandi\product\11.2.0\dbhome_2\bin;C:\app\Rajeevnandi\product\11.2.0\dbhome_1\bin;C:\Program Files\Common Files\Oracle\Java\javapath;C:\WINDOWS\system32;C:\WINDOWS;C:\WINDOWS\System32\Wbem;C:\WINDOWS\System32\WindowsPowerShell\v1.0\;C:\WINDOWS\System32\OpenSSH\;C:\Program Files\dotnet\;C:\Program Files\Java\jdk-21\bin;C:\Program Files\Java\jdk-17\bin;D:\automation software\apache-maven-3.9.11-bin\apache-maven-3.9.11\bin;C:\Program Files\Git\cmd;C:\ProgramData\chocolatey\bin;C:\Program Files\nodejs\;C:\Program Files\MySQL\MySQL Shell 8.0\bin\;C:\Users\Rajeev nandi\AppData\Local\Microsoft\WindowsApps;C:\Program Files\JetBrains\PyCharm 2023.2\bin;;C:\Users\Rajeev nandi\AppData\Local\Programs\Microsoft VS Code\bin;D:\automation software\apache-maven-3.9.11-bin\apache-maven-3.9.11\bin;C:\Users\Rajeev nandi\AppData\Roaming\npm;C:\Users\Rajeev nandi\AppData\Local\GitHubDesktop\bin;
USERNAME=Rajeev nandi
OS=Windows_NT
PROCESSOR_IDENTIFIER=Intel64 Family 6 Model 140 Stepping 1, GenuineIntel



---------------  S Y S T E M  ---------------

OS: Windows 11 , 64 bit Build 26100 (10.0.26100.8521)
Hyper-V role detected

CPU:total 8 (initial active 8) (4 cores per cpu, 2 threads per core) family 6 model 140 stepping 1 microcode 0xbe, cmov, cx8, fxsr, mmx, sse, sse2, sse3, ssse3, sse4.1, sse4.2, popcnt, avx, avx2, aes, clmul, erms, 3dnowpref, lzcnt, ht, tsc, tscinvbit, bmi1, bmi2, adx, evex, sha, fma

Memory: 4k page, system-wide physical 7934M (462M free)
TotalPageFile size 32510M (AvailPageFile size 5M)
current process WorkingSet (physical memory assigned to process): 181M, peak: 197M
current process commit charge ("private bytes"): 286M, peak: 287M

vm_info: Java HotSpot(TM) 64-Bit Server VM (11.0.21+9-LTS-193) for windows-amd64 JRE (11.0.21+9-LTS-193), built on Sep 13 2023 11:04:38 by "mach5one" with MS VC++ 17.1 (VS2022)

END.
