#
# There is insufficient memory for the Java Runtime Environment to continue.
# Native memory allocation (malloc) failed to allocate 1593520 bytes for Chunk::new
# Possible reasons:
#   The system is out of physical RAM or swap space
#   The process is running with CompressedOops enabled, and the Java Heap may be blocking the growth of the native heap
# Possible solutions:
#   Reduce memory load on the system
#   Increase physical memory or swap space
#   Check if swap backing store is full
#   Decrease Java heap size (-Xmx/-Xms)
#   Decrease number of Java threads
#   Decrease Java thread stack sizes (-Xss)
#   Set larger code cache with -XX:ReservedCodeCacheSize=
#   JVM is running with Unscaled Compressed Oops mode in which the Java heap is
#     placed in the first 4GB address space. The Java Heap base address is the
#     maximum limit for the native heap growth. Please use -XX:HeapBaseMinAddress
#     to set the Java Heap base and to place the Java Heap above 4GB virtual address.
# This output file may be truncated or incomplete.
#
#  Out of Memory Error (arena.cpp:168), pid=15948, tid=17872
#
# JRE version: Java(TM) SE Runtime Environment (21.0.2+13) (build 21.0.2+13-LTS-58)
# Java VM: Java HotSpot(TM) 64-Bit Server VM (21.0.2+13-LTS-58, mixed mode, sharing, tiered, compressed oops, compressed class ptrs, g1 gc, windows-amd64)
# No core dump will be written. Minidumps are not enabled by default on client versions of Windows
#

---------------  S U M M A R Y ------------

Command Line: -ea -Dfile.encoding=UTF-8 -Dstdout.encoding=UTF-8 -Dstderr.encoding=UTF-8 -XX:+ShowCodeDetailsInExceptionMessages org.testng.remote.RemoteTestNG -serport 50635 -protocol json -d D:\Eclipse-Rajeev\Octopussaas_main_Framework\test-output C:\Users\Rajeev nandi\AppData\Local\Temp\testng-eclipse--369276465\testng-customsuite.xml

Host: 11th Gen Intel(R) Core(TM) i5-1135G7 @ 2.40GHz, 8 cores, 7G,  Windows 11 , 64 bit Build 26100 (10.0.26100.8521)
Time: Wed Jun  3 13:17:08 2026 India Standard Time elapsed time: 43.151380 seconds (0d 0h 0m 43s)

---------------  T H R E A D  ---------------

Current thread (0x000001c4c6c67ba0):  JavaThread "C2 CompilerThread0" daemon [_thread_in_native, id=17872, stack(0x0000001fd9c00000,0x0000001fd9d00000) (1024K)]


Current CompileTask:
C2:  43152 3021   !   4       jdk.internal.loader.BuiltinClassLoader::loadClassOrNull (143 bytes)

Stack: [0x0000001fd9c00000,0x0000001fd9d00000]
Native frames: (J=compiled Java code, j=interpreted, Vv=VM code, C=native code)
V  [jvm.dll+0x6cade9]
V  [jvm.dll+0x8569c1]
V  [jvm.dll+0x858d2e]
V  [jvm.dll+0x859413]
V  [jvm.dll+0x280e56]
V  [jvm.dll+0xc3f3d]
V  [jvm.dll+0xc4473]
V  [jvm.dll+0x3b5c2c]
V  [jvm.dll+0x1e2013]
V  [jvm.dll+0x249d22]
V  [jvm.dll+0x2491b1]
V  [jvm.dll+0x1c9634]
V  [jvm.dll+0x258859]
V  [jvm.dll+0x256e3a]
V  [jvm.dll+0x3ef6c6]
V  [jvm.dll+0x7ff568]
V  [jvm.dll+0x6c953d]
C  [ucrtbase.dll+0x2cd30]
C  [KERNEL32.DLL+0x2e957]
C  [ntdll.dll+0x87c1c]


---------------  P R O C E S S  ---------------

Threads class SMR info:
_java_thread_list=0x000001c4c7aaf860, length=27, elements={
0x000001c4a8687330, 0x000001c4c6c5a890, 0x000001c4c6c5bf90, 0x000001c4c6c61ed0,
0x000001c4c6c62930, 0x000001c4c6c63390, 0x000001c4c6c66e10, 0x000001c4c6c67ba0,
0x000001c4c71e2af0, 0x000001c4c730dc50, 0x000001c4c7310490, 0x000001c4c7876c50,
0x000001c4c7c9ea00, 0x000001c50d81f4f0, 0x000001c50dd84160, 0x000001c50dd847d0,
0x000001c4c79be020, 0x000001c50d7f8050, 0x000001c50d7f79c0, 0x000001c50d7f8d70,
0x000001c50d7f9400, 0x000001c50d7f86e0, 0x000001c50d7f5f80, 0x000001c50d7f6ca0,
0x000001c50d7f7330, 0x000001c50d909060, 0x000001c50d90b130
}

Java Threads: ( => current thread )
  0x000001c4a8687330 JavaThread "main"                              [_thread_in_Java, id=17864, stack(0x0000001fd8e00000,0x0000001fd8f00000) (1024K)]
  0x000001c4c6c5a890 JavaThread "Reference Handler"          daemon [_thread_blocked, id=27368, stack(0x0000001fd9600000,0x0000001fd9700000) (1024K)]
  0x000001c4c6c5bf90 JavaThread "Finalizer"                  daemon [_thread_blocked, id=10952, stack(0x0000001fd9700000,0x0000001fd9800000) (1024K)]
  0x000001c4c6c61ed0 JavaThread "Signal Dispatcher"          daemon [_thread_blocked, id=11608, stack(0x0000001fd9800000,0x0000001fd9900000) (1024K)]
  0x000001c4c6c62930 JavaThread "Attach Listener"            daemon [_thread_blocked, id=14728, stack(0x0000001fd9900000,0x0000001fd9a00000) (1024K)]
  0x000001c4c6c63390 JavaThread "Service Thread"             daemon [_thread_blocked, id=32292, stack(0x0000001fd9a00000,0x0000001fd9b00000) (1024K)]
  0x000001c4c6c66e10 JavaThread "Monitor Deflation Thread"   daemon [_thread_blocked, id=21004, stack(0x0000001fd9b00000,0x0000001fd9c00000) (1024K)]
=>0x000001c4c6c67ba0 JavaThread "C2 CompilerThread0"         daemon [_thread_in_native, id=17872, stack(0x0000001fd9c00000,0x0000001fd9d00000) (1024K)]
  0x000001c4c71e2af0 JavaThread "C1 CompilerThread0"         daemon [_thread_in_vm, id=21552, stack(0x0000001fd9d00000,0x0000001fd9e00000) (1024K)]
  0x000001c4c730dc50 JavaThread "Notification Thread"        daemon [_thread_blocked, id=10576, stack(0x0000001fd9e00000,0x0000001fd9f00000) (1024K)]
  0x000001c4c7310490 JavaThread "Common-Cleaner"             daemon [_thread_blocked, id=7640, stack(0x0000001fd9f00000,0x0000001fda000000) (1024K)]
  0x000001c4c7876c50 JavaThread "ReaderThread"                      [_thread_in_native, id=32332, stack(0x0000001fda100000,0x0000001fda200000) (1024K)]
  0x000001c4c7c9ea00 JavaThread "ForkJoinPool.commonPool-worker-1" daemon [_thread_blocked, id=23880, stack(0x0000001fda900000,0x0000001fdaa00000) (1024K)]
  0x000001c50d81f4f0 JavaThread "HttpClient-1-SelectorManager" daemon [_thread_in_native, id=32816, stack(0x0000001fdaa00000,0x0000001fdab00000) (1024K)]
  0x000001c50dd84160 JavaThread "External Process Output Forwarder - C:\Users\Rajeev nandi\.cache\selenium\chromedriver\win64\148.0.7778.178\chromedriver.exe" daemon [_thread_in_native, id=19832, stack(0x0000001fdab00000,0x0000001fdac00000) (1024K)]
  0x000001c50dd847d0 JavaThread "Driver Service Executor"    daemon [_thread_blocked, id=14892, stack(0x0000001fdac00000,0x0000001fdad00000) (1024K)]
  0x000001c4c79be020 JavaThread "Driver Service Executor"    daemon [_thread_blocked, id=29224, stack(0x0000001fdad00000,0x0000001fdae00000) (1024K)]
  0x000001c50d7f8050 JavaThread "UrlChecker-2"               daemon [_thread_blocked, id=11764, stack(0x0000001fdae00000,0x0000001fdaf00000) (1024K)]
  0x000001c50d7f79c0 JavaThread "JdkHttpClient-0-0"          daemon [_thread_blocked, id=30600, stack(0x0000001fdb000000,0x0000001fdb100000) (1024K)]
  0x000001c50d7f8d70 JavaThread "CompletableFutureDelayScheduler" daemon [_thread_blocked, id=16204, stack(0x0000001fdb100000,0x0000001fdb200000) (1024K)]
  0x000001c50d7f9400 JavaThread "JdkHttpClient-0-1"          daemon [_thread_blocked, id=25512, stack(0x0000001fdb200000,0x0000001fdb300000) (1024K)]
  0x000001c50d7f86e0 JavaThread "JdkHttpClient-0-2"          daemon [_thread_blocked, id=25088, stack(0x0000001fdb300000,0x0000001fdb400000) (1024K)]
  0x000001c50d7f5f80 JavaThread "JdkHttpClient-0-3"          daemon [_thread_blocked, id=33704, stack(0x0000001fdb400000,0x0000001fdb500000) (1024K)]
  0x000001c50d7f6ca0 JavaThread "HttpClient-2-SelectorManager" daemon [_thread_in_native, id=21336, stack(0x0000001fdb500000,0x0000001fdb600000) (1024K)]
  0x000001c50d7f7330 JavaThread "JdkHttpClient-1-0"          daemon [_thread_blocked, id=13484, stack(0x0000001fdb600000,0x0000001fdb700000) (1024K)]
  0x000001c50d909060 JavaThread "JdkHttpClient-1-1"          daemon [_thread_blocked, id=3000, stack(0x0000001fdb700000,0x0000001fdb800000) (1024K)]
  0x000001c50d90b130 JavaThread "JdkHttpClient-1-2"          daemon [_thread_blocked, id=25544, stack(0x0000001fdb800000,0x0000001fdb900000) (1024K)]
Total: 27

Other Threads:
  0x000001c4c6c39680 VMThread "VM Thread"                           [id=30484, stack(0x0000001fd9500000,0x0000001fd9600000) (1024K)]
  0x000001c4c6c23c70 WatcherThread "VM Periodic Task Thread"        [id=13012, stack(0x0000001fd9400000,0x0000001fd9500000) (1024K)]
  0x000001c4a8a855a0 WorkerThread "GC Thread#0"                     [id=32132, stack(0x0000001fd8f00000,0x0000001fd9000000) (1024K)]
  0x000001c50d4040b0 WorkerThread "GC Thread#1"                     [id=10512, stack(0x0000001fda200000,0x0000001fda300000) (1024K)]
  0x000001c50d404450 WorkerThread "GC Thread#2"                     [id=25452, stack(0x0000001fda300000,0x0000001fda400000) (1024K)]
  0x000001c50d4047f0 WorkerThread "GC Thread#3"                     [id=28412, stack(0x0000001fda400000,0x0000001fda500000) (1024K)]
  0x000001c50d507850 WorkerThread "GC Thread#4"                     [id=14096, stack(0x0000001fda500000,0x0000001fda600000) (1024K)]
  0x000001c50d4bf1a0 WorkerThread "GC Thread#5"                     [id=25192, stack(0x0000001fda600000,0x0000001fda700000) (1024K)]
  0x000001c50d4bf540 WorkerThread "GC Thread#6"                     [id=9628, stack(0x0000001fda700000,0x0000001fda800000) (1024K)]
  0x000001c50d4bf8e0 WorkerThread "GC Thread#7"                     [id=15152, stack(0x0000001fda800000,0x0000001fda900000) (1024K)]
  0x000001c4a8a95d10 ConcurrentGCThread "G1 Main Marker"            [id=31816, stack(0x0000001fd9000000,0x0000001fd9100000) (1024K)]
  0x000001c4a8a97d40 WorkerThread "G1 Conc#0"                       [id=18812, stack(0x0000001fd9100000,0x0000001fd9200000) (1024K)]
  0x000001c4c75ed090 WorkerThread "G1 Conc#1"                       [id=21836, stack(0x0000001fdb900000,0x0000001fdba00000) (1024K)]
  0x000001c4c6aeeff0 ConcurrentGCThread "G1 Refine#0"               [id=20692, stack(0x0000001fd9200000,0x0000001fd9300000) (1024K)]
  0x000001c4c6af87c0 ConcurrentGCThread "G1 Service"                [id=12512, stack(0x0000001fd9300000,0x0000001fd9400000) (1024K)]
Total: 15

Threads with active compile tasks:
C2 CompilerThread0    43224 3021   !   4       jdk.internal.loader.BuiltinClassLoader::loadClassOrNull (143 bytes)
C1 CompilerThread0    43224 3227       3       org.apache.xmlbeans.XmlOptions::isSavePrettyPrint (8 bytes)
Total: 2

VM state: not at safepoint (normal execution)

VM Mutex/Monitor currently owned by a thread: None

Heap address: 0x0000000084000000, size: 1984 MB, Compressed Oops mode: 32-bit

CDS archive(s) mapped at: [0x000001c4c8000000-0x000001c4c8c90000-0x000001c4c8c90000), size 13172736, SharedBaseAddress: 0x000001c4c8000000, ArchiveRelocationMode: 1.
Compressed class space mapped at: 0x000001c4c9000000-0x000001c509000000, reserved size: 1073741824
Narrow klass base: 0x000001c4c8000000, Narrow klass shift: 0, Narrow klass range: 0x100000000

GC Precious Log:
 CardTable entry size: 512
 Card Set container configuration: InlinePtr #cards 5 size 8 Array Of Cards #cards 12 size 40 Howl #buckets 4 coarsen threshold 1843 Howl Bitmap #cards 512 size 80 coarsen threshold 460 Card regions per heap region 1 cards per card region 2048
 CPUs: 8 total, 8 available
 Memory: 7934M
 Large Page Support: Disabled
 NUMA Support: Disabled
 Compressed Oops: Enabled (32-bit)
 Heap Region Size: 1M
 Heap Min Capacity: 8M
 Heap Initial Capacity: 124M
 Heap Max Capacity: 1984M
 Pre-touch: Disabled
 Parallel Workers: 8
 Concurrent Workers: 2
 Concurrent Refinement Workers: 8
 Periodic GC: Disabled

Heap:
 garbage-first heap   total 48128K, used 33070K [0x0000000084000000, 0x0000000100000000)
  region size 1024K, 21 young (21504K), 2 survivors (2048K)
 Metaspace       used 27247K, committed 27712K, reserved 1114112K
  class space    used 3258K, committed 3456K, reserved 1048576K

Heap Regions: E=young(eden), S=young(survivor), O=old, HS=humongous(starts), HC=humongous(continues), CS=collection set, F=free, TAMS=top-at-mark-start, PB=parsable bottom
|   0|0x0000000084000000, 0x0000000084100000, 0x0000000084100000|100%|HS|  |TAMS 0x0000000084000000| PB 0x0000000084000000| Complete 
|   1|0x0000000084100000, 0x0000000084200000, 0x0000000084200000|100%| O|  |TAMS 0x0000000084100000| PB 0x0000000084100000| Untracked 
|   2|0x0000000084200000, 0x0000000084300000, 0x0000000084300000|100%| O|  |TAMS 0x0000000084200000| PB 0x0000000084200000| Untracked 
|   3|0x0000000084300000, 0x0000000084400000, 0x0000000084400000|100%| O|  |TAMS 0x0000000084300000| PB 0x0000000084300000| Untracked 
|   4|0x0000000084400000, 0x0000000084500000, 0x0000000084500000|100%| O|  |TAMS 0x0000000084400000| PB 0x0000000084400000| Untracked 
|   5|0x0000000084500000, 0x0000000084600000, 0x0000000084600000|100%| O|  |TAMS 0x0000000084500000| PB 0x0000000084500000| Untracked 
|   6|0x0000000084600000, 0x0000000084700000, 0x0000000084700000|100%| O|  |TAMS 0x0000000084600000| PB 0x0000000084600000| Untracked 
|   7|0x0000000084700000, 0x0000000084700000, 0x0000000084800000|  0%| F|  |TAMS 0x0000000084700000| PB 0x0000000084700000| Untracked 
|   8|0x0000000084800000, 0x0000000084900000, 0x0000000084900000|100%| O|  |TAMS 0x0000000084800000| PB 0x0000000084800000| Untracked 
|   9|0x0000000084900000, 0x0000000084a00000, 0x0000000084a00000|100%| O|  |TAMS 0x0000000084900000| PB 0x0000000084900000| Untracked 
|  10|0x0000000084a00000, 0x0000000084b00000, 0x0000000084b00000|100%| O|  |TAMS 0x0000000084a00000| PB 0x0000000084a00000| Untracked 
|  11|0x0000000084b00000, 0x0000000084c00000, 0x0000000084c00000|100%| O|  |TAMS 0x0000000084b00000| PB 0x0000000084b00000| Untracked 
|  12|0x0000000084c00000, 0x0000000084d00000, 0x0000000084d00000|100%| O|  |TAMS 0x0000000084c00000| PB 0x0000000084c00000| Untracked 
|  13|0x0000000084d00000, 0x0000000084d79d50, 0x0000000084e00000| 47%| O|  |TAMS 0x0000000084d00000| PB 0x0000000084d00000| Untracked 
|  14|0x0000000084e00000, 0x0000000084e00000, 0x0000000084f00000|  0%| F|  |TAMS 0x0000000084e00000| PB 0x0000000084e00000| Untracked 
|  15|0x0000000084f00000, 0x0000000084f00000, 0x0000000085000000|  0%| F|  |TAMS 0x0000000084f00000| PB 0x0000000084f00000| Untracked 
|  16|0x0000000085000000, 0x0000000085000000, 0x0000000085100000|  0%| F|  |TAMS 0x0000000085000000| PB 0x0000000085000000| Untracked 
|  17|0x0000000085100000, 0x0000000085100000, 0x0000000085200000|  0%| F|  |TAMS 0x0000000085100000| PB 0x0000000085100000| Untracked 
|  18|0x0000000085200000, 0x0000000085200000, 0x0000000085300000|  0%| F|  |TAMS 0x0000000085200000| PB 0x0000000085200000| Untracked 
|  19|0x0000000085300000, 0x0000000085300000, 0x0000000085400000|  0%| F|  |TAMS 0x0000000085300000| PB 0x0000000085300000| Untracked 
|  20|0x0000000085400000, 0x0000000085400000, 0x0000000085500000|  0%| F|  |TAMS 0x0000000085400000| PB 0x0000000085400000| Untracked 
|  21|0x0000000085500000, 0x0000000085500000, 0x0000000085600000|  0%| F|  |TAMS 0x0000000085500000| PB 0x0000000085500000| Untracked 
|  22|0x0000000085600000, 0x0000000085600000, 0x0000000085700000|  0%| F|  |TAMS 0x0000000085600000| PB 0x0000000085600000| Untracked 
|  23|0x0000000085700000, 0x0000000085700000, 0x0000000085800000|  0%| F|  |TAMS 0x0000000085700000| PB 0x0000000085700000| Untracked 
|  24|0x0000000085800000, 0x00000000858d1cb8, 0x0000000085900000| 81%| S|CS|TAMS 0x0000000085800000| PB 0x0000000085800000| Complete 
|  25|0x0000000085900000, 0x0000000085a00000, 0x0000000085a00000|100%| S|CS|TAMS 0x0000000085900000| PB 0x0000000085900000| Complete 
|  26|0x0000000085a00000, 0x0000000085a00000, 0x0000000085b00000|  0%| F|  |TAMS 0x0000000085a00000| PB 0x0000000085a00000| Untracked 
|  27|0x0000000085b00000, 0x0000000085b00000, 0x0000000085c00000|  0%| F|  |TAMS 0x0000000085b00000| PB 0x0000000085b00000| Untracked 
|  28|0x0000000085c00000, 0x0000000085cdd550, 0x0000000085d00000| 86%| E|  |TAMS 0x0000000085c00000| PB 0x0000000085c00000| Complete 
|  29|0x0000000085d00000, 0x0000000085e00000, 0x0000000085e00000|100%| E|CS|TAMS 0x0000000085d00000| PB 0x0000000085d00000| Complete 
|  30|0x0000000085e00000, 0x0000000085f00000, 0x0000000085f00000|100%| E|CS|TAMS 0x0000000085e00000| PB 0x0000000085e00000| Complete 
|  31|0x0000000085f00000, 0x0000000086000000, 0x0000000086000000|100%| E|CS|TAMS 0x0000000085f00000| PB 0x0000000085f00000| Complete 
|  32|0x0000000086000000, 0x0000000086100000, 0x0000000086100000|100%| E|CS|TAMS 0x0000000086000000| PB 0x0000000086000000| Complete 
|  33|0x0000000086100000, 0x0000000086200000, 0x0000000086200000|100%| E|CS|TAMS 0x0000000086100000| PB 0x0000000086100000| Complete 
|  34|0x0000000086200000, 0x0000000086300000, 0x0000000086300000|100%| E|CS|TAMS 0x0000000086200000| PB 0x0000000086200000| Complete 
|  35|0x0000000086300000, 0x0000000086400000, 0x0000000086400000|100%| E|CS|TAMS 0x0000000086300000| PB 0x0000000086300000| Complete 
|  36|0x0000000086400000, 0x0000000086500000, 0x0000000086500000|100%| E|CS|TAMS 0x0000000086400000| PB 0x0000000086400000| Complete 
|  37|0x0000000086500000, 0x0000000086600000, 0x0000000086600000|100%| E|CS|TAMS 0x0000000086500000| PB 0x0000000086500000| Complete 
|  38|0x0000000086600000, 0x0000000086700000, 0x0000000086700000|100%| E|CS|TAMS 0x0000000086600000| PB 0x0000000086600000| Complete 
|  39|0x0000000086700000, 0x0000000086800000, 0x0000000086800000|100%| E|CS|TAMS 0x0000000086700000| PB 0x0000000086700000| Complete 
|  40|0x0000000086800000, 0x0000000086900000, 0x0000000086900000|100%| E|CS|TAMS 0x0000000086800000| PB 0x0000000086800000| Complete 
| 107|0x000000008ab00000, 0x000000008ac00000, 0x000000008ac00000|100%| E|CS|TAMS 0x000000008ab00000| PB 0x000000008ab00000| Complete 
| 108|0x000000008ac00000, 0x000000008ad00000, 0x000000008ad00000|100%| E|CS|TAMS 0x000000008ac00000| PB 0x000000008ac00000| Complete 
| 109|0x000000008ad00000, 0x000000008ae00000, 0x000000008ae00000|100%| E|CS|TAMS 0x000000008ad00000| PB 0x000000008ad00000| Complete 
| 110|0x000000008ae00000, 0x000000008af00000, 0x000000008af00000|100%| E|CS|TAMS 0x000000008ae00000| PB 0x000000008ae00000| Complete 
| 111|0x000000008af00000, 0x000000008b000000, 0x000000008b000000|100%| E|CS|TAMS 0x000000008af00000| PB 0x000000008af00000| Complete 
| 123|0x000000008bb00000, 0x000000008bc00000, 0x000000008bc00000|100%| E|CS|TAMS 0x000000008bb00000| PB 0x000000008bb00000| Complete 

Card table byte_map: [0x000001c4c22e0000,0x000001c4c26c0000] _byte_map_base: 0x000001c4c1ec0000

Marking Bits: (CMBitMap*) 0x000001c4a8a85bb0
 Bits: [0x000001c4c26c0000, 0x000001c4c45c0000)

Polling page: 0x000001c4a87b0000

Metaspace:

Usage:
  Non-class:     23.43 MB used.
      Class:      3.18 MB used.
       Both:     26.61 MB used.

Virtual space:
  Non-class space:       64.00 MB reserved,      23.69 MB ( 37%) committed,  1 nodes.
      Class space:        1.00 GB reserved,       3.38 MB ( <1%) committed,  1 nodes.
             Both:        1.06 GB reserved,      27.06 MB (  2%) committed. 

Chunk freelists:
   Non-Class:  7.45 MB
       Class:  12.60 MB
        Both:  20.05 MB

MaxMetaspaceSize: unlimited
CompressedClassSpaceSize: 1.00 GB
Initial GC threshold: 21.00 MB
Current GC threshold: 35.12 MB
CDS: on
 - commit_granule_bytes: 65536.
 - commit_granule_words: 8192.
 - virtual_space_node_default_size: 8388608.
 - enlarge_chunks_in_place: 1.
 - use_allocation_guard: 0.


Internal statistics:

num_allocs_failed_limit: 3.
num_arena_births: 550.
num_arena_deaths: 0.
num_vsnodes_births: 2.
num_vsnodes_deaths: 0.
num_space_committed: 433.
num_space_uncommitted: 0.
num_chunks_returned_to_freelist: 3.
num_chunks_taken_from_freelist: 1356.
num_chunk_merges: 3.
num_chunk_splits: 872.
num_chunks_enlarged: 566.
num_inconsistent_stats: 0.

CodeHeap 'non-profiled nmethods': size=120000Kb used=1262Kb max_used=1262Kb free=118737Kb
 bounds [0x000001c4b9f70000, 0x000001c4ba1e0000, 0x000001c4c14a0000]
CodeHeap 'profiled nmethods': size=120000Kb used=6501Kb max_used=6501Kb free=113498Kb
 bounds [0x000001c4b24a0000, 0x000001c4b2b00000, 0x000001c4b99d0000]
CodeHeap 'non-nmethods': size=5760Kb used=1751Kb max_used=1766Kb free=4008Kb
 bounds [0x000001c4b99d0000, 0x000001c4b9c40000, 0x000001c4b9f70000]
 total_blobs=3845 nmethods=3215 adapters=533
 compilation: enabled
              stopped_count=0, restarted_count=0
 full_count=0

Compilation events (20 events):
Event: 42.063 Thread 0x000001c4c71e2af0 3131       3       org.apache.xmlbeans.impl.store.Xobj::isContainer (8 bytes)
Event: 42.063 Thread 0x000001c4c71e2af0 nmethod 3131 0x000001c4b2abd410 code [0x000001c4b2abd5c0, 0x000001c4b2abd818]
Event: 42.064 Thread 0x000001c4c71e2af0 3132       3       org.apache.xmlbeans.impl.store.Cur::kindIsContainer (16 bytes)
Event: 42.064 Thread 0x000001c4c71e2af0 nmethod 3132 0x000001c4b2abd910 code [0x000001c4b2abdaa0, 0x000001c4b2abdc18]
Event: 42.064 Thread 0x000001c4c71e2af0 3134       3       org.apache.xmlbeans.impl.values.XmlObjectBase::get_store (32 bytes)
Event: 42.064 Thread 0x000001c4c71e2af0 nmethod 3134 0x000001c4b2abdc90 code [0x000001c4b2abde60, 0x000001c4b2abe1a0]
Event: 42.064 Thread 0x000001c4c71e2af0 3133       3       org.apache.xmlbeans.impl.values.XmlObjectBase::attach_store (77 bytes)
Event: 42.065 Thread 0x000001c4c71e2af0 nmethod 3133 0x000001c4b2abe290 code [0x000001c4b2abe500, 0x000001c4b2abf230]
Event: 42.112 Thread 0x000001c4c71e2af0 3136       3       org.apache.xmlbeans.impl.store.Cur::isOnList (21 bytes)
Event: 42.113 Thread 0x000001c4c71e2af0 nmethod 3136 0x000001c4b2abf610 code [0x000001c4b2abf7c0, 0x000001c4b2abf9e8]
Event: 42.113 Thread 0x000001c4c71e2af0 3135       3       org.apache.xmlbeans.impl.store.Xobj::isNormal (105 bytes)
Event: 42.115 Thread 0x000001c4c71e2af0 nmethod 3135 0x000001c4b2abfb10 code [0x000001c4b2abfd80, 0x000001c4b2ac0990]
Event: 42.115 Thread 0x000001c4c71e2af0 3137       3       org.apache.xmlbeans.impl.store.Cur::isNormal (109 bytes)
Event: 42.116 Thread 0x000001c4c71e2af0 nmethod 3137 0x000001c4b2ac0c90 code [0x000001c4b2ac0ec0, 0x000001c4b2ac1618]
Event: 42.121 Thread 0x000001c4c71e2af0 3138       3       org.apache.xmlbeans.impl.store.Cur::isPositioned (34 bytes)
Event: 42.121 Thread 0x000001c4c71e2af0 nmethod 3138 0x000001c4b2ac1890 code [0x000001c4b2ac1a60, 0x000001c4b2ac1d30]
Event: 42.129 Thread 0x000001c4c71e2af0 3141       3       org.apache.xmlbeans.impl.store.Xobj::posAfter (7 bytes)
Event: 42.129 Thread 0x000001c4c71e2af0 nmethod 3141 0x000001c4b2ac1e10 code [0x000001c4b2ac1fa0, 0x000001c4b2ac20b0]
Event: 42.129 Thread 0x000001c4c71e2af0 3139       3       org.apache.xmlbeans.impl.store.Cur::moveTo (274 bytes)
Event: 43.142 Thread 0x000001c4c71e2af0 nmethod 3139 0x000001c4b2ac2190 code [0x000001c4b2ac24a0, 0x000001c4b2ac36b8]

GC Heap History (10 events):
Event: 2.149 GC heap before
{Heap before GC invocations=0 (full 0):
 garbage-first heap   total 126976K, used 23552K [0x0000000084000000, 0x0000000100000000)
  region size 1024K, 23 young (23552K), 0 survivors (0K)
 Metaspace       used 7616K, committed 7936K, reserved 1114112K
  class space    used 857K, committed 1024K, reserved 1048576K
}
Event: 2.171 GC heap after
{Heap after GC invocations=1 (full 0):
 garbage-first heap   total 126976K, used 7600K [0x0000000084000000, 0x0000000100000000)
  region size 1024K, 3 young (3072K), 3 survivors (3072K)
 Metaspace       used 7616K, committed 7936K, reserved 1114112K
  class space    used 857K, committed 1024K, reserved 1048576K
}
Event: 6.599 GC heap before
{Heap before GC invocations=1 (full 0):
 garbage-first heap   total 126976K, used 36272K [0x0000000084000000, 0x0000000100000000)
  region size 1024K, 32 young (32768K), 3 survivors (3072K)
 Metaspace       used 18321K, committed 18752K, reserved 1114112K
  class space    used 2168K, committed 2368K, reserved 1048576K
}
Event: 6.612 GC heap after
{Heap after GC invocations=2 (full 0):
 garbage-first heap   total 126976K, used 12017K [0x0000000084000000, 0x0000000100000000)
  region size 1024K, 4 young (4096K), 4 survivors (4096K)
 Metaspace       used 18321K, committed 18752K, reserved 1114112K
  class space    used 2168K, committed 2368K, reserved 1048576K
}
Event: 39.220 GC heap before
{Heap before GC invocations=2 (full 0):
 garbage-first heap   total 126976K, used 23281K [0x0000000084000000, 0x0000000100000000)
  region size 1024K, 16 young (16384K), 4 survivors (4096K)
 Metaspace       used 21070K, committed 21504K, reserved 1114112K
  class space    used 2535K, committed 2752K, reserved 1048576K
}
Event: 39.273 GC heap after
{Heap after GC invocations=3 (full 0):
 garbage-first heap   total 126976K, used 13098K [0x0000000084000000, 0x0000000100000000)
  region size 1024K, 5 young (5120K), 5 survivors (5120K)
 Metaspace       used 21070K, committed 21504K, reserved 1114112K
  class space    used 2535K, committed 2752K, reserved 1048576K
}
Event: 41.225 GC heap before
{Heap before GC invocations=4 (full 0):
 garbage-first heap   total 48128K, used 36650K [0x0000000084000000, 0x0000000100000000)
  region size 1024K, 28 young (28672K), 5 survivors (5120K)
 Metaspace       used 25490K, committed 25984K, reserved 1114112K
  class space    used 3050K, committed 3264K, reserved 1048576K
}
Event: 41.240 GC heap after
{Heap after GC invocations=5 (full 0):
 garbage-first heap   total 48128K, used 14184K [0x0000000084000000, 0x0000000100000000)
  region size 1024K, 3 young (3072K), 3 survivors (3072K)
 Metaspace       used 25490K, committed 25984K, reserved 1114112K
  class space    used 3050K, committed 3264K, reserved 1048576K
}
Event: 41.343 GC heap before
{Heap before GC invocations=5 (full 0):
 garbage-first heap   total 48128K, used 35688K [0x0000000084000000, 0x0000000100000000)
  region size 1024K, 24 young (24576K), 3 survivors (3072K)
 Metaspace       used 25490K, committed 25984K, reserved 1114112K
  class space    used 3050K, committed 3264K, reserved 1048576K
}
Event: 41.355 GC heap after
{Heap after GC invocations=6 (full 0):
 garbage-first heap   total 48128K, used 14638K [0x0000000084000000, 0x0000000100000000)
  region size 1024K, 2 young (2048K), 2 survivors (2048K)
 Metaspace       used 25490K, committed 25984K, reserved 1114112K
  class space    used 3050K, committed 3264K, reserved 1048576K
}

Dll operation events (11 events):
Event: 0.024 Loaded shared library C:\Program Files\Java\jdk-21\bin\java.dll
Event: 0.097 Loaded shared library C:\Program Files\Java\jdk-21\bin\jsvml.dll
Event: 0.421 Loaded shared library C:\Program Files\Java\jdk-21\bin\net.dll
Event: 0.428 Loaded shared library C:\Program Files\Java\jdk-21\bin\nio.dll
Event: 0.466 Loaded shared library C:\Program Files\Java\jdk-21\bin\zip.dll
Event: 0.971 Loaded shared library C:\Program Files\Java\jdk-21\bin\jimage.dll
Event: 1.053 Loaded shared library C:\Program Files\Java\jdk-21\bin\verify.dll
Event: 1.221 Loaded shared library C:\Program Files\Java\jdk-21\bin\extnet.dll
Event: 5.549 Loaded shared library C:\Program Files\Java\jdk-21\bin\management.dll
Event: 5.554 Loaded shared library C:\Program Files\Java\jdk-21\bin\management_ext.dll
Event: 5.950 Loaded shared library C:\Program Files\Java\jdk-21\bin\sunmscapi.dll

Deoptimization events (20 events):
Event: 40.854 Thread 0x000001c4a8687330 Uncommon trap: trap_request=0xffffff45 fr.pc=0x000001c4b9fee894 relative=0x00000000000000f4
Event: 40.854 Thread 0x000001c4a8687330 Uncommon trap: reason=unstable_if action=reinterpret pc=0x000001c4b9fee894 method=java.util.HashMap.hash(Ljava/lang/Object;)I @ 1 c2
Event: 40.854 Thread 0x000001c4a8687330 DEOPT PACKING pc=0x000001c4b9fee894 sp=0x0000001fd8ef9ef0
Event: 40.854 Thread 0x000001c4a8687330 DEOPT UNPACKING pc=0x000001c4b9a27da2 sp=0x0000001fd8ef9e30 mode 2
Event: 41.002 Thread 0x000001c4a8687330 Uncommon trap: trap_request=0xffffff45 fr.pc=0x000001c4ba071418 relative=0x0000000000001778
Event: 41.003 Thread 0x000001c4a8687330 Uncommon trap: reason=unstable_if action=reinterpret pc=0x000001c4ba071418 method=java.util.jar.JarFile.getVersionedEntry(Ljava/lang/String;Ljava/util/jar/JarEntry;)Ljava/util/jar/JarEntry; @ 26 c2
Event: 41.004 Thread 0x000001c4a8687330 DEOPT PACKING pc=0x000001c4ba071418 sp=0x0000001fd8ef8360
Event: 41.004 Thread 0x000001c4a8687330 DEOPT UNPACKING pc=0x000001c4b9a27da2 sp=0x0000001fd8ef8350 mode 2
Event: 41.380 Thread 0x000001c4a8687330 Uncommon trap: trap_request=0xffffff45 fr.pc=0x000001c4ba099e3c relative=0x0000000000001edc
Event: 41.380 Thread 0x000001c4a8687330 Uncommon trap: reason=unstable_if action=reinterpret pc=0x000001c4ba099e3c method=java.util.zip.InflaterInputStream.read([BII)I @ 74 c2
Event: 41.380 Thread 0x000001c4a8687330 DEOPT PACKING pc=0x000001c4ba099e3c sp=0x0000001fd8efb870
Event: 41.380 Thread 0x000001c4a8687330 DEOPT UNPACKING pc=0x000001c4b9a27da2 sp=0x0000001fd8efb8a0 mode 2
Event: 41.389 Thread 0x000001c4a8687330 Uncommon trap: trap_request=0xffffff45 fr.pc=0x000001c4ba09dc5c relative=0x0000000000000c5c
Event: 41.389 Thread 0x000001c4a8687330 Uncommon trap: reason=unstable_if action=reinterpret pc=0x000001c4ba09dc5c method=org.apache.xmlbeans.impl.util.LongUTFDataInputStream.readLongUTF()Ljava/lang/String; @ 90 c2
Event: 41.389 Thread 0x000001c4a8687330 DEOPT PACKING pc=0x000001c4ba09dc5c sp=0x0000001fd8efb9f0
Event: 41.389 Thread 0x000001c4a8687330 DEOPT UNPACKING pc=0x000001c4b9a27da2 sp=0x0000001fd8efb9b0 mode 2
Event: 41.511 Thread 0x000001c4a8687330 Uncommon trap: trap_request=0xffffff45 fr.pc=0x000001c4ba0a41d8 relative=0x00000000000002d8
Event: 41.511 Thread 0x000001c4a8687330 Uncommon trap: reason=unstable_if action=reinterpret pc=0x000001c4ba0a41d8 method=org.apache.xmlbeans.impl.schema.SchemaTypeSystemImpl$StringPool.stringForCode(I)Ljava/lang/String; @ 1 c2
Event: 41.511 Thread 0x000001c4a8687330 DEOPT PACKING pc=0x000001c4ba0a41d8 sp=0x0000001fd8efc570
Event: 41.511 Thread 0x000001c4a8687330 DEOPT UNPACKING pc=0x000001c4b9a27da2 sp=0x0000001fd8efc4c0 mode 2

Classes loaded (20 events):
Event: 41.087 Loading class java/io/UTFDataFormatException
Event: 41.088 Loading class java/io/UTFDataFormatException done
Event: 41.619 Loading class org/w3c/dom/DOMImplementation
Event: 41.619 Loading class org/w3c/dom/DOMImplementation done
Event: 41.638 Loading class org/w3c/dom/CDATASection
Event: 41.639 Loading class org/w3c/dom/CDATASection done
Event: 41.648 Loading class org/xml/sax/ext/LexicalHandler
Event: 41.649 Loading class org/xml/sax/ext/LexicalHandler done
Event: 41.649 Loading class org/xml/sax/ext/DeclHandler
Event: 41.650 Loading class org/xml/sax/ext/DeclHandler done
Event: 41.681 Loading class java/lang/AbstractMethodError
Event: 41.681 Loading class java/lang/AbstractMethodError done
Event: 41.698 Loading class org/w3c/dom/Comment
Event: 41.698 Loading class org/w3c/dom/Comment done
Event: 41.702 Loading class org/w3c/dom/ProcessingInstruction
Event: 41.702 Loading class org/w3c/dom/ProcessingInstruction done
Event: 41.709 Loading class org/w3c/dom/DocumentFragment
Event: 41.709 Loading class org/w3c/dom/DocumentFragment done
Event: 42.096 Loading class java/util/ConcurrentModificationException
Event: 42.097 Loading class java/util/ConcurrentModificationException done

Classes unloaded (0 events):
No events

Classes redefined (0 events):
No events

Internal exceptions (20 events):
Event: 6.594 Thread 0x000001c50d7f79c0 Exception <a 'java/lang/NoSuchMethodError'{0x0000000089cee7a0}: 'void java.lang.invoke.DirectMethodHandle$Holder.invokeSpecial(java.lang.Object, java.lang.Object, java.lang.Object, java.lang.Object, java.lang.Object)'> (0x0000000089cee7a0) 
thrown [s\open\src\hotspot\share\interpreter\linkResolver.cpp, line 773]
Event: 6.631 Thread 0x000001c50d7f9400 Exception <a 'java/lang/NoSuchMethodError'{0x000000008bbc36f8}: 'int java.lang.invoke.DirectMethodHandle$Holder.invokeSpecialIFC(java.lang.Object, java.lang.Object, java.lang.Object, java.lang.Object, java.lang.Object)'> (0x000000008bbc36f8) 
thrown [s\open\src\hotspot\share\interpreter\linkResolver.cpp, line 773]
Event: 9.139 Thread 0x000001c50d7f9400 Exception <a 'java/lang/NoSuchMethodError'{0x000000008ba20020}: 'java.lang.Object java.lang.invoke.DirectMethodHandle$Holder.newInvokeSpecial(java.lang.Object, java.lang.Object, long, java.lang.Object, java.lang.Object, java.lang.Object)'> (0x000000008ba20020) 
thrown [s\open\src\hotspot\share\interpreter\linkResolver.cpp, line 773]
Event: 9.147 Thread 0x000001c50d7f9400 Exception <a 'java/lang/NoSuchMethodError'{0x000000008ba65040}: 'void java.lang.invoke.DirectMethodHandle$Holder.invokeSpecial(java.lang.Object, java.lang.Object, java.lang.Object, java.lang.Object, java.lang.Object, java.lang.Object, java.lang.Object)'> (0x000000008ba65040) 
thrown [s\open\src\hotspot\share\interpreter\linkResolver.cpp, line 773]
Event: 9.191 Thread 0x000001c4a8687330 Exception <a 'java/lang/NoSuchMethodError'{0x000000008babd020}: 'java.lang.Object java.lang.invoke.DirectMethodHandle$Holder.invokeSpecialIFC(java.lang.Object, java.lang.Object, java.lang.Object)'> (0x000000008babd020) 
thrown [s\open\src\hotspot\share\interpreter\linkResolver.cpp, line 773]
Event: 9.753 Thread 0x000001c4a8687330 Exception <a 'java/lang/ClassNotFoundException'{0x000000008b6312f0}: sun/util/logging/resources/spi/loggingProvider> (0x000000008b6312f0) 
thrown [s\open\src\hotspot\share\classfile\systemDictionary.cpp, line 312]
Event: 31.384 Thread 0x000001c4a8687330 Exception <a 'java/lang/NoSuchMethodError'{0x000000008b396e58}: 'long java.lang.invoke.DelegatingMethodHandle$Holder.reinvoke_L(java.lang.Object, java.lang.Object)'> (0x000000008b396e58) 
thrown [s\open\src\hotspot\share\interpreter\linkResolver.cpp, line 773]
Event: 31.387 Thread 0x000001c4a8687330 Exception <a 'java/lang/NoSuchMethodError'{0x000000008b3a0b20}: 'void java.lang.invoke.DelegatingMethodHandle$Holder.reinvoke_L(java.lang.Object, java.lang.Object, long)'> (0x000000008b3a0b20) 
thrown [s\open\src\hotspot\share\interpreter\linkResolver.cpp, line 773]
Event: 31.390 Thread 0x000001c4a8687330 Exception <a 'java/lang/NoSuchMethodError'{0x000000008b3a7300}: 'long java.lang.invoke.Invokers$Holder.invokeExact_MT(java.lang.Object, java.lang.Object, java.lang.Object)'> (0x000000008b3a7300) 
thrown [s\open\src\hotspot\share\interpreter\linkResolver.cpp, line 773]
Event: 37.921 Thread 0x000001c4a8687330 Implicit null exception at 0x000001c4ba050a35 to 0x000001c4ba050f5c
Event: 37.995 Thread 0x000001c4a8687330 Exception <a 'java/lang/IncompatibleClassChangeError'{0x000000008b190470}: Found class java.lang.Object, but interface was expected> (0x000000008b190470) 
thrown [s\open\src\hotspot\share\interpreter\linkResolver.cpp, line 840]
Event: 39.692 Thread 0x000001c4a8687330 Exception <a 'java/lang/NoSuchMethodError'{0x0000000086525478}: 'void java.lang.invoke.DirectMethodHandle$Holder.invokeVirtual(java.lang.Object, java.lang.Object, java.lang.Object, int)'> (0x0000000086525478) 
thrown [s\open\src\hotspot\share\interpreter\linkResolver.cpp, line 773]
Event: 39.695 Thread 0x000001c4a8687330 Exception <a 'java/lang/NoSuchMethodError'{0x000000008652c698}: 'void java.lang.invoke.DirectMethodHandle$Holder.invokeVirtual(java.lang.Object, java.lang.Object, java.lang.Object, java.lang.Object)'> (0x000000008652c698) 
thrown [s\open\src\hotspot\share\interpreter\linkResolver.cpp, line 773]
Event: 39.729 Thread 0x000001c4a8687330 Exception <a 'java/lang/NoSuchMethodError'{0x000000008655b5f0}: 'void java.lang.invoke.DirectMethodHandle$Holder.invokeStatic(java.lang.Object, java.lang.Object, java.lang.Object, int)'> (0x000000008655b5f0) 
thrown [s\open\src\hotspot\share\interpreter\linkResolver.cpp, line 773]
Event: 39.729 Thread 0x000001c4a8687330 Exception <a 'java/lang/NoSuchMethodError'{0x000000008655eac0}: 'void java.lang.invoke.DirectMethodHandle$Holder.invokeStaticInit(java.lang.Object, java.lang.Object, java.lang.Object, int)'> (0x000000008655eac0) 
thrown [s\open\src\hotspot\share\interpreter\linkResolver.cpp, line 773]
Event: 40.067 Thread 0x000001c4a8687330 Exception <a 'java/lang/NoSuchMethodError'{0x0000000086105978}: 'java.lang.Object java.lang.invoke.DirectMethodHandle$Holder.invokeStaticInit(java.lang.Object, java.lang.Object, java.lang.Object)'> (0x0000000086105978) 
thrown [s\open\src\hotspot\share\interpreter\linkResolver.cpp, line 773]
Event: 40.070 Thread 0x000001c4a8687330 Exception <a 'java/lang/NoSuchMethodError'{0x000000008610b3a0}: 'java.lang.Object java.lang.invoke.DirectMethodHandle$Holder.invokeStatic(java.lang.Object, java.lang.Object, int, int)'> (0x000000008610b3a0) 
thrown [s\open\src\hotspot\share\interpreter\linkResolver.cpp, line 773]
Event: 40.071 Thread 0x000001c4a8687330 Exception <a 'java/lang/NoSuchMethodError'{0x000000008610ea50}: 'java.lang.Object java.lang.invoke.DirectMethodHandle$Holder.invokeStaticInit(java.lang.Object, java.lang.Object, int, int)'> (0x000000008610ea50) 
thrown [s\open\src\hotspot\share\interpreter\linkResolver.cpp, line 773]
Event: 40.854 Thread 0x000001c4a8687330 Implicit null exception at 0x000001c4b9fee7e6 to 0x000001c4b9fee88a
Event: 41.095 Thread 0x000001c4a8687330 Exception <a 'java/lang/NoSuchMethodError'{0x0000000085ab4f50}: 'java.lang.Object java.lang.invoke.DirectMethodHandle$Holder.newInvokeSpecial(java.lang.Object, java.lang.Object, int, java.lang.Object)'> (0x0000000085ab4f50) 
thrown [s\open\src\hotspot\share\interpreter\linkResolver.cpp, line 773]

ZGC Phase Switch (0 events):
No events

VM Operations (20 events):
Event: 37.073 Executing VM operation: Cleanup done
Event: 38.079 Executing VM operation: Cleanup
Event: 39.048 Executing VM operation: Cleanup done
Event: 39.218 Executing VM operation: CollectForMetadataAllocation (Metadata GC Threshold)
Event: 39.273 Executing VM operation: CollectForMetadataAllocation (Metadata GC Threshold) done
Event: 39.300 Executing VM operation: G1PauseRemark
Event: 39.323 Executing VM operation: G1PauseRemark done
Event: 39.326 Executing VM operation: G1PauseCleanup
Event: 39.337 Executing VM operation: G1PauseCleanup done
Event: 39.516 Executing VM operation: HandshakeAllThreads (Deoptimize)
Event: 39.517 Executing VM operation: HandshakeAllThreads (Deoptimize) done
Event: 40.525 Executing VM operation: Cleanup
Event: 40.526 Executing VM operation: Cleanup done
Event: 41.087 Executing VM operation: HandshakeAllThreads (Deoptimize)
Event: 41.087 Executing VM operation: HandshakeAllThreads (Deoptimize) done
Event: 41.225 Executing VM operation: G1CollectForAllocation (G1 Evacuation Pause)
Event: 41.240 Executing VM operation: G1CollectForAllocation (G1 Evacuation Pause) done
Event: 41.343 Executing VM operation: G1CollectForAllocation (G1 Evacuation Pause)
Event: 41.355 Executing VM operation: G1CollectForAllocation (G1 Evacuation Pause) done
Event: 42.364 Executing VM operation: Cleanup

Events (20 events):
Event: 1.236 Thread 0x000001c4c7876c50 Thread added: 0x000001c4c7876c50
Event: 5.656 Thread 0x000001c50d458f10 Thread added: 0x000001c50d458f10
Event: 5.816 Thread 0x000001c50d458f10 Thread exited: 0x000001c50d458f10
Event: 5.869 Thread 0x000001c4c7c9ea00 Thread added: 0x000001c4c7c9ea00
Event: 6.270 Thread 0x000001c50d81f4f0 Thread added: 0x000001c50d81f4f0
Event: 6.315 Thread 0x000001c50dd84160 Thread added: 0x000001c50dd84160
Event: 6.319 Thread 0x000001c50dd847d0 Thread added: 0x000001c50dd847d0
Event: 6.320 Thread 0x000001c4c79be020 Thread added: 0x000001c4c79be020
Event: 6.330 Thread 0x000001c50d7f8050 Thread added: 0x000001c50d7f8050
Event: 6.456 Thread 0x000001c50d7f6610 Thread added: 0x000001c50d7f6610
Event: 6.519 Thread 0x000001c50d7f79c0 Thread added: 0x000001c50d7f79c0
Event: 6.526 Thread 0x000001c50d7f8d70 Thread added: 0x000001c50d7f8d70
Event: 6.626 Thread 0x000001c50d7f9400 Thread added: 0x000001c50d7f9400
Event: 6.628 Thread 0x000001c50d7f86e0 Thread added: 0x000001c50d7f86e0
Event: 6.629 Thread 0x000001c50d7f5f80 Thread added: 0x000001c50d7f5f80
Event: 9.506 Thread 0x000001c50d7f6ca0 Thread added: 0x000001c50d7f6ca0
Event: 9.508 Thread 0x000001c50d7f7330 Thread added: 0x000001c50d7f7330
Event: 9.530 Thread 0x000001c50d909060 Thread added: 0x000001c50d909060
Event: 9.535 Thread 0x000001c50d90b130 Thread added: 0x000001c50d90b130
Event: 16.462 Thread 0x000001c50d7f6610 Thread exited: 0x000001c50d7f6610


Dynamic libraries:
0x00007ff6bdff0000 - 0x00007ff6be000000 	C:\Program Files\Java\jdk-21\bin\javaw.exe
0x00007ff961200000 - 0x00007ff961466000 	C:\WINDOWS\SYSTEM32\ntdll.dll
0x00007ff95fb30000 - 0x00007ff95fbf9000 	C:\WINDOWS\System32\KERNEL32.DLL
0x00007ff95e700000 - 0x00007ff95eafa000 	C:\WINDOWS\System32\KERNELBASE.dll
0x00007ff95eca0000 - 0x00007ff95edec000 	C:\WINDOWS\System32\ucrtbase.dll
0x00007ff94de20000 - 0x00007ff94de39000 	C:\Program Files\Java\jdk-21\bin\jli.dll
0x00007ff94de40000 - 0x00007ff94de5b000 	C:\Program Files\Java\jdk-21\bin\VCRUNTIME140.dll
0x00007ff961040000 - 0x00007ff9610f6000 	C:\WINDOWS\System32\ADVAPI32.dll
0x00007ff95fc90000 - 0x00007ff95fd39000 	C:\WINDOWS\System32\msvcrt.dll
0x00007ff9601c0000 - 0x00007ff96026a000 	C:\WINDOWS\System32\sechost.dll
0x00007ff95ef80000 - 0x00007ff95f098000 	C:\WINDOWS\System32\RPCRT4.dll
0x00007ff95f4f0000 - 0x00007ff95f6b7000 	C:\WINDOWS\System32\USER32.dll
0x00007ff95ebb0000 - 0x00007ff95ebd7000 	C:\WINDOWS\System32\win32u.dll
0x00007ff943eb0000 - 0x00007ff944142000 	C:\WINDOWS\WinSxS\amd64_microsoft.windows.common-controls_6595b64144ccf1df_6.0.26100.8521_none_3e08b75ce33403b3\COMCTL32.dll
0x00007ff960170000 - 0x00007ff96019b000 	C:\WINDOWS\System32\GDI32.dll
0x00007ff95e490000 - 0x00007ff95e5bb000 	C:\WINDOWS\System32\gdi32full.dll
0x00007ff95eb00000 - 0x00007ff95eba3000 	C:\WINDOWS\System32\msvcp_win.dll
0x00007ff94d650000 - 0x00007ff94d65b000 	C:\WINDOWS\SYSTEM32\VERSION.dll
0x00007ff95f6c0000 - 0x00007ff95f6f2000 	C:\WINDOWS\System32\IMM32.DLL
0x00007ff94df20000 - 0x00007ff94df2c000 	C:\Program Files\Java\jdk-21\bin\vcruntime140_1.dll
0x00007ff943090000 - 0x00007ff94311e000 	C:\Program Files\Java\jdk-21\bin\msvcp140.dll
0x00007ff8dfdb0000 - 0x00007ff8e0ac7000 	C:\Program Files\Java\jdk-21\bin\server\jvm.dll
0x00007ff95faa0000 - 0x00007ff95fb20000 	C:\WINDOWS\System32\WS2_32.dll
0x00007ff95e2f0000 - 0x00007ff95e34e000 	C:\WINDOWS\SYSTEM32\POWRPROF.dll
0x00007ff956090000 - 0x00007ff9560c6000 	C:\WINDOWS\SYSTEM32\WINMM.dll
0x00007ff95e2d0000 - 0x00007ff95e2e4000 	C:\WINDOWS\SYSTEM32\UMPDC.dll
0x00007ff95d220000 - 0x00007ff95d23b000 	C:\WINDOWS\SYSTEM32\kernel.appcore.dll
0x00007ff94ddc0000 - 0x00007ff94ddca000 	C:\Program Files\Java\jdk-21\bin\jimage.dll
0x00007ff95ba90000 - 0x00007ff95bcd2000 	C:\WINDOWS\SYSTEM32\DBGHELP.DLL
0x00007ff95f700000 - 0x00007ff95fa83000 	C:\WINDOWS\System32\combase.dll
0x00007ff95ff20000 - 0x00007ff95fff9000 	C:\WINDOWS\System32\OLEAUT32.dll
0x00007ff940190000 - 0x00007ff9401cb000 	C:\WINDOWS\SYSTEM32\dbgcore.DLL
0x00007ff95e5c0000 - 0x00007ff95e668000 	C:\WINDOWS\System32\bcryptPrimitives.dll
0x00007ff94dda0000 - 0x00007ff94ddbf000 	C:\Program Files\Java\jdk-21\bin\java.dll
0x00007ff960890000 - 0x00007ff961014000 	C:\WINDOWS\System32\SHELL32.dll
0x00007ff95c040000 - 0x00007ff95c8c0000 	C:\WINDOWS\SYSTEM32\windows.storage.dll
0x00007ff95f290000 - 0x00007ff95f386000 	C:\WINDOWS\System32\SHCORE.dll
0x00007ff960100000 - 0x00007ff960167000 	C:\WINDOWS\System32\shlwapi.dll
0x00007ff95e3b0000 - 0x00007ff95e3d9000 	C:\WINDOWS\SYSTEM32\profapi.dll
0x00007ff8e6ff0000 - 0x00007ff8e70c7000 	C:\Program Files\Java\jdk-21\bin\jsvml.dll
0x00007ff94dd90000 - 0x00007ff94dda0000 	C:\Program Files\Java\jdk-21\bin\net.dll
0x00007ff950200000 - 0x00007ff950329000 	C:\WINDOWS\SYSTEM32\WINHTTP.dll
0x00007ff95d790000 - 0x00007ff95d7fc000 	C:\WINDOWS\system32\mswsock.dll
0x00007ff94dd70000 - 0x00007ff94dd86000 	C:\Program Files\Java\jdk-21\bin\nio.dll
0x00007ff943070000 - 0x00007ff943088000 	C:\Program Files\Java\jdk-21\bin\zip.dll
0x00007ff94dd60000 - 0x00007ff94dd70000 	C:\Program Files\Java\jdk-21\bin\verify.dll
0x00007ff95cd00000 - 0x00007ff95ce4a000 	C:\WINDOWS\SYSTEM32\DNSAPI.dll
0x00007ff95d590000 - 0x00007ff95d59d000 	C:\WINDOWS\SYSTEM32\DSPARSE.dll
0x00007ff95cc40000 - 0x00007ff95cc73000 	C:\WINDOWS\SYSTEM32\IPHLPAPI.DLL
0x00007ff95ef70000 - 0x00007ff95ef7a000 	C:\WINDOWS\System32\NSI.dll
0x00007ff94f400000 - 0x00007ff94f40b000 	C:\Windows\System32\rasadhlp.dll
0x00007ff9585d0000 - 0x00007ff958656000 	C:\WINDOWS\System32\fwpuclnt.dll
0x00007ff94de90000 - 0x00007ff94de99000 	C:\Program Files\Java\jdk-21\bin\extnet.dll
0x00007ff95da70000 - 0x00007ff95da8b000 	C:\WINDOWS\SYSTEM32\CRYPTSP.dll
0x00007ff95d180000 - 0x00007ff95d1b9000 	C:\WINDOWS\system32\rsaenh.dll
0x00007ff95d840000 - 0x00007ff95d873000 	C:\WINDOWS\SYSTEM32\USERENV.dll
0x00007ff95e380000 - 0x00007ff95e3aa000 	C:\WINDOWS\SYSTEM32\bcrypt.dll
0x00007ff95da90000 - 0x00007ff95da9c000 	C:\WINDOWS\SYSTEM32\CRYPTBASE.dll
0x00007ff94df80000 - 0x00007ff94df8a000 	C:\Program Files\Java\jdk-21\bin\management.dll
0x00007ff94dea0000 - 0x00007ff94deab000 	C:\Program Files\Java\jdk-21\bin\management_ext.dll
0x00007ff9601a0000 - 0x00007ff9601a8000 	C:\WINDOWS\System32\PSAPI.DLL
0x00007ff943060000 - 0x00007ff94306e000 	C:\Program Files\Java\jdk-21\bin\sunmscapi.dll
0x00007ff95edf0000 - 0x00007ff95ef68000 	C:\WINDOWS\System32\CRYPT32.dll
0x00007ff95dc90000 - 0x00007ff95dcc0000 	C:\WINDOWS\SYSTEM32\ncrypt.dll
0x00007ff95dc40000 - 0x00007ff95dc7f000 	C:\WINDOWS\SYSTEM32\NTASN1.dll
0x00007ff91cd20000 - 0x00007ff91cd28000 	C:\WINDOWS\system32\wshunix.dll

dbghelp: loaded successfully - version: 4.0.5 - missing functions: none
symbol engine: initialized successfully - sym options: 0x614 - pdb path: .;C:\Program Files\Java\jdk-21\bin;C:\WINDOWS\SYSTEM32;C:\WINDOWS\WinSxS\amd64_microsoft.windows.common-controls_6595b64144ccf1df_6.0.26100.8521_none_3e08b75ce33403b3;C:\Program Files\Java\jdk-21\bin\server

VM Arguments:
jvm_args: -ea -Dfile.encoding=UTF-8 -Dstdout.encoding=UTF-8 -Dstderr.encoding=UTF-8 -XX:+ShowCodeDetailsInExceptionMessages 
java_command: org.testng.remote.RemoteTestNG -serport 50635 -protocol json -d D:\Eclipse-Rajeev\Octopussaas_main_Framework\test-output C:\Users\Rajeev nandi\AppData\Local\Temp\testng-eclipse--369276465\testng-customsuite.xml
java_class_path (initial): C:\Users\Rajeev nandi\eclipse\java-2025-06\eclipse\configuration\org.eclipse.osgi\523\0\.cp\lib\testng-remote.jar;D:\Eclipse-Rajeev\Octopussaas_main_Framework\target\test-classes;D:\Eclipse-Rajeev\Octopussaas_main_Framework\target\classes;C:\Users\Rajeev nandi\.m2\repository\org\seleniumhq\selenium\selenium-java\4.34.0\selenium-java-4.34.0.jar;C:\Users\Rajeev nandi\.m2\repository\org\seleniumhq\selenium\selenium-api\4.34.0\selenium-api-4.34.0.jar;C:\Users\Rajeev nandi\.m2\repository\org\jspecify\jspecify\1.0.0\jspecify-1.0.0.jar;C:\Users\Rajeev nandi\.m2\repository\org\seleniumhq\selenium\selenium-chrome-driver\4.34.0\selenium-chrome-driver-4.34.0.jar;C:\Users\Rajeev nandi\.m2\repository\com\google\auto\service\auto-service-annotations\1.1.1\auto-service-annotations-1.1.1.jar;C:\Users\Rajeev nandi\.m2\repository\org\seleniumhq\selenium\selenium-chromium-driver\4.34.0\selenium-chromium-driver-4.34.0.jar;C:\Users\Rajeev nandi\.m2\repository\org\seleniumhq\selenium\selenium-json\4.34.0\selenium-json-4.34.0.jar;C:\Users\Rajeev nandi\.m2\repository\org\seleniumhq\selenium\selenium-manager\4.34.0\selenium-manager-4.34.0.jar;C:\Users\Rajeev nandi\.m2\repository\org\seleniumhq\selenium\selenium-devtools-v136\4.34.0\selenium-devtools-v136-4.34.0.jar;C:\Users\Rajeev nandi\.m2\repository\org\seleniumhq\selenium\selenium-devtools-v137\4.34.0\selenium-devtools-v137-4.34.0.jar;C:\Users\Rajeev nandi\.m2\repository\org\seleniumhq\selenium\selenium-devtools-v138\4.34.0\selenium-devtools-v138-4.34.0.jar;C:\Users\Rajeev nandi\.m2\repository\org\seleniumhq\selenium\selenium-edge-driver\4.34.0\selenium-edge-driver-4.34.0.jar;C:\Users\Rajeev nandi\.m2\repository\org\seleniumhq\selenium\selenium-firefox-driver\4.34.0\selenium-firefox-driver-4.34.0.jar;C:\Users\Rajeev nandi\.m2\repository\org\seleniumhq\selenium\selenium-http\4.34.0\selenium-http-4.34.0.jar;C:\Users\Rajeev nandi\.m2\repository\org\seleniumhq\selenium\selenium-ie-driver\4.34.0\selenium-ie-driver-4.34.0.jar;C:\Users\Rajeev nandi\.m2\repository\org\seleniumhq\selenium\selenium-remote-driver\4.34.0\selenium-remote-driver-4.34.0.jar;C:\Users\Rajeev nandi\.m2\repository\com\google\guava\guava\33.4.8-jre\guava-33.4.8-jre.jar;C:\Users\Rajeev nandi\.m2\repository\com\google\guava\failureaccess\1.0.3\failureaccess-1.0.3.jar;C:\Users\Rajeev nandi\.m2\repository\com\google\guava\listenablefuture\9999.0-empty-to-avoid-conflict-with-guava\listenablefuture-9999.0-empty-to-avoid-conflict-with-guava.jar;C:\Users\Rajeev nandi\.m2\repository\com\google\errorprone\error_prone_annotations\2.36.0\error_prone_annotations-2.36.0.jar;C:\Users\Rajeev nandi\.m2\repository\com\google\j2objc\j2objc-annotations\3.0.0\j2objc-annotations-3.0.0.jar;C:\Users\Rajeev nandi\.m2\repository\io\opentelemetry\opentelemetry-api\1.51.0\opentelemetry-api-1.51.0.jar;C:\Users\Rajeev nandi\.m2\repository\io\opentelemetry\opentelemetry-context\1.51.0\opentelemetry-context-1.51.0.jar;C:\Users\Rajeev nandi\.m2\repository\io\opentelemetry\opentelemetry-exporter-logging\1.51.0\opentelemetry-exporter-logging-1.51.0.jar;C:\Users\Rajeev nandi\.m2\repository\io\opentelemetry\opentelemetry-sdk-common\1.51.0\opentelemetry-sdk-common-1.51.0.jar;C:\Users\Rajeev nandi\.m2\repository\io\opentelemetry\opentelemetry-sdk-extension-autoconfigure-spi\1.51.0\opentelemetry-sdk-extension-autoconfigure-spi-1.51.0.jar;C:\Users\Rajeev nandi\.m2\repository\io\opentelemetry\opentelemetry-sdk-extension-autoconfigure\1.51.0\opentelemetry-sdk-extension-autoconfigure-1.51.0.jar;C:\Users\Rajeev nandi\.m2\repository\io\opentelemetry\opentelemetry-sdk-trace\1.51.0\opentelemetry-sdk-trace-1.51.0.jar;C:\Users\Rajeev nandi\.m2\repository\io\opentelemetry\opentelemetry-sdk\1.51.0\opentelemetry-sdk-1.51.0.jar;C:\Users\Rajeev nandi\.m2\repository\io\opentelemetry\opentelemetry-sdk-metrics\1.51.0\opentelemetry-sdk-metrics-1.51.0.jar;C:\Users\Rajeev nandi\.m2\repository\io\opentelemetry\opentelemetry-sdk-logs\1.51.0\opentelemetry-sdk-logs-1.51.0.jar;C:\Users\Rajeev nandi\.m2\repository\net\bytebuddy\byte-buddy\1.17.6\byte-buddy-1.17.6.jar;C:\Users\Rajeev nandi\.m2\repository\org\seleniumhq\selenium\selenium-os\4.34.0\selenium-os-4.34.0.jar;C:\Users\Rajeev nandi\.m2\repository\org\apache\commons\commons-exec\1.5.0\commons-exec-1.5.0.jar;C:\Users\Rajeev nandi\.m2\repository\org\seleniumhq\selenium\selenium-safari-driver\4.34.0\selenium-safari-driver-4.34.0.jar;C:\Users\Rajeev nandi\.m2\repository\org\seleniumhq\selenium\selenium-support\4.34.0\selenium-support-4.34.0.jar;C:\Users\Rajeev nandi\.m2\repository\org\apache\poi\poi\5.2.3\poi-5.2.3.jar;C:\Users\Rajeev nandi\.m2\repository\commons-codec\commons-codec\1.15\commons-codec-1.15.jar;C:\Users\Rajeev nandi\.m2\repository\org\apache\commons\commons-collections4\4.4\commons-collections4-4.4.jar;C:\Users\Rajeev nandi\.m2\repository\org\apache\commons\commons-math3\3.6.1\commons-math3-3.6.1.jar;C:\Users\Rajeev nandi\.m2\repository\com\zaxxer\SparseBitSet\1.2\SparseBitSet-1.2.jar;C:\Users\Rajeev nandi\.m2\repository\org\apache\logging\log4j\log4j-api\2.18.0\log4j-api-2.18.0.jar;C:\Users\Rajeev nandi\.m2\repository\org\apache\poi\poi-ooxml\5.2.3\poi-ooxml-5.2.3.jar;C:\Users\Rajeev nandi\.m2\repository\org\apache\poi\poi-ooxml-lite\5.2.3\poi-ooxml-lite-5.2.3.jar;C:\Users\Rajeev nandi\.m2\repository\org\apache\xmlbeans\xmlbeans\5.1.1\xmlbeans-5.1.1.jar;C:\Users\Rajeev nandi\.m2\repository\org\apache\commons\commons-compress\1.21\commons-compress-1.21.jar;C:\Users\Rajeev nandi\.m2\repository\com\github\virtuald\curvesapi\1.07\curvesapi-1.07.jar;C:\Users\Rajeev nandi\.m2\repository\org\testng\testng\7.10.0\testng-7.10.0.jar;C:\Users\Rajeev nandi\.m2\repository\org\slf4j\slf4j-api\1.7.36\slf4j-api-1.7.36.jar;C:\Users\Rajeev nandi\.m2\repository\com\beust\jcommander\1.82\jcommander-1.82.jar;C:\Users\Rajeev nandi\.m2\repository\org\webjars\jquery\3.7.1\jquery-3.7.1.jar;C:\Users\Rajeev nandi\.m2\repository\org\projectlombok\lombok\1.18.30\lombok-1.18.30.jar;C:\Users\Rajeev nandi\.m2\repository\com\googlecode\json-simple\json-simple\1.1\json-simple-1.1.jar;C:\Users\Rajeev nandi\.m2\repository\com\mysql\mysql-connector-j\9.1.0\mysql-connector-j-9.1.0.jar;C:\Users\Rajeev nandi\.m2\repository\com\google\protobuf\protobuf-java\4.26.1\protobuf-java-4.26.1.jar;C:\Users\Rajeev nandi\.m2\repository\commons-io\commons-io\2.13.0\commons-io-2.13.0.jar;C:\Users\Rajeev nandi\.m2\repository\com\aventstack\extentreports\5.0.9\extentreports-5.0.9.jar;C:\Users\Rajeev nandi\.m2\repository\io\reactivex\rxjava3\rxjava\3.0.4\rxjava-3.0.4.jar;C:\Users\Rajeev nandi\.m2\repository\org\reactivestreams\reactive-streams\1.0.3\reactive-streams-1.0.3.jar;C:\Users\Rajeev nandi\.m2\repository\org\freemarker\freemarker\2.3.30\freemarker-2.3.30.jar;C:\Users\Rajeev nandi\.m2\repository\com\google\code\gson\gson\2.8.6\gson-2.8.6.jar
Launcher Type: SUN_STANDARD

[Global flags]
     intx CICompilerCount                          = 4                                         {product} {ergonomic}
     uint ConcGCThreads                            = 2                                         {product} {ergonomic}
     uint G1ConcRefinementThreads                  = 8                                         {product} {ergonomic}
   size_t G1HeapRegionSize                         = 1048576                                   {product} {ergonomic}
    uintx GCDrainStackTargetSize                   = 64                                        {product} {ergonomic}
   size_t InitialHeapSize                          = 130023424                                 {product} {ergonomic}
   size_t MarkStackSize                            = 4194304                                   {product} {ergonomic}
   size_t MaxHeapSize                              = 2080374784                                {product} {ergonomic}
   size_t MaxNewSize                               = 1247805440                                {product} {ergonomic}
   size_t MinHeapDeltaBytes                        = 1048576                                   {product} {ergonomic}
   size_t MinHeapSize                              = 8388608                                   {product} {ergonomic}
    uintx NonNMethodCodeHeapSize                   = 5839372                                {pd product} {ergonomic}
    uintx NonProfiledCodeHeapSize                  = 122909434                              {pd product} {ergonomic}
    uintx ProfiledCodeHeapSize                     = 122909434                              {pd product} {ergonomic}
    uintx ReservedCodeCacheSize                    = 251658240                              {pd product} {ergonomic}
     bool SegmentedCodeCache                       = true                                      {product} {ergonomic}
     bool ShowCodeDetailsInExceptionMessages       = true                                   {manageable} {command line}
   size_t SoftMaxHeapSize                          = 2080374784                             {manageable} {ergonomic}
     bool UseCompressedOops                        = true                           {product lp64_product} {ergonomic}
     bool UseG1GC                                  = true                                      {product} {ergonomic}
     bool UseLargePagesIndividualAllocation        = false                                  {pd product} {ergonomic}

Logging:
Log output configuration:
 #0: stdout all=warning uptime,level,tags foldmultilines=false
 #1: stderr all=off uptime,level,tags foldmultilines=false

Environment Variables:
JAVA_HOME=C:\Program Files\Java\jdk-17
PATH=C:\Python314\Scripts\;C:\Python314\;C:\app\Rajeevnandi2\product\11.2.0\dbhome_1\bin;C:\app\Rajeevnandi\product\11.2.0\dbhome_2\bin;C:\app\Rajeevnandi\product\11.2.0\dbhome_1\bin;C:\Program Files\Common Files\Oracle\Java\javapath;C:\WINDOWS\system32;C:\WINDOWS;C:\WINDOWS\System32\Wbem;C:\WINDOWS\System32\WindowsPowerShell\v1.0\;C:\WINDOWS\System32\OpenSSH\;C:\Program Files\dotnet\;C:\Program Files\Java\jdk-21\bin;C:\Program Files\Java\jdk-17\bin;D:\automation software\apache-maven-3.9.11-bin\apache-maven-3.9.11\bin;C:\Program Files\Git\cmd;C:\ProgramData\chocolatey\bin;C:\Program Files\nodejs\;C:\Program Files\MySQL\MySQL Shell 8.0\bin\;C:\Users\Rajeev nandi\AppData\Local\Microsoft\WindowsApps;C:\Program Files\JetBrains\PyCharm 2023.2\bin;;C:\Users\Rajeev nandi\AppData\Local\Programs\Microsoft VS Code\bin;D:\automation software\apache-maven-3.9.11-bin\apache-maven-3.9.11\bin;C:\Users\Rajeev nandi\AppData\Roaming\npm;C:\Users\Rajeev nandi\AppData\Local\GitHubDesktop\bin;
USERNAME=Rajeev nandi
OS=Windows_NT
PROCESSOR_IDENTIFIER=Intel64 Family 6 Model 140 Stepping 1, GenuineIntel
TMP=C:\Users\Rajeev nandi\AppData\Local\Temp
TEMP=C:\Users\Rajeev nandi\AppData\Local\Temp




Periodic native trim disabled

---------------  S Y S T E M  ---------------

OS:
 Windows 11 , 64 bit Build 26100 (10.0.26100.8521)
OS uptime: 7 days 1:57 hours
Hyper-V role detected

CPU: total 8 (initial active 8) (4 cores per cpu, 2 threads per core) family 6 model 140 stepping 1 microcode 0xbe, cx8, cmov, fxsr, ht, mmx, 3dnowpref, sse, sse2, sse3, ssse3, sse4.1, sse4.2, popcnt, lzcnt, tsc, tscinvbit, avx, avx2, aes, erms, clmul, bmi1, bmi2, adx, avx512f, avx512dq, avx512cd, avx512bw, avx512vl, sha, fma, vzeroupper, avx512_vpopcntdq, avx512_vpclmulqdq, avx512_vaes, avx512_vnni, clflush, clflushopt, clwb, avx512_vbmi2, avx512_vbmi, hv, rdtscp, rdpid, fsrm, gfni, avx512_bitalg, f16c, cet_ibt, cet_ss, avx512_ifma
Processor Information for processor 0
  Max Mhz: 2419, Current Mhz: 2419, Mhz Limit: 2419
Processor Information for processor 1
  Max Mhz: 2419, Current Mhz: 2419, Mhz Limit: 2419
Processor Information for processor 2
  Max Mhz: 2419, Current Mhz: 1209, Mhz Limit: 2419
Processor Information for processor 3
  Max Mhz: 2419, Current Mhz: 2419, Mhz Limit: 2419
Processor Information for processor 4
  Max Mhz: 2419, Current Mhz: 1209, Mhz Limit: 2419
Processor Information for processor 5
  Max Mhz: 2419, Current Mhz: 1209, Mhz Limit: 2419
Processor Information for processor 6
  Max Mhz: 2419, Current Mhz: 2419, Mhz Limit: 2419
Processor Information for processor 7
  Max Mhz: 2419, Current Mhz: 2419, Mhz Limit: 2419

Memory: 4k page, system-wide physical 7934M (234M free)
TotalPageFile size 32510M (AvailPageFile size 4M)
current process WorkingSet (physical memory assigned to process): 123M, peak: 133M
current process commit charge ("private bytes"): 193M, peak: 250M

vm_info: Java HotSpot(TM) 64-Bit Server VM (21.0.2+13-LTS-58) for windows-amd64 JRE (21.0.2+13-LTS-58), built on 2024-01-05T18:32:24Z by "mach5one" with MS VC++ 17.1 (VS2022)

END.
