#
# There is insufficient memory for the Java Runtime Environment to continue.
# Native memory allocation (malloc) failed to allocate 32784 bytes for Chunk::new
# Possible reasons:
#   The system is out of physical RAM or swap space
#   The process is running with CompressedOops enabled, and the Java Heap may be blocking the growth of the native heap
# Possible solutions:
#   Reduce memory load on the system
#   Increase physical memory or swap space
#   Check if swap backing store is full
#   Decrease Java heap size (-Xmx/-Xms)
#   Decrease number of Java threads
#   Decrease Java thread stack sizes (-Xss)
#   Set larger code cache with -XX:ReservedCodeCacheSize=
#   JVM is running with Unscaled Compressed Oops mode in which the Java heap is
#     placed in the first 4GB address space. The Java Heap base address is the
#     maximum limit for the native heap growth. Please use -XX:HeapBaseMinAddress
#     to set the Java Heap base and to place the Java Heap above 4GB virtual address.
# This output file may be truncated or incomplete.
#
#  Out of Memory Error (arena.cpp:168), pid=26588, tid=23424
#
# JRE version: Java(TM) SE Runtime Environment (21.0.2+13) (build 21.0.2+13-LTS-58)
# Java VM: Java HotSpot(TM) 64-Bit Server VM (21.0.2+13-LTS-58, mixed mode, sharing, tiered, compressed oops, compressed class ptrs, g1 gc, windows-amd64)
# No core dump will be written. Minidumps are not enabled by default on client versions of Windows
#

---------------  S U M M A R Y ------------

Command Line: -ea -Dfile.encoding=UTF-8 -Dstdout.encoding=UTF-8 -Dstderr.encoding=UTF-8 -XX:+ShowCodeDetailsInExceptionMessages org.testng.remote.RemoteTestNG -serport 60229 -protocol json -d D:\Eclipse-Rajeev\Octopussaas_main_Framework\test-output C:\Users\Rajeev nandi\AppData\Local\Temp\testng-eclipse--2057211595\testng-customsuite.xml

Host: 11th Gen Intel(R) Core(TM) i5-1135G7 @ 2.40GHz, 8 cores, 7G,  Windows 11 , 64 bit Build 26100 (10.0.26100.8328)
Time: Mon May 11 10:42:01 2026 India Standard Time elapsed time: 20.300023 seconds (0d 0h 0m 20s)

---------------  T H R E A D  ---------------

Current thread (0x00000235bd79c2d0):  JavaThread "C2 CompilerThread0" daemon [_thread_in_native, id=23424, stack(0x00000044b8a00000,0x00000044b8b00000) (1024K)]


Current CompileTask:
C2:  20300 2793       4       jdk.internal.org.objectweb.asm.SymbolTable::addType (81 bytes)

Stack: [0x00000044b8a00000,0x00000044b8b00000]
Native frames: (J=compiled Java code, j=interpreted, Vv=VM code, C=native code)
V  [jvm.dll+0x6cade9]
V  [jvm.dll+0x8569c1]
V  [jvm.dll+0x858d2e]
V  [jvm.dll+0x859413]
V  [jvm.dll+0x280e56]
V  [jvm.dll+0xc3f3d]
V  [jvm.dll+0xc4473]
V  [jvm.dll+0xc4065]
V  [jvm.dll+0x7200dc]
V  [jvm.dll+0x5ff7b7]
V  [jvm.dll+0x5fcc5d]
V  [jvm.dll+0x5f79d4]
V  [jvm.dll+0x5f7a74]
V  [jvm.dll+0x5f5244]
V  [jvm.dll+0x252d7f]
V  [jvm.dll+0x24b25c]
V  [jvm.dll+0x2490a3]
V  [jvm.dll+0x1c9634]
V  [jvm.dll+0x258859]
V  [jvm.dll+0x256e3a]
V  [jvm.dll+0x3ef6c6]
V  [jvm.dll+0x7ff568]
V  [jvm.dll+0x6c953d]
C  [ucrtbase.dll+0x37b0]
C  [KERNEL32.DLL+0x2e957]
C  [ntdll.dll+0x427c]


---------------  P R O C E S S  ---------------

Threads class SMR info:
_java_thread_list=0x000002358489e470, length=34, elements={
0x000002359ed86ae0, 0x00000235bd792790, 0x00000235bd7931f0, 0x00000235bd796380,
0x00000235bd797060, 0x00000235bd797ac0, 0x00000235bd79b540, 0x00000235bd79c2d0,
0x00000235bd7cae60, 0x00000235bda160e0, 0x00000235bda1c0d0, 0x00000235ff3e8810,
0x0000023584385aa0, 0x0000023584386110, 0x0000023584386b80, 0x00000235841b9520,
0x00000235841b9b90, 0x00000235841ba610, 0x0000023584389200, 0x000002358416b8f0,
0x000002358416c610, 0x000002358416e050, 0x000002358416cca0, 0x000002358416d330,
0x000002358416b260, 0x000002358492e7a0, 0x000002358492ee30, 0x000002358492f4c0,
0x000002358492d3f0, 0x0000023584930f00, 0x000002358492fb50, 0x0000023584930870,
0x00000235849301e0, 0x000002358492da80
}

Java Threads: ( => current thread )
  0x000002359ed86ae0 JavaThread "Forwarding findElement on session 1a9734e2a08ba756db0ebdeb26715ef1 to remote"        [_thread_blocked, id=29488, stack(0x00000044b7c00000,0x00000044b7d00000) (1024K)]
  0x00000235bd792790 JavaThread "Reference Handler"          daemon [_thread_blocked, id=20468, stack(0x00000044b8400000,0x00000044b8500000) (1024K)]
  0x00000235bd7931f0 JavaThread "Finalizer"                  daemon [_thread_blocked, id=6112, stack(0x00000044b8500000,0x00000044b8600000) (1024K)]
  0x00000235bd796380 JavaThread "Signal Dispatcher"          daemon [_thread_blocked, id=31920, stack(0x00000044b8600000,0x00000044b8700000) (1024K)]
  0x00000235bd797060 JavaThread "Attach Listener"            daemon [_thread_blocked, id=17952, stack(0x00000044b8700000,0x00000044b8800000) (1024K)]
  0x00000235bd797ac0 JavaThread "Service Thread"             daemon [_thread_blocked, id=776, stack(0x00000044b8800000,0x00000044b8900000) (1024K)]
  0x00000235bd79b540 JavaThread "Monitor Deflation Thread"   daemon [_thread_blocked, id=16784, stack(0x00000044b8900000,0x00000044b8a00000) (1024K)]
=>0x00000235bd79c2d0 JavaThread "C2 CompilerThread0"         daemon [_thread_in_native, id=23424, stack(0x00000044b8a00000,0x00000044b8b00000) (1024K)]
  0x00000235bd7cae60 JavaThread "C1 CompilerThread0"         daemon [_thread_blocked, id=17576, stack(0x00000044b8b00000,0x00000044b8c00000) (1024K)]
  0x00000235bda160e0 JavaThread "Notification Thread"        daemon [_thread_blocked, id=14996, stack(0x00000044b8c00000,0x00000044b8d00000) (1024K)]
  0x00000235bda1c0d0 JavaThread "Common-Cleaner"             daemon [_thread_blocked, id=25924, stack(0x00000044b8d00000,0x00000044b8e00000) (1024K)]
  0x00000235ff3e8810 JavaThread "ReaderThread"                      [_thread_in_native, id=30332, stack(0x00000044b9000000,0x00000044b9100000) (1024K)]
  0x0000023584385aa0 JavaThread "ForkJoinPool.commonPool-worker-1" daemon [_thread_blocked, id=13896, stack(0x00000044b9700000,0x00000044b9800000) (1024K)]
  0x0000023584386110 JavaThread "ForkJoinPool.commonPool-worker-2" daemon [_thread_blocked, id=32460, stack(0x00000044b9800000,0x00000044b9900000) (1024K)]
  0x0000023584386b80 JavaThread "ForkJoinPool.commonPool-worker-3" daemon [_thread_blocked, id=14456, stack(0x00000044b9900000,0x00000044b9a00000) (1024K)]
  0x00000235841b9520 JavaThread "ForkJoinPool.commonPool-worker-4" daemon [_thread_blocked, id=11240, stack(0x00000044b9a00000,0x00000044b9b00000) (1024K)]
  0x00000235841b9b90 JavaThread "ForkJoinPool.commonPool-worker-5" daemon [_thread_blocked, id=18900, stack(0x00000044b9b00000,0x00000044b9c00000) (1024K)]
  0x00000235841ba610 JavaThread "ForkJoinPool.commonPool-worker-6" daemon [_thread_blocked, id=22544, stack(0x00000044b9c00000,0x00000044b9d00000) (1024K)]
  0x0000023584389200 JavaThread "ForkJoinPool.commonPool-worker-7" daemon [_thread_blocked, id=2088, stack(0x00000044b9d00000,0x00000044b9e00000) (1024K)]
  0x000002358416b8f0 JavaThread "HttpClient-1-SelectorManager" daemon [_thread_in_native, id=27904, stack(0x00000044b9f00000,0x00000044ba000000) (1024K)]
  0x000002358416c610 JavaThread "External Process Output Forwarder - C:\Users\Rajeev nandi\.cache\selenium\chromedriver\win64\147.0.7727.117\chromedriver.exe" daemon [_thread_in_native, id=14860, stack(0x00000044ba000000,0x00000044ba100000) (1024K)]
  0x000002358416e050 JavaThread "Driver Service Executor"    daemon [_thread_blocked, id=24412, stack(0x00000044b9e00000,0x00000044b9f00000) (1024K)]
  0x000002358416cca0 JavaThread "Driver Service Executor"    daemon [_thread_in_native, id=31084, stack(0x00000044ba100000,0x00000044ba200000) (1024K)]
  0x000002358416d330 JavaThread "UrlChecker-2"               daemon [_thread_blocked, id=13028, stack(0x00000044ba200000,0x00000044ba300000) (1024K)]
  0x000002358416b260 JavaThread "JdkHttpClient-0-0"          daemon [_thread_blocked, id=21264, stack(0x00000044ba500000,0x00000044ba600000) (1024K)]
  0x000002358492e7a0 JavaThread "CompletableFutureDelayScheduler" daemon [_thread_blocked, id=25852, stack(0x00000044ba600000,0x00000044ba700000) (1024K)]
  0x000002358492ee30 JavaThread "JdkHttpClient-0-1"          daemon [_thread_blocked, id=11388, stack(0x00000044ba700000,0x00000044ba800000) (1024K)]
  0x000002358492f4c0 JavaThread "JdkHttpClient-0-2"          daemon [_thread_blocked, id=17044, stack(0x00000044ba800000,0x00000044ba900000) (1024K)]
  0x000002358492d3f0 JavaThread "JdkHttpClient-0-3"          daemon [_thread_blocked, id=30124, stack(0x00000044ba900000,0x00000044baa00000) (1024K)]
  0x0000023584930f00 JavaThread "HttpClient-2-SelectorManager" daemon [_thread_in_native, id=25224, stack(0x00000044ba400000,0x00000044ba500000) (1024K)]
  0x000002358492fb50 JavaThread "JdkHttpClient-1-0"          daemon [_thread_blocked, id=12788, stack(0x00000044baa00000,0x00000044bab00000) (1024K)]
  0x0000023584930870 JavaThread "JdkHttpClient-1-1"          daemon [_thread_blocked, id=24696, stack(0x00000044bab00000,0x00000044bac00000) (1024K)]
  0x00000235849301e0 JavaThread "JdkHttpClient-1-2"          daemon [_thread_blocked, id=21208, stack(0x00000044bac00000,0x00000044bad00000) (1024K)]
  0x000002358492da80 JavaThread "JdkHttpClient-1-3"          daemon [_thread_blocked, id=32072, stack(0x00000044bad00000,0x00000044bae00000) (1024K)]
Total: 34

Other Threads:
  0x00000235bd76f250 VMThread "VM Thread"                           [id=13184, stack(0x00000044b8300000,0x00000044b8400000) (1024K)]
  0x00000235bd7593c0 WatcherThread "VM Periodic Task Thread"        [id=26792, stack(0x00000044b8200000,0x00000044b8300000) (1024K)]
  0x000002359f1854f0 WorkerThread "GC Thread#0"                     [id=4240, stack(0x00000044b7d00000,0x00000044b7e00000) (1024K)]
  0x00000235bd76fd30 WorkerThread "GC Thread#1"                     [id=23428, stack(0x00000044b9100000,0x00000044b9200000) (1024K)]
  0x00000235bd76f5f0 WorkerThread "GC Thread#2"                     [id=30976, stack(0x00000044b9200000,0x00000044b9300000) (1024K)]
  0x00000235bd76eeb0 WorkerThread "GC Thread#3"                     [id=8264, stack(0x00000044b9300000,0x00000044b9400000) (1024K)]
  0x00000235bd76f990 WorkerThread "GC Thread#4"                     [id=5112, stack(0x00000044b9400000,0x00000044b9500000) (1024K)]
  0x00000235bd76e770 WorkerThread "GC Thread#5"                     [id=16048, stack(0x00000044b9500000,0x00000044b9600000) (1024K)]
  0x00000235bd76e3d0 WorkerThread "GC Thread#6"                     [id=24532, stack(0x00000044b9600000,0x00000044b9700000) (1024K)]
  0x00000235bd76eb10 WorkerThread "GC Thread#7"                     [id=30168, stack(0x00000044b8e00000,0x00000044b8f00000) (1024K)]
  0x000002359f1989f0 ConcurrentGCThread "G1 Main Marker"            [id=3860, stack(0x00000044b7e00000,0x00000044b7f00000) (1024K)]
  0x000002359f19bab0 WorkerThread "G1 Conc#0"                       [id=31912, stack(0x00000044b7f00000,0x00000044b8000000) (1024K)]
  0x00000235bd62a130 ConcurrentGCThread "G1 Refine#0"               [id=21176, stack(0x00000044b8000000,0x00000044b8100000) (1024K)]
  0x00000235bd62a950 ConcurrentGCThread "G1 Service"                [id=12544, stack(0x00000044b8100000,0x00000044b8200000) (1024K)]
Total: 14

Threads with active compile tasks:
C2 CompilerThread0    20327 2793       4       jdk.internal.org.objectweb.asm.SymbolTable::addType (81 bytes)
Total: 1

VM state: not at safepoint (normal execution)

VM Mutex/Monitor currently owned by a thread: None

Heap address: 0x0000000084000000, size: 1984 MB, Compressed Oops mode: 32-bit

CDS archive(s) mapped at: [0x00000235be000000-0x00000235bec90000-0x00000235bec90000), size 13172736, SharedBaseAddress: 0x00000235be000000, ArchiveRelocationMode: 1.
Compressed class space mapped at: 0x00000235bf000000-0x00000235ff000000, reserved size: 1073741824
Narrow klass base: 0x00000235be000000, Narrow klass shift: 0, Narrow klass range: 0x100000000

GC Precious Log:
 CardTable entry size: 512
 Card Set container configuration: InlinePtr #cards 5 size 8 Array Of Cards #cards 12 size 40 Howl #buckets 4 coarsen threshold 1843 Howl Bitmap #cards 512 size 80 coarsen threshold 460 Card regions per heap region 1 cards per card region 2048
 CPUs: 8 total, 8 available
 Memory: 7934M
 Large Page Support: Disabled
 NUMA Support: Disabled
 Compressed Oops: Enabled (32-bit)
 Heap Region Size: 1M
 Heap Min Capacity: 8M
 Heap Initial Capacity: 124M
 Heap Max Capacity: 1984M
 Pre-touch: Disabled
 Parallel Workers: 8
 Concurrent Workers: 2
 Concurrent Refinement Workers: 8
 Periodic GC: Disabled

Heap:
 garbage-first heap   total 126976K, used 28666K [0x0000000084000000, 0x0000000100000000)
  region size 1024K, 22 young (22528K), 3 survivors (3072K)
 Metaspace       used 20107K, committed 20480K, reserved 1114112K
  class space    used 2420K, committed 2560K, reserved 1048576K

Heap Regions: E=young(eden), S=young(survivor), O=old, HS=humongous(starts), HC=humongous(continues), CS=collection set, F=free, TAMS=top-at-mark-start, PB=parsable bottom
|   0|0x0000000084000000, 0x0000000084100000, 0x0000000084100000|100%|HS|  |TAMS 0x0000000084000000| PB 0x0000000084000000| Complete 
|   1|0x0000000084100000, 0x0000000084200000, 0x0000000084200000|100%| O|  |TAMS 0x0000000084100000| PB 0x0000000084100000| Untracked 
|   2|0x0000000084200000, 0x0000000084300000, 0x0000000084300000|100%| O|  |TAMS 0x0000000084200000| PB 0x0000000084200000| Untracked 
|   3|0x0000000084300000, 0x0000000084400000, 0x0000000084400000|100%| O|  |TAMS 0x0000000084300000| PB 0x0000000084300000| Untracked 
|   4|0x0000000084400000, 0x0000000084500000, 0x0000000084500000|100%| O|  |TAMS 0x0000000084400000| PB 0x0000000084400000| Untracked 
|   5|0x0000000084500000, 0x0000000084600000, 0x0000000084600000|100%| O|  |TAMS 0x0000000084500000| PB 0x0000000084500000| Untracked 
|   6|0x0000000084600000, 0x0000000084700000, 0x0000000084700000|100%| O|  |TAMS 0x0000000084600000| PB 0x0000000084600000| Untracked 
|   7|0x0000000084700000, 0x0000000084710010, 0x0000000084800000|  6%| O|  |TAMS 0x0000000084700000| PB 0x0000000084700000| Untracked 
|   8|0x0000000084800000, 0x0000000084800000, 0x0000000084900000|  0%| F|  |TAMS 0x0000000084800000| PB 0x0000000084800000| Untracked 
|   9|0x0000000084900000, 0x0000000084900000, 0x0000000084a00000|  0%| F|  |TAMS 0x0000000084900000| PB 0x0000000084900000| Untracked 
|  10|0x0000000084a00000, 0x0000000084a00000, 0x0000000084b00000|  0%| F|  |TAMS 0x0000000084a00000| PB 0x0000000084a00000| Untracked 
|  11|0x0000000084b00000, 0x0000000084b00000, 0x0000000084c00000|  0%| F|  |TAMS 0x0000000084b00000| PB 0x0000000084b00000| Untracked 
|  12|0x0000000084c00000, 0x0000000084c00000, 0x0000000084d00000|  0%| F|  |TAMS 0x0000000084c00000| PB 0x0000000084c00000| Untracked 
|  13|0x0000000084d00000, 0x0000000084d00000, 0x0000000084e00000|  0%| F|  |TAMS 0x0000000084d00000| PB 0x0000000084d00000| Untracked 
|  14|0x0000000084e00000, 0x0000000084e00000, 0x0000000084f00000|  0%| F|  |TAMS 0x0000000084e00000| PB 0x0000000084e00000| Untracked 
|  15|0x0000000084f00000, 0x0000000084f00000, 0x0000000085000000|  0%| F|  |TAMS 0x0000000084f00000| PB 0x0000000084f00000| Untracked 
|  16|0x0000000085000000, 0x0000000085000000, 0x0000000085100000|  0%| F|  |TAMS 0x0000000085000000| PB 0x0000000085000000| Untracked 
|  17|0x0000000085100000, 0x0000000085100000, 0x0000000085200000|  0%| F|  |TAMS 0x0000000085100000| PB 0x0000000085100000| Untracked 
|  18|0x0000000085200000, 0x0000000085200000, 0x0000000085300000|  0%| F|  |TAMS 0x0000000085200000| PB 0x0000000085200000| Untracked 
|  19|0x0000000085300000, 0x0000000085300000, 0x0000000085400000|  0%| F|  |TAMS 0x0000000085300000| PB 0x0000000085300000| Untracked 
|  20|0x0000000085400000, 0x0000000085400000, 0x0000000085500000|  0%| F|  |TAMS 0x0000000085400000| PB 0x0000000085400000| Untracked 
|  21|0x0000000085500000, 0x0000000085500000, 0x0000000085600000|  0%| F|  |TAMS 0x0000000085500000| PB 0x0000000085500000| Untracked 
|  22|0x0000000085600000, 0x0000000085600000, 0x0000000085700000|  0%| F|  |TAMS 0x0000000085600000| PB 0x0000000085600000| Untracked 
|  23|0x0000000085700000, 0x0000000085700000, 0x0000000085800000|  0%| F|  |TAMS 0x0000000085700000| PB 0x0000000085700000| Untracked 
|  24|0x0000000085800000, 0x0000000085800000, 0x0000000085900000|  0%| F|  |TAMS 0x0000000085800000| PB 0x0000000085800000| Untracked 
|  25|0x0000000085900000, 0x0000000085900000, 0x0000000085a00000|  0%| F|  |TAMS 0x0000000085900000| PB 0x0000000085900000| Untracked 
|  26|0x0000000085a00000, 0x0000000085a00000, 0x0000000085b00000|  0%| F|  |TAMS 0x0000000085a00000| PB 0x0000000085a00000| Untracked 
|  27|0x0000000085b00000, 0x0000000085b00000, 0x0000000085c00000|  0%| F|  |TAMS 0x0000000085b00000| PB 0x0000000085b00000| Untracked 
|  28|0x0000000085c00000, 0x0000000085c00000, 0x0000000085d00000|  0%| F|  |TAMS 0x0000000085c00000| PB 0x0000000085c00000| Untracked 
|  29|0x0000000085d00000, 0x0000000085d00000, 0x0000000085e00000|  0%| F|  |TAMS 0x0000000085d00000| PB 0x0000000085d00000| Untracked 
|  30|0x0000000085e00000, 0x0000000085e00000, 0x0000000085f00000|  0%| F|  |TAMS 0x0000000085e00000| PB 0x0000000085e00000| Untracked 
|  31|0x0000000085f00000, 0x0000000085f00000, 0x0000000086000000|  0%| F|  |TAMS 0x0000000085f00000| PB 0x0000000085f00000| Untracked 
|  32|0x0000000086000000, 0x0000000086000000, 0x0000000086100000|  0%| F|  |TAMS 0x0000000086000000| PB 0x0000000086000000| Untracked 
|  33|0x0000000086100000, 0x0000000086100000, 0x0000000086200000|  0%| F|  |TAMS 0x0000000086100000| PB 0x0000000086100000| Untracked 
|  34|0x0000000086200000, 0x0000000086200000, 0x0000000086300000|  0%| F|  |TAMS 0x0000000086200000| PB 0x0000000086200000| Untracked 
|  35|0x0000000086300000, 0x0000000086300000, 0x0000000086400000|  0%| F|  |TAMS 0x0000000086300000| PB 0x0000000086300000| Untracked 
|  36|0x0000000086400000, 0x0000000086400000, 0x0000000086500000|  0%| F|  |TAMS 0x0000000086400000| PB 0x0000000086400000| Untracked 
|  37|0x0000000086500000, 0x0000000086500000, 0x0000000086600000|  0%| F|  |TAMS 0x0000000086500000| PB 0x0000000086500000| Untracked 
|  38|0x0000000086600000, 0x0000000086600000, 0x0000000086700000|  0%| F|  |TAMS 0x0000000086600000| PB 0x0000000086600000| Untracked 
|  39|0x0000000086700000, 0x0000000086700000, 0x0000000086800000|  0%| F|  |TAMS 0x0000000086700000| PB 0x0000000086700000| Untracked 
|  40|0x0000000086800000, 0x0000000086800000, 0x0000000086900000|  0%| F|  |TAMS 0x0000000086800000| PB 0x0000000086800000| Untracked 
|  41|0x0000000086900000, 0x0000000086900000, 0x0000000086a00000|  0%| F|  |TAMS 0x0000000086900000| PB 0x0000000086900000| Untracked 
|  42|0x0000000086a00000, 0x0000000086a00000, 0x0000000086b00000|  0%| F|  |TAMS 0x0000000086a00000| PB 0x0000000086a00000| Untracked 
|  43|0x0000000086b00000, 0x0000000086b00000, 0x0000000086c00000|  0%| F|  |TAMS 0x0000000086b00000| PB 0x0000000086b00000| Untracked 
|  44|0x0000000086c00000, 0x0000000086c00000, 0x0000000086d00000|  0%| F|  |TAMS 0x0000000086c00000| PB 0x0000000086c00000| Untracked 
|  45|0x0000000086d00000, 0x0000000086d00000, 0x0000000086e00000|  0%| F|  |TAMS 0x0000000086d00000| PB 0x0000000086d00000| Untracked 
|  46|0x0000000086e00000, 0x0000000086e00000, 0x0000000086f00000|  0%| F|  |TAMS 0x0000000086e00000| PB 0x0000000086e00000| Untracked 
|  47|0x0000000086f00000, 0x0000000086f00000, 0x0000000087000000|  0%| F|  |TAMS 0x0000000086f00000| PB 0x0000000086f00000| Untracked 
|  48|0x0000000087000000, 0x0000000087000000, 0x0000000087100000|  0%| F|  |TAMS 0x0000000087000000| PB 0x0000000087000000| Untracked 
|  49|0x0000000087100000, 0x0000000087100000, 0x0000000087200000|  0%| F|  |TAMS 0x0000000087100000| PB 0x0000000087100000| Untracked 
|  50|0x0000000087200000, 0x0000000087200000, 0x0000000087300000|  0%| F|  |TAMS 0x0000000087200000| PB 0x0000000087200000| Untracked 
|  51|0x0000000087300000, 0x0000000087300000, 0x0000000087400000|  0%| F|  |TAMS 0x0000000087300000| PB 0x0000000087300000| Untracked 
|  52|0x0000000087400000, 0x0000000087400000, 0x0000000087500000|  0%| F|  |TAMS 0x0000000087400000| PB 0x0000000087400000| Untracked 
|  53|0x0000000087500000, 0x0000000087500000, 0x0000000087600000|  0%| F|  |TAMS 0x0000000087500000| PB 0x0000000087500000| Untracked 
|  54|0x0000000087600000, 0x0000000087600000, 0x0000000087700000|  0%| F|  |TAMS 0x0000000087600000| PB 0x0000000087600000| Untracked 
|  55|0x0000000087700000, 0x0000000087700000, 0x0000000087800000|  0%| F|  |TAMS 0x0000000087700000| PB 0x0000000087700000| Untracked 
|  56|0x0000000087800000, 0x0000000087800000, 0x0000000087900000|  0%| F|  |TAMS 0x0000000087800000| PB 0x0000000087800000| Untracked 
|  57|0x0000000087900000, 0x0000000087900000, 0x0000000087a00000|  0%| F|  |TAMS 0x0000000087900000| PB 0x0000000087900000| Untracked 
|  58|0x0000000087a00000, 0x0000000087a00000, 0x0000000087b00000|  0%| F|  |TAMS 0x0000000087a00000| PB 0x0000000087a00000| Untracked 
|  59|0x0000000087b00000, 0x0000000087b00000, 0x0000000087c00000|  0%| F|  |TAMS 0x0000000087b00000| PB 0x0000000087b00000| Untracked 
|  60|0x0000000087c00000, 0x0000000087c00000, 0x0000000087d00000|  0%| F|  |TAMS 0x0000000087c00000| PB 0x0000000087c00000| Untracked 
|  61|0x0000000087d00000, 0x0000000087d00000, 0x0000000087e00000|  0%| F|  |TAMS 0x0000000087d00000| PB 0x0000000087d00000| Untracked 
|  62|0x0000000087e00000, 0x0000000087e00000, 0x0000000087f00000|  0%| F|  |TAMS 0x0000000087e00000| PB 0x0000000087e00000| Untracked 
|  63|0x0000000087f00000, 0x0000000087f00000, 0x0000000088000000|  0%| F|  |TAMS 0x0000000087f00000| PB 0x0000000087f00000| Untracked 
|  64|0x0000000088000000, 0x0000000088000000, 0x0000000088100000|  0%| F|  |TAMS 0x0000000088000000| PB 0x0000000088000000| Untracked 
|  65|0x0000000088100000, 0x0000000088100000, 0x0000000088200000|  0%| F|  |TAMS 0x0000000088100000| PB 0x0000000088100000| Untracked 
|  66|0x0000000088200000, 0x0000000088200000, 0x0000000088300000|  0%| F|  |TAMS 0x0000000088200000| PB 0x0000000088200000| Untracked 
|  67|0x0000000088300000, 0x0000000088300000, 0x0000000088400000|  0%| F|  |TAMS 0x0000000088300000| PB 0x0000000088300000| Untracked 
|  68|0x0000000088400000, 0x0000000088400000, 0x0000000088500000|  0%| F|  |TAMS 0x0000000088400000| PB 0x0000000088400000| Untracked 
|  69|0x0000000088500000, 0x0000000088500000, 0x0000000088600000|  0%| F|  |TAMS 0x0000000088500000| PB 0x0000000088500000| Untracked 
|  70|0x0000000088600000, 0x0000000088600000, 0x0000000088700000|  0%| F|  |TAMS 0x0000000088600000| PB 0x0000000088600000| Untracked 
|  71|0x0000000088700000, 0x0000000088700000, 0x0000000088800000|  0%| F|  |TAMS 0x0000000088700000| PB 0x0000000088700000| Untracked 
|  72|0x0000000088800000, 0x0000000088800000, 0x0000000088900000|  0%| F|  |TAMS 0x0000000088800000| PB 0x0000000088800000| Untracked 
|  73|0x0000000088900000, 0x0000000088900000, 0x0000000088a00000|  0%| F|  |TAMS 0x0000000088900000| PB 0x0000000088900000| Untracked 
|  74|0x0000000088a00000, 0x0000000088a00000, 0x0000000088b00000|  0%| F|  |TAMS 0x0000000088a00000| PB 0x0000000088a00000| Untracked 
|  75|0x0000000088b00000, 0x0000000088b00000, 0x0000000088c00000|  0%| F|  |TAMS 0x0000000088b00000| PB 0x0000000088b00000| Untracked 
|  76|0x0000000088c00000, 0x0000000088c00000, 0x0000000088d00000|  0%| F|  |TAMS 0x0000000088c00000| PB 0x0000000088c00000| Untracked 
|  77|0x0000000088d00000, 0x0000000088d00000, 0x0000000088e00000|  0%| F|  |TAMS 0x0000000088d00000| PB 0x0000000088d00000| Untracked 
|  78|0x0000000088e00000, 0x0000000088e00000, 0x0000000088f00000|  0%| F|  |TAMS 0x0000000088e00000| PB 0x0000000088e00000| Untracked 
|  79|0x0000000088f00000, 0x0000000088f00000, 0x0000000089000000|  0%| F|  |TAMS 0x0000000088f00000| PB 0x0000000088f00000| Untracked 
|  80|0x0000000089000000, 0x0000000089000000, 0x0000000089100000|  0%| F|  |TAMS 0x0000000089000000| PB 0x0000000089000000| Untracked 
|  81|0x0000000089100000, 0x0000000089100000, 0x0000000089200000|  0%| F|  |TAMS 0x0000000089100000| PB 0x0000000089100000| Untracked 
|  82|0x0000000089200000, 0x0000000089200000, 0x0000000089300000|  0%| F|  |TAMS 0x0000000089200000| PB 0x0000000089200000| Untracked 
|  83|0x0000000089300000, 0x0000000089300000, 0x0000000089400000|  0%| F|  |TAMS 0x0000000089300000| PB 0x0000000089300000| Untracked 
|  84|0x0000000089400000, 0x0000000089400000, 0x0000000089500000|  0%| F|  |TAMS 0x0000000089400000| PB 0x0000000089400000| Untracked 
|  85|0x0000000089500000, 0x0000000089500000, 0x0000000089600000|  0%| F|  |TAMS 0x0000000089500000| PB 0x0000000089500000| Untracked 
|  86|0x0000000089600000, 0x0000000089600000, 0x0000000089700000|  0%| F|  |TAMS 0x0000000089600000| PB 0x0000000089600000| Untracked 
|  87|0x0000000089700000, 0x0000000089700000, 0x0000000089800000|  0%| F|  |TAMS 0x0000000089700000| PB 0x0000000089700000| Untracked 
|  88|0x0000000089800000, 0x00000000898ee990, 0x0000000089900000| 93%| S|CS|TAMS 0x0000000089800000| PB 0x0000000089800000| Complete 
|  89|0x0000000089900000, 0x0000000089a00000, 0x0000000089a00000|100%| S|CS|TAMS 0x0000000089900000| PB 0x0000000089900000| Complete 
|  90|0x0000000089a00000, 0x0000000089b00000, 0x0000000089b00000|100%| S|CS|TAMS 0x0000000089a00000| PB 0x0000000089a00000| Complete 
|  91|0x0000000089b00000, 0x0000000089b00000, 0x0000000089c00000|  0%| F|  |TAMS 0x0000000089b00000| PB 0x0000000089b00000| Untracked 
|  92|0x0000000089c00000, 0x0000000089c00000, 0x0000000089d00000|  0%| F|  |TAMS 0x0000000089c00000| PB 0x0000000089c00000| Untracked 
|  93|0x0000000089d00000, 0x0000000089d00000, 0x0000000089e00000|  0%| F|  |TAMS 0x0000000089d00000| PB 0x0000000089d00000| Untracked 
|  94|0x0000000089e00000, 0x0000000089e00000, 0x0000000089f00000|  0%| F|  |TAMS 0x0000000089e00000| PB 0x0000000089e00000| Untracked 
|  95|0x0000000089f00000, 0x0000000089f00000, 0x000000008a000000|  0%| F|  |TAMS 0x0000000089f00000| PB 0x0000000089f00000| Untracked 
|  96|0x000000008a000000, 0x000000008a000000, 0x000000008a100000|  0%| F|  |TAMS 0x000000008a000000| PB 0x000000008a000000| Untracked 
|  97|0x000000008a100000, 0x000000008a100000, 0x000000008a200000|  0%| F|  |TAMS 0x000000008a100000| PB 0x000000008a100000| Untracked 
|  98|0x000000008a200000, 0x000000008a200000, 0x000000008a300000|  0%| F|  |TAMS 0x000000008a200000| PB 0x000000008a200000| Untracked 
|  99|0x000000008a300000, 0x000000008a300000, 0x000000008a400000|  0%| F|  |TAMS 0x000000008a300000| PB 0x000000008a300000| Untracked 
| 100|0x000000008a400000, 0x000000008a400000, 0x000000008a500000|  0%| F|  |TAMS 0x000000008a400000| PB 0x000000008a400000| Untracked 
| 101|0x000000008a500000, 0x000000008a500000, 0x000000008a600000|  0%| F|  |TAMS 0x000000008a500000| PB 0x000000008a500000| Untracked 
| 102|0x000000008a600000, 0x000000008a600000, 0x000000008a700000|  0%| F|  |TAMS 0x000000008a600000| PB 0x000000008a600000| Untracked 
| 103|0x000000008a700000, 0x000000008a700000, 0x000000008a800000|  0%| F|  |TAMS 0x000000008a700000| PB 0x000000008a700000| Untracked 
| 104|0x000000008a800000, 0x000000008a800000, 0x000000008a900000|  0%| F|  |TAMS 0x000000008a800000| PB 0x000000008a800000| Untracked 
| 105|0x000000008a900000, 0x000000008a9c11a0, 0x000000008aa00000| 75%| E|  |TAMS 0x000000008a900000| PB 0x000000008a900000| Complete 
| 106|0x000000008aa00000, 0x000000008ab00000, 0x000000008ab00000|100%| E|CS|TAMS 0x000000008aa00000| PB 0x000000008aa00000| Complete 
| 107|0x000000008ab00000, 0x000000008ac00000, 0x000000008ac00000|100%| E|CS|TAMS 0x000000008ab00000| PB 0x000000008ab00000| Complete 
| 108|0x000000008ac00000, 0x000000008ad00000, 0x000000008ad00000|100%| E|CS|TAMS 0x000000008ac00000| PB 0x000000008ac00000| Complete 
| 109|0x000000008ad00000, 0x000000008ae00000, 0x000000008ae00000|100%| E|CS|TAMS 0x000000008ad00000| PB 0x000000008ad00000| Complete 
| 110|0x000000008ae00000, 0x000000008af00000, 0x000000008af00000|100%| E|CS|TAMS 0x000000008ae00000| PB 0x000000008ae00000| Complete 
| 111|0x000000008af00000, 0x000000008b000000, 0x000000008b000000|100%| E|CS|TAMS 0x000000008af00000| PB 0x000000008af00000| Complete 
| 112|0x000000008b000000, 0x000000008b100000, 0x000000008b100000|100%| E|CS|TAMS 0x000000008b000000| PB 0x000000008b000000| Complete 
| 113|0x000000008b100000, 0x000000008b200000, 0x000000008b200000|100%| E|CS|TAMS 0x000000008b100000| PB 0x000000008b100000| Complete 
| 114|0x000000008b200000, 0x000000008b300000, 0x000000008b300000|100%| E|CS|TAMS 0x000000008b200000| PB 0x000000008b200000| Complete 
| 115|0x000000008b300000, 0x000000008b400000, 0x000000008b400000|100%| E|CS|TAMS 0x000000008b300000| PB 0x000000008b300000| Complete 
| 116|0x000000008b400000, 0x000000008b500000, 0x000000008b500000|100%| E|CS|TAMS 0x000000008b400000| PB 0x000000008b400000| Complete 
| 117|0x000000008b500000, 0x000000008b600000, 0x000000008b600000|100%| E|CS|TAMS 0x000000008b500000| PB 0x000000008b500000| Complete 
| 118|0x000000008b600000, 0x000000008b700000, 0x000000008b700000|100%| E|CS|TAMS 0x000000008b600000| PB 0x000000008b600000| Complete 
| 119|0x000000008b700000, 0x000000008b800000, 0x000000008b800000|100%| E|CS|TAMS 0x000000008b700000| PB 0x000000008b700000| Complete 
| 120|0x000000008b800000, 0x000000008b900000, 0x000000008b900000|100%| E|CS|TAMS 0x000000008b800000| PB 0x000000008b800000| Complete 
| 121|0x000000008b900000, 0x000000008ba00000, 0x000000008ba00000|100%| E|CS|TAMS 0x000000008b900000| PB 0x000000008b900000| Complete 
| 122|0x000000008ba00000, 0x000000008bb00000, 0x000000008bb00000|100%| E|CS|TAMS 0x000000008ba00000| PB 0x000000008ba00000| Complete 
| 123|0x000000008bb00000, 0x000000008bc00000, 0x000000008bc00000|100%| E|CS|TAMS 0x000000008bb00000| PB 0x000000008bb00000| Complete 

Card table byte_map: [0x00000235b8a00000,0x00000235b8de0000] _byte_map_base: 0x00000235b85e0000

Marking Bits: (CMBitMap*) 0x000002359f187a10
 Bits: [0x00000235b8de0000, 0x00000235bace0000)

Polling page: 0x000002359eed0000

Metaspace:

Usage:
  Non-class:     17.27 MB used.
      Class:      2.36 MB used.
       Both:     19.64 MB used.

Virtual space:
  Non-class space:       64.00 MB reserved,      17.50 MB ( 27%) committed,  1 nodes.
      Class space:        1.00 GB reserved,       2.50 MB ( <1%) committed,  1 nodes.
             Both:        1.06 GB reserved,      20.00 MB (  2%) committed. 

Chunk freelists:
   Non-Class:  13.81 MB
       Class:  13.38 MB
        Both:  27.19 MB

MaxMetaspaceSize: unlimited
CompressedClassSpaceSize: 1.00 GB
Initial GC threshold: 21.00 MB
Current GC threshold: 21.00 MB
CDS: on
 - commit_granule_bytes: 65536.
 - commit_granule_words: 8192.
 - virtual_space_node_default_size: 8388608.
 - enlarge_chunks_in_place: 1.
 - use_allocation_guard: 0.


Internal statistics:

num_allocs_failed_limit: 0.
num_arena_births: 502.
num_arena_deaths: 0.
num_vsnodes_births: 2.
num_vsnodes_deaths: 0.
num_space_committed: 320.
num_space_uncommitted: 0.
num_chunks_returned_to_freelist: 0.
num_chunks_taken_from_freelist: 1068.
num_chunk_merges: 0.
num_chunk_splits: 650.
num_chunks_enlarged: 372.
num_inconsistent_stats: 0.

CodeHeap 'non-profiled nmethods': size=120000Kb used=1102Kb max_used=1102Kb free=118897Kb
 bounds [0x00000235b0690000, 0x00000235b0900000, 0x00000235b7bc0000]
CodeHeap 'profiled nmethods': size=120000Kb used=5407Kb max_used=5407Kb free=114592Kb
 bounds [0x00000235a8bc0000, 0x00000235a9110000, 0x00000235b00f0000]
CodeHeap 'non-nmethods': size=5760Kb used=1711Kb max_used=1730Kb free=4048Kb
 bounds [0x00000235b00f0000, 0x00000235b0360000, 0x00000235b0690000]
 total_blobs=3394 nmethods=2793 adapters=505
 compilation: enabled
              stopped_count=0, restarted_count=0
 full_count=0

Compilation events (20 events):
Event: 17.276 Thread 0x00000235bd7cae60 nmethod 2788 0x00000235a9100190 code [0x00000235a91003a0, 0x00000235a9100a60]
Event: 17.276 Thread 0x00000235bd7cae60 2791       3       jdk.internal.org.objectweb.asm.MethodWriter::putFrame (549 bytes)
Event: 17.277 Thread 0x00000235bd79c2d0 2793       4       jdk.internal.org.objectweb.asm.SymbolTable::addType (81 bytes)
Event: 18.281 Thread 0x00000235bd7cae60 nmethod 2791 0x00000235a9100d10 code [0x00000235a91011a0, 0x00000235a9102cb0]
Event: 18.281 Thread 0x00000235bd7cae60 2792       3       jdk.internal.org.objectweb.asm.MethodWriter::addSuccessorToCurrentBasicBlock (24 bytes)
Event: 18.281 Thread 0x00000235bd7cae60 nmethod 2792 0x00000235a9103910 code [0x00000235a9103ac0, 0x00000235a9103e10]
Event: 18.281 Thread 0x00000235bd7cae60 2789       3       java.lang.Class$ReflectionData::<init> (10 bytes)
Event: 18.282 Thread 0x00000235bd7cae60 nmethod 2789 0x00000235a9103f90 code [0x00000235a9104140, 0x00000235a91042a8]
Event: 18.282 Thread 0x00000235bd7cae60 2790       3       java.lang.Class$Atomic::casReflectionData (13 bytes)
Event: 18.282 Thread 0x00000235bd7cae60 nmethod 2790 0x00000235a9104390 code [0x00000235a9104520, 0x00000235a9104670]
Event: 18.283 Thread 0x00000235bd7cae60 2794       3       java.lang.invoke.MethodHandles$Lookup::checkField (58 bytes)
Event: 18.284 Thread 0x00000235bd7cae60 nmethod 2794 0x00000235a9104710 code [0x00000235a9104900, 0x00000235a9104d60]
Event: 18.286 Thread 0x00000235bd7cae60 2795       3       java.lang.Class::searchMethods (104 bytes)
Event: 18.287 Thread 0x00000235bd7cae60 nmethod 2795 0x00000235a9104f10 code [0x00000235a91051a0, 0x00000235a9105c88]
Event: 18.288 Thread 0x00000235bd7cae60 2796       3       java.util.ImmutableCollections$List12::<init> (20 bytes)
Event: 18.288 Thread 0x00000235bd7cae60 nmethod 2796 0x00000235a9106190 code [0x00000235a9106380, 0x00000235a9106828]
Event: 18.288 Thread 0x00000235bd7cae60 2797       3       java.util.List::of (64 bytes)
Event: 18.289 Thread 0x00000235bd7cae60 nmethod 2797 0x00000235a9106a10 code [0x00000235a9106ca0, 0x00000235a9107940]
Event: 18.289 Thread 0x00000235bd7cae60 2798       1       java.net.http.HttpHeaders::map (5 bytes)
Event: 18.290 Thread 0x00000235bd7cae60 nmethod 2798 0x00000235b07a3610 code [0x00000235b07a37a0, 0x00000235b07a3868]

GC Heap History (4 events):
Event: 0.930 GC heap before
{Heap before GC invocations=0 (full 0):
 garbage-first heap   total 126976K, used 23552K [0x0000000084000000, 0x0000000100000000)
  region size 1024K, 23 young (23552K), 0 survivors (0K)
 Metaspace       used 6891K, committed 7104K, reserved 1114112K
  class space    used 746K, committed 832K, reserved 1048576K
}
Event: 0.935 GC heap after
{Heap after GC invocations=1 (full 0):
 garbage-first heap   total 126976K, used 6864K [0x0000000084000000, 0x0000000100000000)
  region size 1024K, 3 young (3072K), 3 survivors (3072K)
 Metaspace       used 6891K, committed 7104K, reserved 1114112K
  class space    used 746K, committed 832K, reserved 1048576K
}
Event: 3.617 GC heap before
{Heap before GC invocations=1 (full 0):
 garbage-first heap   total 126976K, used 36560K [0x0000000084000000, 0x0000000100000000)
  region size 1024K, 33 young (33792K), 3 survivors (3072K)
 Metaspace       used 12939K, committed 13312K, reserved 1114112K
  class space    used 1529K, committed 1728K, reserved 1048576K
}
Event: 3.623 GC heap after
{Heap after GC invocations=2 (full 0):
 garbage-first heap   total 126976K, used 10234K [0x0000000084000000, 0x0000000100000000)
  region size 1024K, 3 young (3072K), 3 survivors (3072K)
 Metaspace       used 12939K, committed 13312K, reserved 1114112K
  class space    used 1529K, committed 1728K, reserved 1048576K
}

Dll operation events (11 events):
Event: 0.011 Loaded shared library C:\Program Files\Java\jdk-21\bin\java.dll
Event: 0.058 Loaded shared library C:\Program Files\Java\jdk-21\bin\jsvml.dll
Event: 0.181 Loaded shared library C:\Program Files\Java\jdk-21\bin\net.dll
Event: 0.185 Loaded shared library C:\Program Files\Java\jdk-21\bin\nio.dll
Event: 0.193 Loaded shared library C:\Program Files\Java\jdk-21\bin\zip.dll
Event: 0.482 Loaded shared library C:\Program Files\Java\jdk-21\bin\jimage.dll
Event: 0.519 Loaded shared library C:\Program Files\Java\jdk-21\bin\verify.dll
Event: 0.620 Loaded shared library C:\Program Files\Java\jdk-21\bin\extnet.dll
Event: 3.381 Loaded shared library C:\Program Files\Java\jdk-21\bin\management.dll
Event: 3.386 Loaded shared library C:\Program Files\Java\jdk-21\bin\management_ext.dll
Event: 3.654 Loaded shared library C:\Program Files\Java\jdk-21\bin\sunmscapi.dll

Deoptimization events (20 events):
Event: 3.868 Thread 0x000002359ed86ae0 Uncommon trap: trap_request=0xffffffc6 fr.pc=0x00000235b074039c relative=0x000000000000039c
Event: 3.868 Thread 0x000002359ed86ae0 Uncommon trap: reason=bimorphic_or_optimized_type_check action=maybe_recompile pc=0x00000235b074039c method=java.util.regex.Pattern$BmpCharPropertyGreedy.match(Ljava/util/regex/Matcher;ILjava/lang/CharSequence;)Z @ 26 c2
Event: 3.868 Thread 0x000002359ed86ae0 DEOPT PACKING pc=0x00000235b074039c sp=0x00000044b7cfd060
Event: 3.868 Thread 0x000002359ed86ae0 DEOPT UNPACKING pc=0x00000235b0147da2 sp=0x00000044b7cfd018 mode 2
Event: 4.201 Thread 0x000002359ed86ae0 Uncommon trap: trap_request=0xffffffc6 fr.pc=0x00000235b0772a54 relative=0x00000000000009b4
Event: 4.201 Thread 0x000002359ed86ae0 Uncommon trap: reason=bimorphic_or_optimized_type_check action=maybe_recompile pc=0x00000235b0772a54 method=java.util.regex.Pattern$Start.match(Ljava/util/regex/Matcher;ILjava/lang/CharSequence;)Z @ 44 c2
Event: 4.201 Thread 0x000002359ed86ae0 DEOPT PACKING pc=0x00000235b0772a54 sp=0x00000044b7cfd1b0
Event: 4.201 Thread 0x000002359ed86ae0 DEOPT UNPACKING pc=0x00000235b0147da2 sp=0x00000044b7cfd130 mode 2
Event: 4.214 Thread 0x000002359ed86ae0 Uncommon trap: trap_request=0xffffff45 fr.pc=0x00000235b0754a30 relative=0x00000000000003f0
Event: 4.215 Thread 0x000002359ed86ae0 Uncommon trap: reason=unstable_if action=reinterpret pc=0x00000235b0754a30 method=java.util.stream.StreamOpFlag.getMask(I)I @ 1 c2
Event: 4.215 Thread 0x000002359ed86ae0 DEOPT PACKING pc=0x00000235b0754a30 sp=0x00000044b7cfdb50
Event: 4.215 Thread 0x000002359ed86ae0 DEOPT UNPACKING pc=0x00000235b0147da2 sp=0x00000044b7cfda30 mode 2
Event: 5.209 Thread 0x000002359ed86ae0 Uncommon trap: trap_request=0xffffff45 fr.pc=0x00000235b072a6f8 relative=0x0000000000000df8
Event: 5.209 Thread 0x000002359ed86ae0 Uncommon trap: reason=unstable_if action=reinterpret pc=0x00000235b072a6f8 method=java.util.concurrent.ConcurrentHashMap.putVal(Ljava/lang/Object;Ljava/lang/Object;Z)Ljava/lang/Object; @ 256 c2
Event: 5.209 Thread 0x000002359ed86ae0 DEOPT PACKING pc=0x00000235b072a6f8 sp=0x00000044b7cfdd30
Event: 5.209 Thread 0x000002359ed86ae0 DEOPT UNPACKING pc=0x00000235b0147da2 sp=0x00000044b7cfdc98 mode 2
Event: 5.285 Thread 0x000002359ed86ae0 Uncommon trap: trap_request=0xffffffcc fr.pc=0x00000235b0795420 relative=0x0000000000000360
Event: 5.285 Thread 0x000002359ed86ae0 Uncommon trap: reason=intrinsic_or_type_checked_inlining action=make_not_entrant pc=0x00000235b0795420 method=java.util.Arrays.copyOf([Ljava/lang/Object;ILjava/lang/Class;)[Ljava/lang/Object; @ 35 c2
Event: 5.285 Thread 0x000002359ed86ae0 DEOPT PACKING pc=0x00000235b0795420 sp=0x00000044b7cfddc0
Event: 5.285 Thread 0x000002359ed86ae0 DEOPT UNPACKING pc=0x00000235b0147da2 sp=0x00000044b7cfdd68 mode 2

Classes loaded (20 events):
Event: 5.292 Loading class java/util/logging/Level$RbAccess
Event: 5.292 Loading class java/util/logging/Level$RbAccess done
Event: 5.293 Loading class sun/util/logging/resources/logging
Event: 5.293 Loading class sun/util/logging/resources/logging done
Event: 5.293 Loading class sun/util/logging/resources/logging_en
Event: 5.293 Loading class sun/util/logging/resources/logging_en done
Event: 5.293 Loading class sun/util/logging/resources/logging_en
Event: 5.293 Loading class sun/util/logging/resources/logging_en done
Event: 5.293 Loading class sun/util/logging/resources/logging_en_IN
Event: 5.293 Loading class sun/util/logging/resources/logging_en_IN done
Event: 5.293 Loading class sun/util/logging/resources/logging_en_IN
Event: 5.293 Loading class sun/util/logging/resources/logging_en_IN done
Event: 5.293 Loading class java/util/Formatter$DateTime
Event: 5.293 Loading class java/util/Formatter$DateTime done
Event: 5.293 Loading class java/time/ZonedDateTime$1
Event: 5.294 Loading class java/time/ZonedDateTime$1 done
Event: 17.267 Loading class java/lang/annotation/ElementType
Event: 17.267 Loading class java/lang/annotation/ElementType done
Event: 18.281 Loading class java/util/AbstractList$ListItr
Event: 18.283 Loading class java/util/AbstractList$ListItr done

Classes unloaded (0 events):
No events

Classes redefined (0 events):
No events

Internal exceptions (20 events):
Event: 3.629 Thread 0x000002359ed86ae0 Exception <a 'java/lang/NoSuchMethodError'{0x000000008bb29d10}: 'java.lang.Object java.lang.invoke.DirectMethodHandle$Holder.invokeSpecial(java.lang.Object, java.lang.Object, int, java.lang.Object, java.lang.Object)'> (0x000000008bb29d10) 
thrown [s\open\src\hotspot\share\interpreter\linkResolver.cpp, line 773]
Event: 3.629 Thread 0x000002359ed86ae0 Exception <a 'java/lang/NoSuchMethodError'{0x000000008bb2d740}: 'java.lang.Object java.lang.invoke.DelegatingMethodHandle$Holder.delegate(java.lang.Object, int, java.lang.Object, java.lang.Object)'> (0x000000008bb2d740) 
thrown [s\open\src\hotspot\share\interpreter\linkResolver.cpp, line 773]
Event: 3.631 Thread 0x000002359ed86ae0 Exception <a 'java/lang/NoSuchMethodError'{0x000000008bb3cd00}: 'int java.lang.invoke.Invokers$Holder.linkToTargetMethod(java.lang.Object, java.lang.Object, java.lang.Object)'> (0x000000008bb3cd00) 
thrown [s\open\src\hotspot\share\interpreter\linkResolver.cpp, line 773]
Event: 3.634 Thread 0x000002359ed86ae0 Exception <a 'java/lang/NoSuchMethodError'{0x000000008bb4bad0}: 'long java.lang.invoke.DirectMethodHandle$Holder.invokeSpecial(java.lang.Object, java.lang.Object)'> (0x000000008bb4bad0) 
thrown [s\open\src\hotspot\share\interpreter\linkResolver.cpp, line 773]
Event: 3.688 Thread 0x000002359ed86ae0 Exception <a 'sun/nio/fs/WindowsException'{0x000000008baba4a8}> (0x000000008baba4a8) 
thrown [s\open\src\hotspot\share\prims\jni.cpp, line 520]
Event: 3.866 Thread 0x000002359ed86ae0 Exception <a 'java/lang/NoSuchMethodError'{0x000000008b3ae9a8}: 'java.lang.Object java.lang.invoke.DirectMethodHandle$Holder.invokeInterface(java.lang.Object, java.lang.Object, java.lang.Object)'> (0x000000008b3ae9a8) 
thrown [s\open\src\hotspot\share\interpreter\linkResolver.cpp, line 773]
Event: 3.866 Thread 0x000002359ed86ae0 Exception <a 'java/lang/IncompatibleClassChangeError'{0x000000008b3b1d90}: Found class java.lang.Object, but interface was expected> (0x000000008b3b1d90) 
thrown [s\open\src\hotspot\share\interpreter\linkResolver.cpp, line 840]
Event: 3.867 Thread 0x000002359ed86ae0 Exception <a 'java/lang/NoSuchMethodError'{0x000000008b3b92d8}: 'int java.lang.invoke.DirectMethodHandle$Holder.invokeSpecialIFC(java.lang.Object, java.lang.Object, java.lang.Object, java.lang.Object)'> (0x000000008b3b92d8) 
thrown [s\open\src\hotspot\share\interpreter\linkResolver.cpp, line 773]
Event: 3.870 Thread 0x000002359ed86ae0 Exception <a 'java/lang/NoSuchMethodError'{0x000000008b3db680}: 'java.lang.Object java.lang.invoke.DirectMethodHandle$Holder.invokeVirtual(java.lang.Object, java.lang.Object, java.lang.Object, java.lang.Object)'> (0x000000008b3db680) 
thrown [s\open\src\hotspot\share\interpreter\linkResolver.cpp, line 773]
Event: 4.132 Thread 0x000002358416d330 Exception <a 'java/net/ConnectException'{0x000000008b287f68}: Connection refused: getsockopt> (0x000000008b287f68) 
thrown [s\open\src\hotspot\share\prims\jni.cpp, line 539]
Event: 4.157 Thread 0x000002358416d330 Exception <a 'java/net/ConnectException'{0x000000008b288f40}: Connection refused: getsockopt> (0x000000008b288f40) 
thrown [s\open\src\hotspot\share\prims\jni.cpp, line 539]
Event: 4.208 Thread 0x000002359ed86ae0 Exception <a 'java/lang/NoSuchMethodError'{0x000000008b173b10}: 'java.lang.Object java.lang.invoke.DirectMethodHandle$Holder.newInvokeSpecial(java.lang.Object, java.lang.Object, int, int)'> (0x000000008b173b10) 
thrown [s\open\src\hotspot\share\interpreter\linkResolver.cpp, line 773]
Event: 4.209 Thread 0x000002359ed86ae0 Exception <a 'java/lang/NoSuchMethodError'{0x000000008b17dfe8}: 'void java.lang.invoke.DirectMethodHandle$Holder.invokeStatic(java.lang.Object, java.lang.Object, int)'> (0x000000008b17dfe8) 
thrown [s\open\src\hotspot\share\interpreter\linkResolver.cpp, line 773]
Event: 4.237 Thread 0x000002358416b260 Exception <a 'java/lang/NoSuchMethodError'{0x000000008b0bcfa8}: 'java.lang.Object java.lang.invoke.DirectMethodHandle$Holder.invokeSpecial(java.lang.Object, java.lang.Object, java.lang.Object, java.lang.Object, int)'> (0x000000008b0bcfa8) 
thrown [s\open\src\hotspot\share\interpreter\linkResolver.cpp, line 773]
Event: 4.237 Thread 0x000002358416b260 Exception <a 'java/lang/NoSuchMethodError'{0x000000008b0c08f0}: 'java.lang.Object java.lang.invoke.Invokers$Holder.linkToTargetMethod(java.lang.Object, java.lang.Object, int, java.lang.Object)'> (0x000000008b0c08f0) 
thrown [s\open\src\hotspot\share\interpreter\linkResolver.cpp, line 773]
Event: 4.249 Thread 0x000002358416b260 Exception <a 'java/lang/NoSuchMethodError'{0x000000008af06ba0}: 'void java.lang.invoke.DirectMethodHandle$Holder.invokeSpecial(java.lang.Object, java.lang.Object, java.lang.Object, java.lang.Object, java.lang.Object)'> (0x000000008af06ba0) 
thrown [s\open\src\hotspot\share\interpreter\linkResolver.cpp, line 773]
Event: 5.171 Thread 0x000002358492ee30 Exception <a 'java/lang/NoSuchMethodError'{0x000000008ae14528}: 'java.lang.Object java.lang.invoke.DirectMethodHandle$Holder.newInvokeSpecial(java.lang.Object, java.lang.Object, long, java.lang.Object, java.lang.Object, java.lang.Object)'> (0x000000008ae14528) 
thrown [s\open\src\hotspot\share\interpreter\linkResolver.cpp, line 773]
Event: 5.175 Thread 0x000002358492ee30 Exception <a 'java/lang/NoSuchMethodError'{0x000000008ae2a758}: 'void java.lang.invoke.DirectMethodHandle$Holder.invokeSpecial(java.lang.Object, java.lang.Object, java.lang.Object, java.lang.Object, java.lang.Object, java.lang.Object, java.lang.Object)'> (0x000000008ae2a758) 
thrown [s\open\src\hotspot\share\interpreter\linkResolver.cpp, line 773]
Event: 5.186 Thread 0x000002359ed86ae0 Exception <a 'java/lang/NoSuchMethodError'{0x000000008ae93cf0}: 'java.lang.Object java.lang.invoke.DirectMethodHandle$Holder.invokeSpecialIFC(java.lang.Object, java.lang.Object, java.lang.Object)'> (0x000000008ae93cf0) 
thrown [s\open\src\hotspot\share\interpreter\linkResolver.cpp, line 773]
Event: 5.293 Thread 0x000002359ed86ae0 Exception <a 'java/lang/ClassNotFoundException'{0x000000008aa2aea8}: sun/util/logging/resources/spi/loggingProvider> (0x000000008aa2aea8) 
thrown [s\open\src\hotspot\share\classfile\systemDictionary.cpp, line 312]

ZGC Phase Switch (0 events):
No events

VM Operations (20 events):
Event: 4.194 Executing VM operation: HandshakeAllThreads (Deoptimize)
Event: 4.194 Executing VM operation: HandshakeAllThreads (Deoptimize) done
Event: 5.156 Executing VM operation: HandshakeAllThreads (Deoptimize)
Event: 5.156 Executing VM operation: HandshakeAllThreads (Deoptimize) done
Event: 5.156 Executing VM operation: Cleanup
Event: 5.156 Executing VM operation: Cleanup done
Event: 5.160 Executing VM operation: HandshakeAllThreads (Deoptimize)
Event: 5.160 Executing VM operation: HandshakeAllThreads (Deoptimize) done
Event: 6.172 Executing VM operation: Cleanup
Event: 6.173 Executing VM operation: Cleanup done
Event: 12.216 Executing VM operation: Cleanup
Event: 12.216 Executing VM operation: Cleanup done
Event: 13.230 Executing VM operation: Cleanup
Event: 13.230 Executing VM operation: Cleanup done
Event: 17.272 Executing VM operation: HandshakeAllThreads (Deoptimize)
Event: 17.272 Executing VM operation: HandshakeAllThreads (Deoptimize) done
Event: 18.278 Executing VM operation: Cleanup
Event: 18.278 Executing VM operation: Cleanup done
Event: 19.286 Executing VM operation: Cleanup
Event: 19.286 Executing VM operation: Cleanup done

Events (20 events):
Event: 3.853 Thread 0x000002358416b8f0 Thread added: 0x000002358416b8f0
Event: 4.116 Thread 0x000002358416c610 Thread added: 0x000002358416c610
Event: 4.117 Thread 0x00000235847502a0 Thread exited: 0x00000235847502a0
Event: 4.120 Thread 0x000002358416e050 Thread added: 0x000002358416e050
Event: 4.121 Thread 0x000002358416cca0 Thread added: 0x000002358416cca0
Event: 4.123 Thread 0x000002358416d330 Thread added: 0x000002358416d330
Event: 4.194 Thread 0x000002358416e6e0 Thread added: 0x000002358416e6e0
Event: 4.206 Thread 0x000002358419d3f0 Thread added: 0x000002358419d3f0
Event: 4.218 Thread 0x000002358416b260 Thread added: 0x000002358416b260
Event: 4.221 Thread 0x000002358492e7a0 Thread added: 0x000002358492e7a0
Event: 4.255 Thread 0x000002358492ee30 Thread added: 0x000002358492ee30
Event: 4.256 Thread 0x000002358492f4c0 Thread added: 0x000002358492f4c0
Event: 4.256 Thread 0x000002358492d3f0 Thread added: 0x000002358492d3f0
Event: 5.154 Thread 0x000002358419d3f0 Thread exited: 0x000002358419d3f0
Event: 5.222 Thread 0x0000023584930f00 Thread added: 0x0000023584930f00
Event: 5.223 Thread 0x000002358492fb50 Thread added: 0x000002358492fb50
Event: 5.226 Thread 0x0000023584930870 Thread added: 0x0000023584930870
Event: 5.226 Thread 0x00000235849301e0 Thread added: 0x00000235849301e0
Event: 5.227 Thread 0x000002358492da80 Thread added: 0x000002358492da80
Event: 14.214 Thread 0x000002358416e6e0 Thread exited: 0x000002358416e6e0


Dynamic libraries:
0x00007ff737f80000 - 0x00007ff737f90000 	C:\Program Files\Java\jdk-21\bin\javaw.exe
0x00007ffdd79c0000 - 0x00007ffdd7c27000 	C:\WINDOWS\SYSTEM32\ntdll.dll
0x00007ffdd6310000 - 0x00007ffdd63d9000 	C:\WINDOWS\System32\KERNEL32.DLL
0x00007ffdd51c0000 - 0x00007ffdd55b7000 	C:\WINDOWS\System32\KERNELBASE.dll
0x00007ffdd55f0000 - 0x00007ffdd573b000 	C:\WINDOWS\System32\ucrtbase.dll
0x00007ffdc7b60000 - 0x00007ffdc7b7b000 	C:\Program Files\Java\jdk-21\bin\VCRUNTIME140.dll
0x00007ffdc9ba0000 - 0x00007ffdc9bb9000 	C:\Program Files\Java\jdk-21\bin\jli.dll
0x00007ffdd5ba0000 - 0x00007ffdd5c56000 	C:\WINDOWS\System32\ADVAPI32.dll
0x00007ffdd74f0000 - 0x00007ffdd7599000 	C:\WINDOWS\System32\msvcrt.dll
0x00007ffdd5740000 - 0x00007ffdd57e7000 	C:\WINDOWS\System32\sechost.dll
0x00007ffdd5a50000 - 0x00007ffdd5b68000 	C:\WINDOWS\System32\RPCRT4.dll
0x00007ffdd5fe0000 - 0x00007ffdd61a6000 	C:\WINDOWS\System32\USER32.dll
0x00007ffdd55c0000 - 0x00007ffdd55e7000 	C:\WINDOWS\System32\win32u.dll
0x00007ffdbaca0000 - 0x00007ffdbaf32000 	C:\WINDOWS\WinSxS\amd64_microsoft.windows.common-controls_6595b64144ccf1df_6.0.26100.8328_none_3e08182ce334b678\COMCTL32.dll
0x00007ffdd5b70000 - 0x00007ffdd5b9b000 	C:\WINDOWS\System32\GDI32.dll
0x00007ffdd4c60000 - 0x00007ffdd4d8c000 	C:\WINDOWS\System32\gdi32full.dll
0x00007ffdd5060000 - 0x00007ffdd5103000 	C:\WINDOWS\System32\msvcp_win.dll
0x00007ffdcad80000 - 0x00007ffdcad8b000 	C:\WINDOWS\SYSTEM32\VERSION.dll
0x00007ffdd6770000 - 0x00007ffdd67a2000 	C:\WINDOWS\System32\IMM32.DLL
0x00007ffdcf440000 - 0x00007ffdcf44c000 	C:\Program Files\Java\jdk-21\bin\vcruntime140_1.dll
0x00007ffd883b0000 - 0x00007ffd8843e000 	C:\Program Files\Java\jdk-21\bin\msvcp140.dll
0x00007ffd48250000 - 0x00007ffd48f67000 	C:\Program Files\Java\jdk-21\bin\server\jvm.dll
0x00007ffdd78e0000 - 0x00007ffdd7960000 	C:\WINDOWS\System32\WS2_32.dll
0x00007ffdd4270000 - 0x00007ffdd42ce000 	C:\WINDOWS\SYSTEM32\POWRPROF.dll
0x00007ffdcb090000 - 0x00007ffdcb0c6000 	C:\WINDOWS\SYSTEM32\WINMM.dll
0x00007ffdd4230000 - 0x00007ffdd4244000 	C:\WINDOWS\SYSTEM32\UMPDC.dll
0x00007ffdd3180000 - 0x00007ffdd319b000 	C:\WINDOWS\SYSTEM32\kernel.appcore.dll
0x00007ffdc9fb0000 - 0x00007ffdc9fba000 	C:\Program Files\Java\jdk-21\bin\jimage.dll
0x00007ffdd2260000 - 0x00007ffdd24a2000 	C:\WINDOWS\SYSTEM32\DBGHELP.DLL
0x00007ffdd63e0000 - 0x00007ffdd6763000 	C:\WINDOWS\System32\combase.dll
0x00007ffdd61b0000 - 0x00007ffdd6289000 	C:\WINDOWS\System32\OLEAUT32.dll
0x00007ffdb45c0000 - 0x00007ffdb45fb000 	C:\WINDOWS\SYSTEM32\dbgcore.DLL
0x00007ffdd5110000 - 0x00007ffdd51b8000 	C:\WINDOWS\System32\bcryptPrimitives.dll
0x00007ffdc4c50000 - 0x00007ffdc4c6f000 	C:\Program Files\Java\jdk-21\bin\java.dll
0x00007ffdd67e0000 - 0x00007ffdd6f4e000 	C:\WINDOWS\System32\SHELL32.dll
0x00007ffdd43f0000 - 0x00007ffdd4c5c000 	C:\WINDOWS\System32\windows.storage.dll
0x00007ffdd5950000 - 0x00007ffdd5a46000 	C:\WINDOWS\System32\SHCORE.dll
0x00007ffdd62a0000 - 0x00007ffdd6306000 	C:\WINDOWS\System32\shlwapi.dll
0x00007ffdd4310000 - 0x00007ffdd4339000 	C:\WINDOWS\SYSTEM32\profapi.dll
0x00007ffd69820000 - 0x00007ffd698f7000 	C:\Program Files\Java\jdk-21\bin\jsvml.dll
0x00007ffdc9b90000 - 0x00007ffdc9ba0000 	C:\Program Files\Java\jdk-21\bin\net.dll
0x00007ffdcd330000 - 0x00007ffdcd459000 	C:\WINDOWS\SYSTEM32\WINHTTP.dll
0x00007ffdd36f0000 - 0x00007ffdd375c000 	C:\WINDOWS\system32\mswsock.dll
0x00007ffdbbe30000 - 0x00007ffdbbe46000 	C:\Program Files\Java\jdk-21\bin\nio.dll
0x00007ffd8d000000 - 0x00007ffd8d018000 	C:\Program Files\Java\jdk-21\bin\zip.dll
0x00007ffdc80e0000 - 0x00007ffdc80f0000 	C:\Program Files\Java\jdk-21\bin\verify.dll
0x00007ffdd2c60000 - 0x00007ffdd2d92000 	C:\WINDOWS\SYSTEM32\DNSAPI.dll
0x00007ffdd2bc0000 - 0x00007ffdd2bf2000 	C:\WINDOWS\SYSTEM32\IPHLPAPI.DLL
0x00007ffdd7970000 - 0x00007ffdd797a000 	C:\WINDOWS\System32\NSI.dll
0x00007ffdc42c0000 - 0x00007ffdc42cb000 	C:\Windows\System32\rasadhlp.dll
0x00007ffdce170000 - 0x00007ffdce1f6000 	C:\WINDOWS\System32\fwpuclnt.dll
0x00007ffdc9fa0000 - 0x00007ffdc9fa9000 	C:\Program Files\Java\jdk-21\bin\extnet.dll
0x00007ffdd39d0000 - 0x00007ffdd39eb000 	C:\WINDOWS\SYSTEM32\CRYPTSP.dll
0x00007ffdd30e0000 - 0x00007ffdd3119000 	C:\WINDOWS\system32\rsaenh.dll
0x00007ffdd37a0000 - 0x00007ffdd37d3000 	C:\WINDOWS\SYSTEM32\USERENV.dll
0x00007ffdd42e0000 - 0x00007ffdd430a000 	C:\WINDOWS\SYSTEM32\bcrypt.dll
0x00007ffdd39f0000 - 0x00007ffdd39fc000 	C:\WINDOWS\SYSTEM32\CRYPTBASE.dll
0x00007ffdcc7a0000 - 0x00007ffdcc7aa000 	C:\Program Files\Java\jdk-21\bin\management.dll
0x00007ffdcc790000 - 0x00007ffdcc79b000 	C:\Program Files\Java\jdk-21\bin\management_ext.dll
0x00007ffdd7770000 - 0x00007ffdd7778000 	C:\WINDOWS\System32\PSAPI.DLL
0x00007ffdbcaf0000 - 0x00007ffdbcafe000 	C:\Program Files\Java\jdk-21\bin\sunmscapi.dll
0x00007ffdd4e50000 - 0x00007ffdd4fc8000 	C:\WINDOWS\System32\CRYPT32.dll
0x00007ffdd3bf0000 - 0x00007ffdd3c20000 	C:\WINDOWS\SYSTEM32\ncrypt.dll
0x00007ffdd3ba0000 - 0x00007ffdd3bdf000 	C:\WINDOWS\SYSTEM32\NTASN1.dll
0x00007ffd8f240000 - 0x00007ffd8f248000 	C:\WINDOWS\system32\wshunix.dll

dbghelp: loaded successfully - version: 4.0.5 - missing functions: none
symbol engine: initialized successfully - sym options: 0x614 - pdb path: .;C:\Program Files\Java\jdk-21\bin;C:\WINDOWS\SYSTEM32;C:\WINDOWS\WinSxS\amd64_microsoft.windows.common-controls_6595b64144ccf1df_6.0.26100.8328_none_3e08182ce334b678;C:\Program Files\Java\jdk-21\bin\server

VM Arguments:
jvm_args: -ea -Dfile.encoding=UTF-8 -Dstdout.encoding=UTF-8 -Dstderr.encoding=UTF-8 -XX:+ShowCodeDetailsInExceptionMessages 
java_command: org.testng.remote.RemoteTestNG -serport 60229 -protocol json -d D:\Eclipse-Rajeev\Octopussaas_main_Framework\test-output C:\Users\Rajeev nandi\AppData\Local\Temp\testng-eclipse--2057211595\testng-customsuite.xml
java_class_path (initial): C:\Users\Rajeev nandi\eclipse\java-2025-06\eclipse\configuration\org.eclipse.osgi\523\0\.cp\lib\testng-remote.jar;D:\Eclipse-Rajeev\Octopussaas_main_Framework\target\test-classes;D:\Eclipse-Rajeev\Octopussaas_main_Framework\target\classes;C:\Users\Rajeev nandi\.m2\repository\org\seleniumhq\selenium\selenium-java\4.34.0\selenium-java-4.34.0.jar;C:\Users\Rajeev nandi\.m2\repository\org\seleniumhq\selenium\selenium-api\4.34.0\selenium-api-4.34.0.jar;C:\Users\Rajeev nandi\.m2\repository\org\jspecify\jspecify\1.0.0\jspecify-1.0.0.jar;C:\Users\Rajeev nandi\.m2\repository\org\seleniumhq\selenium\selenium-chrome-driver\4.34.0\selenium-chrome-driver-4.34.0.jar;C:\Users\Rajeev nandi\.m2\repository\com\google\auto\service\auto-service-annotations\1.1.1\auto-service-annotations-1.1.1.jar;C:\Users\Rajeev nandi\.m2\repository\org\seleniumhq\selenium\selenium-chromium-driver\4.34.0\selenium-chromium-driver-4.34.0.jar;C:\Users\Rajeev nandi\.m2\repository\org\seleniumhq\selenium\selenium-json\4.34.0\selenium-json-4.34.0.jar;C:\Users\Rajeev nandi\.m2\repository\org\seleniumhq\selenium\selenium-manager\4.34.0\selenium-manager-4.34.0.jar;C:\Users\Rajeev nandi\.m2\repository\org\seleniumhq\selenium\selenium-devtools-v136\4.34.0\selenium-devtools-v136-4.34.0.jar;C:\Users\Rajeev nandi\.m2\repository\org\seleniumhq\selenium\selenium-devtools-v137\4.34.0\selenium-devtools-v137-4.34.0.jar;C:\Users\Rajeev nandi\.m2\repository\org\seleniumhq\selenium\selenium-devtools-v138\4.34.0\selenium-devtools-v138-4.34.0.jar;C:\Users\Rajeev nandi\.m2\repository\org\seleniumhq\selenium\selenium-edge-driver\4.34.0\selenium-edge-driver-4.34.0.jar;C:\Users\Rajeev nandi\.m2\repository\org\seleniumhq\selenium\selenium-firefox-driver\4.34.0\selenium-firefox-driver-4.34.0.jar;C:\Users\Rajeev nandi\.m2\repository\org\seleniumhq\selenium\selenium-http\4.34.0\selenium-http-4.34.0.jar;C:\Users\Rajeev nandi\.m2\repository\org\seleniumhq\selenium\selenium-ie-driver\4.34.0\selenium-ie-driver-4.34.0.jar;C:\Users\Rajeev nandi\.m2\repository\org\seleniumhq\selenium\selenium-remote-driver\4.34.0\selenium-remote-driver-4.34.0.jar;C:\Users\Rajeev nandi\.m2\repository\com\google\guava\guava\33.4.8-jre\guava-33.4.8-jre.jar;C:\Users\Rajeev nandi\.m2\repository\com\google\guava\failureaccess\1.0.3\failureaccess-1.0.3.jar;C:\Users\Rajeev nandi\.m2\repository\com\google\guava\listenablefuture\9999.0-empty-to-avoid-conflict-with-guava\listenablefuture-9999.0-empty-to-avoid-conflict-with-guava.jar;C:\Users\Rajeev nandi\.m2\repository\com\google\errorprone\error_prone_annotations\2.36.0\error_prone_annotations-2.36.0.jar;C:\Users\Rajeev nandi\.m2\repository\com\google\j2objc\j2objc-annotations\3.0.0\j2objc-annotations-3.0.0.jar;C:\Users\Rajeev nandi\.m2\repository\io\opentelemetry\opentelemetry-api\1.51.0\opentelemetry-api-1.51.0.jar;C:\Users\Rajeev nandi\.m2\repository\io\opentelemetry\opentelemetry-context\1.51.0\opentelemetry-context-1.51.0.jar;C:\Users\Rajeev nandi\.m2\repository\io\opentelemetry\opentelemetry-exporter-logging\1.51.0\opentelemetry-exporter-logging-1.51.0.jar;C:\Users\Rajeev nandi\.m2\repository\io\opentelemetry\opentelemetry-sdk-common\1.51.0\opentelemetry-sdk-common-1.51.0.jar;C:\Users\Rajeev nandi\.m2\repository\io\opentelemetry\opentelemetry-sdk-extension-autoconfigure-spi\1.51.0\opentelemetry-sdk-extension-autoconfigure-spi-1.51.0.jar;C:\Users\Rajeev nandi\.m2\repository\io\opentelemetry\opentelemetry-sdk-extension-autoconfigure\1.51.0\opentelemetry-sdk-extension-autoconfigure-1.51.0.jar;C:\Users\Rajeev nandi\.m2\repository\io\opentelemetry\opentelemetry-sdk-trace\1.51.0\opentelemetry-sdk-trace-1.51.0.jar;C:\Users\Rajeev nandi\.m2\repository\io\opentelemetry\opentelemetry-sdk\1.51.0\opentelemetry-sdk-1.51.0.jar;C:\Users\Rajeev nandi\.m2\repository\io\opentelemetry\opentelemetry-sdk-metrics\1.51.0\opentelemetry-sdk-metrics-1.51.0.jar;C:\Users\Rajeev nandi\.m2\repository\io\opentelemetry\opentelemetry-sdk-logs\1.51.0\opentelemetry-sdk-logs-1.51.0.jar;C:\Users\Rajeev nandi\.m2\repository\net\bytebuddy\byte-buddy\1.17.6\byte-buddy-1.17.6.jar;C:\Users\Rajeev nandi\.m2\repository\org\seleniumhq\selenium\selenium-os\4.34.0\selenium-os-4.34.0.jar;C:\Users\Rajeev nandi\.m2\repository\org\apache\commons\commons-exec\1.5.0\commons-exec-1.5.0.jar;C:\Users\Rajeev nandi\.m2\repository\org\seleniumhq\selenium\selenium-safari-driver\4.34.0\selenium-safari-driver-4.34.0.jar;C:\Users\Rajeev nandi\.m2\repository\org\seleniumhq\selenium\selenium-support\4.34.0\selenium-support-4.34.0.jar;C:\Users\Rajeev nandi\.m2\repository\org\apache\poi\poi\5.2.3\poi-5.2.3.jar;C:\Users\Rajeev nandi\.m2\repository\commons-codec\commons-codec\1.15\commons-codec-1.15.jar;C:\Users\Rajeev nandi\.m2\repository\org\apache\commons\commons-collections4\4.4\commons-collections4-4.4.jar;C:\Users\Rajeev nandi\.m2\repository\org\apache\commons\commons-math3\3.6.1\commons-math3-3.6.1.jar;C:\Users\Rajeev nandi\.m2\repository\com\zaxxer\SparseBitSet\1.2\SparseBitSet-1.2.jar;C:\Users\Rajeev nandi\.m2\repository\org\apache\logging\log4j\log4j-api\2.18.0\log4j-api-2.18.0.jar;C:\Users\Rajeev nandi\.m2\repository\org\apache\poi\poi-ooxml\5.2.3\poi-ooxml-5.2.3.jar;C:\Users\Rajeev nandi\.m2\repository\org\apache\poi\poi-ooxml-lite\5.2.3\poi-ooxml-lite-5.2.3.jar;C:\Users\Rajeev nandi\.m2\repository\org\apache\xmlbeans\xmlbeans\5.1.1\xmlbeans-5.1.1.jar;C:\Users\Rajeev nandi\.m2\repository\org\apache\commons\commons-compress\1.21\commons-compress-1.21.jar;C:\Users\Rajeev nandi\.m2\repository\com\github\virtuald\curvesapi\1.07\curvesapi-1.07.jar;C:\Users\Rajeev nandi\.m2\repository\org\testng\testng\7.10.0\testng-7.10.0.jar;C:\Users\Rajeev nandi\.m2\repository\org\slf4j\slf4j-api\1.7.36\slf4j-api-1.7.36.jar;C:\Users\Rajeev nandi\.m2\repository\com\beust\jcommander\1.82\jcommander-1.82.jar;C:\Users\Rajeev nandi\.m2\repository\org\webjars\jquery\3.7.1\jquery-3.7.1.jar;C:\Users\Rajeev nandi\.m2\repository\org\projectlombok\lombok\1.18.30\lombok-1.18.30.jar;C:\Users\Rajeev nandi\.m2\repository\com\googlecode\json-simple\json-simple\1.1\json-simple-1.1.jar;C:\Users\Rajeev nandi\.m2\repository\com\mysql\mysql-connector-j\9.1.0\mysql-connector-j-9.1.0.jar;C:\Users\Rajeev nandi\.m2\repository\com\google\protobuf\protobuf-java\4.26.1\protobuf-java-4.26.1.jar;C:\Users\Rajeev nandi\.m2\repository\commons-io\commons-io\2.13.0\commons-io-2.13.0.jar;C:\Users\Rajeev nandi\.m2\repository\com\aventstack\extentreports\5.0.9\extentreports-5.0.9.jar;C:\Users\Rajeev nandi\.m2\repository\io\reactivex\rxjava3\rxjava\3.0.4\rxjava-3.0.4.jar;C:\Users\Rajeev nandi\.m2\repository\org\reactivestreams\reactive-streams\1.0.3\reactive-streams-1.0.3.jar;C:\Users\Rajeev nandi\.m2\repository\org\freemarker\freemarker\2.3.30\freemarker-2.3.30.jar;C:\Users\Rajeev nandi\.m2\repository\com\google\code\gson\gson\2.8.6\gson-2.8.6.jar
Launcher Type: SUN_STANDARD

[Global flags]
     intx CICompilerCount                          = 4                                         {product} {ergonomic}
     uint ConcGCThreads                            = 2                                         {product} {ergonomic}
     uint G1ConcRefinementThreads                  = 8                                         {product} {ergonomic}
   size_t G1HeapRegionSize                         = 1048576                                   {product} {ergonomic}
    uintx GCDrainStackTargetSize                   = 64                                        {product} {ergonomic}
   size_t InitialHeapSize                          = 130023424                                 {product} {ergonomic}
   size_t MarkStackSize                            = 4194304                                   {product} {ergonomic}
   size_t MaxHeapSize                              = 2080374784                                {product} {ergonomic}
   size_t MaxNewSize                               = 1247805440                                {product} {ergonomic}
   size_t MinHeapDeltaBytes                        = 1048576                                   {product} {ergonomic}
   size_t MinHeapSize                              = 8388608                                   {product} {ergonomic}
    uintx NonNMethodCodeHeapSize                   = 5839372                                {pd product} {ergonomic}
    uintx NonProfiledCodeHeapSize                  = 122909434                              {pd product} {ergonomic}
    uintx ProfiledCodeHeapSize                     = 122909434                              {pd product} {ergonomic}
    uintx ReservedCodeCacheSize                    = 251658240                              {pd product} {ergonomic}
     bool SegmentedCodeCache                       = true                                      {product} {ergonomic}
     bool ShowCodeDetailsInExceptionMessages       = true                                   {manageable} {command line}
   size_t SoftMaxHeapSize                          = 2080374784                             {manageable} {ergonomic}
     bool UseCompressedOops                        = true                           {product lp64_product} {ergonomic}
     bool UseG1GC                                  = true                                      {product} {ergonomic}
     bool UseLargePagesIndividualAllocation        = false                                  {pd product} {ergonomic}

Logging:
Log output configuration:
 #0: stdout all=warning uptime,level,tags foldmultilines=false
 #1: stderr all=off uptime,level,tags foldmultilines=false

Environment Variables:
JAVA_HOME=C:\Program Files\Java\jdk-17
PATH=C:\Python314\Scripts\;C:\Python314\;C:\app\Rajeevnandi2\product\11.2.0\dbhome_1\bin;C:\app\Rajeevnandi\product\11.2.0\dbhome_2\bin;C:\app\Rajeevnandi\product\11.2.0\dbhome_1\bin;C:\Program Files\Common Files\Oracle\Java\javapath;C:\WINDOWS\system32;C:\WINDOWS;C:\WINDOWS\System32\Wbem;C:\WINDOWS\System32\WindowsPowerShell\v1.0\;C:\WINDOWS\System32\OpenSSH\;C:\Program Files\dotnet\;C:\Program Files\Java\jdk-21\bin;C:\Program Files\Java\jdk-17\bin;D:\automation software\apache-maven-3.9.11-bin\apache-maven-3.9.11\bin;C:\Program Files\Git\cmd;C:\ProgramData\chocolatey\bin;C:\Program Files\nodejs\;C:\Program Files\MySQL\MySQL Shell 8.0\bin\;C:\Users\Rajeev nandi\AppData\Local\Microsoft\WindowsApps;C:\Program Files\JetBrains\PyCharm 2023.2\bin;;C:\Users\Rajeev nandi\AppData\Local\Programs\Microsoft VS Code\bin;D:\automation software\apache-maven-3.9.11-bin\apache-maven-3.9.11\bin;C:\Users\Rajeev nandi\AppData\Roaming\npm;C:\Users\Rajeev nandi\AppData\Local\GitHubDesktop\bin;
USERNAME=Rajeev nandi
OS=Windows_NT
PROCESSOR_IDENTIFIER=Intel64 Family 6 Model 140 Stepping 1, GenuineIntel
TMP=C:\Users\Rajeev nandi\AppData\Local\Temp
TEMP=C:\Users\Rajeev nandi\AppData\Local\Temp




Periodic native trim disabled

---------------  S Y S T E M  ---------------

OS:
 Windows 11 , 64 bit Build 26100 (10.0.26100.8328)
OS uptime: 6 days 19:03 hours
Hyper-V role detected

CPU: total 8 (initial active 8) (4 cores per cpu, 2 threads per core) family 6 model 140 stepping 1 microcode 0xbe, cx8, cmov, fxsr, ht, mmx, 3dnowpref, sse, sse2, sse3, ssse3, sse4.1, sse4.2, popcnt, lzcnt, tsc, tscinvbit, avx, avx2, aes, erms, clmul, bmi1, bmi2, adx, avx512f, avx512dq, avx512cd, avx512bw, avx512vl, sha, fma, vzeroupper, avx512_vpopcntdq, avx512_vpclmulqdq, avx512_vaes, avx512_vnni, clflush, clflushopt, clwb, avx512_vbmi2, avx512_vbmi, hv, rdtscp, rdpid, fsrm, gfni, avx512_bitalg, f16c, cet_ibt, cet_ss, avx512_ifma
Processor Information for all 8 processors :
  Max Mhz: 2419, Current Mhz: 2419, Mhz Limit: 2419

Memory: 4k page, system-wide physical 7934M (478M free)
TotalPageFile size 32510M (AvailPageFile size 2M)
current process WorkingSet (physical memory assigned to process): 125M, peak: 132M
current process commit charge ("private bytes"): 244M, peak: 250M

vm_info: Java HotSpot(TM) 64-Bit Server VM (21.0.2+13-LTS-58) for windows-amd64 JRE (21.0.2+13-LTS-58), built on 2024-01-05T18:32:24Z by "mach5one" with MS VC++ 17.1 (VS2022)

END.
