#
# There is insufficient memory for the Java Runtime Environment to continue.
# Native memory allocation (mmap) failed to map 65536 bytes for Failed to commit metaspace.
# Possible reasons:
#   The system is out of physical RAM or swap space
#   The process is running with CompressedOops enabled, and the Java Heap may be blocking the growth of the native heap
# Possible solutions:
#   Reduce memory load on the system
#   Increase physical memory or swap space
#   Check if swap backing store is full
#   Decrease Java heap size (-Xmx/-Xms)
#   Decrease number of Java threads
#   Decrease Java thread stack sizes (-Xss)
#   Set larger code cache with -XX:ReservedCodeCacheSize=
#   JVM is running with Unscaled Compressed Oops mode in which the Java heap is
#     placed in the first 4GB address space. The Java Heap base address is the
#     maximum limit for the native heap growth. Please use -XX:HeapBaseMinAddress
#     to set the Java Heap base and to place the Java Heap above 4GB virtual address.
# This output file may be truncated or incomplete.
#
#  Out of Memory Error (virtualSpaceNode.cpp:112), pid=29908, tid=20172
#
# JRE version: Java(TM) SE Runtime Environment (21.0.2+13) (build 21.0.2+13-LTS-58)
# Java VM: Java HotSpot(TM) 64-Bit Server VM (21.0.2+13-LTS-58, mixed mode, sharing, tiered, compressed oops, compressed class ptrs, g1 gc, windows-amd64)
# No core dump will be written. Minidumps are not enabled by default on client versions of Windows
#

---------------  S U M M A R Y ------------

Command Line: -ea -Dfile.encoding=UTF-8 -Dstdout.encoding=UTF-8 -Dstderr.encoding=UTF-8 -XX:+ShowCodeDetailsInExceptionMessages org.testng.remote.RemoteTestNG -serport 62505 -protocol json -d D:\Eclipse-Rajeev\Octopussaas_main_Framework\test-output C:\Users\Rajeev nandi\AppData\Local\Temp\testng-eclipse-986681899\testng-customsuite.xml

Host: 11th Gen Intel(R) Core(TM) i5-1135G7 @ 2.40GHz, 8 cores, 7G,  Windows 11 , 64 bit Build 26100 (10.0.26100.8328)
Time: Mon May 11 12:44:54 2026 India Standard Time elapsed time: 13.309607 seconds (0d 0h 0m 13s)

---------------  T H R E A D  ---------------

Current thread (0x0000023dbc1b8500):  JavaThread "C1 CompilerThread0" daemon [_thread_in_vm, id=20172, stack(0x000000fa06500000,0x000000fa06600000) (1024K)]


Current CompileTask:
C1:  13309 2697       3       jdk.internal.misc.Unsafe::checkPointer (19 bytes)

Stack: [0x000000fa06500000,0x000000fa06600000]
Native frames: (J=compiled Java code, j=interpreted, Vv=VM code, C=native code)
V  [jvm.dll+0x6cade9]
V  [jvm.dll+0x8569c1]
V  [jvm.dll+0x858d2e]
V  [jvm.dll+0x859413]
V  [jvm.dll+0x280e56]
V  [jvm.dll+0x8526ee]
V  [jvm.dll+0x66e705]
V  [jvm.dll+0x1e68cc]
V  [jvm.dll+0x1e669e]
V  [jvm.dll+0x67104c]
V  [jvm.dll+0x670e62]
V  [jvm.dll+0x66f0de]
V  [jvm.dll+0x68038a]
V  [jvm.dll+0x679622]
V  [jvm.dll+0x1f44e0]
V  [jvm.dll+0x1f46c8]
V  [jvm.dll+0x166a66]
V  [jvm.dll+0x1668b6]
V  [jvm.dll+0x15e3d8]
V  [jvm.dll+0x16064d]
V  [jvm.dll+0x15ec75]
V  [jvm.dll+0x1589ce]
V  [jvm.dll+0x168576]
V  [jvm.dll+0x153e00]
V  [jvm.dll+0x154183]
V  [jvm.dll+0x154444]
V  [jvm.dll+0x153886]
V  [jvm.dll+0x1555ed]
V  [jvm.dll+0x258859]
V  [jvm.dll+0x256e3a]
V  [jvm.dll+0x3ef6c6]
V  [jvm.dll+0x7ff568]
V  [jvm.dll+0x6c953d]
C  [ucrtbase.dll+0x37b0]
C  [KERNEL32.DLL+0x2e957]
C  [ntdll.dll+0x427c]


---------------  P R O C E S S  ---------------

Threads class SMR info:
_java_thread_list=0x0000023dff1c8a40, length=34, elements={
0x0000023d9d705d40, 0x0000023dbc1a69a0, 0x0000023dbc1a7400, 0x0000023dbc1aca80,
0x0000023dbc1ae620, 0x0000023dbc1af1b0, 0x0000023dbc1afc10, 0x0000023dbc1b7530,
0x0000023dbc1b8500, 0x0000023dbc6811d0, 0x0000023dbc693320, 0x0000023dfe2c1f50,
0x0000023dfeb80070, 0x0000023dfebd1d80, 0x0000023dfed78e40, 0x0000023dfed794b0,
0x0000023dfed79b20, 0x0000023dfed7a190, 0x0000023dfebc4c80, 0x0000023dfeb28c30,
0x0000023dfeb2c0b0, 0x0000023dfeb292c0, 0x0000023dfeb29950, 0x0000023dfeb2ad00,
0x0000023dfeb2b390, 0x0000023dfeb2ba20, 0x0000023dff2dff60, 0x0000023dff2e0c80,
0x0000023dff2e1310, 0x0000023dff2debb0, 0x0000023dff2e05f0, 0x0000023dff2df240,
0x0000023dff2dde90, 0x0000023dff2df8d0
}

Java Threads: ( => current thread )
  0x0000023d9d705d40 JavaThread "main"                              [_thread_blocked, id=25156, stack(0x000000fa05600000,0x000000fa05700000) (1024K)]
  0x0000023dbc1a69a0 JavaThread "Reference Handler"          daemon [_thread_blocked, id=9988, stack(0x000000fa05e00000,0x000000fa05f00000) (1024K)]
  0x0000023dbc1a7400 JavaThread "Finalizer"                  daemon [_thread_blocked, id=1504, stack(0x000000fa05f00000,0x000000fa06000000) (1024K)]
  0x0000023dbc1aca80 JavaThread "Signal Dispatcher"          daemon [_thread_blocked, id=12668, stack(0x000000fa06000000,0x000000fa06100000) (1024K)]
  0x0000023dbc1ae620 JavaThread "Attach Listener"            daemon [_thread_blocked, id=25484, stack(0x000000fa06100000,0x000000fa06200000) (1024K)]
  0x0000023dbc1af1b0 JavaThread "Service Thread"             daemon [_thread_blocked, id=24080, stack(0x000000fa06200000,0x000000fa06300000) (1024K)]
  0x0000023dbc1afc10 JavaThread "Monitor Deflation Thread"   daemon [_thread_blocked, id=1232, stack(0x000000fa06300000,0x000000fa06400000) (1024K)]
  0x0000023dbc1b7530 JavaThread "C2 CompilerThread0"         daemon [_thread_blocked, id=24032, stack(0x000000fa06400000,0x000000fa06500000) (1024K)]
=>0x0000023dbc1b8500 JavaThread "C1 CompilerThread0"         daemon [_thread_in_vm, id=20172, stack(0x000000fa06500000,0x000000fa06600000) (1024K)]
  0x0000023dbc6811d0 JavaThread "Notification Thread"        daemon [_thread_blocked, id=14604, stack(0x000000fa06600000,0x000000fa06700000) (1024K)]
  0x0000023dbc693320 JavaThread "Common-Cleaner"             daemon [_thread_blocked, id=7528, stack(0x000000fa06700000,0x000000fa06800000) (1024K)]
  0x0000023dfe2c1f50 JavaThread "ReaderThread"                      [_thread_in_native, id=10688, stack(0x000000fa06900000,0x000000fa06a00000) (1024K)]
  0x0000023dfeb80070 JavaThread "ForkJoinPool.commonPool-worker-1" daemon [_thread_blocked, id=25720, stack(0x000000fa07000000,0x000000fa07100000) (1024K)]
  0x0000023dfebd1d80 JavaThread "ForkJoinPool.commonPool-worker-2" daemon [_thread_blocked, id=1576, stack(0x000000fa07100000,0x000000fa07200000) (1024K)]
  0x0000023dfed78e40 JavaThread "ForkJoinPool.commonPool-worker-3" daemon [_thread_blocked, id=29856, stack(0x000000fa07200000,0x000000fa07300000) (1024K)]
  0x0000023dfed794b0 JavaThread "ForkJoinPool.commonPool-worker-4" daemon [_thread_blocked, id=31096, stack(0x000000fa07300000,0x000000fa07400000) (1024K)]
  0x0000023dfed79b20 JavaThread "ForkJoinPool.commonPool-worker-5" daemon [_thread_blocked, id=27440, stack(0x000000fa07400000,0x000000fa07500000) (1024K)]
  0x0000023dfed7a190 JavaThread "ForkJoinPool.commonPool-worker-7" daemon [_thread_blocked, id=11616, stack(0x000000fa07500000,0x000000fa07600000) (1024K)]
  0x0000023dfebc4c80 JavaThread "ForkJoinPool.commonPool-worker-6" daemon [_thread_blocked, id=32688, stack(0x000000fa07600000,0x000000fa07700000) (1024K)]
  0x0000023dfeb28c30 JavaThread "HttpClient-1-SelectorManager" daemon [_thread_in_native, id=31964, stack(0x000000fa07900000,0x000000fa07a00000) (1024K)]
  0x0000023dfeb2c0b0 JavaThread "External Process Output Forwarder - C:\Users\Rajeev nandi\.cache\selenium\chromedriver\win64\147.0.7727.117\chromedriver.exe" daemon [_thread_in_native, id=13100, stack(0x000000fa07a00000,0x000000fa07b00000) (1024K)]
  0x0000023dfeb292c0 JavaThread "Driver Service Executor"    daemon [_thread_blocked, id=11824, stack(0x000000fa07800000,0x000000fa07900000) (1024K)]
  0x0000023dfeb29950 JavaThread "Driver Service Executor"    daemon [_thread_in_native, id=24272, stack(0x000000fa07b00000,0x000000fa07c00000) (1024K)]
  0x0000023dfeb2ad00 JavaThread "UrlChecker-2"               daemon [_thread_blocked, id=13808, stack(0x000000fa07c00000,0x000000fa07d00000) (1024K)]
  0x0000023dfeb2b390 JavaThread "Keep-Alive-Timer"           daemon [_thread_blocked, id=2680, stack(0x000000fa07e00000,0x000000fa07f00000) (1024K)]
  0x0000023dfeb2ba20 JavaThread "JdkHttpClient-0-0"          daemon [_thread_blocked, id=32740, stack(0x000000fa07f00000,0x000000fa08000000) (1024K)]
  0x0000023dff2dff60 JavaThread "CompletableFutureDelayScheduler" daemon [_thread_blocked, id=8936, stack(0x000000fa08000000,0x000000fa08100000) (1024K)]
  0x0000023dff2e0c80 JavaThread "JdkHttpClient-0-1"          daemon [_thread_blocked, id=29812, stack(0x000000fa08100000,0x000000fa08200000) (1024K)]
  0x0000023dff2e1310 JavaThread "JdkHttpClient-0-2"          daemon [_thread_blocked, id=14788, stack(0x000000fa08200000,0x000000fa08300000) (1024K)]
  0x0000023dff2debb0 JavaThread "JdkHttpClient-0-3"          daemon [_thread_blocked, id=25080, stack(0x000000fa08300000,0x000000fa08400000) (1024K)]
  0x0000023dff2e05f0 JavaThread "HttpClient-2-SelectorManager" daemon [_thread_in_native, id=27284, stack(0x000000fa07d00000,0x000000fa07e00000) (1024K)]
  0x0000023dff2df240 JavaThread "JdkHttpClient-1-0"          daemon [_thread_in_vm, id=12988, stack(0x000000fa08400000,0x000000fa08500000) (1024K)]
  0x0000023dff2dde90 JavaThread "JdkHttpClient-1-1"          daemon [_thread_blocked, id=22396, stack(0x000000fa08500000,0x000000fa08600000) (1024K)]
  0x0000023dff2df8d0 JavaThread "JdkHttpClient-1-2"          daemon [_thread_blocked, id=20524, stack(0x000000fa08600000,0x000000fa08700000) (1024K)]
Total: 34

Other Threads:
  0x0000023dbc186300 VMThread "VM Thread"                           [id=6832, stack(0x000000fa05d00000,0x000000fa05e00000) (1024K)]
  0x0000023dbc170480 WatcherThread "VM Periodic Task Thread"        [id=11968, stack(0x000000fa05c00000,0x000000fa05d00000) (1024K)]
  0x0000023d9fb560e0 WorkerThread "GC Thread#0"                     [id=18876, stack(0x000000fa05700000,0x000000fa05800000) (1024K)]
  0x0000023dfe9cddf0 WorkerThread "GC Thread#1"                     [id=23000, stack(0x000000fa06a00000,0x000000fa06b00000) (1024K)]
  0x0000023dfe9ce190 WorkerThread "GC Thread#2"                     [id=13932, stack(0x000000fa06b00000,0x000000fa06c00000) (1024K)]
  0x0000023dfe9ce530 WorkerThread "GC Thread#3"                     [id=22608, stack(0x000000fa06c00000,0x000000fa06d00000) (1024K)]
  0x0000023dfea30e30 WorkerThread "GC Thread#4"                     [id=11924, stack(0x000000fa06d00000,0x000000fa06e00000) (1024K)]
  0x0000023dfea321e0 WorkerThread "GC Thread#5"                     [id=31788, stack(0x000000fa06e00000,0x000000fa06f00000) (1024K)]
  0x0000023dfea32580 WorkerThread "GC Thread#6"                     [id=30564, stack(0x000000fa06f00000,0x000000fa07000000) (1024K)]
  0x0000023dff1fb090 WorkerThread "GC Thread#7"                     [id=19228, stack(0x000000fa07700000,0x000000fa07800000) (1024K)]
  0x0000023d9fb667d0 ConcurrentGCThread "G1 Main Marker"            [id=24528, stack(0x000000fa05800000,0x000000fa05900000) (1024K)]
  0x0000023d9fb6a710 WorkerThread "G1 Conc#0"                       [id=26956, stack(0x000000fa05900000,0x000000fa05a00000) (1024K)]
  0x0000023d9fbbe650 ConcurrentGCThread "G1 Refine#0"               [id=17136, stack(0x000000fa05a00000,0x000000fa05b00000) (1024K)]
  0x0000023dbc039ed0 ConcurrentGCThread "G1 Service"                [id=2480, stack(0x000000fa05b00000,0x000000fa05c00000) (1024K)]
Total: 14

Threads with active compile tasks:
C1 CompilerThread0    13346 2697       3       jdk.internal.misc.Unsafe::checkPointer (19 bytes)
Total: 1

VM state: not at safepoint (normal execution)

VM Mutex/Monitor currently owned by a thread:  ([mutex/lock_event])
[0x00007ffd6bd9ace8] Metaspace_lock - owner thread: 0x0000023dbc1b8500

Heap address: 0x0000000084000000, size: 1984 MB, Compressed Oops mode: 32-bit

CDS archive(s) mapped at: [0x0000023dbd000000-0x0000023dbdc90000-0x0000023dbdc90000), size 13172736, SharedBaseAddress: 0x0000023dbd000000, ArchiveRelocationMode: 1.
Compressed class space mapped at: 0x0000023dbe000000-0x0000023dfe000000, reserved size: 1073741824
Narrow klass base: 0x0000023dbd000000, Narrow klass shift: 0, Narrow klass range: 0x100000000

GC Precious Log:
 CardTable entry size: 512
 Card Set container configuration: InlinePtr #cards 5 size 8 Array Of Cards #cards 12 size 40 Howl #buckets 4 coarsen threshold 1843 Howl Bitmap #cards 512 size 80 coarsen threshold 460 Card regions per heap region 1 cards per card region 2048
 CPUs: 8 total, 8 available
 Memory: 7934M
 Large Page Support: Disabled
 NUMA Support: Disabled
 Compressed Oops: Enabled (32-bit)
 Heap Region Size: 1M
 Heap Min Capacity: 8M
 Heap Initial Capacity: 124M
 Heap Max Capacity: 1984M
 Pre-touch: Disabled
 Parallel Workers: 8
 Concurrent Workers: 2
 Concurrent Refinement Workers: 8
 Periodic GC: Disabled

Heap:
 garbage-first heap   total 126976K, used 26520K [0x0000000084000000, 0x0000000100000000)
  region size 1024K, 20 young (20480K), 3 survivors (3072K)
 Metaspace       used 19380K, committed 19776K, reserved 1114112K
  class space    used 2322K, committed 2496K, reserved 1048576K

Heap Regions: E=young(eden), S=young(survivor), O=old, HS=humongous(starts), HC=humongous(continues), CS=collection set, F=free, TAMS=top-at-mark-start, PB=parsable bottom
|   0|0x0000000084000000, 0x0000000084100000, 0x0000000084100000|100%|HS|  |TAMS 0x0000000084000000| PB 0x0000000084000000| Complete 
|   1|0x0000000084100000, 0x0000000084200000, 0x0000000084200000|100%| O|  |TAMS 0x0000000084100000| PB 0x0000000084100000| Untracked 
|   2|0x0000000084200000, 0x0000000084300000, 0x0000000084300000|100%| O|  |TAMS 0x0000000084200000| PB 0x0000000084200000| Untracked 
|   3|0x0000000084300000, 0x0000000084400000, 0x0000000084400000|100%| O|  |TAMS 0x0000000084300000| PB 0x0000000084300000| Untracked 
|   4|0x0000000084400000, 0x0000000084500000, 0x0000000084500000|100%| O|  |TAMS 0x0000000084400000| PB 0x0000000084400000| Untracked 
|   5|0x0000000084500000, 0x0000000084600000, 0x0000000084600000|100%| O|  |TAMS 0x0000000084500000| PB 0x0000000084500000| Untracked 
|   6|0x0000000084600000, 0x0000000084700000, 0x0000000084700000|100%| O|  |TAMS 0x0000000084600000| PB 0x0000000084600000| Untracked 
|   7|0x0000000084700000, 0x000000008471f610, 0x0000000084800000| 12%| O|  |TAMS 0x0000000084700000| PB 0x0000000084700000| Untracked 
|   8|0x0000000084800000, 0x0000000084800000, 0x0000000084900000|  0%| F|  |TAMS 0x0000000084800000| PB 0x0000000084800000| Untracked 
|   9|0x0000000084900000, 0x0000000084900000, 0x0000000084a00000|  0%| F|  |TAMS 0x0000000084900000| PB 0x0000000084900000| Untracked 
|  10|0x0000000084a00000, 0x0000000084a00000, 0x0000000084b00000|  0%| F|  |TAMS 0x0000000084a00000| PB 0x0000000084a00000| Untracked 
|  11|0x0000000084b00000, 0x0000000084b00000, 0x0000000084c00000|  0%| F|  |TAMS 0x0000000084b00000| PB 0x0000000084b00000| Untracked 
|  12|0x0000000084c00000, 0x0000000084c00000, 0x0000000084d00000|  0%| F|  |TAMS 0x0000000084c00000| PB 0x0000000084c00000| Untracked 
|  13|0x0000000084d00000, 0x0000000084d00000, 0x0000000084e00000|  0%| F|  |TAMS 0x0000000084d00000| PB 0x0000000084d00000| Untracked 
|  14|0x0000000084e00000, 0x0000000084e00000, 0x0000000084f00000|  0%| F|  |TAMS 0x0000000084e00000| PB 0x0000000084e00000| Untracked 
|  15|0x0000000084f00000, 0x0000000084f00000, 0x0000000085000000|  0%| F|  |TAMS 0x0000000084f00000| PB 0x0000000084f00000| Untracked 
|  16|0x0000000085000000, 0x0000000085000000, 0x0000000085100000|  0%| F|  |TAMS 0x0000000085000000| PB 0x0000000085000000| Untracked 
|  17|0x0000000085100000, 0x0000000085100000, 0x0000000085200000|  0%| F|  |TAMS 0x0000000085100000| PB 0x0000000085100000| Untracked 
|  18|0x0000000085200000, 0x0000000085200000, 0x0000000085300000|  0%| F|  |TAMS 0x0000000085200000| PB 0x0000000085200000| Untracked 
|  19|0x0000000085300000, 0x0000000085300000, 0x0000000085400000|  0%| F|  |TAMS 0x0000000085300000| PB 0x0000000085300000| Untracked 
|  20|0x0000000085400000, 0x0000000085400000, 0x0000000085500000|  0%| F|  |TAMS 0x0000000085400000| PB 0x0000000085400000| Untracked 
|  21|0x0000000085500000, 0x0000000085500000, 0x0000000085600000|  0%| F|  |TAMS 0x0000000085500000| PB 0x0000000085500000| Untracked 
|  22|0x0000000085600000, 0x0000000085600000, 0x0000000085700000|  0%| F|  |TAMS 0x0000000085600000| PB 0x0000000085600000| Untracked 
|  23|0x0000000085700000, 0x0000000085700000, 0x0000000085800000|  0%| F|  |TAMS 0x0000000085700000| PB 0x0000000085700000| Untracked 
|  24|0x0000000085800000, 0x0000000085800000, 0x0000000085900000|  0%| F|  |TAMS 0x0000000085800000| PB 0x0000000085800000| Untracked 
|  25|0x0000000085900000, 0x0000000085900000, 0x0000000085a00000|  0%| F|  |TAMS 0x0000000085900000| PB 0x0000000085900000| Untracked 
|  26|0x0000000085a00000, 0x0000000085a00000, 0x0000000085b00000|  0%| F|  |TAMS 0x0000000085a00000| PB 0x0000000085a00000| Untracked 
|  27|0x0000000085b00000, 0x0000000085b00000, 0x0000000085c00000|  0%| F|  |TAMS 0x0000000085b00000| PB 0x0000000085b00000| Untracked 
|  28|0x0000000085c00000, 0x0000000085c00000, 0x0000000085d00000|  0%| F|  |TAMS 0x0000000085c00000| PB 0x0000000085c00000| Untracked 
|  29|0x0000000085d00000, 0x0000000085d00000, 0x0000000085e00000|  0%| F|  |TAMS 0x0000000085d00000| PB 0x0000000085d00000| Untracked 
|  30|0x0000000085e00000, 0x0000000085e00000, 0x0000000085f00000|  0%| F|  |TAMS 0x0000000085e00000| PB 0x0000000085e00000| Untracked 
|  31|0x0000000085f00000, 0x0000000085f00000, 0x0000000086000000|  0%| F|  |TAMS 0x0000000085f00000| PB 0x0000000085f00000| Untracked 
|  32|0x0000000086000000, 0x0000000086000000, 0x0000000086100000|  0%| F|  |TAMS 0x0000000086000000| PB 0x0000000086000000| Untracked 
|  33|0x0000000086100000, 0x0000000086100000, 0x0000000086200000|  0%| F|  |TAMS 0x0000000086100000| PB 0x0000000086100000| Untracked 
|  34|0x0000000086200000, 0x0000000086200000, 0x0000000086300000|  0%| F|  |TAMS 0x0000000086200000| PB 0x0000000086200000| Untracked 
|  35|0x0000000086300000, 0x0000000086300000, 0x0000000086400000|  0%| F|  |TAMS 0x0000000086300000| PB 0x0000000086300000| Untracked 
|  36|0x0000000086400000, 0x0000000086400000, 0x0000000086500000|  0%| F|  |TAMS 0x0000000086400000| PB 0x0000000086400000| Untracked 
|  37|0x0000000086500000, 0x0000000086500000, 0x0000000086600000|  0%| F|  |TAMS 0x0000000086500000| PB 0x0000000086500000| Untracked 
|  38|0x0000000086600000, 0x0000000086600000, 0x0000000086700000|  0%| F|  |TAMS 0x0000000086600000| PB 0x0000000086600000| Untracked 
|  39|0x0000000086700000, 0x0000000086700000, 0x0000000086800000|  0%| F|  |TAMS 0x0000000086700000| PB 0x0000000086700000| Untracked 
|  40|0x0000000086800000, 0x0000000086800000, 0x0000000086900000|  0%| F|  |TAMS 0x0000000086800000| PB 0x0000000086800000| Untracked 
|  41|0x0000000086900000, 0x0000000086900000, 0x0000000086a00000|  0%| F|  |TAMS 0x0000000086900000| PB 0x0000000086900000| Untracked 
|  42|0x0000000086a00000, 0x0000000086a00000, 0x0000000086b00000|  0%| F|  |TAMS 0x0000000086a00000| PB 0x0000000086a00000| Untracked 
|  43|0x0000000086b00000, 0x0000000086b00000, 0x0000000086c00000|  0%| F|  |TAMS 0x0000000086b00000| PB 0x0000000086b00000| Untracked 
|  44|0x0000000086c00000, 0x0000000086c00000, 0x0000000086d00000|  0%| F|  |TAMS 0x0000000086c00000| PB 0x0000000086c00000| Untracked 
|  45|0x0000000086d00000, 0x0000000086d00000, 0x0000000086e00000|  0%| F|  |TAMS 0x0000000086d00000| PB 0x0000000086d00000| Untracked 
|  46|0x0000000086e00000, 0x0000000086e00000, 0x0000000086f00000|  0%| F|  |TAMS 0x0000000086e00000| PB 0x0000000086e00000| Untracked 
|  47|0x0000000086f00000, 0x0000000086f00000, 0x0000000087000000|  0%| F|  |TAMS 0x0000000086f00000| PB 0x0000000086f00000| Untracked 
|  48|0x0000000087000000, 0x0000000087000000, 0x0000000087100000|  0%| F|  |TAMS 0x0000000087000000| PB 0x0000000087000000| Untracked 
|  49|0x0000000087100000, 0x0000000087100000, 0x0000000087200000|  0%| F|  |TAMS 0x0000000087100000| PB 0x0000000087100000| Untracked 
|  50|0x0000000087200000, 0x0000000087200000, 0x0000000087300000|  0%| F|  |TAMS 0x0000000087200000| PB 0x0000000087200000| Untracked 
|  51|0x0000000087300000, 0x0000000087300000, 0x0000000087400000|  0%| F|  |TAMS 0x0000000087300000| PB 0x0000000087300000| Untracked 
|  52|0x0000000087400000, 0x0000000087400000, 0x0000000087500000|  0%| F|  |TAMS 0x0000000087400000| PB 0x0000000087400000| Untracked 
|  53|0x0000000087500000, 0x0000000087500000, 0x0000000087600000|  0%| F|  |TAMS 0x0000000087500000| PB 0x0000000087500000| Untracked 
|  54|0x0000000087600000, 0x0000000087600000, 0x0000000087700000|  0%| F|  |TAMS 0x0000000087600000| PB 0x0000000087600000| Untracked 
|  55|0x0000000087700000, 0x0000000087700000, 0x0000000087800000|  0%| F|  |TAMS 0x0000000087700000| PB 0x0000000087700000| Untracked 
|  56|0x0000000087800000, 0x0000000087800000, 0x0000000087900000|  0%| F|  |TAMS 0x0000000087800000| PB 0x0000000087800000| Untracked 
|  57|0x0000000087900000, 0x0000000087900000, 0x0000000087a00000|  0%| F|  |TAMS 0x0000000087900000| PB 0x0000000087900000| Untracked 
|  58|0x0000000087a00000, 0x0000000087a00000, 0x0000000087b00000|  0%| F|  |TAMS 0x0000000087a00000| PB 0x0000000087a00000| Untracked 
|  59|0x0000000087b00000, 0x0000000087b00000, 0x0000000087c00000|  0%| F|  |TAMS 0x0000000087b00000| PB 0x0000000087b00000| Untracked 
|  60|0x0000000087c00000, 0x0000000087c00000, 0x0000000087d00000|  0%| F|  |TAMS 0x0000000087c00000| PB 0x0000000087c00000| Untracked 
|  61|0x0000000087d00000, 0x0000000087d00000, 0x0000000087e00000|  0%| F|  |TAMS 0x0000000087d00000| PB 0x0000000087d00000| Untracked 
|  62|0x0000000087e00000, 0x0000000087e00000, 0x0000000087f00000|  0%| F|  |TAMS 0x0000000087e00000| PB 0x0000000087e00000| Untracked 
|  63|0x0000000087f00000, 0x0000000087f00000, 0x0000000088000000|  0%| F|  |TAMS 0x0000000087f00000| PB 0x0000000087f00000| Untracked 
|  64|0x0000000088000000, 0x0000000088000000, 0x0000000088100000|  0%| F|  |TAMS 0x0000000088000000| PB 0x0000000088000000| Untracked 
|  65|0x0000000088100000, 0x0000000088100000, 0x0000000088200000|  0%| F|  |TAMS 0x0000000088100000| PB 0x0000000088100000| Untracked 
|  66|0x0000000088200000, 0x0000000088200000, 0x0000000088300000|  0%| F|  |TAMS 0x0000000088200000| PB 0x0000000088200000| Untracked 
|  67|0x0000000088300000, 0x0000000088300000, 0x0000000088400000|  0%| F|  |TAMS 0x0000000088300000| PB 0x0000000088300000| Untracked 
|  68|0x0000000088400000, 0x0000000088400000, 0x0000000088500000|  0%| F|  |TAMS 0x0000000088400000| PB 0x0000000088400000| Untracked 
|  69|0x0000000088500000, 0x0000000088500000, 0x0000000088600000|  0%| F|  |TAMS 0x0000000088500000| PB 0x0000000088500000| Untracked 
|  70|0x0000000088600000, 0x0000000088600000, 0x0000000088700000|  0%| F|  |TAMS 0x0000000088600000| PB 0x0000000088600000| Untracked 
|  71|0x0000000088700000, 0x0000000088700000, 0x0000000088800000|  0%| F|  |TAMS 0x0000000088700000| PB 0x0000000088700000| Untracked 
|  72|0x0000000088800000, 0x0000000088800000, 0x0000000088900000|  0%| F|  |TAMS 0x0000000088800000| PB 0x0000000088800000| Untracked 
|  73|0x0000000088900000, 0x0000000088900000, 0x0000000088a00000|  0%| F|  |TAMS 0x0000000088900000| PB 0x0000000088900000| Untracked 
|  74|0x0000000088a00000, 0x0000000088a00000, 0x0000000088b00000|  0%| F|  |TAMS 0x0000000088a00000| PB 0x0000000088a00000| Untracked 
|  75|0x0000000088b00000, 0x0000000088b00000, 0x0000000088c00000|  0%| F|  |TAMS 0x0000000088b00000| PB 0x0000000088b00000| Untracked 
|  76|0x0000000088c00000, 0x0000000088c00000, 0x0000000088d00000|  0%| F|  |TAMS 0x0000000088c00000| PB 0x0000000088c00000| Untracked 
|  77|0x0000000088d00000, 0x0000000088d00000, 0x0000000088e00000|  0%| F|  |TAMS 0x0000000088d00000| PB 0x0000000088d00000| Untracked 
|  78|0x0000000088e00000, 0x0000000088e00000, 0x0000000088f00000|  0%| F|  |TAMS 0x0000000088e00000| PB 0x0000000088e00000| Untracked 
|  79|0x0000000088f00000, 0x0000000088f00000, 0x0000000089000000|  0%| F|  |TAMS 0x0000000088f00000| PB 0x0000000088f00000| Untracked 
|  80|0x0000000089000000, 0x0000000089000000, 0x0000000089100000|  0%| F|  |TAMS 0x0000000089000000| PB 0x0000000089000000| Untracked 
|  81|0x0000000089100000, 0x0000000089100000, 0x0000000089200000|  0%| F|  |TAMS 0x0000000089100000| PB 0x0000000089100000| Untracked 
|  82|0x0000000089200000, 0x0000000089200000, 0x0000000089300000|  0%| F|  |TAMS 0x0000000089200000| PB 0x0000000089200000| Untracked 
|  83|0x0000000089300000, 0x0000000089300000, 0x0000000089400000|  0%| F|  |TAMS 0x0000000089300000| PB 0x0000000089300000| Untracked 
|  84|0x0000000089400000, 0x0000000089400000, 0x0000000089500000|  0%| F|  |TAMS 0x0000000089400000| PB 0x0000000089400000| Untracked 
|  85|0x0000000089500000, 0x0000000089500000, 0x0000000089600000|  0%| F|  |TAMS 0x0000000089500000| PB 0x0000000089500000| Untracked 
|  86|0x0000000089600000, 0x0000000089600000, 0x0000000089700000|  0%| F|  |TAMS 0x0000000089600000| PB 0x0000000089600000| Untracked 
|  87|0x0000000089700000, 0x0000000089700000, 0x0000000089800000|  0%| F|  |TAMS 0x0000000089700000| PB 0x0000000089700000| Untracked 
|  88|0x0000000089800000, 0x0000000089800000, 0x0000000089900000|  0%| F|  |TAMS 0x0000000089800000| PB 0x0000000089800000| Untracked 
|  89|0x0000000089900000, 0x00000000899c6de0, 0x0000000089a00000| 77%| S|CS|TAMS 0x0000000089900000| PB 0x0000000089900000| Complete 
|  90|0x0000000089a00000, 0x0000000089b00000, 0x0000000089b00000|100%| S|CS|TAMS 0x0000000089a00000| PB 0x0000000089a00000| Complete 
|  91|0x0000000089b00000, 0x0000000089c00000, 0x0000000089c00000|100%| S|CS|TAMS 0x0000000089b00000| PB 0x0000000089b00000| Complete 
|  92|0x0000000089c00000, 0x0000000089c00000, 0x0000000089d00000|  0%| F|  |TAMS 0x0000000089c00000| PB 0x0000000089c00000| Untracked 
|  93|0x0000000089d00000, 0x0000000089d00000, 0x0000000089e00000|  0%| F|  |TAMS 0x0000000089d00000| PB 0x0000000089d00000| Untracked 
|  94|0x0000000089e00000, 0x0000000089e00000, 0x0000000089f00000|  0%| F|  |TAMS 0x0000000089e00000| PB 0x0000000089e00000| Untracked 
|  95|0x0000000089f00000, 0x0000000089f00000, 0x000000008a000000|  0%| F|  |TAMS 0x0000000089f00000| PB 0x0000000089f00000| Untracked 
|  96|0x000000008a000000, 0x000000008a000000, 0x000000008a100000|  0%| F|  |TAMS 0x000000008a000000| PB 0x000000008a000000| Untracked 
|  97|0x000000008a100000, 0x000000008a100000, 0x000000008a200000|  0%| F|  |TAMS 0x000000008a100000| PB 0x000000008a100000| Untracked 
|  98|0x000000008a200000, 0x000000008a200000, 0x000000008a300000|  0%| F|  |TAMS 0x000000008a200000| PB 0x000000008a200000| Untracked 
|  99|0x000000008a300000, 0x000000008a300000, 0x000000008a400000|  0%| F|  |TAMS 0x000000008a300000| PB 0x000000008a300000| Untracked 
| 100|0x000000008a400000, 0x000000008a400000, 0x000000008a500000|  0%| F|  |TAMS 0x000000008a400000| PB 0x000000008a400000| Untracked 
| 101|0x000000008a500000, 0x000000008a500000, 0x000000008a600000|  0%| F|  |TAMS 0x000000008a500000| PB 0x000000008a500000| Untracked 
| 102|0x000000008a600000, 0x000000008a600000, 0x000000008a700000|  0%| F|  |TAMS 0x000000008a600000| PB 0x000000008a600000| Untracked 
| 103|0x000000008a700000, 0x000000008a700000, 0x000000008a800000|  0%| F|  |TAMS 0x000000008a700000| PB 0x000000008a700000| Untracked 
| 104|0x000000008a800000, 0x000000008a800000, 0x000000008a900000|  0%| F|  |TAMS 0x000000008a800000| PB 0x000000008a800000| Untracked 
| 105|0x000000008a900000, 0x000000008a900000, 0x000000008aa00000|  0%| F|  |TAMS 0x000000008a900000| PB 0x000000008a900000| Untracked 
| 106|0x000000008aa00000, 0x000000008aa00000, 0x000000008ab00000|  0%| F|  |TAMS 0x000000008aa00000| PB 0x000000008aa00000| Untracked 
| 107|0x000000008ab00000, 0x000000008abf2dd8, 0x000000008ac00000| 94%| E|  |TAMS 0x000000008ab00000| PB 0x000000008ab00000| Complete 
| 108|0x000000008ac00000, 0x000000008ad00000, 0x000000008ad00000|100%| E|CS|TAMS 0x000000008ac00000| PB 0x000000008ac00000| Complete 
| 109|0x000000008ad00000, 0x000000008ae00000, 0x000000008ae00000|100%| E|CS|TAMS 0x000000008ad00000| PB 0x000000008ad00000| Complete 
| 110|0x000000008ae00000, 0x000000008af00000, 0x000000008af00000|100%| E|CS|TAMS 0x000000008ae00000| PB 0x000000008ae00000| Complete 
| 111|0x000000008af00000, 0x000000008b000000, 0x000000008b000000|100%| E|CS|TAMS 0x000000008af00000| PB 0x000000008af00000| Complete 
| 112|0x000000008b000000, 0x000000008b100000, 0x000000008b100000|100%| E|CS|TAMS 0x000000008b000000| PB 0x000000008b000000| Complete 
| 113|0x000000008b100000, 0x000000008b200000, 0x000000008b200000|100%| E|CS|TAMS 0x000000008b100000| PB 0x000000008b100000| Complete 
| 114|0x000000008b200000, 0x000000008b300000, 0x000000008b300000|100%| E|CS|TAMS 0x000000008b200000| PB 0x000000008b200000| Complete 
| 115|0x000000008b300000, 0x000000008b400000, 0x000000008b400000|100%| E|CS|TAMS 0x000000008b300000| PB 0x000000008b300000| Complete 
| 116|0x000000008b400000, 0x000000008b500000, 0x000000008b500000|100%| E|CS|TAMS 0x000000008b400000| PB 0x000000008b400000| Complete 
| 117|0x000000008b500000, 0x000000008b600000, 0x000000008b600000|100%| E|CS|TAMS 0x000000008b500000| PB 0x000000008b500000| Complete 
| 118|0x000000008b600000, 0x000000008b700000, 0x000000008b700000|100%| E|CS|TAMS 0x000000008b600000| PB 0x000000008b600000| Complete 
| 119|0x000000008b700000, 0x000000008b800000, 0x000000008b800000|100%| E|CS|TAMS 0x000000008b700000| PB 0x000000008b700000| Complete 
| 120|0x000000008b800000, 0x000000008b900000, 0x000000008b900000|100%| E|CS|TAMS 0x000000008b800000| PB 0x000000008b800000| Complete 
| 121|0x000000008b900000, 0x000000008ba00000, 0x000000008ba00000|100%| E|CS|TAMS 0x000000008b900000| PB 0x000000008b900000| Complete 
| 122|0x000000008ba00000, 0x000000008bb00000, 0x000000008bb00000|100%| E|CS|TAMS 0x000000008ba00000| PB 0x000000008ba00000| Complete 
| 123|0x000000008bb00000, 0x000000008bc00000, 0x000000008bc00000|100%| E|CS|TAMS 0x000000008bb00000| PB 0x000000008bb00000| Complete 

Card table byte_map: [0x0000023db7680000,0x0000023db7a60000] _byte_map_base: 0x0000023db7260000

Marking Bits: (CMBitMap*) 0x0000023d9fb566f0
 Bits: [0x0000023db7a60000, 0x0000023db9960000)

Polling page: 0x0000023d9d9c0000

Metaspace:

Usage:
  Non-class:     16.66 MB used.
      Class:      2.27 MB used.
       Both:     18.93 MB used.

Virtual space:
  Non-class space:       64.00 MB reserved,      16.88 MB ( 26%) committed,  1 nodes.
      Class space:        1.00 GB reserved,       2.44 MB ( <1%) committed,  1 nodes.
             Both:        1.06 GB reserved,      19.31 MB (  2%) committed. 

Chunk freelists:
   Non-Class:  14.17 MB
       Class:  13.44 MB
        Both:  27.61 MB

MaxMetaspaceSize: unlimited
CompressedClassSpaceSize: 1.00 GB
Initial GC threshold: 21.00 MB
Current GC threshold: 21.00 MB
CDS: on
 - commit_granule_bytes: 65536.
 - commit_granule_words: 8192.
 - virtual_space_node_default_size: 8388608.
 - enlarge_chunks_in_place: 1.
 - use_allocation_guard: 0.


Internal statistics:

num_allocs_failed_limit: 0.
num_arena_births: 502.
num_arena_deaths: 0.
num_vsnodes_births: 2.
num_vsnodes_deaths: 0.
num_space_committed: 309.
num_space_uncommitted: 0.
num_chunks_returned_to_freelist: 0.
num_chunks_taken_from_freelist: 1056.
num_chunk_merges: 0.
num_chunk_splits: 629.
num_chunks_enlarged: 354.
num_inconsistent_stats: 0.

CodeHeap 'non-profiled nmethods': size=120000Kb used=1073Kb max_used=1073Kb free=118926Kb
 bounds [0x0000023dafa30000, 0x0000023dafca0000, 0x0000023db6f60000]
CodeHeap 'profiled nmethods': size=120000Kb used=5239Kb max_used=5239Kb free=114761Kb
 bounds [0x0000023da7f60000, 0x0000023da8480000, 0x0000023daf490000]
CodeHeap 'non-nmethods': size=5760Kb used=1710Kb max_used=1730Kb free=4049Kb
 bounds [0x0000023daf490000, 0x0000023daf700000, 0x0000023dafa30000]
 total_blobs=3294 nmethods=2694 adapters=504
 compilation: enabled
              stopped_count=0, restarted_count=0
 full_count=0

Compilation events (20 events):
Event: 10.280 Thread 0x0000023dbc1b8500 nmethod 2687 0x0000023da847a510 code [0x0000023da847a6e0, 0x0000023da847aa58]
Event: 10.280 Thread 0x0000023dbc1b8500 2688       1       java.util.Spliterators$IteratorSpliterator::characteristics (5 bytes)
Event: 10.280 Thread 0x0000023dbc1b8500 nmethod 2688 0x0000023dafb3bf90 code [0x0000023dafb3c120, 0x0000023dafb3c1e8]
Event: 10.286 Thread 0x0000023dbc1b8500 2689       3       java.net.URI$Parser::at (23 bytes)
Event: 10.286 Thread 0x0000023dbc1b8500 nmethod 2689 0x0000023da847ab90 code [0x0000023da847ada0, 0x0000023da847b3c0]
Event: 10.288 Thread 0x0000023dbc1b8500 2690       3       java.nio.ByteBuffer::<init> (14 bytes)
Event: 10.288 Thread 0x0000023dbc1b8500 nmethod 2690 0x0000023da847b690 code [0x0000023da847b840, 0x0000023da847b990]
Event: 10.288 Thread 0x0000023dbc1b8500 2691       3       java.nio.MappedByteBuffer::limit (6 bytes)
Event: 10.288 Thread 0x0000023dbc1b8500 nmethod 2691 0x0000023da847ba90 code [0x0000023da847bc40, 0x0000023da847be50]
Event: 10.289 Thread 0x0000023dbc1b8500 2692       3       java.nio.MappedByteBuffer::limit (6 bytes)
Event: 10.289 Thread 0x0000023dbc1b8500 nmethod 2692 0x0000023da847bf90 code [0x0000023da847c140, 0x0000023da847c350]
Event: 10.293 Thread 0x0000023dbc1b8500 2693       3       java.net.URI$Parser::scan (41 bytes)
Event: 10.294 Thread 0x0000023dbc1b8500 nmethod 2693 0x0000023da847c490 code [0x0000023da847c6c0, 0x0000023da847ce18]
Event: 10.294 Thread 0x0000023dbc1b8500 2694       3       java.util.Arrays::fill (21 bytes)
Event: 10.294 Thread 0x0000023dbc1b8500 nmethod 2694 0x0000023da847d190 code [0x0000023da847d340, 0x0000023da847d4e0]
Event: 10.296 Thread 0x0000023dbc1b8500 2695       1       java.util.TreeMap::size (5 bytes)
Event: 10.296 Thread 0x0000023dbc1b8500 nmethod 2695 0x0000023dafb3c290 code [0x0000023dafb3c420, 0x0000023dafb3c4e8]
Event: 10.296 Thread 0x0000023dbc1b8500 2696       3       java.lang.ThreadLocal::get (35 bytes)
Event: 10.296 Thread 0x0000023dbc1b8500 nmethod 2696 0x0000023da847d610 code [0x0000023da847d7e0, 0x0000023da847dae8]
Event: 11.289 Thread 0x0000023dbc1b8500 2697       3       jdk.internal.misc.Unsafe::checkPointer (19 bytes)

GC Heap History (4 events):
Event: 0.807 GC heap before
{Heap before GC invocations=0 (full 0):
 garbage-first heap   total 126976K, used 23552K [0x0000000084000000, 0x0000000100000000)
  region size 1024K, 23 young (23552K), 0 survivors (0K)
 Metaspace       used 6886K, committed 7104K, reserved 1114112K
  class space    used 746K, committed 832K, reserved 1048576K
}
Event: 0.815 GC heap after
{Heap after GC invocations=1 (full 0):
 garbage-first heap   total 126976K, used 7073K [0x0000000084000000, 0x0000000100000000)
  region size 1024K, 3 young (3072K), 3 survivors (3072K)
 Metaspace       used 6886K, committed 7104K, reserved 1114112K
  class space    used 746K, committed 832K, reserved 1048576K
}
Event: 3.621 GC heap before
{Heap before GC invocations=1 (full 0):
 garbage-first heap   total 126976K, used 35745K [0x0000000084000000, 0x0000000100000000)
  region size 1024K, 32 young (32768K), 3 survivors (3072K)
 Metaspace       used 12458K, committed 12736K, reserved 1114112K
  class space    used 1472K, committed 1600K, reserved 1048576K
}
Event: 3.627 GC heap after
{Heap after GC invocations=2 (full 0):
 garbage-first heap   total 126976K, used 10136K [0x0000000084000000, 0x0000000100000000)
  region size 1024K, 3 young (3072K), 3 survivors (3072K)
 Metaspace       used 12458K, committed 12736K, reserved 1114112K
  class space    used 1472K, committed 1600K, reserved 1048576K
}

Dll operation events (11 events):
Event: 0.007 Loaded shared library C:\Program Files\Java\jdk-21\bin\java.dll
Event: 0.036 Loaded shared library C:\Program Files\Java\jdk-21\bin\jsvml.dll
Event: 0.082 Loaded shared library C:\Program Files\Java\jdk-21\bin\net.dll
Event: 0.084 Loaded shared library C:\Program Files\Java\jdk-21\bin\nio.dll
Event: 0.087 Loaded shared library C:\Program Files\Java\jdk-21\bin\zip.dll
Event: 0.258 Loaded shared library C:\Program Files\Java\jdk-21\bin\jimage.dll
Event: 0.303 Loaded shared library C:\Program Files\Java\jdk-21\bin\verify.dll
Event: 0.391 Loaded shared library C:\Program Files\Java\jdk-21\bin\extnet.dll
Event: 3.416 Loaded shared library C:\Program Files\Java\jdk-21\bin\management.dll
Event: 3.418 Loaded shared library C:\Program Files\Java\jdk-21\bin\management_ext.dll
Event: 3.670 Loaded shared library C:\Program Files\Java\jdk-21\bin\sunmscapi.dll

Deoptimization events (20 events):
Event: 3.805 Thread 0x0000023d9d705d40 DEOPT PACKING pc=0x0000023da8407291 sp=0x000000fa056fbeb0
Event: 3.805 Thread 0x0000023d9d705d40 DEOPT UNPACKING pc=0x0000023daf4e88e2 sp=0x000000fa056fb328 mode 0
Event: 3.806 Thread 0x0000023d9d705d40 DEOPT PACKING pc=0x0000023da8407291 sp=0x000000fa056fbeb0
Event: 3.806 Thread 0x0000023d9d705d40 DEOPT UNPACKING pc=0x0000023daf4e88e2 sp=0x000000fa056fb328 mode 0
Event: 3.886 Thread 0x0000023d9d705d40 Uncommon trap: trap_request=0xffffffc6 fr.pc=0x0000023dafae41a8 relative=0x00000000000005c8
Event: 3.886 Thread 0x0000023d9d705d40 Uncommon trap: reason=bimorphic_or_optimized_type_check action=maybe_recompile pc=0x0000023dafae41a8 method=java.util.regex.Pattern$BmpCharPropertyGreedy.match(Ljava/util/regex/Matcher;ILjava/lang/CharSequence;)Z @ 26 c2
Event: 3.886 Thread 0x0000023d9d705d40 DEOPT PACKING pc=0x0000023dafae41a8 sp=0x000000fa056fce90
Event: 3.886 Thread 0x0000023d9d705d40 DEOPT UNPACKING pc=0x0000023daf4e7da2 sp=0x000000fa056fce68 mode 2
Event: 3.886 Thread 0x0000023d9d705d40 Uncommon trap: trap_request=0xffffffc6 fr.pc=0x0000023dafae41a8 relative=0x00000000000005c8
Event: 3.886 Thread 0x0000023d9d705d40 Uncommon trap: reason=bimorphic_or_optimized_type_check action=maybe_recompile pc=0x0000023dafae41a8 method=java.util.regex.Pattern$BmpCharPropertyGreedy.match(Ljava/util/regex/Matcher;ILjava/lang/CharSequence;)Z @ 26 c2
Event: 3.886 Thread 0x0000023d9d705d40 DEOPT PACKING pc=0x0000023dafae41a8 sp=0x000000fa056fce90
Event: 3.886 Thread 0x0000023d9d705d40 DEOPT UNPACKING pc=0x0000023daf4e7da2 sp=0x000000fa056fce68 mode 2
Event: 4.179 Thread 0x0000023d9d705d40 Uncommon trap: trap_request=0xffffffc6 fr.pc=0x0000023dafb138e4 relative=0x0000000000000564
Event: 4.179 Thread 0x0000023d9d705d40 Uncommon trap: reason=bimorphic_or_optimized_type_check action=maybe_recompile pc=0x0000023dafb138e4 method=java.util.regex.Pattern$Start.match(Ljava/util/regex/Matcher;ILjava/lang/CharSequence;)Z @ 44 c2
Event: 4.179 Thread 0x0000023d9d705d40 DEOPT PACKING pc=0x0000023dafb138e4 sp=0x000000fa056fd030
Event: 4.179 Thread 0x0000023d9d705d40 DEOPT UNPACKING pc=0x0000023daf4e7da2 sp=0x000000fa056fcf90 mode 2
Event: 4.193 Thread 0x0000023d9d705d40 Uncommon trap: trap_request=0xffffff45 fr.pc=0x0000023dafaed3b0 relative=0x00000000000003f0
Event: 4.193 Thread 0x0000023d9d705d40 Uncommon trap: reason=unstable_if action=reinterpret pc=0x0000023dafaed3b0 method=java.util.stream.StreamOpFlag.getMask(I)I @ 1 c2
Event: 4.193 Thread 0x0000023d9d705d40 DEOPT PACKING pc=0x0000023dafaed3b0 sp=0x000000fa056fd9b0
Event: 4.193 Thread 0x0000023d9d705d40 DEOPT UNPACKING pc=0x0000023daf4e7da2 sp=0x000000fa056fd890 mode 2

Classes loaded (20 events):
Event: 9.152 Loading class java/lang/invoke/VarHandleBytes$FieldInstanceReadOnly
Event: 9.152 Loading class java/lang/invoke/VarHandleBytes$FieldInstanceReadOnly done
Event: 9.152 Loading class java/lang/invoke/VarHandleBytes$FieldInstanceReadWrite done
Event: 10.278 Loading class java/util/LinkedList$DescendingIterator
Event: 10.279 Loading class java/util/LinkedList$DescendingIterator done
Event: 10.281 Loading class java/util/concurrent/locks/ReadWriteLock
Event: 10.282 Loading class java/util/concurrent/locks/ReadWriteLock done
Event: 10.283 Loading class java/util/concurrent/locks/ReentrantReadWriteLock
Event: 10.284 Loading class java/util/concurrent/locks/ReentrantReadWriteLock done
Event: 10.284 Loading class java/util/concurrent/locks/ReentrantReadWriteLock$FairSync
Event: 10.284 Loading class java/util/concurrent/locks/ReentrantReadWriteLock$Sync
Event: 10.285 Loading class java/util/concurrent/locks/ReentrantReadWriteLock$Sync done
Event: 10.285 Loading class java/util/concurrent/locks/ReentrantReadWriteLock$FairSync done
Event: 10.285 Loading class java/util/concurrent/locks/ReentrantReadWriteLock$Sync$ThreadLocalHoldCounter
Event: 10.285 Loading class java/util/concurrent/locks/ReentrantReadWriteLock$Sync$ThreadLocalHoldCounter done
Event: 10.285 Loading class java/util/concurrent/locks/ReentrantReadWriteLock$ReadLock
Event: 10.285 Loading class java/util/concurrent/locks/ReentrantReadWriteLock$ReadLock done
Event: 10.285 Loading class java/util/concurrent/locks/ReentrantReadWriteLock$WriteLock
Event: 10.285 Loading class java/util/concurrent/locks/ReentrantReadWriteLock$WriteLock done
Event: 11.289 Loading class sun/net/www/HeaderParser

Classes unloaded (0 events):
No events

Classes redefined (0 events):
No events

Internal exceptions (20 events):
Event: 3.653 Thread 0x0000023d9d705d40 Exception <a 'java/lang/NoSuchMethodError'{0x000000008ba41438}: 'int java.lang.invoke.DirectMethodHandle$Holder.invokeStatic(java.lang.Object, long)'> (0x000000008ba41438) 
thrown [s\open\src\hotspot\share\interpreter\linkResolver.cpp, line 773]
Event: 3.656 Thread 0x0000023d9d705d40 Exception <a 'java/lang/NoSuchMethodError'{0x000000008ba62460}: 'java.lang.Object java.lang.invoke.DirectMethodHandle$Holder.invokeSpecial(java.lang.Object, java.lang.Object, int, java.lang.Object, java.lang.Object)'> (0x000000008ba62460) 
thrown [s\open\src\hotspot\share\interpreter\linkResolver.cpp, line 773]
Event: 3.656 Thread 0x0000023d9d705d40 Exception <a 'java/lang/NoSuchMethodError'{0x000000008ba65e90}: 'java.lang.Object java.lang.invoke.DelegatingMethodHandle$Holder.delegate(java.lang.Object, int, java.lang.Object, java.lang.Object)'> (0x000000008ba65e90) 
thrown [s\open\src\hotspot\share\interpreter\linkResolver.cpp, line 773]
Event: 3.659 Thread 0x0000023d9d705d40 Exception <a 'java/lang/NoSuchMethodError'{0x000000008ba75400}: 'int java.lang.invoke.Invokers$Holder.linkToTargetMethod(java.lang.Object, java.lang.Object, java.lang.Object)'> (0x000000008ba75400) 
thrown [s\open\src\hotspot\share\interpreter\linkResolver.cpp, line 773]
Event: 3.660 Thread 0x0000023d9d705d40 Exception <a 'java/lang/NoSuchMethodError'{0x000000008ba843b8}: 'long java.lang.invoke.DirectMethodHandle$Holder.invokeSpecial(java.lang.Object, java.lang.Object)'> (0x000000008ba843b8) 
thrown [s\open\src\hotspot\share\interpreter\linkResolver.cpp, line 773]
Event: 3.717 Thread 0x0000023d9d705d40 Exception <a 'sun/nio/fs/WindowsException'{0x000000008b97be58}> (0x000000008b97be58) 
thrown [s\open\src\hotspot\share\prims\jni.cpp, line 520]
Event: 3.883 Thread 0x0000023d9d705d40 Exception <a 'java/lang/NoSuchMethodError'{0x000000008b266fe0}: 'java.lang.Object java.lang.invoke.DirectMethodHandle$Holder.invokeInterface(java.lang.Object, java.lang.Object, java.lang.Object)'> (0x000000008b266fe0) 
thrown [s\open\src\hotspot\share\interpreter\linkResolver.cpp, line 773]
Event: 3.884 Thread 0x0000023d9d705d40 Exception <a 'java/lang/IncompatibleClassChangeError'{0x000000008b26a3c8}: Found class java.lang.Object, but interface was expected> (0x000000008b26a3c8) 
thrown [s\open\src\hotspot\share\interpreter\linkResolver.cpp, line 840]
Event: 3.885 Thread 0x0000023d9d705d40 Exception <a 'java/lang/NoSuchMethodError'{0x000000008b271910}: 'int java.lang.invoke.DirectMethodHandle$Holder.invokeSpecialIFC(java.lang.Object, java.lang.Object, java.lang.Object, java.lang.Object)'> (0x000000008b271910) 
thrown [s\open\src\hotspot\share\interpreter\linkResolver.cpp, line 773]
Event: 3.888 Thread 0x0000023d9d705d40 Exception <a 'java/lang/NoSuchMethodError'{0x000000008b293a28}: 'java.lang.Object java.lang.invoke.DirectMethodHandle$Holder.invokeVirtual(java.lang.Object, java.lang.Object, java.lang.Object, java.lang.Object)'> (0x000000008b293a28) 
thrown [s\open\src\hotspot\share\interpreter\linkResolver.cpp, line 773]
Event: 4.118 Thread 0x0000023dfeb2ad00 Exception <a 'java/net/ConnectException'{0x000000008b148bf8}: Connection refused: getsockopt> (0x000000008b148bf8) 
thrown [s\open\src\hotspot\share\prims\jni.cpp, line 539]
Event: 4.134 Thread 0x0000023dfeb2ad00 Exception <a 'java/net/ConnectException'{0x000000008b149bd0}: Connection refused: getsockopt> (0x000000008b149bd0) 
thrown [s\open\src\hotspot\share\prims\jni.cpp, line 539]
Event: 4.187 Thread 0x0000023d9d705d40 Exception <a 'java/lang/NoSuchMethodError'{0x000000008b035f68}: 'java.lang.Object java.lang.invoke.DirectMethodHandle$Holder.newInvokeSpecial(java.lang.Object, java.lang.Object, int, int)'> (0x000000008b035f68) 
thrown [s\open\src\hotspot\share\interpreter\linkResolver.cpp, line 773]
Event: 4.188 Thread 0x0000023d9d705d40 Exception <a 'java/lang/NoSuchMethodError'{0x000000008b040440}: 'void java.lang.invoke.DirectMethodHandle$Holder.invokeStatic(java.lang.Object, java.lang.Object, int)'> (0x000000008b040440) 
thrown [s\open\src\hotspot\share\interpreter\linkResolver.cpp, line 773]
Event: 4.211 Thread 0x0000023dfeb2ba20 Exception <a 'java/lang/NoSuchMethodError'{0x000000008afbcdd0}: 'java.lang.Object java.lang.invoke.DirectMethodHandle$Holder.invokeSpecial(java.lang.Object, java.lang.Object, java.lang.Object, java.lang.Object, int)'> (0x000000008afbcdd0) 
thrown [s\open\src\hotspot\share\interpreter\linkResolver.cpp, line 773]
Event: 4.211 Thread 0x0000023dfeb2ba20 Exception <a 'java/lang/NoSuchMethodError'{0x000000008afc0718}: 'java.lang.Object java.lang.invoke.Invokers$Holder.linkToTargetMethod(java.lang.Object, java.lang.Object, int, java.lang.Object)'> (0x000000008afc0718) 
thrown [s\open\src\hotspot\share\interpreter\linkResolver.cpp, line 773]
Event: 4.221 Thread 0x0000023dfeb2ba20 Exception <a 'java/lang/NoSuchMethodError'{0x000000008ae066d0}: 'void java.lang.invoke.DirectMethodHandle$Holder.invokeSpecial(java.lang.Object, java.lang.Object, java.lang.Object, java.lang.Object, java.lang.Object)'> (0x000000008ae066d0) 
thrown [s\open\src\hotspot\share\interpreter\linkResolver.cpp, line 773]
Event: 9.154 Thread 0x0000023dff2e0c80 Exception <a 'java/lang/NoSuchMethodError'{0x000000008ad14528}: 'java.lang.Object java.lang.invoke.DirectMethodHandle$Holder.newInvokeSpecial(java.lang.Object, java.lang.Object, long, java.lang.Object, java.lang.Object, java.lang.Object)'> (0x000000008ad14528) 
thrown [s\open\src\hotspot\share\interpreter\linkResolver.cpp, line 773]
Event: 9.157 Thread 0x0000023dff2e0c80 Exception <a 'java/lang/NoSuchMethodError'{0x000000008ad2a758}: 'void java.lang.invoke.DirectMethodHandle$Holder.invokeSpecial(java.lang.Object, java.lang.Object, java.lang.Object, java.lang.Object, java.lang.Object, java.lang.Object, java.lang.Object)'> (0x000000008ad2a758) 
thrown [s\open\src\hotspot\share\interpreter\linkResolver.cpp, line 773]
Event: 9.167 Thread 0x0000023d9d705d40 Exception <a 'java/lang/NoSuchMethodError'{0x000000008b0dce68}: 'java.lang.Object java.lang.invoke.DirectMethodHandle$Holder.invokeSpecialIFC(java.lang.Object, java.lang.Object, java.lang.Object)'> (0x000000008b0dce68) 
thrown [s\open\src\hotspot\share\interpreter\linkResolver.cpp, line 773]

ZGC Phase Switch (0 events):
No events

VM Operations (20 events):
Event: 4.106 Executing VM operation: HandshakeAllThreads (Deoptimize)
Event: 4.107 Executing VM operation: HandshakeAllThreads (Deoptimize) done
Event: 4.107 Executing VM operation: HandshakeAllThreads (Deoptimize)
Event: 4.108 Executing VM operation: HandshakeAllThreads (Deoptimize) done
Event: 4.168 Executing VM operation: HandshakeAllThreads (Deoptimize)
Event: 4.169 Executing VM operation: HandshakeAllThreads (Deoptimize) done
Event: 4.170 Executing VM operation: HandshakeAllThreads (Deoptimize)
Event: 4.170 Executing VM operation: HandshakeAllThreads (Deoptimize) done
Event: 5.173 Executing VM operation: Cleanup
Event: 5.174 Executing VM operation: Cleanup done
Event: 9.136 Executing VM operation: HandshakeAllThreads (Deoptimize)
Event: 9.136 Executing VM operation: HandshakeAllThreads (Deoptimize) done
Event: 9.140 Executing VM operation: HandshakeAllThreads (Deoptimize)
Event: 9.140 Executing VM operation: HandshakeAllThreads (Deoptimize) done
Event: 9.140 Executing VM operation: Cleanup
Event: 9.140 Executing VM operation: Cleanup done
Event: 10.148 Executing VM operation: Cleanup
Event: 10.148 Executing VM operation: Cleanup done
Event: 11.162 Executing VM operation: Cleanup
Event: 11.162 Executing VM operation: Cleanup done

Events (20 events):
Event: 3.584 Thread 0x0000023dfeb2b390 Thread exited: 0x0000023dfeb2b390
Event: 3.687 Thread 0x0000023dfea557d0 Thread added: 0x0000023dfea557d0
Event: 3.873 Thread 0x0000023dfeb28c30 Thread added: 0x0000023dfeb28c30
Event: 4.102 Thread 0x0000023dfeb2c0b0 Thread added: 0x0000023dfeb2c0b0
Event: 4.102 Thread 0x0000023dfea557d0 Thread exited: 0x0000023dfea557d0
Event: 4.108 Thread 0x0000023dfeb292c0 Thread added: 0x0000023dfeb292c0
Event: 4.109 Thread 0x0000023dfeb29950 Thread added: 0x0000023dfeb29950
Event: 4.111 Thread 0x0000023dfeb2ad00 Thread added: 0x0000023dfeb2ad00
Event: 4.168 Thread 0x0000023dff0d35e0 Thread added: 0x0000023dff0d35e0
Event: 4.169 Thread 0x0000023dfeb2b390 Thread added: 0x0000023dfeb2b390
Event: 4.195 Thread 0x0000023dfeb2ba20 Thread added: 0x0000023dfeb2ba20
Event: 4.197 Thread 0x0000023dff2dff60 Thread added: 0x0000023dff2dff60
Event: 4.228 Thread 0x0000023dff2e0c80 Thread added: 0x0000023dff2e0c80
Event: 4.229 Thread 0x0000023dff2e1310 Thread added: 0x0000023dff2e1310
Event: 4.229 Thread 0x0000023dff2debb0 Thread added: 0x0000023dff2debb0
Event: 7.236 Thread 0x0000023dff0d35e0 Thread exited: 0x0000023dff0d35e0
Event: 10.218 Thread 0x0000023dff2e05f0 Thread added: 0x0000023dff2e05f0
Event: 10.218 Thread 0x0000023dff2df240 Thread added: 0x0000023dff2df240
Event: 10.221 Thread 0x0000023dff2dde90 Thread added: 0x0000023dff2dde90
Event: 10.222 Thread 0x0000023dff2df8d0 Thread added: 0x0000023dff2df8d0


Dynamic libraries:
0x00007ff70d440000 - 0x00007ff70d450000 	C:\Program Files\Java\jdk-21\bin\javaw.exe
0x00007ffdd79c0000 - 0x00007ffdd7c27000 	C:\WINDOWS\SYSTEM32\ntdll.dll
0x00007ffdd6310000 - 0x00007ffdd63d9000 	C:\WINDOWS\System32\KERNEL32.DLL
0x00007ffdd51c0000 - 0x00007ffdd55b7000 	C:\WINDOWS\System32\KERNELBASE.dll
0x00007ffdd55f0000 - 0x00007ffdd573b000 	C:\WINDOWS\System32\ucrtbase.dll
0x00007ffdca450000 - 0x00007ffdca469000 	C:\Program Files\Java\jdk-21\bin\jli.dll
0x00007ffdcc4c0000 - 0x00007ffdcc4db000 	C:\Program Files\Java\jdk-21\bin\VCRUNTIME140.dll
0x00007ffdd5ba0000 - 0x00007ffdd5c56000 	C:\WINDOWS\System32\ADVAPI32.dll
0x00007ffdd74f0000 - 0x00007ffdd7599000 	C:\WINDOWS\System32\msvcrt.dll
0x00007ffdd5740000 - 0x00007ffdd57e7000 	C:\WINDOWS\System32\sechost.dll
0x00007ffdd5a50000 - 0x00007ffdd5b68000 	C:\WINDOWS\System32\RPCRT4.dll
0x00007ffdd5fe0000 - 0x00007ffdd61a6000 	C:\WINDOWS\System32\USER32.dll
0x00007ffdd55c0000 - 0x00007ffdd55e7000 	C:\WINDOWS\System32\win32u.dll
0x00007ffdbaca0000 - 0x00007ffdbaf32000 	C:\WINDOWS\WinSxS\amd64_microsoft.windows.common-controls_6595b64144ccf1df_6.0.26100.8328_none_3e08182ce334b678\COMCTL32.dll
0x00007ffdd5b70000 - 0x00007ffdd5b9b000 	C:\WINDOWS\System32\GDI32.dll
0x00007ffdd4c60000 - 0x00007ffdd4d8c000 	C:\WINDOWS\System32\gdi32full.dll
0x00007ffdd5060000 - 0x00007ffdd5103000 	C:\WINDOWS\System32\msvcp_win.dll
0x00007ffdcad80000 - 0x00007ffdcad8b000 	C:\WINDOWS\SYSTEM32\VERSION.dll
0x00007ffdd6770000 - 0x00007ffdd67a2000 	C:\WINDOWS\System32\IMM32.DLL
0x00007ffdccd60000 - 0x00007ffdccd6c000 	C:\Program Files\Java\jdk-21\bin\vcruntime140_1.dll
0x00007ffdc98c0000 - 0x00007ffdc994e000 	C:\Program Files\Java\jdk-21\bin\msvcp140.dll
0x00007ffd6b160000 - 0x00007ffd6be77000 	C:\Program Files\Java\jdk-21\bin\server\jvm.dll
0x00007ffdd78e0000 - 0x00007ffdd7960000 	C:\WINDOWS\System32\WS2_32.dll
0x00007ffdd4270000 - 0x00007ffdd42ce000 	C:\WINDOWS\SYSTEM32\POWRPROF.dll
0x00007ffdcb090000 - 0x00007ffdcb0c6000 	C:\WINDOWS\SYSTEM32\WINMM.dll
0x00007ffdd4230000 - 0x00007ffdd4244000 	C:\WINDOWS\SYSTEM32\UMPDC.dll
0x00007ffdd3180000 - 0x00007ffdd319b000 	C:\WINDOWS\SYSTEM32\kernel.appcore.dll
0x00007ffdca440000 - 0x00007ffdca44a000 	C:\Program Files\Java\jdk-21\bin\jimage.dll
0x00007ffdd2260000 - 0x00007ffdd24a2000 	C:\WINDOWS\SYSTEM32\DBGHELP.DLL
0x00007ffdd63e0000 - 0x00007ffdd6763000 	C:\WINDOWS\System32\combase.dll
0x00007ffdd61b0000 - 0x00007ffdd6289000 	C:\WINDOWS\System32\OLEAUT32.dll
0x00007ffdb45c0000 - 0x00007ffdb45fb000 	C:\WINDOWS\SYSTEM32\dbgcore.DLL
0x00007ffdd5110000 - 0x00007ffdd51b8000 	C:\WINDOWS\System32\bcryptPrimitives.dll
0x00007ffdca2e0000 - 0x00007ffdca2ff000 	C:\Program Files\Java\jdk-21\bin\java.dll
0x00007ffdd67e0000 - 0x00007ffdd6f4e000 	C:\WINDOWS\System32\SHELL32.dll
0x00007ffdd43f0000 - 0x00007ffdd4c5c000 	C:\WINDOWS\System32\windows.storage.dll
0x00007ffdd5950000 - 0x00007ffdd5a46000 	C:\WINDOWS\System32\SHCORE.dll
0x00007ffdd62a0000 - 0x00007ffdd6306000 	C:\WINDOWS\System32\shlwapi.dll
0x00007ffdd4310000 - 0x00007ffdd4339000 	C:\WINDOWS\SYSTEM32\profapi.dll
0x00007ffdc97e0000 - 0x00007ffdc98b7000 	C:\Program Files\Java\jdk-21\bin\jsvml.dll
0x00007ffdc9f60000 - 0x00007ffdc9f70000 	C:\Program Files\Java\jdk-21\bin\net.dll
0x00007ffdcd330000 - 0x00007ffdcd459000 	C:\WINDOWS\SYSTEM32\WINHTTP.dll
0x00007ffdd36f0000 - 0x00007ffdd375c000 	C:\WINDOWS\system32\mswsock.dll
0x00007ffdc9c80000 - 0x00007ffdc9c96000 	C:\Program Files\Java\jdk-21\bin\nio.dll
0x00007ffdc9c60000 - 0x00007ffdc9c78000 	C:\Program Files\Java\jdk-21\bin\zip.dll
0x00007ffdc9780000 - 0x00007ffdc9790000 	C:\Program Files\Java\jdk-21\bin\verify.dll
0x00007ffdd2c60000 - 0x00007ffdd2d92000 	C:\WINDOWS\SYSTEM32\DNSAPI.dll
0x00007ffdd2bc0000 - 0x00007ffdd2bf2000 	C:\WINDOWS\SYSTEM32\IPHLPAPI.DLL
0x00007ffdd7970000 - 0x00007ffdd797a000 	C:\WINDOWS\System32\NSI.dll
0x00007ffdc42c0000 - 0x00007ffdc42cb000 	C:\Windows\System32\rasadhlp.dll
0x00007ffdce170000 - 0x00007ffdce1f6000 	C:\WINDOWS\System32\fwpuclnt.dll
0x00007ffdccd90000 - 0x00007ffdccd99000 	C:\Program Files\Java\jdk-21\bin\extnet.dll
0x00007ffdd39d0000 - 0x00007ffdd39eb000 	C:\WINDOWS\SYSTEM32\CRYPTSP.dll
0x00007ffdd30e0000 - 0x00007ffdd3119000 	C:\WINDOWS\system32\rsaenh.dll
0x00007ffdd37a0000 - 0x00007ffdd37d3000 	C:\WINDOWS\SYSTEM32\USERENV.dll
0x00007ffdd42e0000 - 0x00007ffdd430a000 	C:\WINDOWS\SYSTEM32\bcrypt.dll
0x00007ffdd39f0000 - 0x00007ffdd39fc000 	C:\WINDOWS\SYSTEM32\CRYPTBASE.dll
0x00007ffdcc4a0000 - 0x00007ffdcc4aa000 	C:\Program Files\Java\jdk-21\bin\management.dll
0x00007ffdca4d0000 - 0x00007ffdca4db000 	C:\Program Files\Java\jdk-21\bin\management_ext.dll
0x00007ffdd7770000 - 0x00007ffdd7778000 	C:\WINDOWS\System32\PSAPI.DLL
0x00007ffdc93c0000 - 0x00007ffdc93ce000 	C:\Program Files\Java\jdk-21\bin\sunmscapi.dll
0x00007ffdd4e50000 - 0x00007ffdd4fc8000 	C:\WINDOWS\System32\CRYPT32.dll
0x00007ffdd3bf0000 - 0x00007ffdd3c20000 	C:\WINDOWS\SYSTEM32\ncrypt.dll
0x00007ffdd3ba0000 - 0x00007ffdd3bdf000 	C:\WINDOWS\SYSTEM32\NTASN1.dll
0x00007ffd8f240000 - 0x00007ffd8f248000 	C:\WINDOWS\system32\wshunix.dll

dbghelp: loaded successfully - version: 4.0.5 - missing functions: none
symbol engine: initialized successfully - sym options: 0x614 - pdb path: .;C:\Program Files\Java\jdk-21\bin;C:\WINDOWS\SYSTEM32;C:\WINDOWS\WinSxS\amd64_microsoft.windows.common-controls_6595b64144ccf1df_6.0.26100.8328_none_3e08182ce334b678;C:\Program Files\Java\jdk-21\bin\server

VM Arguments:
jvm_args: -ea -Dfile.encoding=UTF-8 -Dstdout.encoding=UTF-8 -Dstderr.encoding=UTF-8 -XX:+ShowCodeDetailsInExceptionMessages 
java_command: org.testng.remote.RemoteTestNG -serport 62505 -protocol json -d D:\Eclipse-Rajeev\Octopussaas_main_Framework\test-output C:\Users\Rajeev nandi\AppData\Local\Temp\testng-eclipse-986681899\testng-customsuite.xml
java_class_path (initial): C:\Users\Rajeev nandi\eclipse\java-2025-06\eclipse\configuration\org.eclipse.osgi\523\0\.cp\lib\testng-remote.jar;D:\Eclipse-Rajeev\Octopussaas_main_Framework\target\test-classes;D:\Eclipse-Rajeev\Octopussaas_main_Framework\target\classes;C:\Users\Rajeev nandi\.m2\repository\org\seleniumhq\selenium\selenium-java\4.34.0\selenium-java-4.34.0.jar;C:\Users\Rajeev nandi\.m2\repository\org\seleniumhq\selenium\selenium-api\4.34.0\selenium-api-4.34.0.jar;C:\Users\Rajeev nandi\.m2\repository\org\jspecify\jspecify\1.0.0\jspecify-1.0.0.jar;C:\Users\Rajeev nandi\.m2\repository\org\seleniumhq\selenium\selenium-chrome-driver\4.34.0\selenium-chrome-driver-4.34.0.jar;C:\Users\Rajeev nandi\.m2\repository\com\google\auto\service\auto-service-annotations\1.1.1\auto-service-annotations-1.1.1.jar;C:\Users\Rajeev nandi\.m2\repository\org\seleniumhq\selenium\selenium-chromium-driver\4.34.0\selenium-chromium-driver-4.34.0.jar;C:\Users\Rajeev nandi\.m2\repository\org\seleniumhq\selenium\selenium-json\4.34.0\selenium-json-4.34.0.jar;C:\Users\Rajeev nandi\.m2\repository\org\seleniumhq\selenium\selenium-manager\4.34.0\selenium-manager-4.34.0.jar;C:\Users\Rajeev nandi\.m2\repository\org\seleniumhq\selenium\selenium-devtools-v136\4.34.0\selenium-devtools-v136-4.34.0.jar;C:\Users\Rajeev nandi\.m2\repository\org\seleniumhq\selenium\selenium-devtools-v137\4.34.0\selenium-devtools-v137-4.34.0.jar;C:\Users\Rajeev nandi\.m2\repository\org\seleniumhq\selenium\selenium-devtools-v138\4.34.0\selenium-devtools-v138-4.34.0.jar;C:\Users\Rajeev nandi\.m2\repository\org\seleniumhq\selenium\selenium-edge-driver\4.34.0\selenium-edge-driver-4.34.0.jar;C:\Users\Rajeev nandi\.m2\repository\org\seleniumhq\selenium\selenium-firefox-driver\4.34.0\selenium-firefox-driver-4.34.0.jar;C:\Users\Rajeev nandi\.m2\repository\org\seleniumhq\selenium\selenium-http\4.34.0\selenium-http-4.34.0.jar;C:\Users\Rajeev nandi\.m2\repository\org\seleniumhq\selenium\selenium-ie-driver\4.34.0\selenium-ie-driver-4.34.0.jar;C:\Users\Rajeev nandi\.m2\repository\org\seleniumhq\selenium\selenium-remote-driver\4.34.0\selenium-remote-driver-4.34.0.jar;C:\Users\Rajeev nandi\.m2\repository\com\google\guava\guava\33.4.8-jre\guava-33.4.8-jre.jar;C:\Users\Rajeev nandi\.m2\repository\com\google\guava\failureaccess\1.0.3\failureaccess-1.0.3.jar;C:\Users\Rajeev nandi\.m2\repository\com\google\guava\listenablefuture\9999.0-empty-to-avoid-conflict-with-guava\listenablefuture-9999.0-empty-to-avoid-conflict-with-guava.jar;C:\Users\Rajeev nandi\.m2\repository\com\google\errorprone\error_prone_annotations\2.36.0\error_prone_annotations-2.36.0.jar;C:\Users\Rajeev nandi\.m2\repository\com\google\j2objc\j2objc-annotations\3.0.0\j2objc-annotations-3.0.0.jar;C:\Users\Rajeev nandi\.m2\repository\io\opentelemetry\opentelemetry-api\1.51.0\opentelemetry-api-1.51.0.jar;C:\Users\Rajeev nandi\.m2\repository\io\opentelemetry\opentelemetry-context\1.51.0\opentelemetry-context-1.51.0.jar;C:\Users\Rajeev nandi\.m2\repository\io\opentelemetry\opentelemetry-exporter-logging\1.51.0\opentelemetry-exporter-logging-1.51.0.jar;C:\Users\Rajeev nandi\.m2\repository\io\opentelemetry\opentelemetry-sdk-common\1.51.0\opentelemetry-sdk-common-1.51.0.jar;C:\Users\Rajeev nandi\.m2\repository\io\opentelemetry\opentelemetry-sdk-extension-autoconfigure-spi\1.51.0\opentelemetry-sdk-extension-autoconfigure-spi-1.51.0.jar;C:\Users\Rajeev nandi\.m2\repository\io\opentelemetry\opentelemetry-sdk-extension-autoconfigure\1.51.0\opentelemetry-sdk-extension-autoconfigure-1.51.0.jar;C:\Users\Rajeev nandi\.m2\repository\io\opentelemetry\opentelemetry-sdk-trace\1.51.0\opentelemetry-sdk-trace-1.51.0.jar;C:\Users\Rajeev nandi\.m2\repository\io\opentelemetry\opentelemetry-sdk\1.51.0\opentelemetry-sdk-1.51.0.jar;C:\Users\Rajeev nandi\.m2\repository\io\opentelemetry\opentelemetry-sdk-metrics\1.51.0\opentelemetry-sdk-metrics-1.51.0.jar;C:\Users\Rajeev nandi\.m2\repository\io\opentelemetry\opentelemetry-sdk-logs\1.51.0\opentelemetry-sdk-logs-1.51.0.jar;C:\Users\Rajeev nandi\.m2\repository\net\bytebuddy\byte-buddy\1.17.6\byte-buddy-1.17.6.jar;C:\Users\Rajeev nandi\.m2\repository\org\seleniumhq\selenium\selenium-os\4.34.0\selenium-os-4.34.0.jar;C:\Users\Rajeev nandi\.m2\repository\org\apache\commons\commons-exec\1.5.0\commons-exec-1.5.0.jar;C:\Users\Rajeev nandi\.m2\repository\org\seleniumhq\selenium\selenium-safari-driver\4.34.0\selenium-safari-driver-4.34.0.jar;C:\Users\Rajeev nandi\.m2\repository\org\seleniumhq\selenium\selenium-support\4.34.0\selenium-support-4.34.0.jar;C:\Users\Rajeev nandi\.m2\repository\org\apache\poi\poi\5.2.3\poi-5.2.3.jar;C:\Users\Rajeev nandi\.m2\repository\commons-codec\commons-codec\1.15\commons-codec-1.15.jar;C:\Users\Rajeev nandi\.m2\repository\org\apache\commons\commons-collections4\4.4\commons-collections4-4.4.jar;C:\Users\Rajeev nandi\.m2\repository\org\apache\commons\commons-math3\3.6.1\commons-math3-3.6.1.jar;C:\Users\Rajeev nandi\.m2\repository\com\zaxxer\SparseBitSet\1.2\SparseBitSet-1.2.jar;C:\Users\Rajeev nandi\.m2\repository\org\apache\logging\log4j\log4j-api\2.18.0\log4j-api-2.18.0.jar;C:\Users\Rajeev nandi\.m2\repository\org\apache\poi\poi-ooxml\5.2.3\poi-ooxml-5.2.3.jar;C:\Users\Rajeev nandi\.m2\repository\org\apache\poi\poi-ooxml-lite\5.2.3\poi-ooxml-lite-5.2.3.jar;C:\Users\Rajeev nandi\.m2\repository\org\apache\xmlbeans\xmlbeans\5.1.1\xmlbeans-5.1.1.jar;C:\Users\Rajeev nandi\.m2\repository\org\apache\commons\commons-compress\1.21\commons-compress-1.21.jar;C:\Users\Rajeev nandi\.m2\repository\com\github\virtuald\curvesapi\1.07\curvesapi-1.07.jar;C:\Users\Rajeev nandi\.m2\repository\org\testng\testng\7.10.0\testng-7.10.0.jar;C:\Users\Rajeev nandi\.m2\repository\org\slf4j\slf4j-api\1.7.36\slf4j-api-1.7.36.jar;C:\Users\Rajeev nandi\.m2\repository\com\beust\jcommander\1.82\jcommander-1.82.jar;C:\Users\Rajeev nandi\.m2\repository\org\webjars\jquery\3.7.1\jquery-3.7.1.jar;C:\Users\Rajeev nandi\.m2\repository\org\projectlombok\lombok\1.18.30\lombok-1.18.30.jar;C:\Users\Rajeev nandi\.m2\repository\com\googlecode\json-simple\json-simple\1.1\json-simple-1.1.jar;C:\Users\Rajeev nandi\.m2\repository\com\mysql\mysql-connector-j\9.1.0\mysql-connector-j-9.1.0.jar;C:\Users\Rajeev nandi\.m2\repository\com\google\protobuf\protobuf-java\4.26.1\protobuf-java-4.26.1.jar;C:\Users\Rajeev nandi\.m2\repository\commons-io\commons-io\2.13.0\commons-io-2.13.0.jar;C:\Users\Rajeev nandi\.m2\repository\com\aventstack\extentreports\5.0.9\extentreports-5.0.9.jar;C:\Users\Rajeev nandi\.m2\repository\io\reactivex\rxjava3\rxjava\3.0.4\rxjava-3.0.4.jar;C:\Users\Rajeev nandi\.m2\repository\org\reactivestreams\reactive-streams\1.0.3\reactive-streams-1.0.3.jar;C:\Users\Rajeev nandi\.m2\repository\org\freemarker\freemarker\2.3.30\freemarker-2.3.30.jar;C:\Users\Rajeev nandi\.m2\repository\com\google\code\gson\gson\2.8.6\gson-2.8.6.jar
Launcher Type: SUN_STANDARD

[Global flags]
     intx CICompilerCount                          = 4                                         {product} {ergonomic}
     uint ConcGCThreads                            = 2                                         {product} {ergonomic}
     uint G1ConcRefinementThreads                  = 8                                         {product} {ergonomic}
   size_t G1HeapRegionSize                         = 1048576                                   {product} {ergonomic}
    uintx GCDrainStackTargetSize                   = 64                                        {product} {ergonomic}
   size_t InitialHeapSize                          = 130023424                                 {product} {ergonomic}
   size_t MarkStackSize                            = 4194304                                   {product} {ergonomic}
   size_t MaxHeapSize                              = 2080374784                                {product} {ergonomic}
   size_t MaxNewSize                               = 1247805440                                {product} {ergonomic}
   size_t MinHeapDeltaBytes                        = 1048576                                   {product} {ergonomic}
   size_t MinHeapSize                              = 8388608                                   {product} {ergonomic}
    uintx NonNMethodCodeHeapSize                   = 5839372                                {pd product} {ergonomic}
    uintx NonProfiledCodeHeapSize                  = 122909434                              {pd product} {ergonomic}
    uintx ProfiledCodeHeapSize                     = 122909434                              {pd product} {ergonomic}
    uintx ReservedCodeCacheSize                    = 251658240                              {pd product} {ergonomic}
     bool SegmentedCodeCache                       = true                                      {product} {ergonomic}
     bool ShowCodeDetailsInExceptionMessages       = true                                   {manageable} {command line}
   size_t SoftMaxHeapSize                          = 2080374784                             {manageable} {ergonomic}
     bool UseCompressedOops                        = true                           {product lp64_product} {ergonomic}
     bool UseG1GC                                  = true                                      {product} {ergonomic}
     bool UseLargePagesIndividualAllocation        = false                                  {pd product} {ergonomic}

Logging:
Log output configuration:
 #0: stdout all=warning uptime,level,tags foldmultilines=false
 #1: stderr all=off uptime,level,tags foldmultilines=false

Environment Variables:
JAVA_HOME=C:\Program Files\Java\jdk-17
PATH=C:\Python314\Scripts\;C:\Python314\;C:\app\Rajeevnandi2\product\11.2.0\dbhome_1\bin;C:\app\Rajeevnandi\product\11.2.0\dbhome_2\bin;C:\app\Rajeevnandi\product\11.2.0\dbhome_1\bin;C:\Program Files\Common Files\Oracle\Java\javapath;C:\WINDOWS\system32;C:\WINDOWS;C:\WINDOWS\System32\Wbem;C:\WINDOWS\System32\WindowsPowerShell\v1.0\;C:\WINDOWS\System32\OpenSSH\;C:\Program Files\dotnet\;C:\Program Files\Java\jdk-21\bin;C:\Program Files\Java\jdk-17\bin;D:\automation software\apache-maven-3.9.11-bin\apache-maven-3.9.11\bin;C:\Program Files\Git\cmd;C:\ProgramData\chocolatey\bin;C:\Program Files\nodejs\;C:\Program Files\MySQL\MySQL Shell 8.0\bin\;C:\Users\Rajeev nandi\AppData\Local\Microsoft\WindowsApps;C:\Program Files\JetBrains\PyCharm 2023.2\bin;;C:\Users\Rajeev nandi\AppData\Local\Programs\Microsoft VS Code\bin;D:\automation software\apache-maven-3.9.11-bin\apache-maven-3.9.11\bin;C:\Users\Rajeev nandi\AppData\Roaming\npm;C:\Users\Rajeev nandi\AppData\Local\GitHubDesktop\bin;
USERNAME=Rajeev nandi
OS=Windows_NT
PROCESSOR_IDENTIFIER=Intel64 Family 6 Model 140 Stepping 1, GenuineIntel
TMP=C:\Users\Rajeev nandi\AppData\Local\Temp
TEMP=C:\Users\Rajeev nandi\AppData\Local\Temp




Periodic native trim disabled

---------------  S Y S T E M  ---------------

OS:
 Windows 11 , 64 bit Build 26100 (10.0.26100.8328)
OS uptime: 6 days 21:06 hours
Hyper-V role detected

CPU: total 8 (initial active 8) (4 cores per cpu, 2 threads per core) family 6 model 140 stepping 1 microcode 0xbe, cx8, cmov, fxsr, ht, mmx, 3dnowpref, sse, sse2, sse3, ssse3, sse4.1, sse4.2, popcnt, lzcnt, tsc, tscinvbit, avx, avx2, aes, erms, clmul, bmi1, bmi2, adx, avx512f, avx512dq, avx512cd, avx512bw, avx512vl, sha, fma, vzeroupper, avx512_vpopcntdq, avx512_vpclmulqdq, avx512_vaes, avx512_vnni, clflush, clflushopt, clwb, avx512_vbmi2, avx512_vbmi, hv, rdtscp, rdpid, fsrm, gfni, avx512_bitalg, f16c, cet_ibt, cet_ss, avx512_ifma
Processor Information for all 8 processors :
  Max Mhz: 2419, Current Mhz: 2419, Mhz Limit: 2419

Memory: 4k page, system-wide physical 7934M (445M free)
TotalPageFile size 32510M (AvailPageFile size 0M)
current process WorkingSet (physical memory assigned to process): 123M, peak: 129M
current process commit charge ("private bytes"): 242M, peak: 250M

vm_info: Java HotSpot(TM) 64-Bit Server VM (21.0.2+13-LTS-58) for windows-amd64 JRE (21.0.2+13-LTS-58), built on 2024-01-05T18:32:24Z by "mach5one" with MS VC++ 17.1 (VS2022)

END.
