#
# There is insufficient memory for the Java Runtime Environment to continue.
# Native memory allocation (malloc) failed to allocate 556016 bytes for Chunk::new
# Possible reasons:
#   The system is out of physical RAM or swap space
#   The process is running with CompressedOops enabled, and the Java Heap may be blocking the growth of the native heap
# Possible solutions:
#   Reduce memory load on the system
#   Increase physical memory or swap space
#   Check if swap backing store is full
#   Decrease Java heap size (-Xmx/-Xms)
#   Decrease number of Java threads
#   Decrease Java thread stack sizes (-Xss)
#   Set larger code cache with -XX:ReservedCodeCacheSize=
#   JVM is running with Unscaled Compressed Oops mode in which the Java heap is
#     placed in the first 4GB address space. The Java Heap base address is the
#     maximum limit for the native heap growth. Please use -XX:HeapBaseMinAddress
#     to set the Java Heap base and to place the Java Heap above 4GB virtual address.
# This output file may be truncated or incomplete.
#
#  Out of Memory Error (arena.cpp:168), pid=26952, tid=31160
#
# JRE version: Java(TM) SE Runtime Environment (21.0.2+13) (build 21.0.2+13-LTS-58)
# Java VM: Java HotSpot(TM) 64-Bit Server VM (21.0.2+13-LTS-58, mixed mode, sharing, tiered, compressed oops, compressed class ptrs, g1 gc, windows-amd64)
# No core dump will be written. Minidumps are not enabled by default on client versions of Windows
#

---------------  S U M M A R Y ------------

Command Line: -ea -Dfile.encoding=UTF-8 -Dstdout.encoding=UTF-8 -Dstderr.encoding=UTF-8 -XX:+ShowCodeDetailsInExceptionMessages org.testng.remote.RemoteTestNG -serport 50872 -protocol json -d D:\Eclipse-Rajeev\Octopussaas_main_Framework\test-output C:\Users\Rajeev nandi\AppData\Local\Temp\testng-eclipse-1171105867\testng-customsuite.xml

Host: 11th Gen Intel(R) Core(TM) i5-1135G7 @ 2.40GHz, 8 cores, 7G,  Windows 11 , 64 bit Build 26100 (10.0.26100.8328)
Time: Mon May 11 10:52:06 2026 India Standard Time elapsed time: 30.532441 seconds (0d 0h 0m 30s)

---------------  T H R E A D  ---------------

Current thread (0x0000025efe8dd3c0):  JavaThread "C2 CompilerThread0" daemon [_thread_in_native, id=31160, stack(0x0000008e7e700000,0x0000008e7e800000) (1024K)]


Current CompileTask:
C2:  30532 3192 %     4       org.testng.shaded.com.google.gson.stream.JsonWriter::string @ 37 (171 bytes)

Stack: [0x0000008e7e700000,0x0000008e7e800000]
Native frames: (J=compiled Java code, j=interpreted, Vv=VM code, C=native code)
V  [jvm.dll+0x6cade9]
V  [jvm.dll+0x8569c1]
V  [jvm.dll+0x858d2e]
V  [jvm.dll+0x859413]
V  [jvm.dll+0x280e56]
V  [jvm.dll+0xc3f3d]
V  [jvm.dll+0xc4473]
V  [jvm.dll+0x3b5bf2]
V  [jvm.dll+0x382855]
V  [jvm.dll+0x381cca]
V  [jvm.dll+0x249bd0]
V  [jvm.dll+0x2491b1]
V  [jvm.dll+0x1c9634]
V  [jvm.dll+0x258859]
V  [jvm.dll+0x256e3a]
V  [jvm.dll+0x3ef6c6]
V  [jvm.dll+0x7ff568]
V  [jvm.dll+0x6c953d]
C  [ucrtbase.dll+0x37b0]
C  [KERNEL32.DLL+0x2e957]
C  [ntdll.dll+0x427c]


---------------  P R O C E S S  ---------------

Threads class SMR info:
_java_thread_list=0x0000025eddf9a000, length=35, elements={
0x0000025ef7655860, 0x0000025efe8bc6a0, 0x0000025efe8bd2b0, 0x0000025efe8c5060,
0x0000025efe8c56f0, 0x0000025efe8c5d80, 0x0000025efe8c49d0, 0x0000025efe8dd3c0,
0x0000025efe8de9d0, 0x0000025efe8c7130, 0x0000025efe8c4340, 0x0000025efe8c6410,
0x0000025efe8c6aa0, 0x0000025efe8c77c0, 0x0000025edd8ba500, 0x0000025edd8bb220,
0x0000025edd8bab90, 0x0000025edd8b9e70, 0x0000025edd8b97e0, 0x0000025edd8bed30,
0x0000025edd8bd980, 0x0000025edd8bcc60, 0x0000025edd8bd2f0, 0x0000025edd8be010,
0x0000025edd8bf3c0, 0x0000025edd8bbf40, 0x0000025edd8c0e00, 0x0000025edd8bfa50,
0x0000025edd8c00e0, 0x0000025edd8c0770, 0x0000025ede3a82d0, 0x0000025ede3a4e50,
0x0000025ede3a6200, 0x0000025ede3a6890, 0x0000025e9788b430
}

Java Threads: ( => current thread )
  0x0000025ef7655860 JavaThread "main"                              [_thread_in_Java, id=29208, stack(0x0000008e7d900000,0x0000008e7da00000) (1024K)]
  0x0000025efe8bc6a0 JavaThread "Reference Handler"          daemon [_thread_blocked, id=26608, stack(0x0000008e7e100000,0x0000008e7e200000) (1024K)]
  0x0000025efe8bd2b0 JavaThread "Finalizer"                  daemon [_thread_blocked, id=22608, stack(0x0000008e7e200000,0x0000008e7e300000) (1024K)]
  0x0000025efe8c5060 JavaThread "Signal Dispatcher"          daemon [_thread_blocked, id=15192, stack(0x0000008e7e300000,0x0000008e7e400000) (1024K)]
  0x0000025efe8c56f0 JavaThread "Attach Listener"            daemon [_thread_blocked, id=4596, stack(0x0000008e7e400000,0x0000008e7e500000) (1024K)]
  0x0000025efe8c5d80 JavaThread "Service Thread"             daemon [_thread_blocked, id=3172, stack(0x0000008e7e500000,0x0000008e7e600000) (1024K)]
  0x0000025efe8c49d0 JavaThread "Monitor Deflation Thread"   daemon [_thread_blocked, id=25116, stack(0x0000008e7e600000,0x0000008e7e700000) (1024K)]
=>0x0000025efe8dd3c0 JavaThread "C2 CompilerThread0"         daemon [_thread_in_native, id=31160, stack(0x0000008e7e700000,0x0000008e7e800000) (1024K)]
  0x0000025efe8de9d0 JavaThread "C1 CompilerThread0"         daemon [_thread_blocked, id=26380, stack(0x0000008e7e800000,0x0000008e7e900000) (1024K)]
  0x0000025efe8c7130 JavaThread "Notification Thread"        daemon [_thread_blocked, id=14984, stack(0x0000008e7e900000,0x0000008e7ea00000) (1024K)]
  0x0000025efe8c4340 JavaThread "Common-Cleaner"             daemon [_thread_blocked, id=13504, stack(0x0000008e7ea00000,0x0000008e7eb00000) (1024K)]
  0x0000025efe8c6410 JavaThread "ReaderThread"                      [_thread_in_native, id=10380, stack(0x0000008e7ed00000,0x0000008e7ee00000) (1024K)]
  0x0000025efe8c6aa0 JavaThread "ForkJoinPool.commonPool-worker-1" daemon [_thread_blocked, id=32120, stack(0x0000008e7f400000,0x0000008e7f500000) (1024K)]
  0x0000025efe8c77c0 JavaThread "ForkJoinPool.commonPool-worker-2" daemon [_thread_blocked, id=12532, stack(0x0000008e7f500000,0x0000008e7f600000) (1024K)]
  0x0000025edd8ba500 JavaThread "ForkJoinPool.commonPool-worker-3" daemon [_thread_blocked, id=25356, stack(0x0000008e7f600000,0x0000008e7f700000) (1024K)]
  0x0000025edd8bb220 JavaThread "ForkJoinPool.commonPool-worker-4" daemon [_thread_blocked, id=31740, stack(0x0000008e7f700000,0x0000008e7f800000) (1024K)]
  0x0000025edd8bab90 JavaThread "ForkJoinPool.commonPool-worker-5" daemon [_thread_blocked, id=11388, stack(0x0000008e7f800000,0x0000008e7f900000) (1024K)]
  0x0000025edd8b9e70 JavaThread "ForkJoinPool.commonPool-worker-7" daemon [_thread_blocked, id=12704, stack(0x0000008e7f900000,0x0000008e7fa00000) (1024K)]
  0x0000025edd8b97e0 JavaThread "ForkJoinPool.commonPool-worker-6" daemon [_thread_blocked, id=22672, stack(0x0000008e7fa00000,0x0000008e7fb00000) (1024K)]
  0x0000025edd8bed30 JavaThread "HttpClient-1-SelectorManager" daemon [_thread_in_native, id=9996, stack(0x0000008e7fc00000,0x0000008e7fd00000) (1024K)]
  0x0000025edd8bd980 JavaThread "External Process Output Forwarder - C:\Users\Rajeev nandi\.cache\selenium\chromedriver\win64\147.0.7727.117\chromedriver.exe" daemon [_thread_in_native, id=20608, stack(0x0000008e7fd00000,0x0000008e7fe00000) (1024K)]
  0x0000025edd8bcc60 JavaThread "Driver Service Executor"    daemon [_thread_blocked, id=21156, stack(0x0000008e7fb00000,0x0000008e7fc00000) (1024K)]
  0x0000025edd8bd2f0 JavaThread "Driver Service Executor"    daemon [_thread_blocked, id=11924, stack(0x0000008e7fe00000,0x0000008e7ff00000) (1024K)]
  0x0000025edd8be010 JavaThread "UrlChecker-2"               daemon [_thread_blocked, id=30088, stack(0x0000008e7ff00000,0x0000008e80000000) (1024K)]
  0x0000025edd8bf3c0 JavaThread "JdkHttpClient-0-0"          daemon [_thread_blocked, id=20736, stack(0x0000008e00100000,0x0000008e00200000) (1024K)]
  0x0000025edd8bbf40 JavaThread "CompletableFutureDelayScheduler" daemon [_thread_blocked, id=31524, stack(0x0000008e00200000,0x0000008e00300000) (1024K)]
  0x0000025edd8c0e00 JavaThread "JdkHttpClient-0-1"          daemon [_thread_blocked, id=22208, stack(0x0000008e00300000,0x0000008e00400000) (1024K)]
  0x0000025edd8bfa50 JavaThread "JdkHttpClient-0-2"          daemon [_thread_blocked, id=5624, stack(0x0000008e00400000,0x0000008e00500000) (1024K)]
  0x0000025edd8c00e0 JavaThread "JdkHttpClient-0-3"          daemon [_thread_blocked, id=15936, stack(0x0000008e00500000,0x0000008e00600000) (1024K)]
  0x0000025edd8c0770 JavaThread "HttpClient-2-SelectorManager" daemon [_thread_in_native, id=21460, stack(0x0000008e00600000,0x0000008e00700000) (1024K)]
  0x0000025ede3a82d0 JavaThread "JdkHttpClient-1-0"          daemon [_thread_blocked, id=14920, stack(0x0000008e00700000,0x0000008e00800000) (1024K)]
  0x0000025ede3a4e50 JavaThread "JdkHttpClient-1-1"          daemon [_thread_blocked, id=22340, stack(0x0000008e00800000,0x0000008e00900000) (1024K)]
  0x0000025ede3a6200 JavaThread "JdkHttpClient-1-2"          daemon [_thread_blocked, id=15228, stack(0x0000008e00900000,0x0000008e00a00000) (1024K)]
  0x0000025ede3a6890 JavaThread "JdkHttpClient-1-3"          daemon [_thread_blocked, id=1556, stack(0x0000008e00a00000,0x0000008e00b00000) (1024K)]
  0x0000025e9788b430 JavaThread "C2 CompilerThread1"         daemon [_thread_in_native, id=18248, stack(0x0000008e00000000,0x0000008e00100000) (1024K)]
Total: 35

Other Threads:
  0x0000025efe8997e0 VMThread "VM Thread"                           [id=27772, stack(0x0000008e7e000000,0x0000008e7e100000) (1024K)]
  0x0000025efe882e30 WatcherThread "VM Periodic Task Thread"        [id=30508, stack(0x0000008e7df00000,0x0000008e7e000000) (1024K)]
  0x0000025ef76a6220 WorkerThread "GC Thread#0"                     [id=26840, stack(0x0000008e7da00000,0x0000008e7db00000) (1024K)]
  0x0000025efe89a660 WorkerThread "GC Thread#1"                     [id=32008, stack(0x0000008e7ee00000,0x0000008e7ef00000) (1024K)]
  0x0000025efe89aa00 WorkerThread "GC Thread#2"                     [id=19596, stack(0x0000008e7ef00000,0x0000008e7f000000) (1024K)]
  0x0000025efe89ada0 WorkerThread "GC Thread#3"                     [id=29100, stack(0x0000008e7f000000,0x0000008e7f100000) (1024K)]
  0x0000025efe89b140 WorkerThread "GC Thread#4"                     [id=24952, stack(0x0000008e7f100000,0x0000008e7f200000) (1024K)]
  0x0000025efe899b80 WorkerThread "GC Thread#5"                     [id=18844, stack(0x0000008e7f200000,0x0000008e7f300000) (1024K)]
  0x0000025efe899f20 WorkerThread "GC Thread#6"                     [id=6044, stack(0x0000008e7f300000,0x0000008e7f400000) (1024K)]
  0x0000025efe89a2c0 WorkerThread "GC Thread#7"                     [id=15152, stack(0x0000008e7eb00000,0x0000008e7ec00000) (1024K)]
  0x0000025ef76b7f30 ConcurrentGCThread "G1 Main Marker"            [id=12092, stack(0x0000008e7db00000,0x0000008e7dc00000) (1024K)]
  0x0000025ef76ba950 WorkerThread "G1 Conc#0"                       [id=8680, stack(0x0000008e7dc00000,0x0000008e7dd00000) (1024K)]
  0x0000025ef770d820 ConcurrentGCThread "G1 Refine#0"               [id=23204, stack(0x0000008e7dd00000,0x0000008e7de00000) (1024K)]
  0x0000025ef770e1a0 ConcurrentGCThread "G1 Service"                [id=21428, stack(0x0000008e7de00000,0x0000008e7df00000) (1024K)]
Total: 14

Threads with active compile tasks:
C2 CompilerThread0    30572 3192 %     4       org.testng.shaded.com.google.gson.stream.JsonWriter::string @ 37 (171 bytes)
C1 CompilerThread0    30572 3297       1       org.testng.shaded.com.google.gson.stream.JsonWriter::setHtmlSafe (6 bytes)
C2 CompilerThread1    30572 3291       4       java.io.BufferedWriter::implWrite (100 bytes)
Total: 3

VM state: not at safepoint (normal execution)

VM Mutex/Monitor currently owned by a thread: None

Heap address: 0x0000000084000000, size: 1984 MB, Compressed Oops mode: 32-bit

CDS archive(s) mapped at: [0x0000025e98000000-0x0000025e98c90000-0x0000025e98c90000), size 13172736, SharedBaseAddress: 0x0000025e98000000, ArchiveRelocationMode: 1.
Compressed class space mapped at: 0x0000025e99000000-0x0000025ed9000000, reserved size: 1073741824
Narrow klass base: 0x0000025e98000000, Narrow klass shift: 0, Narrow klass range: 0x100000000

GC Precious Log:
 CardTable entry size: 512
 Card Set container configuration: InlinePtr #cards 5 size 8 Array Of Cards #cards 12 size 40 Howl #buckets 4 coarsen threshold 1843 Howl Bitmap #cards 512 size 80 coarsen threshold 460 Card regions per heap region 1 cards per card region 2048
 CPUs: 8 total, 8 available
 Memory: 7934M
 Large Page Support: Disabled
 NUMA Support: Disabled
 Compressed Oops: Enabled (32-bit)
 Heap Region Size: 1M
 Heap Min Capacity: 8M
 Heap Initial Capacity: 124M
 Heap Max Capacity: 1984M
 Pre-touch: Disabled
 Parallel Workers: 8
 Concurrent Workers: 2
 Concurrent Refinement Workers: 8
 Periodic GC: Disabled

Heap:
 garbage-first heap   total 126976K, used 40195K [0x0000000084000000, 0x0000000100000000)
  region size 1024K, 34 young (34816K), 3 survivors (3072K)
 Metaspace       used 20870K, committed 21376K, reserved 1114112K
  class space    used 2493K, committed 2752K, reserved 1048576K

Heap Regions: E=young(eden), S=young(survivor), O=old, HS=humongous(starts), HC=humongous(continues), CS=collection set, F=free, TAMS=top-at-mark-start, PB=parsable bottom
|   0|0x0000000084000000, 0x0000000084100000, 0x0000000084100000|100%|HS|  |TAMS 0x0000000084000000| PB 0x0000000084000000| Complete 
|   1|0x0000000084100000, 0x0000000084200000, 0x0000000084200000|100%| O|  |TAMS 0x0000000084100000| PB 0x0000000084100000| Untracked 
|   2|0x0000000084200000, 0x0000000084300000, 0x0000000084300000|100%| O|  |TAMS 0x0000000084200000| PB 0x0000000084200000| Untracked 
|   3|0x0000000084300000, 0x0000000084400000, 0x0000000084400000|100%| O|  |TAMS 0x0000000084300000| PB 0x0000000084300000| Untracked 
|   4|0x0000000084400000, 0x0000000084500000, 0x0000000084500000|100%| O|  |TAMS 0x0000000084400000| PB 0x0000000084400000| Untracked 
|   5|0x0000000084500000, 0x0000000084600000, 0x0000000084600000|100%| O|  |TAMS 0x0000000084500000| PB 0x0000000084500000| Untracked 
|   6|0x0000000084600000, 0x0000000084700000, 0x0000000084700000|100%| O|  |TAMS 0x0000000084600000| PB 0x0000000084600000| Untracked 
|   7|0x0000000084700000, 0x0000000084740f88, 0x0000000084800000| 25%| O|  |TAMS 0x0000000084700000| PB 0x0000000084700000| Untracked 
|   8|0x0000000084800000, 0x0000000084800000, 0x0000000084900000|  0%| F|  |TAMS 0x0000000084800000| PB 0x0000000084800000| Untracked 
|   9|0x0000000084900000, 0x0000000084900000, 0x0000000084a00000|  0%| F|  |TAMS 0x0000000084900000| PB 0x0000000084900000| Untracked 
|  10|0x0000000084a00000, 0x0000000084a00000, 0x0000000084b00000|  0%| F|  |TAMS 0x0000000084a00000| PB 0x0000000084a00000| Untracked 
|  11|0x0000000084b00000, 0x0000000084b00000, 0x0000000084c00000|  0%| F|  |TAMS 0x0000000084b00000| PB 0x0000000084b00000| Untracked 
|  12|0x0000000084c00000, 0x0000000084c00000, 0x0000000084d00000|  0%| F|  |TAMS 0x0000000084c00000| PB 0x0000000084c00000| Untracked 
|  13|0x0000000084d00000, 0x0000000084d00000, 0x0000000084e00000|  0%| F|  |TAMS 0x0000000084d00000| PB 0x0000000084d00000| Untracked 
|  14|0x0000000084e00000, 0x0000000084e00000, 0x0000000084f00000|  0%| F|  |TAMS 0x0000000084e00000| PB 0x0000000084e00000| Untracked 
|  15|0x0000000084f00000, 0x0000000084f00000, 0x0000000085000000|  0%| F|  |TAMS 0x0000000084f00000| PB 0x0000000084f00000| Untracked 
|  16|0x0000000085000000, 0x0000000085000000, 0x0000000085100000|  0%| F|  |TAMS 0x0000000085000000| PB 0x0000000085000000| Untracked 
|  17|0x0000000085100000, 0x0000000085100000, 0x0000000085200000|  0%| F|  |TAMS 0x0000000085100000| PB 0x0000000085100000| Untracked 
|  18|0x0000000085200000, 0x0000000085200000, 0x0000000085300000|  0%| F|  |TAMS 0x0000000085200000| PB 0x0000000085200000| Untracked 
|  19|0x0000000085300000, 0x0000000085300000, 0x0000000085400000|  0%| F|  |TAMS 0x0000000085300000| PB 0x0000000085300000| Untracked 
|  20|0x0000000085400000, 0x0000000085400000, 0x0000000085500000|  0%| F|  |TAMS 0x0000000085400000| PB 0x0000000085400000| Untracked 
|  21|0x0000000085500000, 0x0000000085500000, 0x0000000085600000|  0%| F|  |TAMS 0x0000000085500000| PB 0x0000000085500000| Untracked 
|  22|0x0000000085600000, 0x0000000085600000, 0x0000000085700000|  0%| F|  |TAMS 0x0000000085600000| PB 0x0000000085600000| Untracked 
|  23|0x0000000085700000, 0x0000000085700000, 0x0000000085800000|  0%| F|  |TAMS 0x0000000085700000| PB 0x0000000085700000| Untracked 
|  24|0x0000000085800000, 0x0000000085800000, 0x0000000085900000|  0%| F|  |TAMS 0x0000000085800000| PB 0x0000000085800000| Untracked 
|  25|0x0000000085900000, 0x0000000085900000, 0x0000000085a00000|  0%| F|  |TAMS 0x0000000085900000| PB 0x0000000085900000| Untracked 
|  26|0x0000000085a00000, 0x0000000085a00000, 0x0000000085b00000|  0%| F|  |TAMS 0x0000000085a00000| PB 0x0000000085a00000| Untracked 
|  27|0x0000000085b00000, 0x0000000085b00000, 0x0000000085c00000|  0%| F|  |TAMS 0x0000000085b00000| PB 0x0000000085b00000| Untracked 
|  28|0x0000000085c00000, 0x0000000085c00000, 0x0000000085d00000|  0%| F|  |TAMS 0x0000000085c00000| PB 0x0000000085c00000| Untracked 
|  29|0x0000000085d00000, 0x0000000085d00000, 0x0000000085e00000|  0%| F|  |TAMS 0x0000000085d00000| PB 0x0000000085d00000| Untracked 
|  30|0x0000000085e00000, 0x0000000085e00000, 0x0000000085f00000|  0%| F|  |TAMS 0x0000000085e00000| PB 0x0000000085e00000| Untracked 
|  31|0x0000000085f00000, 0x0000000085f00000, 0x0000000086000000|  0%| F|  |TAMS 0x0000000085f00000| PB 0x0000000085f00000| Untracked 
|  32|0x0000000086000000, 0x0000000086000000, 0x0000000086100000|  0%| F|  |TAMS 0x0000000086000000| PB 0x0000000086000000| Untracked 
|  33|0x0000000086100000, 0x0000000086100000, 0x0000000086200000|  0%| F|  |TAMS 0x0000000086100000| PB 0x0000000086100000| Untracked 
|  34|0x0000000086200000, 0x0000000086200000, 0x0000000086300000|  0%| F|  |TAMS 0x0000000086200000| PB 0x0000000086200000| Untracked 
|  35|0x0000000086300000, 0x0000000086300000, 0x0000000086400000|  0%| F|  |TAMS 0x0000000086300000| PB 0x0000000086300000| Untracked 
|  36|0x0000000086400000, 0x0000000086400000, 0x0000000086500000|  0%| F|  |TAMS 0x0000000086400000| PB 0x0000000086400000| Untracked 
|  37|0x0000000086500000, 0x0000000086500000, 0x0000000086600000|  0%| F|  |TAMS 0x0000000086500000| PB 0x0000000086500000| Untracked 
|  38|0x0000000086600000, 0x0000000086600000, 0x0000000086700000|  0%| F|  |TAMS 0x0000000086600000| PB 0x0000000086600000| Untracked 
|  39|0x0000000086700000, 0x0000000086700000, 0x0000000086800000|  0%| F|  |TAMS 0x0000000086700000| PB 0x0000000086700000| Untracked 
|  40|0x0000000086800000, 0x0000000086800000, 0x0000000086900000|  0%| F|  |TAMS 0x0000000086800000| PB 0x0000000086800000| Untracked 
|  41|0x0000000086900000, 0x0000000086900000, 0x0000000086a00000|  0%| F|  |TAMS 0x0000000086900000| PB 0x0000000086900000| Untracked 
|  42|0x0000000086a00000, 0x0000000086a00000, 0x0000000086b00000|  0%| F|  |TAMS 0x0000000086a00000| PB 0x0000000086a00000| Untracked 
|  43|0x0000000086b00000, 0x0000000086b00000, 0x0000000086c00000|  0%| F|  |TAMS 0x0000000086b00000| PB 0x0000000086b00000| Untracked 
|  44|0x0000000086c00000, 0x0000000086c00000, 0x0000000086d00000|  0%| F|  |TAMS 0x0000000086c00000| PB 0x0000000086c00000| Untracked 
|  45|0x0000000086d00000, 0x0000000086d00000, 0x0000000086e00000|  0%| F|  |TAMS 0x0000000086d00000| PB 0x0000000086d00000| Untracked 
|  46|0x0000000086e00000, 0x0000000086e00000, 0x0000000086f00000|  0%| F|  |TAMS 0x0000000086e00000| PB 0x0000000086e00000| Untracked 
|  47|0x0000000086f00000, 0x0000000086f00000, 0x0000000087000000|  0%| F|  |TAMS 0x0000000086f00000| PB 0x0000000086f00000| Untracked 
|  48|0x0000000087000000, 0x0000000087000000, 0x0000000087100000|  0%| F|  |TAMS 0x0000000087000000| PB 0x0000000087000000| Untracked 
|  49|0x0000000087100000, 0x0000000087100000, 0x0000000087200000|  0%| F|  |TAMS 0x0000000087100000| PB 0x0000000087100000| Untracked 
|  50|0x0000000087200000, 0x0000000087200000, 0x0000000087300000|  0%| F|  |TAMS 0x0000000087200000| PB 0x0000000087200000| Untracked 
|  51|0x0000000087300000, 0x0000000087300000, 0x0000000087400000|  0%| F|  |TAMS 0x0000000087300000| PB 0x0000000087300000| Untracked 
|  52|0x0000000087400000, 0x0000000087400000, 0x0000000087500000|  0%| F|  |TAMS 0x0000000087400000| PB 0x0000000087400000| Untracked 
|  53|0x0000000087500000, 0x0000000087500000, 0x0000000087600000|  0%| F|  |TAMS 0x0000000087500000| PB 0x0000000087500000| Untracked 
|  54|0x0000000087600000, 0x0000000087600000, 0x0000000087700000|  0%| F|  |TAMS 0x0000000087600000| PB 0x0000000087600000| Untracked 
|  55|0x0000000087700000, 0x0000000087700000, 0x0000000087800000|  0%| F|  |TAMS 0x0000000087700000| PB 0x0000000087700000| Untracked 
|  56|0x0000000087800000, 0x0000000087800000, 0x0000000087900000|  0%| F|  |TAMS 0x0000000087800000| PB 0x0000000087800000| Untracked 
|  57|0x0000000087900000, 0x0000000087900000, 0x0000000087a00000|  0%| F|  |TAMS 0x0000000087900000| PB 0x0000000087900000| Untracked 
|  58|0x0000000087a00000, 0x0000000087a00000, 0x0000000087b00000|  0%| F|  |TAMS 0x0000000087a00000| PB 0x0000000087a00000| Untracked 
|  59|0x0000000087b00000, 0x0000000087b00000, 0x0000000087c00000|  0%| F|  |TAMS 0x0000000087b00000| PB 0x0000000087b00000| Untracked 
|  60|0x0000000087c00000, 0x0000000087c00000, 0x0000000087d00000|  0%| F|  |TAMS 0x0000000087c00000| PB 0x0000000087c00000| Untracked 
|  61|0x0000000087d00000, 0x0000000087d00000, 0x0000000087e00000|  0%| F|  |TAMS 0x0000000087d00000| PB 0x0000000087d00000| Untracked 
|  62|0x0000000087e00000, 0x0000000087e00000, 0x0000000087f00000|  0%| F|  |TAMS 0x0000000087e00000| PB 0x0000000087e00000| Untracked 
|  63|0x0000000087f00000, 0x0000000087f00000, 0x0000000088000000|  0%| F|  |TAMS 0x0000000087f00000| PB 0x0000000087f00000| Untracked 
|  64|0x0000000088000000, 0x0000000088000000, 0x0000000088100000|  0%| F|  |TAMS 0x0000000088000000| PB 0x0000000088000000| Untracked 
|  65|0x0000000088100000, 0x0000000088100000, 0x0000000088200000|  0%| F|  |TAMS 0x0000000088100000| PB 0x0000000088100000| Untracked 
|  66|0x0000000088200000, 0x0000000088200000, 0x0000000088300000|  0%| F|  |TAMS 0x0000000088200000| PB 0x0000000088200000| Untracked 
|  67|0x0000000088300000, 0x0000000088300000, 0x0000000088400000|  0%| F|  |TAMS 0x0000000088300000| PB 0x0000000088300000| Untracked 
|  68|0x0000000088400000, 0x0000000088400000, 0x0000000088500000|  0%| F|  |TAMS 0x0000000088400000| PB 0x0000000088400000| Untracked 
|  69|0x0000000088500000, 0x0000000088500000, 0x0000000088600000|  0%| F|  |TAMS 0x0000000088500000| PB 0x0000000088500000| Untracked 
|  70|0x0000000088600000, 0x0000000088600000, 0x0000000088700000|  0%| F|  |TAMS 0x0000000088600000| PB 0x0000000088600000| Untracked 
|  71|0x0000000088700000, 0x0000000088700000, 0x0000000088800000|  0%| F|  |TAMS 0x0000000088700000| PB 0x0000000088700000| Untracked 
|  72|0x0000000088800000, 0x0000000088800000, 0x0000000088900000|  0%| F|  |TAMS 0x0000000088800000| PB 0x0000000088800000| Untracked 
|  73|0x0000000088900000, 0x0000000088900000, 0x0000000088a00000|  0%| F|  |TAMS 0x0000000088900000| PB 0x0000000088900000| Untracked 
|  74|0x0000000088a00000, 0x0000000088a00000, 0x0000000088b00000|  0%| F|  |TAMS 0x0000000088a00000| PB 0x0000000088a00000| Untracked 
|  75|0x0000000088b00000, 0x0000000088b00000, 0x0000000088c00000|  0%| F|  |TAMS 0x0000000088b00000| PB 0x0000000088b00000| Untracked 
|  76|0x0000000088c00000, 0x0000000088c00000, 0x0000000088d00000|  0%| F|  |TAMS 0x0000000088c00000| PB 0x0000000088c00000| Untracked 
|  77|0x0000000088d00000, 0x0000000088d00000, 0x0000000088e00000|  0%| F|  |TAMS 0x0000000088d00000| PB 0x0000000088d00000| Untracked 
|  78|0x0000000088e00000, 0x0000000088e00000, 0x0000000088f00000|  0%| F|  |TAMS 0x0000000088e00000| PB 0x0000000088e00000| Untracked 
|  79|0x0000000088f00000, 0x0000000088f00000, 0x0000000089000000|  0%| F|  |TAMS 0x0000000088f00000| PB 0x0000000088f00000| Untracked 
|  80|0x0000000089000000, 0x0000000089000000, 0x0000000089100000|  0%| F|  |TAMS 0x0000000089000000| PB 0x0000000089000000| Untracked 
|  81|0x0000000089100000, 0x0000000089100000, 0x0000000089200000|  0%| F|  |TAMS 0x0000000089100000| PB 0x0000000089100000| Untracked 
|  82|0x0000000089200000, 0x0000000089200000, 0x0000000089300000|  0%| F|  |TAMS 0x0000000089200000| PB 0x0000000089200000| Untracked 
|  83|0x0000000089300000, 0x0000000089300000, 0x0000000089400000|  0%| F|  |TAMS 0x0000000089300000| PB 0x0000000089300000| Untracked 
|  84|0x0000000089400000, 0x0000000089400000, 0x0000000089500000|  0%| F|  |TAMS 0x0000000089400000| PB 0x0000000089400000| Untracked 
|  85|0x0000000089500000, 0x0000000089500000, 0x0000000089600000|  0%| F|  |TAMS 0x0000000089500000| PB 0x0000000089500000| Untracked 
|  86|0x0000000089600000, 0x0000000089600000, 0x0000000089700000|  0%| F|  |TAMS 0x0000000089600000| PB 0x0000000089600000| Untracked 
|  87|0x0000000089700000, 0x0000000089700000, 0x0000000089800000|  0%| F|  |TAMS 0x0000000089700000| PB 0x0000000089700000| Untracked 
|  88|0x0000000089800000, 0x0000000089900000, 0x0000000089900000|100%| S|CS|TAMS 0x0000000089800000| PB 0x0000000089800000| Complete 
|  89|0x0000000089900000, 0x0000000089a00000, 0x0000000089a00000|100%| S|CS|TAMS 0x0000000089900000| PB 0x0000000089900000| Complete 
|  90|0x0000000089a00000, 0x0000000089b00000, 0x0000000089b00000|100%| S|CS|TAMS 0x0000000089a00000| PB 0x0000000089a00000| Complete 
|  91|0x0000000089b00000, 0x0000000089b00000, 0x0000000089c00000|  0%| F|  |TAMS 0x0000000089b00000| PB 0x0000000089b00000| Untracked 
|  92|0x0000000089c00000, 0x0000000089c00000, 0x0000000089d00000|  0%| F|  |TAMS 0x0000000089c00000| PB 0x0000000089c00000| Untracked 
|  93|0x0000000089d00000, 0x0000000089d84010, 0x0000000089e00000| 51%| E|  |TAMS 0x0000000089d00000| PB 0x0000000089d00000| Complete 
|  94|0x0000000089e00000, 0x0000000089f00000, 0x0000000089f00000|100%| E|CS|TAMS 0x0000000089e00000| PB 0x0000000089e00000| Complete 
|  95|0x0000000089f00000, 0x000000008a000000, 0x000000008a000000|100%| E|CS|TAMS 0x0000000089f00000| PB 0x0000000089f00000| Complete 
|  96|0x000000008a000000, 0x000000008a100000, 0x000000008a100000|100%| E|CS|TAMS 0x000000008a000000| PB 0x000000008a000000| Complete 
|  97|0x000000008a100000, 0x000000008a200000, 0x000000008a200000|100%| E|CS|TAMS 0x000000008a100000| PB 0x000000008a100000| Complete 
|  98|0x000000008a200000, 0x000000008a300000, 0x000000008a300000|100%| E|CS|TAMS 0x000000008a200000| PB 0x000000008a200000| Complete 
|  99|0x000000008a300000, 0x000000008a400000, 0x000000008a400000|100%| E|CS|TAMS 0x000000008a300000| PB 0x000000008a300000| Complete 
| 100|0x000000008a400000, 0x000000008a500000, 0x000000008a500000|100%| E|  |TAMS 0x000000008a400000| PB 0x000000008a400000| Complete 
| 101|0x000000008a500000, 0x000000008a600000, 0x000000008a600000|100%| E|CS|TAMS 0x000000008a500000| PB 0x000000008a500000| Complete 
| 102|0x000000008a600000, 0x000000008a700000, 0x000000008a700000|100%| E|CS|TAMS 0x000000008a600000| PB 0x000000008a600000| Complete 
| 103|0x000000008a700000, 0x000000008a800000, 0x000000008a800000|100%| E|CS|TAMS 0x000000008a700000| PB 0x000000008a700000| Complete 
| 104|0x000000008a800000, 0x000000008a900000, 0x000000008a900000|100%| E|CS|TAMS 0x000000008a800000| PB 0x000000008a800000| Complete 
| 105|0x000000008a900000, 0x000000008aa00000, 0x000000008aa00000|100%| E|CS|TAMS 0x000000008a900000| PB 0x000000008a900000| Complete 
| 106|0x000000008aa00000, 0x000000008ab00000, 0x000000008ab00000|100%| E|CS|TAMS 0x000000008aa00000| PB 0x000000008aa00000| Complete 
| 107|0x000000008ab00000, 0x000000008ac00000, 0x000000008ac00000|100%| E|CS|TAMS 0x000000008ab00000| PB 0x000000008ab00000| Complete 
| 108|0x000000008ac00000, 0x000000008ad00000, 0x000000008ad00000|100%| E|CS|TAMS 0x000000008ac00000| PB 0x000000008ac00000| Complete 
| 109|0x000000008ad00000, 0x000000008ae00000, 0x000000008ae00000|100%| E|CS|TAMS 0x000000008ad00000| PB 0x000000008ad00000| Complete 
| 110|0x000000008ae00000, 0x000000008af00000, 0x000000008af00000|100%| E|CS|TAMS 0x000000008ae00000| PB 0x000000008ae00000| Complete 
| 111|0x000000008af00000, 0x000000008b000000, 0x000000008b000000|100%| E|CS|TAMS 0x000000008af00000| PB 0x000000008af00000| Complete 
| 112|0x000000008b000000, 0x000000008b100000, 0x000000008b100000|100%| E|CS|TAMS 0x000000008b000000| PB 0x000000008b000000| Complete 
| 113|0x000000008b100000, 0x000000008b200000, 0x000000008b200000|100%| E|CS|TAMS 0x000000008b100000| PB 0x000000008b100000| Complete 
| 114|0x000000008b200000, 0x000000008b300000, 0x000000008b300000|100%| E|CS|TAMS 0x000000008b200000| PB 0x000000008b200000| Complete 
| 115|0x000000008b300000, 0x000000008b400000, 0x000000008b400000|100%| E|CS|TAMS 0x000000008b300000| PB 0x000000008b300000| Complete 
| 116|0x000000008b400000, 0x000000008b500000, 0x000000008b500000|100%| E|CS|TAMS 0x000000008b400000| PB 0x000000008b400000| Complete 
| 117|0x000000008b500000, 0x000000008b600000, 0x000000008b600000|100%| E|CS|TAMS 0x000000008b500000| PB 0x000000008b500000| Complete 
| 118|0x000000008b600000, 0x000000008b700000, 0x000000008b700000|100%| E|CS|TAMS 0x000000008b600000| PB 0x000000008b600000| Complete 
| 119|0x000000008b700000, 0x000000008b800000, 0x000000008b800000|100%| E|CS|TAMS 0x000000008b700000| PB 0x000000008b700000| Complete 
| 120|0x000000008b800000, 0x000000008b900000, 0x000000008b900000|100%| E|CS|TAMS 0x000000008b800000| PB 0x000000008b800000| Complete 
| 121|0x000000008b900000, 0x000000008ba00000, 0x000000008ba00000|100%| E|CS|TAMS 0x000000008b900000| PB 0x000000008b900000| Complete 
| 122|0x000000008ba00000, 0x000000008bb00000, 0x000000008bb00000|100%| E|CS|TAMS 0x000000008ba00000| PB 0x000000008ba00000| Complete 
| 123|0x000000008bb00000, 0x000000008bc00000, 0x000000008bc00000|100%| E|CS|TAMS 0x000000008bb00000| PB 0x000000008bb00000| Complete 

Card table byte_map: [0x0000025ef9b30000,0x0000025ef9f10000] _byte_map_base: 0x0000025ef9710000

Marking Bits: (CMBitMap*) 0x0000025ef76a6830
 Bits: [0x0000025ef9f10000, 0x0000025efbe10000)

Polling page: 0x0000025ef8cc0000

Metaspace:

Usage:
  Non-class:     17.95 MB used.
      Class:      2.44 MB used.
       Both:     20.38 MB used.

Virtual space:
  Non-class space:       64.00 MB reserved,      18.19 MB ( 28%) committed,  1 nodes.
      Class space:        1.00 GB reserved,       2.69 MB ( <1%) committed,  1 nodes.
             Both:        1.06 GB reserved,      20.88 MB (  2%) committed. 

Chunk freelists:
   Non-Class:  13.48 MB
       Class:  13.29 MB
        Both:  26.77 MB

MaxMetaspaceSize: unlimited
CompressedClassSpaceSize: 1.00 GB
Initial GC threshold: 21.00 MB
Current GC threshold: 21.00 MB
CDS: on
 - commit_granule_bytes: 65536.
 - commit_granule_words: 8192.
 - virtual_space_node_default_size: 8388608.
 - enlarge_chunks_in_place: 1.
 - use_allocation_guard: 0.


Internal statistics:

num_allocs_failed_limit: 0.
num_arena_births: 516.
num_arena_deaths: 0.
num_vsnodes_births: 2.
num_vsnodes_deaths: 0.
num_space_committed: 334.
num_space_uncommitted: 0.
num_chunks_returned_to_freelist: 0.
num_chunks_taken_from_freelist: 1103.
num_chunk_merges: 0.
num_chunk_splits: 672.
num_chunks_enlarged: 390.
num_inconsistent_stats: 0.

CodeHeap 'non-profiled nmethods': size=120000Kb used=1327Kb max_used=1327Kb free=118672Kb
 bounds [0x0000025e8fe70000, 0x0000025e900e0000, 0x0000025e973a0000]
CodeHeap 'profiled nmethods': size=120000Kb used=6441Kb max_used=6441Kb free=113558Kb
 bounds [0x0000025e883a0000, 0x0000025e889f0000, 0x0000025e8f8d0000]
CodeHeap 'non-nmethods': size=5760Kb used=1716Kb max_used=1756Kb free=4043Kb
 bounds [0x0000025e8f8d0000, 0x0000025e8fb40000, 0x0000025e8fe70000]
 total_blobs=3913 nmethods=3308 adapters=509
 compilation: enabled
              stopped_count=0, restarted_count=0
 full_count=0

Compilation events (20 events):
Event: 28.517 Thread 0x0000025efe8de9d0 3247       3       org.testng.remote.RemoteTestNG::isDebug (20 bytes)
Event: 28.518 Thread 0x0000025efe8de9d0 nmethod 3247 0x0000025e889d3310 code [0x0000025e889d3500, 0x0000025e889d38f0]
Event: 28.518 Thread 0x0000025efe8de9d0 3248       3       org.testng.internal.ResultMap$$Lambda/0x0000025e992b4898::test (12 bytes)
Event: 28.518 Thread 0x0000025efe8de9d0 nmethod 3248 0x0000025e889d3a90 code [0x0000025e889d3c60, 0x0000025e889d4018]
Event: 28.518 Thread 0x0000025efe8de9d0 3249       3       org.testng.internal.ResultMap::lambda$getResults$0 (11 bytes)
Event: 28.518 Thread 0x0000025efe8de9d0 nmethod 3249 0x0000025e889d4190 code [0x0000025e889d4340, 0x0000025e889d4568]
Event: 28.518 Thread 0x0000025efe8de9d0 3250       3       jdk.internal.misc.Unsafe::getAndBitwiseOrInt (27 bytes)
Event: 28.518 Thread 0x0000025efe8de9d0 nmethod 3250 0x0000025e889d4690 code [0x0000025e889d4840, 0x0000025e889d4a70]
Event: 28.520 Thread 0x0000025efe8de9d0 3251       3       org.testng.internal.ListenerOrderDeterminer$$Lambda/0x0000025e9909c480::test (5 bytes)
Event: 28.520 Thread 0x0000025efe8de9d0 nmethod 3251 0x0000025e889d4b90 code [0x0000025e889d4d40, 0x0000025e889d4f00]
Event: 28.520 Thread 0x0000025efe8de9d0 3252       3       org.testng.internal.ListenerOrderDeterminer$$Lambda/0x0000025e9909c6c8::accept (13 bytes)
Event: 28.521 Thread 0x0000025efe8de9d0 nmethod 3252 0x0000025e889d5010 code [0x0000025e889d52e0, 0x0000025e889d6150]
Event: 28.522 Thread 0x0000025efe8de9d0 3253       1       com.aventstack.extentreports.model.Log::getStatus (5 bytes)
Event: 28.522 Thread 0x0000025efe8de9d0 nmethod 3253 0x0000025e8ffb4d90 code [0x0000025e8ffb4f20, 0x0000025e8ffb4fe8]
Event: 28.523 Thread 0x0000025efe8de9d0 3255       3       java.util.stream.Collectors$$Lambda/0x800000046::get (8 bytes)
Event: 28.524 Thread 0x0000025efe8de9d0 nmethod 3255 0x0000025e889d6610 code [0x0000025e889d67e0, 0x0000025e889d6ca0]
Event: 28.525 Thread 0x0000025efe8de9d0 3257       3       org.testng.shaded.com.google.gson.stream.JsonWriter::push (47 bytes)
Event: 28.525 Thread 0x0000025efe8de9d0 nmethod 3257 0x0000025e889d6e90 code [0x0000025e889d7040, 0x0000025e889d7268]
Event: 28.526 Thread 0x0000025efe8de9d0 3258       3       java.util.stream.Collectors::toSet (26 bytes)
Event: 30.527 Thread 0x0000025efe8de9d0 nmethod 3258 0x0000025e889d7390 code [0x0000025e889d75a0, 0x0000025e889d7bb0]

GC Heap History (4 events):
Event: 0.649 GC heap before
{Heap before GC invocations=0 (full 0):
 garbage-first heap   total 126976K, used 23552K [0x0000000084000000, 0x0000000100000000)
  region size 1024K, 23 young (23552K), 0 survivors (0K)
 Metaspace       used 6874K, committed 7104K, reserved 1114112K
  class space    used 746K, committed 832K, reserved 1048576K
}
Event: 0.654 GC heap after
{Heap after GC invocations=1 (full 0):
 garbage-first heap   total 126976K, used 6941K [0x0000000084000000, 0x0000000100000000)
  region size 1024K, 3 young (3072K), 3 survivors (3072K)
 Metaspace       used 6874K, committed 7104K, reserved 1114112K
  class space    used 746K, committed 832K, reserved 1048576K
}
Event: 3.269 GC heap before
{Heap before GC invocations=1 (full 0):
 garbage-first heap   total 126976K, used 36637K [0x0000000084000000, 0x0000000100000000)
  region size 1024K, 33 young (33792K), 3 survivors (3072K)
 Metaspace       used 12951K, committed 13312K, reserved 1114112K
  class space    used 1533K, committed 1728K, reserved 1048576K
}
Event: 3.275 GC heap after
{Heap after GC invocations=2 (full 0):
 garbage-first heap   total 126976K, used 10499K [0x0000000084000000, 0x0000000100000000)
  region size 1024K, 3 young (3072K), 3 survivors (3072K)
 Metaspace       used 12951K, committed 13312K, reserved 1114112K
  class space    used 1533K, committed 1728K, reserved 1048576K
}

Dll operation events (11 events):
Event: 0.007 Loaded shared library C:\Program Files\Java\jdk-21\bin\java.dll
Event: 0.042 Loaded shared library C:\Program Files\Java\jdk-21\bin\jsvml.dll
Event: 0.106 Loaded shared library C:\Program Files\Java\jdk-21\bin\net.dll
Event: 0.109 Loaded shared library C:\Program Files\Java\jdk-21\bin\nio.dll
Event: 0.115 Loaded shared library C:\Program Files\Java\jdk-21\bin\zip.dll
Event: 0.295 Loaded shared library C:\Program Files\Java\jdk-21\bin\jimage.dll
Event: 0.323 Loaded shared library C:\Program Files\Java\jdk-21\bin\verify.dll
Event: 0.388 Loaded shared library C:\Program Files\Java\jdk-21\bin\extnet.dll
Event: 3.070 Loaded shared library C:\Program Files\Java\jdk-21\bin\management.dll
Event: 3.071 Loaded shared library C:\Program Files\Java\jdk-21\bin\management_ext.dll
Event: 3.399 Loaded shared library C:\Program Files\Java\jdk-21\bin\sunmscapi.dll

Deoptimization events (20 events):
Event: 16.204 Thread 0x0000025ef7655860 Uncommon trap: trap_request=0xffffff45 fr.pc=0x0000025e8fe902d4 relative=0x00000000000000b4
Event: 16.204 Thread 0x0000025ef7655860 Uncommon trap: reason=unstable_if action=reinterpret pc=0x0000025e8fe902d4 method=java.lang.String.hashCode()I @ 20 c2
Event: 16.204 Thread 0x0000025ef7655860 DEOPT PACKING pc=0x0000025e8fe902d4 sp=0x0000008e7d9fdc30
Event: 16.204 Thread 0x0000025ef7655860 DEOPT UNPACKING pc=0x0000025e8f927da2 sp=0x0000008e7d9fdbc0 mode 2
Event: 19.929 Thread 0x0000025ef7655860 Uncommon trap: trap_request=0xffffffde fr.pc=0x0000025e8fef8c70 relative=0x0000000000000050
Event: 19.929 Thread 0x0000025ef7655860 Uncommon trap: reason=class_check action=maybe_recompile pc=0x0000025e8fef8c70 method=java.lang.invoke.DirectMethodHandle.internalMemberName(Ljava/lang/Object;)Ljava/lang/Object; @ 1 c2
Event: 19.929 Thread 0x0000025ef7655860 DEOPT PACKING pc=0x0000025e8fef8c70 sp=0x0000008e7d9fdec0
Event: 19.929 Thread 0x0000025ef7655860 DEOPT UNPACKING pc=0x0000025e8f927da2 sp=0x0000008e7d9fde50 mode 2
Event: 26.252 Thread 0x0000025ef7655860 Uncommon trap: trap_request=0xffffffde fr.pc=0x0000025e8ff13564 relative=0x0000000000000e64
Event: 26.252 Thread 0x0000025ef7655860 Uncommon trap: reason=class_check action=maybe_recompile pc=0x0000025e8ff13564 method=java.util.concurrent.ConcurrentHashMap.putVal(Ljava/lang/Object;Ljava/lang/Object;Z)Ljava/lang/Object; @ 242 c2
Event: 26.252 Thread 0x0000025ef7655860 DEOPT PACKING pc=0x0000025e8ff13564 sp=0x0000008e7d9fe110
Event: 26.252 Thread 0x0000025ef7655860 DEOPT UNPACKING pc=0x0000025e8f927da2 sp=0x0000008e7d9fe0a0 mode 2
Event: 28.415 Thread 0x0000025ef7655860 Uncommon trap: trap_request=0xffffffde fr.pc=0x0000025e8ff13564 relative=0x0000000000000e64
Event: 28.415 Thread 0x0000025ef7655860 Uncommon trap: reason=class_check action=maybe_recompile pc=0x0000025e8ff13564 method=java.util.concurrent.ConcurrentHashMap.putVal(Ljava/lang/Object;Ljava/lang/Object;Z)Ljava/lang/Object; @ 242 c2
Event: 28.415 Thread 0x0000025ef7655860 DEOPT PACKING pc=0x0000025e8ff13564 sp=0x0000008e7d9fe320
Event: 28.415 Thread 0x0000025ef7655860 DEOPT UNPACKING pc=0x0000025e8f927da2 sp=0x0000008e7d9fe2b0 mode 2
Event: 28.417 Thread 0x0000025ef7655860 Uncommon trap: trap_request=0xffffffde fr.pc=0x0000025e8ff13564 relative=0x0000000000000e64
Event: 28.417 Thread 0x0000025ef7655860 Uncommon trap: reason=class_check action=maybe_recompile pc=0x0000025e8ff13564 method=java.util.concurrent.ConcurrentHashMap.putVal(Ljava/lang/Object;Ljava/lang/Object;Z)Ljava/lang/Object; @ 242 c2
Event: 28.417 Thread 0x0000025ef7655860 DEOPT PACKING pc=0x0000025e8ff13564 sp=0x0000008e7d9fe2f0
Event: 28.417 Thread 0x0000025ef7655860 DEOPT UNPACKING pc=0x0000025e8f927da2 sp=0x0000008e7d9fe280 mode 2

Classes loaded (20 events):
Event: 15.895 Loading class java/io/CharArrayWriter
Event: 15.895 Loading class java/io/CharArrayWriter done
Event: 16.165 Loading class java/lang/reflect/Executable$ParameterData
Event: 16.165 Loading class java/lang/reflect/Executable$ParameterData done
Event: 16.194 Loading class jdk/internal/reflect/MethodHandleLongFieldAccessorImpl
Event: 16.195 Loading class jdk/internal/reflect/MethodHandleLongFieldAccessorImpl done
Event: 26.239 Loading class java/util/TreeMap$EntrySpliterator
Event: 26.240 Loading class java/util/TreeMap$EntrySpliterator done
Event: 26.245 Loading class java/lang/invoke/WrongMethodTypeException
Event: 26.245 Loading class java/lang/invoke/WrongMethodTypeException done
Event: 26.248 Loading class java/lang/Throwable$WrappedPrintWriter
Event: 26.248 Loading class java/lang/Throwable$PrintStreamOrWriter
Event: 26.248 Loading class java/lang/Throwable$PrintStreamOrWriter done
Event: 26.248 Loading class java/lang/Throwable$WrappedPrintWriter done
Event: 26.251 Loading class java/lang/StackTraceElement$HashedModules
Event: 26.251 Loading class java/lang/StackTraceElement$HashedModules done
Event: 28.406 Loading class java/util/concurrent/ConcurrentLinkedQueue$Itr
Event: 28.406 Loading class java/util/concurrent/ConcurrentLinkedQueue$Itr done
Event: 28.412 Loading class java/util/concurrent/ConcurrentHashMap$KeySpliterator
Event: 28.412 Loading class java/util/concurrent/ConcurrentHashMap$KeySpliterator done

Classes unloaded (0 events):
No events

Classes redefined (0 events):
No events

Internal exceptions (20 events):
Event: 3.281 Thread 0x0000025ef7655860 Exception <a 'java/lang/NoSuchMethodError'{0x000000008bb46bf0}: 'long java.lang.invoke.DirectMethodHandle$Holder.invokeSpecial(java.lang.Object, java.lang.Object)'> (0x000000008bb46bf0) 
thrown [s\open\src\hotspot\share\interpreter\linkResolver.cpp, line 773]
Event: 3.304 Thread 0x0000025ef7655860 Exception <a 'sun/nio/fs/WindowsException'{0x000000008ba80128}> (0x000000008ba80128) 
thrown [s\open\src\hotspot\share\prims\jni.cpp, line 520]
Event: 3.436 Thread 0x0000025ef7655860 Exception <a 'java/lang/NoSuchMethodError'{0x000000008b3af278}: 'java.lang.Object java.lang.invoke.DirectMethodHandle$Holder.invokeInterface(java.lang.Object, java.lang.Object, java.lang.Object)'> (0x000000008b3af278) 
thrown [s\open\src\hotspot\share\interpreter\linkResolver.cpp, line 773]
Event: 3.437 Thread 0x0000025ef7655860 Exception <a 'java/lang/IncompatibleClassChangeError'{0x000000008b3b2660}: Found class java.lang.Object, but interface was expected> (0x000000008b3b2660) 
thrown [s\open\src\hotspot\share\interpreter\linkResolver.cpp, line 840]
Event: 3.437 Thread 0x0000025ef7655860 Exception <a 'java/lang/NoSuchMethodError'{0x000000008b3b9ba8}: 'int java.lang.invoke.DirectMethodHandle$Holder.invokeSpecialIFC(java.lang.Object, java.lang.Object, java.lang.Object, java.lang.Object)'> (0x000000008b3b9ba8) 
thrown [s\open\src\hotspot\share\interpreter\linkResolver.cpp, line 773]
Event: 3.440 Thread 0x0000025ef7655860 Exception <a 'java/lang/NoSuchMethodError'{0x000000008b3dc200}: 'java.lang.Object java.lang.invoke.DirectMethodHandle$Holder.invokeVirtual(java.lang.Object, java.lang.Object, java.lang.Object, java.lang.Object)'> (0x000000008b3dc200) 
thrown [s\open\src\hotspot\share\interpreter\linkResolver.cpp, line 773]
Event: 3.677 Thread 0x0000025edd8be010 Exception <a 'java/net/ConnectException'{0x000000008b287f68}: Connection refused: getsockopt> (0x000000008b287f68) 
thrown [s\open\src\hotspot\share\prims\jni.cpp, line 539]
Event: 3.712 Thread 0x0000025edd8be010 Exception <a 'java/net/ConnectException'{0x000000008b288f40}: Connection refused: getsockopt> (0x000000008b288f40) 
thrown [s\open\src\hotspot\share\prims\jni.cpp, line 539]
Event: 3.764 Thread 0x0000025ef7655860 Exception <a 'java/lang/NoSuchMethodError'{0x000000008b174b08}: 'java.lang.Object java.lang.invoke.DirectMethodHandle$Holder.newInvokeSpecial(java.lang.Object, java.lang.Object, int, int)'> (0x000000008b174b08) 
thrown [s\open\src\hotspot\share\interpreter\linkResolver.cpp, line 773]
Event: 3.764 Thread 0x0000025ef7655860 Exception <a 'java/lang/NoSuchMethodError'{0x000000008b17efe0}: 'void java.lang.invoke.DirectMethodHandle$Holder.invokeStatic(java.lang.Object, java.lang.Object, int)'> (0x000000008b17efe0) 
thrown [s\open\src\hotspot\share\interpreter\linkResolver.cpp, line 773]
Event: 3.786 Thread 0x0000025edd8bf3c0 Exception <a 'java/lang/NoSuchMethodError'{0x000000008b0bd778}: 'java.lang.Object java.lang.invoke.DirectMethodHandle$Holder.invokeSpecial(java.lang.Object, java.lang.Object, java.lang.Object, java.lang.Object, int)'> (0x000000008b0bd778) 
thrown [s\open\src\hotspot\share\interpreter\linkResolver.cpp, line 773]
Event: 3.786 Thread 0x0000025edd8bf3c0 Exception <a 'java/lang/NoSuchMethodError'{0x000000008b0c10c0}: 'java.lang.Object java.lang.invoke.Invokers$Holder.linkToTargetMethod(java.lang.Object, java.lang.Object, int, java.lang.Object)'> (0x000000008b0c10c0) 
thrown [s\open\src\hotspot\share\interpreter\linkResolver.cpp, line 773]
Event: 3.796 Thread 0x0000025edd8bf3c0 Exception <a 'java/lang/NoSuchMethodError'{0x000000008af068f0}: 'void java.lang.invoke.DirectMethodHandle$Holder.invokeSpecial(java.lang.Object, java.lang.Object, java.lang.Object, java.lang.Object, java.lang.Object)'> (0x000000008af068f0) 
thrown [s\open\src\hotspot\share\interpreter\linkResolver.cpp, line 773]
Event: 4.548 Thread 0x0000025edd8c0e00 Exception <a 'java/lang/NoSuchMethodError'{0x000000008ae14528}: 'java.lang.Object java.lang.invoke.DirectMethodHandle$Holder.newInvokeSpecial(java.lang.Object, java.lang.Object, long, java.lang.Object, java.lang.Object, java.lang.Object)'> (0x000000008ae14528) 
thrown [s\open\src\hotspot\share\interpreter\linkResolver.cpp, line 773]
Event: 4.553 Thread 0x0000025edd8c0e00 Exception <a 'java/lang/NoSuchMethodError'{0x000000008ae2a758}: 'void java.lang.invoke.DirectMethodHandle$Holder.invokeSpecial(java.lang.Object, java.lang.Object, java.lang.Object, java.lang.Object, java.lang.Object, java.lang.Object, java.lang.Object)'> (0x000000008ae2a758) 
thrown [s\open\src\hotspot\share\interpreter\linkResolver.cpp, line 773]
Event: 4.566 Thread 0x0000025ef7655860 Exception <a 'java/lang/NoSuchMethodError'{0x000000008ae94178}: 'java.lang.Object java.lang.invoke.DirectMethodHandle$Holder.invokeSpecialIFC(java.lang.Object, java.lang.Object, java.lang.Object)'> (0x000000008ae94178) 
thrown [s\open\src\hotspot\share\interpreter\linkResolver.cpp, line 773]
Event: 4.680 Thread 0x0000025ef7655860 Exception <a 'java/lang/ClassNotFoundException'{0x000000008aa2ede0}: sun/util/logging/resources/spi/loggingProvider> (0x000000008aa2ede0) 
thrown [s\open\src\hotspot\share\classfile\systemDictionary.cpp, line 312]
Event: 16.195 Thread 0x0000025ef7655860 Exception <a 'java/lang/NoSuchMethodError'{0x000000008a7437c0}: 'long java.lang.invoke.DelegatingMethodHandle$Holder.reinvoke_L(java.lang.Object, java.lang.Object)'> (0x000000008a7437c0) 
thrown [s\open\src\hotspot\share\interpreter\linkResolver.cpp, line 773]
Event: 16.196 Thread 0x0000025ef7655860 Exception <a 'java/lang/NoSuchMethodError'{0x000000008a74d488}: 'void java.lang.invoke.DelegatingMethodHandle$Holder.reinvoke_L(java.lang.Object, java.lang.Object, long)'> (0x000000008a74d488) 
thrown [s\open\src\hotspot\share\interpreter\linkResolver.cpp, line 773]
Event: 16.196 Thread 0x0000025ef7655860 Exception <a 'java/lang/NoSuchMethodError'{0x000000008a753c68}: 'long java.lang.invoke.Invokers$Holder.invokeExact_MT(java.lang.Object, java.lang.Object, java.lang.Object)'> (0x000000008a753c68) 
thrown [s\open\src\hotspot\share\interpreter\linkResolver.cpp, line 773]

ZGC Phase Switch (0 events):
No events

VM Operations (20 events):
Event: 4.540 Executing VM operation: HandshakeAllThreads (Deoptimize) done
Event: 5.553 Executing VM operation: Cleanup
Event: 5.554 Executing VM operation: Cleanup done
Event: 11.613 Executing VM operation: Cleanup
Event: 11.613 Executing VM operation: Cleanup done
Event: 15.872 Executing VM operation: HandshakeAllThreads (Deoptimize)
Event: 15.873 Executing VM operation: HandshakeAllThreads (Deoptimize) done
Event: 16.871 Executing VM operation: Cleanup
Event: 16.871 Executing VM operation: Cleanup done
Event: 18.875 Executing VM operation: Cleanup
Event: 18.875 Executing VM operation: Cleanup done
Event: 20.887 Executing VM operation: Cleanup
Event: 20.887 Executing VM operation: Cleanup done
Event: 22.903 Executing VM operation: Cleanup
Event: 22.904 Executing VM operation: Cleanup done
Event: 24.926 Executing VM operation: Cleanup
Event: 24.926 Executing VM operation: Cleanup done
Event: 26.938 Executing VM operation: Cleanup
Event: 26.938 Executing VM operation: Cleanup done
Event: 28.953 Executing VM operation: Cleanup

Events (20 events):
Event: 3.288 Thread 0x0000025edd7d7730 Thread added: 0x0000025edd7d7730
Event: 3.427 Thread 0x0000025edd8bed30 Thread added: 0x0000025edd8bed30
Event: 3.667 Thread 0x0000025edd8bd980 Thread added: 0x0000025edd8bd980
Event: 3.667 Thread 0x0000025edd7d7730 Thread exited: 0x0000025edd7d7730
Event: 3.670 Thread 0x0000025edd8bcc60 Thread added: 0x0000025edd8bcc60
Event: 3.670 Thread 0x0000025edd8bd2f0 Thread added: 0x0000025edd8bd2f0
Event: 3.672 Thread 0x0000025edd8be010 Thread added: 0x0000025edd8be010
Event: 3.748 Thread 0x0000025edd8be6a0 Thread added: 0x0000025edd8be6a0
Event: 3.772 Thread 0x0000025edd8bf3c0 Thread added: 0x0000025edd8bf3c0
Event: 3.773 Thread 0x0000025edd8bbf40 Thread added: 0x0000025edd8bbf40
Event: 3.801 Thread 0x0000025edd8c0e00 Thread added: 0x0000025edd8c0e00
Event: 3.803 Thread 0x0000025edd8bfa50 Thread added: 0x0000025edd8bfa50
Event: 3.803 Thread 0x0000025edd8c00e0 Thread added: 0x0000025edd8c00e0
Event: 4.614 Thread 0x0000025edd8c0770 Thread added: 0x0000025edd8c0770
Event: 4.615 Thread 0x0000025ede3a82d0 Thread added: 0x0000025ede3a82d0
Event: 4.619 Thread 0x0000025ede3a4e50 Thread added: 0x0000025ede3a4e50
Event: 4.621 Thread 0x0000025ede3a6200 Thread added: 0x0000025ede3a6200
Event: 4.621 Thread 0x0000025ede3a6890 Thread added: 0x0000025ede3a6890
Event: 13.772 Thread 0x0000025edd8be6a0 Thread exited: 0x0000025edd8be6a0
Event: 28.449 Thread 0x0000025e9788b430 Thread added: 0x0000025e9788b430


Dynamic libraries:
0x00007ff737f80000 - 0x00007ff737f90000 	C:\Program Files\Java\jdk-21\bin\javaw.exe
0x00007ffdd79c0000 - 0x00007ffdd7c27000 	C:\WINDOWS\SYSTEM32\ntdll.dll
0x00007ffdd6310000 - 0x00007ffdd63d9000 	C:\WINDOWS\System32\KERNEL32.DLL
0x00007ffdd51c0000 - 0x00007ffdd55b7000 	C:\WINDOWS\System32\KERNELBASE.dll
0x00007ffdd55f0000 - 0x00007ffdd573b000 	C:\WINDOWS\System32\ucrtbase.dll
0x00007ffdc7b60000 - 0x00007ffdc7b7b000 	C:\Program Files\Java\jdk-21\bin\VCRUNTIME140.dll
0x00007ffdc9ba0000 - 0x00007ffdc9bb9000 	C:\Program Files\Java\jdk-21\bin\jli.dll
0x00007ffdd5ba0000 - 0x00007ffdd5c56000 	C:\WINDOWS\System32\ADVAPI32.dll
0x00007ffdd74f0000 - 0x00007ffdd7599000 	C:\WINDOWS\System32\msvcrt.dll
0x00007ffdd5740000 - 0x00007ffdd57e7000 	C:\WINDOWS\System32\sechost.dll
0x00007ffdd5a50000 - 0x00007ffdd5b68000 	C:\WINDOWS\System32\RPCRT4.dll
0x00007ffdd5fe0000 - 0x00007ffdd61a6000 	C:\WINDOWS\System32\USER32.dll
0x00007ffdd55c0000 - 0x00007ffdd55e7000 	C:\WINDOWS\System32\win32u.dll
0x00007ffdd5b70000 - 0x00007ffdd5b9b000 	C:\WINDOWS\System32\GDI32.dll
0x00007ffdbaca0000 - 0x00007ffdbaf32000 	C:\WINDOWS\WinSxS\amd64_microsoft.windows.common-controls_6595b64144ccf1df_6.0.26100.8328_none_3e08182ce334b678\COMCTL32.dll
0x00007ffdd4c60000 - 0x00007ffdd4d8c000 	C:\WINDOWS\System32\gdi32full.dll
0x00007ffdd5060000 - 0x00007ffdd5103000 	C:\WINDOWS\System32\msvcp_win.dll
0x00007ffdcad80000 - 0x00007ffdcad8b000 	C:\WINDOWS\SYSTEM32\VERSION.dll
0x00007ffdd6770000 - 0x00007ffdd67a2000 	C:\WINDOWS\System32\IMM32.DLL
0x00007ffdcf440000 - 0x00007ffdcf44c000 	C:\Program Files\Java\jdk-21\bin\vcruntime140_1.dll
0x00007ffd883b0000 - 0x00007ffd8843e000 	C:\Program Files\Java\jdk-21\bin\msvcp140.dll
0x00007ffd48250000 - 0x00007ffd48f67000 	C:\Program Files\Java\jdk-21\bin\server\jvm.dll
0x00007ffdd78e0000 - 0x00007ffdd7960000 	C:\WINDOWS\System32\WS2_32.dll
0x00007ffdd4270000 - 0x00007ffdd42ce000 	C:\WINDOWS\SYSTEM32\POWRPROF.dll
0x00007ffdcb090000 - 0x00007ffdcb0c6000 	C:\WINDOWS\SYSTEM32\WINMM.dll
0x00007ffdd4230000 - 0x00007ffdd4244000 	C:\WINDOWS\SYSTEM32\UMPDC.dll
0x00007ffdd3180000 - 0x00007ffdd319b000 	C:\WINDOWS\SYSTEM32\kernel.appcore.dll
0x00007ffdc9fb0000 - 0x00007ffdc9fba000 	C:\Program Files\Java\jdk-21\bin\jimage.dll
0x00007ffdd2260000 - 0x00007ffdd24a2000 	C:\WINDOWS\SYSTEM32\DBGHELP.DLL
0x00007ffdd63e0000 - 0x00007ffdd6763000 	C:\WINDOWS\System32\combase.dll
0x00007ffdd61b0000 - 0x00007ffdd6289000 	C:\WINDOWS\System32\OLEAUT32.dll
0x00007ffdb45c0000 - 0x00007ffdb45fb000 	C:\WINDOWS\SYSTEM32\dbgcore.DLL
0x00007ffdd5110000 - 0x00007ffdd51b8000 	C:\WINDOWS\System32\bcryptPrimitives.dll
0x00007ffdc4c50000 - 0x00007ffdc4c6f000 	C:\Program Files\Java\jdk-21\bin\java.dll
0x00007ffdd67e0000 - 0x00007ffdd6f4e000 	C:\WINDOWS\System32\SHELL32.dll
0x00007ffdd43f0000 - 0x00007ffdd4c5c000 	C:\WINDOWS\System32\windows.storage.dll
0x00007ffdd5950000 - 0x00007ffdd5a46000 	C:\WINDOWS\System32\SHCORE.dll
0x00007ffdd62a0000 - 0x00007ffdd6306000 	C:\WINDOWS\System32\shlwapi.dll
0x00007ffdd4310000 - 0x00007ffdd4339000 	C:\WINDOWS\SYSTEM32\profapi.dll
0x00007ffd69820000 - 0x00007ffd698f7000 	C:\Program Files\Java\jdk-21\bin\jsvml.dll
0x00007ffdc9b90000 - 0x00007ffdc9ba0000 	C:\Program Files\Java\jdk-21\bin\net.dll
0x00007ffdcd330000 - 0x00007ffdcd459000 	C:\WINDOWS\SYSTEM32\WINHTTP.dll
0x00007ffdd36f0000 - 0x00007ffdd375c000 	C:\WINDOWS\system32\mswsock.dll
0x00007ffdbbe30000 - 0x00007ffdbbe46000 	C:\Program Files\Java\jdk-21\bin\nio.dll
0x00007ffd8d000000 - 0x00007ffd8d018000 	C:\Program Files\Java\jdk-21\bin\zip.dll
0x00007ffdc80e0000 - 0x00007ffdc80f0000 	C:\Program Files\Java\jdk-21\bin\verify.dll
0x00007ffdd2c60000 - 0x00007ffdd2d92000 	C:\WINDOWS\SYSTEM32\DNSAPI.dll
0x00007ffdd2bc0000 - 0x00007ffdd2bf2000 	C:\WINDOWS\SYSTEM32\IPHLPAPI.DLL
0x00007ffdd7970000 - 0x00007ffdd797a000 	C:\WINDOWS\System32\NSI.dll
0x00007ffdc42c0000 - 0x00007ffdc42cb000 	C:\Windows\System32\rasadhlp.dll
0x00007ffdce170000 - 0x00007ffdce1f6000 	C:\WINDOWS\System32\fwpuclnt.dll
0x00007ffdc9fa0000 - 0x00007ffdc9fa9000 	C:\Program Files\Java\jdk-21\bin\extnet.dll
0x00007ffdd39d0000 - 0x00007ffdd39eb000 	C:\WINDOWS\SYSTEM32\CRYPTSP.dll
0x00007ffdd30e0000 - 0x00007ffdd3119000 	C:\WINDOWS\system32\rsaenh.dll
0x00007ffdd37a0000 - 0x00007ffdd37d3000 	C:\WINDOWS\SYSTEM32\USERENV.dll
0x00007ffdd42e0000 - 0x00007ffdd430a000 	C:\WINDOWS\SYSTEM32\bcrypt.dll
0x00007ffdd39f0000 - 0x00007ffdd39fc000 	C:\WINDOWS\SYSTEM32\CRYPTBASE.dll
0x00007ffdcc6d0000 - 0x00007ffdcc6da000 	C:\Program Files\Java\jdk-21\bin\management.dll
0x00007ffdcc660000 - 0x00007ffdcc66b000 	C:\Program Files\Java\jdk-21\bin\management_ext.dll
0x00007ffdd7770000 - 0x00007ffdd7778000 	C:\WINDOWS\System32\PSAPI.DLL
0x00007ffdbcaf0000 - 0x00007ffdbcafe000 	C:\Program Files\Java\jdk-21\bin\sunmscapi.dll
0x00007ffdd4e50000 - 0x00007ffdd4fc8000 	C:\WINDOWS\System32\CRYPT32.dll
0x00007ffdd3bf0000 - 0x00007ffdd3c20000 	C:\WINDOWS\SYSTEM32\ncrypt.dll
0x00007ffdd3ba0000 - 0x00007ffdd3bdf000 	C:\WINDOWS\SYSTEM32\NTASN1.dll
0x00007ffd8f240000 - 0x00007ffd8f248000 	C:\WINDOWS\system32\wshunix.dll

dbghelp: loaded successfully - version: 4.0.5 - missing functions: none
symbol engine: initialized successfully - sym options: 0x614 - pdb path: .;C:\Program Files\Java\jdk-21\bin;C:\WINDOWS\SYSTEM32;C:\WINDOWS\WinSxS\amd64_microsoft.windows.common-controls_6595b64144ccf1df_6.0.26100.8328_none_3e08182ce334b678;C:\Program Files\Java\jdk-21\bin\server

VM Arguments:
jvm_args: -ea -Dfile.encoding=UTF-8 -Dstdout.encoding=UTF-8 -Dstderr.encoding=UTF-8 -XX:+ShowCodeDetailsInExceptionMessages 
java_command: org.testng.remote.RemoteTestNG -serport 50872 -protocol json -d D:\Eclipse-Rajeev\Octopussaas_main_Framework\test-output C:\Users\Rajeev nandi\AppData\Local\Temp\testng-eclipse-1171105867\testng-customsuite.xml
java_class_path (initial): C:\Users\Rajeev nandi\eclipse\java-2025-06\eclipse\configuration\org.eclipse.osgi\523\0\.cp\lib\testng-remote.jar;D:\Eclipse-Rajeev\Octopussaas_main_Framework\target\test-classes;D:\Eclipse-Rajeev\Octopussaas_main_Framework\target\classes;C:\Users\Rajeev nandi\.m2\repository\org\seleniumhq\selenium\selenium-java\4.34.0\selenium-java-4.34.0.jar;C:\Users\Rajeev nandi\.m2\repository\org\seleniumhq\selenium\selenium-api\4.34.0\selenium-api-4.34.0.jar;C:\Users\Rajeev nandi\.m2\repository\org\jspecify\jspecify\1.0.0\jspecify-1.0.0.jar;C:\Users\Rajeev nandi\.m2\repository\org\seleniumhq\selenium\selenium-chrome-driver\4.34.0\selenium-chrome-driver-4.34.0.jar;C:\Users\Rajeev nandi\.m2\repository\com\google\auto\service\auto-service-annotations\1.1.1\auto-service-annotations-1.1.1.jar;C:\Users\Rajeev nandi\.m2\repository\org\seleniumhq\selenium\selenium-chromium-driver\4.34.0\selenium-chromium-driver-4.34.0.jar;C:\Users\Rajeev nandi\.m2\repository\org\seleniumhq\selenium\selenium-json\4.34.0\selenium-json-4.34.0.jar;C:\Users\Rajeev nandi\.m2\repository\org\seleniumhq\selenium\selenium-manager\4.34.0\selenium-manager-4.34.0.jar;C:\Users\Rajeev nandi\.m2\repository\org\seleniumhq\selenium\selenium-devtools-v136\4.34.0\selenium-devtools-v136-4.34.0.jar;C:\Users\Rajeev nandi\.m2\repository\org\seleniumhq\selenium\selenium-devtools-v137\4.34.0\selenium-devtools-v137-4.34.0.jar;C:\Users\Rajeev nandi\.m2\repository\org\seleniumhq\selenium\selenium-devtools-v138\4.34.0\selenium-devtools-v138-4.34.0.jar;C:\Users\Rajeev nandi\.m2\repository\org\seleniumhq\selenium\selenium-edge-driver\4.34.0\selenium-edge-driver-4.34.0.jar;C:\Users\Rajeev nandi\.m2\repository\org\seleniumhq\selenium\selenium-firefox-driver\4.34.0\selenium-firefox-driver-4.34.0.jar;C:\Users\Rajeev nandi\.m2\repository\org\seleniumhq\selenium\selenium-http\4.34.0\selenium-http-4.34.0.jar;C:\Users\Rajeev nandi\.m2\repository\org\seleniumhq\selenium\selenium-ie-driver\4.34.0\selenium-ie-driver-4.34.0.jar;C:\Users\Rajeev nandi\.m2\repository\org\seleniumhq\selenium\selenium-remote-driver\4.34.0\selenium-remote-driver-4.34.0.jar;C:\Users\Rajeev nandi\.m2\repository\com\google\guava\guava\33.4.8-jre\guava-33.4.8-jre.jar;C:\Users\Rajeev nandi\.m2\repository\com\google\guava\failureaccess\1.0.3\failureaccess-1.0.3.jar;C:\Users\Rajeev nandi\.m2\repository\com\google\guava\listenablefuture\9999.0-empty-to-avoid-conflict-with-guava\listenablefuture-9999.0-empty-to-avoid-conflict-with-guava.jar;C:\Users\Rajeev nandi\.m2\repository\com\google\errorprone\error_prone_annotations\2.36.0\error_prone_annotations-2.36.0.jar;C:\Users\Rajeev nandi\.m2\repository\com\google\j2objc\j2objc-annotations\3.0.0\j2objc-annotations-3.0.0.jar;C:\Users\Rajeev nandi\.m2\repository\io\opentelemetry\opentelemetry-api\1.51.0\opentelemetry-api-1.51.0.jar;C:\Users\Rajeev nandi\.m2\repository\io\opentelemetry\opentelemetry-context\1.51.0\opentelemetry-context-1.51.0.jar;C:\Users\Rajeev nandi\.m2\repository\io\opentelemetry\opentelemetry-exporter-logging\1.51.0\opentelemetry-exporter-logging-1.51.0.jar;C:\Users\Rajeev nandi\.m2\repository\io\opentelemetry\opentelemetry-sdk-common\1.51.0\opentelemetry-sdk-common-1.51.0.jar;C:\Users\Rajeev nandi\.m2\repository\io\opentelemetry\opentelemetry-sdk-extension-autoconfigure-spi\1.51.0\opentelemetry-sdk-extension-autoconfigure-spi-1.51.0.jar;C:\Users\Rajeev nandi\.m2\repository\io\opentelemetry\opentelemetry-sdk-extension-autoconfigure\1.51.0\opentelemetry-sdk-extension-autoconfigure-1.51.0.jar;C:\Users\Rajeev nandi\.m2\repository\io\opentelemetry\opentelemetry-sdk-trace\1.51.0\opentelemetry-sdk-trace-1.51.0.jar;C:\Users\Rajeev nandi\.m2\repository\io\opentelemetry\opentelemetry-sdk\1.51.0\opentelemetry-sdk-1.51.0.jar;C:\Users\Rajeev nandi\.m2\repository\io\opentelemetry\opentelemetry-sdk-metrics\1.51.0\opentelemetry-sdk-metrics-1.51.0.jar;C:\Users\Rajeev nandi\.m2\repository\io\opentelemetry\opentelemetry-sdk-logs\1.51.0\opentelemetry-sdk-logs-1.51.0.jar;C:\Users\Rajeev nandi\.m2\repository\net\bytebuddy\byte-buddy\1.17.6\byte-buddy-1.17.6.jar;C:\Users\Rajeev nandi\.m2\repository\org\seleniumhq\selenium\selenium-os\4.34.0\selenium-os-4.34.0.jar;C:\Users\Rajeev nandi\.m2\repository\org\apache\commons\commons-exec\1.5.0\commons-exec-1.5.0.jar;C:\Users\Rajeev nandi\.m2\repository\org\seleniumhq\selenium\selenium-safari-driver\4.34.0\selenium-safari-driver-4.34.0.jar;C:\Users\Rajeev nandi\.m2\repository\org\seleniumhq\selenium\selenium-support\4.34.0\selenium-support-4.34.0.jar;C:\Users\Rajeev nandi\.m2\repository\org\apache\poi\poi\5.2.3\poi-5.2.3.jar;C:\Users\Rajeev nandi\.m2\repository\commons-codec\commons-codec\1.15\commons-codec-1.15.jar;C:\Users\Rajeev nandi\.m2\repository\org\apache\commons\commons-collections4\4.4\commons-collections4-4.4.jar;C:\Users\Rajeev nandi\.m2\repository\org\apache\commons\commons-math3\3.6.1\commons-math3-3.6.1.jar;C:\Users\Rajeev nandi\.m2\repository\com\zaxxer\SparseBitSet\1.2\SparseBitSet-1.2.jar;C:\Users\Rajeev nandi\.m2\repository\org\apache\logging\log4j\log4j-api\2.18.0\log4j-api-2.18.0.jar;C:\Users\Rajeev nandi\.m2\repository\org\apache\poi\poi-ooxml\5.2.3\poi-ooxml-5.2.3.jar;C:\Users\Rajeev nandi\.m2\repository\org\apache\poi\poi-ooxml-lite\5.2.3\poi-ooxml-lite-5.2.3.jar;C:\Users\Rajeev nandi\.m2\repository\org\apache\xmlbeans\xmlbeans\5.1.1\xmlbeans-5.1.1.jar;C:\Users\Rajeev nandi\.m2\repository\org\apache\commons\commons-compress\1.21\commons-compress-1.21.jar;C:\Users\Rajeev nandi\.m2\repository\com\github\virtuald\curvesapi\1.07\curvesapi-1.07.jar;C:\Users\Rajeev nandi\.m2\repository\org\testng\testng\7.10.0\testng-7.10.0.jar;C:\Users\Rajeev nandi\.m2\repository\org\slf4j\slf4j-api\1.7.36\slf4j-api-1.7.36.jar;C:\Users\Rajeev nandi\.m2\repository\com\beust\jcommander\1.82\jcommander-1.82.jar;C:\Users\Rajeev nandi\.m2\repository\org\webjars\jquery\3.7.1\jquery-3.7.1.jar;C:\Users\Rajeev nandi\.m2\repository\org\projectlombok\lombok\1.18.30\lombok-1.18.30.jar;C:\Users\Rajeev nandi\.m2\repository\com\googlecode\json-simple\json-simple\1.1\json-simple-1.1.jar;C:\Users\Rajeev nandi\.m2\repository\com\mysql\mysql-connector-j\9.1.0\mysql-connector-j-9.1.0.jar;C:\Users\Rajeev nandi\.m2\repository\com\google\protobuf\protobuf-java\4.26.1\protobuf-java-4.26.1.jar;C:\Users\Rajeev nandi\.m2\repository\commons-io\commons-io\2.13.0\commons-io-2.13.0.jar;C:\Users\Rajeev nandi\.m2\repository\com\aventstack\extentreports\5.0.9\extentreports-5.0.9.jar;C:\Users\Rajeev nandi\.m2\repository\io\reactivex\rxjava3\rxjava\3.0.4\rxjava-3.0.4.jar;C:\Users\Rajeev nandi\.m2\repository\org\reactivestreams\reactive-streams\1.0.3\reactive-streams-1.0.3.jar;C:\Users\Rajeev nandi\.m2\repository\org\freemarker\freemarker\2.3.30\freemarker-2.3.30.jar;C:\Users\Rajeev nandi\.m2\repository\com\google\code\gson\gson\2.8.6\gson-2.8.6.jar
Launcher Type: SUN_STANDARD

[Global flags]
     intx CICompilerCount                          = 4                                         {product} {ergonomic}
     uint ConcGCThreads                            = 2                                         {product} {ergonomic}
     uint G1ConcRefinementThreads                  = 8                                         {product} {ergonomic}
   size_t G1HeapRegionSize                         = 1048576                                   {product} {ergonomic}
    uintx GCDrainStackTargetSize                   = 64                                        {product} {ergonomic}
   size_t InitialHeapSize                          = 130023424                                 {product} {ergonomic}
   size_t MarkStackSize                            = 4194304                                   {product} {ergonomic}
   size_t MaxHeapSize                              = 2080374784                                {product} {ergonomic}
   size_t MaxNewSize                               = 1247805440                                {product} {ergonomic}
   size_t MinHeapDeltaBytes                        = 1048576                                   {product} {ergonomic}
   size_t MinHeapSize                              = 8388608                                   {product} {ergonomic}
    uintx NonNMethodCodeHeapSize                   = 5839372                                {pd product} {ergonomic}
    uintx NonProfiledCodeHeapSize                  = 122909434                              {pd product} {ergonomic}
    uintx ProfiledCodeHeapSize                     = 122909434                              {pd product} {ergonomic}
    uintx ReservedCodeCacheSize                    = 251658240                              {pd product} {ergonomic}
     bool SegmentedCodeCache                       = true                                      {product} {ergonomic}
     bool ShowCodeDetailsInExceptionMessages       = true                                   {manageable} {command line}
   size_t SoftMaxHeapSize                          = 2080374784                             {manageable} {ergonomic}
     bool UseCompressedOops                        = true                           {product lp64_product} {ergonomic}
     bool UseG1GC                                  = true                                      {product} {ergonomic}
     bool UseLargePagesIndividualAllocation        = false                                  {pd product} {ergonomic}

Logging:
Log output configuration:
 #0: stdout all=warning uptime,level,tags foldmultilines=false
 #1: stderr all=off uptime,level,tags foldmultilines=false

Environment Variables:
JAVA_HOME=C:\Program Files\Java\jdk-17
PATH=C:\Python314\Scripts\;C:\Python314\;C:\app\Rajeevnandi2\product\11.2.0\dbhome_1\bin;C:\app\Rajeevnandi\product\11.2.0\dbhome_2\bin;C:\app\Rajeevnandi\product\11.2.0\dbhome_1\bin;C:\Program Files\Common Files\Oracle\Java\javapath;C:\WINDOWS\system32;C:\WINDOWS;C:\WINDOWS\System32\Wbem;C:\WINDOWS\System32\WindowsPowerShell\v1.0\;C:\WINDOWS\System32\OpenSSH\;C:\Program Files\dotnet\;C:\Program Files\Java\jdk-21\bin;C:\Program Files\Java\jdk-17\bin;D:\automation software\apache-maven-3.9.11-bin\apache-maven-3.9.11\bin;C:\Program Files\Git\cmd;C:\ProgramData\chocolatey\bin;C:\Program Files\nodejs\;C:\Program Files\MySQL\MySQL Shell 8.0\bin\;C:\Users\Rajeev nandi\AppData\Local\Microsoft\WindowsApps;C:\Program Files\JetBrains\PyCharm 2023.2\bin;;C:\Users\Rajeev nandi\AppData\Local\Programs\Microsoft VS Code\bin;D:\automation software\apache-maven-3.9.11-bin\apache-maven-3.9.11\bin;C:\Users\Rajeev nandi\AppData\Roaming\npm;C:\Users\Rajeev nandi\AppData\Local\GitHubDesktop\bin;
USERNAME=Rajeev nandi
OS=Windows_NT
PROCESSOR_IDENTIFIER=Intel64 Family 6 Model 140 Stepping 1, GenuineIntel
TMP=C:\Users\Rajeev nandi\AppData\Local\Temp
TEMP=C:\Users\Rajeev nandi\AppData\Local\Temp




Periodic native trim disabled

---------------  S Y S T E M  ---------------

OS:
 Windows 11 , 64 bit Build 26100 (10.0.26100.8328)
OS uptime: 6 days 19:13 hours
Hyper-V role detected

CPU: total 8 (initial active 8) (4 cores per cpu, 2 threads per core) family 6 model 140 stepping 1 microcode 0xbe, cx8, cmov, fxsr, ht, mmx, 3dnowpref, sse, sse2, sse3, ssse3, sse4.1, sse4.2, popcnt, lzcnt, tsc, tscinvbit, avx, avx2, aes, erms, clmul, bmi1, bmi2, adx, avx512f, avx512dq, avx512cd, avx512bw, avx512vl, sha, fma, vzeroupper, avx512_vpopcntdq, avx512_vpclmulqdq, avx512_vaes, avx512_vnni, clflush, clflushopt, clwb, avx512_vbmi2, avx512_vbmi, hv, rdtscp, rdpid, fsrm, gfni, avx512_bitalg, f16c, cet_ibt, cet_ss, avx512_ifma
Processor Information for all 8 processors :
  Max Mhz: 2419, Current Mhz: 2419, Mhz Limit: 2419

Memory: 4k page, system-wide physical 7934M (467M free)
TotalPageFile size 32510M (AvailPageFile size 4M)
current process WorkingSet (physical memory assigned to process): 116M, peak: 144M
current process commit charge ("private bytes"): 253M, peak: 263M

vm_info: Java HotSpot(TM) 64-Bit Server VM (21.0.2+13-LTS-58) for windows-amd64 JRE (21.0.2+13-LTS-58), built on 2024-01-05T18:32:24Z by "mach5one" with MS VC++ 17.1 (VS2022)

END.
