#
# There is insufficient memory for the Java Runtime Environment to continue.
# Native memory allocation (malloc) failed to allocate 1761424 bytes for Chunk::new
# Possible reasons:
#   The system is out of physical RAM or swap space
#   The process is running with CompressedOops enabled, and the Java Heap may be blocking the growth of the native heap
# Possible solutions:
#   Reduce memory load on the system
#   Increase physical memory or swap space
#   Check if swap backing store is full
#   Decrease Java heap size (-Xmx/-Xms)
#   Decrease number of Java threads
#   Decrease Java thread stack sizes (-Xss)
#   Set larger code cache with -XX:ReservedCodeCacheSize=
#   JVM is running with Unscaled Compressed Oops mode in which the Java heap is
#     placed in the first 4GB address space. The Java Heap base address is the
#     maximum limit for the native heap growth. Please use -XX:HeapBaseMinAddress
#     to set the Java Heap base and to place the Java Heap above 4GB virtual address.
# This output file may be truncated or incomplete.
#
#  Out of Memory Error (arena.cpp:168), pid=25048, tid=11084
#
# JRE version: Java(TM) SE Runtime Environment (21.0.2+13) (build 21.0.2+13-LTS-58)
# Java VM: Java HotSpot(TM) 64-Bit Server VM (21.0.2+13-LTS-58, mixed mode, sharing, tiered, compressed oops, compressed class ptrs, g1 gc, windows-amd64)
# No core dump will be written. Minidumps are not enabled by default on client versions of Windows
#

---------------  S U M M A R Y ------------

Command Line: -ea -Dfile.encoding=UTF-8 -Dstdout.encoding=UTF-8 -Dstderr.encoding=UTF-8 -XX:+ShowCodeDetailsInExceptionMessages org.testng.remote.RemoteTestNG -serport 50404 -protocol json -d D:\Eclipse-Rajeev\Octopussaas_main_Framework\test-output C:\Users\Rajeev nandi\AppData\Local\Temp\testng-eclipse-1078787056\testng-customsuite.xml

Host: 11th Gen Intel(R) Core(TM) i5-1135G7 @ 2.40GHz, 8 cores, 7G,  Windows 11 , 64 bit Build 26100 (10.0.26100.8521)
Time: Wed Jun  3 12:52:20 2026 India Standard Time elapsed time: 37.557962 seconds (0d 0h 0m 37s)

---------------  T H R E A D  ---------------

Current thread (0x000001e2587266b0):  JavaThread "C2 CompilerThread0" daemon [_thread_in_native, id=11084, stack(0x000000cfa4300000,0x000000cfa4400000) (1024K)]


Current CompileTask:
C2:  37559 3018   !   4       jdk.internal.loader.BuiltinClassLoader::loadClassOrNull (143 bytes)

Stack: [0x000000cfa4300000,0x000000cfa4400000]
Native frames: (J=compiled Java code, j=interpreted, Vv=VM code, C=native code)
V  [jvm.dll+0x6cade9]
V  [jvm.dll+0x8569c1]
V  [jvm.dll+0x858d2e]
V  [jvm.dll+0x859413]
V  [jvm.dll+0x280e56]
V  [jvm.dll+0xc3f3d]
V  [jvm.dll+0xc4473]
V  [jvm.dll+0x3b5c2c]
V  [jvm.dll+0x382855]
V  [jvm.dll+0x381cca]
V  [jvm.dll+0x249bd0]
V  [jvm.dll+0x2491b1]
V  [jvm.dll+0x1c9634]
V  [jvm.dll+0x258859]
V  [jvm.dll+0x256e3a]
V  [jvm.dll+0x3ef6c6]
V  [jvm.dll+0x7ff568]
V  [jvm.dll+0x6c953d]
C  [ucrtbase.dll+0x2cd30]
C  [KERNEL32.DLL+0x2e957]
C  [ntdll.dll+0x87c1c]


---------------  P R O C E S S  ---------------

Threads class SMR info:
_java_thread_list=0x000001e29ec65990, length=29, elements={
0x000001e239b65170, 0x000001e25871a7e0, 0x000001e25871bf00, 0x000001e2587219a0,
0x000001e258722010, 0x000001e258722680, 0x000001e258725d10, 0x000001e2587266b0,
0x000001e258877040, 0x000001e258987c70, 0x000001e258997c80, 0x000001e29e27a2a0,
0x000001e29e7f9a50, 0x000001e2588e5180, 0x000001e29f0ea030, 0x000001e29f0705d0,
0x000001e29f070c40, 0x000001e29eaee1c0, 0x000001e29eaefc00, 0x000001e29eaedb30,
0x000001e29eaed4a0, 0x000001e29eaeeee0, 0x000001e29eaee850, 0x000001e29eaef570,
0x000001e29eaf0290, 0x000001e29f190770, 0x000001e29f190e00, 0x000001e29f191b20,
0x000001e2588ced20
}

Java Threads: ( => current thread )
  0x000001e239b65170 JavaThread "main"                              [_thread_in_Java, id=25660, stack(0x000000cfa3500000,0x000000cfa3600000) (1024K)]
  0x000001e25871a7e0 JavaThread "Reference Handler"          daemon [_thread_blocked, id=25076, stack(0x000000cfa3d00000,0x000000cfa3e00000) (1024K)]
  0x000001e25871bf00 JavaThread "Finalizer"                  daemon [_thread_blocked, id=24904, stack(0x000000cfa3e00000,0x000000cfa3f00000) (1024K)]
  0x000001e2587219a0 JavaThread "Signal Dispatcher"          daemon [_thread_blocked, id=8740, stack(0x000000cfa3f00000,0x000000cfa4000000) (1024K)]
  0x000001e258722010 JavaThread "Attach Listener"            daemon [_thread_blocked, id=29948, stack(0x000000cfa4000000,0x000000cfa4100000) (1024K)]
  0x000001e258722680 JavaThread "Service Thread"             daemon [_thread_blocked, id=15068, stack(0x000000cfa4100000,0x000000cfa4200000) (1024K)]
  0x000001e258725d10 JavaThread "Monitor Deflation Thread"   daemon [_thread_blocked, id=31268, stack(0x000000cfa4200000,0x000000cfa4300000) (1024K)]
=>0x000001e2587266b0 JavaThread "C2 CompilerThread0"         daemon [_thread_in_native, id=11084, stack(0x000000cfa4300000,0x000000cfa4400000) (1024K)]
  0x000001e258877040 JavaThread "C1 CompilerThread0"         daemon [_thread_in_native, id=15144, stack(0x000000cfa4400000,0x000000cfa4500000) (1024K)]
  0x000001e258987c70 JavaThread "Notification Thread"        daemon [_thread_blocked, id=11580, stack(0x000000cfa4500000,0x000000cfa4600000) (1024K)]
  0x000001e258997c80 JavaThread "Common-Cleaner"             daemon [_thread_blocked, id=4588, stack(0x000000cfa4600000,0x000000cfa4700000) (1024K)]
  0x000001e29e27a2a0 JavaThread "ReaderThread"                      [_thread_in_native, id=30304, stack(0x000000cfa4800000,0x000000cfa4900000) (1024K)]
  0x000001e29e7f9a50 JavaThread "ForkJoinPool.commonPool-worker-1" daemon [_thread_blocked, id=32792, stack(0x000000cfa4900000,0x000000cfa4a00000) (1024K)]
  0x000001e2588e5180 JavaThread "HttpClient-1-SelectorManager" daemon [_thread_in_native, id=31508, stack(0x000000cfa5200000,0x000000cfa5300000) (1024K)]
  0x000001e29f0ea030 JavaThread "External Process Output Forwarder - C:\Users\Rajeev nandi\.cache\selenium\chromedriver\win64\148.0.7778.178\chromedriver.exe" daemon [_thread_in_native, id=24108, stack(0x000000cfa5300000,0x000000cfa5400000) (1024K)]
  0x000001e29f0705d0 JavaThread "Driver Service Executor"    daemon [_thread_blocked, id=25880, stack(0x000000cfa5400000,0x000000cfa5500000) (1024K)]
  0x000001e29f070c40 JavaThread "Driver Service Executor"    daemon [_thread_blocked, id=32416, stack(0x000000cfa5500000,0x000000cfa5600000) (1024K)]
  0x000001e29eaee1c0 JavaThread "UrlChecker-2"               daemon [_thread_blocked, id=23192, stack(0x000000cfa5600000,0x000000cfa5700000) (1024K)]
  0x000001e29eaefc00 JavaThread "JdkHttpClient-0-0"          daemon [_thread_blocked, id=20704, stack(0x000000cfa5800000,0x000000cfa5900000) (1024K)]
  0x000001e29eaedb30 JavaThread "CompletableFutureDelayScheduler" daemon [_thread_blocked, id=20200, stack(0x000000cfa5900000,0x000000cfa5a00000) (1024K)]
  0x000001e29eaed4a0 JavaThread "JdkHttpClient-0-1"          daemon [_thread_blocked, id=23556, stack(0x000000cfa5a00000,0x000000cfa5b00000) (1024K)]
  0x000001e29eaeeee0 JavaThread "JdkHttpClient-0-2"          daemon [_thread_blocked, id=11336, stack(0x000000cfa5b00000,0x000000cfa5c00000) (1024K)]
  0x000001e29eaee850 JavaThread "JdkHttpClient-0-3"          daemon [_thread_blocked, id=13712, stack(0x000000cfa5c00000,0x000000cfa5d00000) (1024K)]
  0x000001e29eaef570 JavaThread "HttpClient-2-SelectorManager" daemon [_thread_in_native, id=16528, stack(0x000000cfa5100000,0x000000cfa5200000) (1024K)]
  0x000001e29eaf0290 JavaThread "JdkHttpClient-1-0"          daemon [_thread_blocked, id=20420, stack(0x000000cfa5d00000,0x000000cfa5e00000) (1024K)]
  0x000001e29f190770 JavaThread "JdkHttpClient-1-1"          daemon [_thread_blocked, id=11420, stack(0x000000cfa5e00000,0x000000cfa5f00000) (1024K)]
  0x000001e29f190e00 JavaThread "JdkHttpClient-1-2"          daemon [_thread_blocked, id=4200, stack(0x000000cfa5f00000,0x000000cfa6000000) (1024K)]
  0x000001e29f191b20 JavaThread "JdkHttpClient-1-3"          daemon [_thread_blocked, id=21152, stack(0x000000cfa6000000,0x000000cfa6100000) (1024K)]
  0x000001e2588ced20 JavaThread "C2 CompilerThread1"         daemon [_thread_in_native, id=15804, stack(0x000000cfa6300000,0x000000cfa6400000) (1024K)]
Total: 29

Other Threads:
  0x000001e2586f87e0 VMThread "VM Thread"                           [id=2080, stack(0x000000cfa3c00000,0x000000cfa3d00000) (1024K)]
  0x000001e2586e1640 WatcherThread "VM Periodic Task Thread"        [id=13768, stack(0x000000cfa3b00000,0x000000cfa3c00000) (1024K)]
  0x000001e23be96600 WorkerThread "GC Thread#0"                     [id=17924, stack(0x000000cfa3600000,0x000000cfa3700000) (1024K)]
  0x000001e29e93b930 WorkerThread "GC Thread#1"                     [id=2840, stack(0x000000cfa4a00000,0x000000cfa4b00000) (1024K)]
  0x000001e29e93bcd0 WorkerThread "GC Thread#2"                     [id=25064, stack(0x000000cfa4b00000,0x000000cfa4c00000) (1024K)]
  0x000001e29e93c070 WorkerThread "GC Thread#3"                     [id=26616, stack(0x000000cfa4c00000,0x000000cfa4d00000) (1024K)]
  0x000001e29e9bbd00 WorkerThread "GC Thread#4"                     [id=32980, stack(0x000000cfa4d00000,0x000000cfa4e00000) (1024K)]
  0x000001e29e9bc0a0 WorkerThread "GC Thread#5"                     [id=28796, stack(0x000000cfa4e00000,0x000000cfa4f00000) (1024K)]
  0x000001e29e9bc440 WorkerThread "GC Thread#6"                     [id=24000, stack(0x000000cfa4f00000,0x000000cfa5000000) (1024K)]
  0x000001e29e834010 WorkerThread "GC Thread#7"                     [id=20716, stack(0x000000cfa5000000,0x000000cfa5100000) (1024K)]
  0x000001e23bea6d70 ConcurrentGCThread "G1 Main Marker"            [id=32468, stack(0x000000cfa3700000,0x000000cfa3800000) (1024K)]
  0x000001e23bea7780 WorkerThread "G1 Conc#0"                       [id=18592, stack(0x000000cfa3800000,0x000000cfa3900000) (1024K)]
  0x000001e29e562b80 WorkerThread "G1 Conc#1"                       [id=29916, stack(0x000000cfa6200000,0x000000cfa6300000) (1024K)]
  0x000001e23befdaf0 ConcurrentGCThread "G1 Refine#0"               [id=30568, stack(0x000000cfa3900000,0x000000cfa3a00000) (1024K)]
  0x000001e23befe880 ConcurrentGCThread "G1 Service"                [id=31560, stack(0x000000cfa3a00000,0x000000cfa3b00000) (1024K)]
Total: 15

Threads with active compile tasks:
C2 CompilerThread0    37617 3018   !   4       jdk.internal.loader.BuiltinClassLoader::loadClassOrNull (143 bytes)
C1 CompilerThread0    37617 3256       3       com.sun.org.apache.xerces.internal.parsers.XML11Configuration::checkProperty (192 bytes)
C2 CompilerThread1    37617 3247       4       org.apache.xmlbeans.impl.store.Cur::moveTo (274 bytes)
Total: 3

VM state: not at safepoint (normal execution)

VM Mutex/Monitor currently owned by a thread: None

Heap address: 0x0000000084000000, size: 1984 MB, Compressed Oops mode: 32-bit

CDS archive(s) mapped at: [0x000001e259000000-0x000001e259c90000-0x000001e259c90000), size 13172736, SharedBaseAddress: 0x000001e259000000, ArchiveRelocationMode: 1.
Compressed class space mapped at: 0x000001e25a000000-0x000001e29a000000, reserved size: 1073741824
Narrow klass base: 0x000001e259000000, Narrow klass shift: 0, Narrow klass range: 0x100000000

GC Precious Log:
 CardTable entry size: 512
 Card Set container configuration: InlinePtr #cards 5 size 8 Array Of Cards #cards 12 size 40 Howl #buckets 4 coarsen threshold 1843 Howl Bitmap #cards 512 size 80 coarsen threshold 460 Card regions per heap region 1 cards per card region 2048
 CPUs: 8 total, 8 available
 Memory: 7934M
 Large Page Support: Disabled
 NUMA Support: Disabled
 Compressed Oops: Enabled (32-bit)
 Heap Region Size: 1M
 Heap Min Capacity: 8M
 Heap Initial Capacity: 124M
 Heap Max Capacity: 1984M
 Pre-touch: Disabled
 Parallel Workers: 8
 Concurrent Workers: 2
 Concurrent Refinement Workers: 8
 Periodic GC: Disabled

Heap:
 garbage-first heap   total 48128K, used 32732K [0x0000000084000000, 0x0000000100000000)
  region size 1024K, 22 young (22528K), 2 survivors (2048K)
 Metaspace       used 27251K, committed 27712K, reserved 1114112K
  class space    used 3253K, committed 3456K, reserved 1048576K

Heap Regions: E=young(eden), S=young(survivor), O=old, HS=humongous(starts), HC=humongous(continues), CS=collection set, F=free, TAMS=top-at-mark-start, PB=parsable bottom
|   0|0x0000000084000000, 0x0000000084100000, 0x0000000084100000|100%|HS|  |TAMS 0x0000000084000000| PB 0x0000000084000000| Complete 
|   1|0x0000000084100000, 0x0000000084200000, 0x0000000084200000|100%| O|  |TAMS 0x0000000084100000| PB 0x0000000084100000| Untracked 
|   2|0x0000000084200000, 0x0000000084300000, 0x0000000084300000|100%| O|  |TAMS 0x0000000084200000| PB 0x0000000084200000| Untracked 
|   3|0x0000000084300000, 0x0000000084400000, 0x0000000084400000|100%| O|  |TAMS 0x0000000084300000| PB 0x0000000084300000| Untracked 
|   4|0x0000000084400000, 0x0000000084500000, 0x0000000084500000|100%| O|  |TAMS 0x0000000084400000| PB 0x0000000084400000| Untracked 
|   5|0x0000000084500000, 0x0000000084600000, 0x0000000084600000|100%| O|  |TAMS 0x0000000084500000| PB 0x0000000084500000| Untracked 
|   6|0x0000000084600000, 0x0000000084700000, 0x0000000084700000|100%| O|  |TAMS 0x0000000084600000| PB 0x0000000084600000| Untracked 
|   7|0x0000000084700000, 0x0000000084700000, 0x0000000084800000|  0%| F|  |TAMS 0x0000000084700000| PB 0x0000000084700000| Untracked 
|   8|0x0000000084800000, 0x0000000084900000, 0x0000000084900000|100%| O|  |TAMS 0x0000000084800000| PB 0x0000000084800000| Untracked 
|   9|0x0000000084900000, 0x0000000084a00000, 0x0000000084a00000|100%| O|  |TAMS 0x0000000084900000| PB 0x0000000084900000| Untracked 
|  10|0x0000000084a00000, 0x0000000084b00000, 0x0000000084b00000|100%| O|  |TAMS 0x0000000084a00000| PB 0x0000000084a00000| Untracked 
|  11|0x0000000084b00000, 0x0000000084c00000, 0x0000000084c00000|100%| O|  |TAMS 0x0000000084b00000| PB 0x0000000084b00000| Untracked 
|  12|0x0000000084c00000, 0x0000000084d00000, 0x0000000084d00000|100%| O|  |TAMS 0x0000000084c00000| PB 0x0000000084c00000| Untracked 
|  13|0x0000000084d00000, 0x0000000084d20d50, 0x0000000084e00000| 12%| O|  |TAMS 0x0000000084d00000| PB 0x0000000084d00000| Untracked 
|  14|0x0000000084e00000, 0x0000000084e00000, 0x0000000084f00000|  0%| F|  |TAMS 0x0000000084e00000| PB 0x0000000084e00000| Untracked 
|  15|0x0000000084f00000, 0x0000000084f00000, 0x0000000085000000|  0%| F|  |TAMS 0x0000000084f00000| PB 0x0000000084f00000| Untracked 
|  16|0x0000000085000000, 0x0000000085000000, 0x0000000085100000|  0%| F|  |TAMS 0x0000000085000000| PB 0x0000000085000000| Untracked 
|  17|0x0000000085100000, 0x0000000085100000, 0x0000000085200000|  0%| F|  |TAMS 0x0000000085100000| PB 0x0000000085100000| Untracked 
|  18|0x0000000085200000, 0x0000000085200000, 0x0000000085300000|  0%| F|  |TAMS 0x0000000085200000| PB 0x0000000085200000| Untracked 
|  19|0x0000000085300000, 0x0000000085300000, 0x0000000085400000|  0%| F|  |TAMS 0x0000000085300000| PB 0x0000000085300000| Untracked 
|  20|0x0000000085400000, 0x0000000085400000, 0x0000000085500000|  0%| F|  |TAMS 0x0000000085400000| PB 0x0000000085400000| Untracked 
|  21|0x0000000085500000, 0x0000000085500000, 0x0000000085600000|  0%| F|  |TAMS 0x0000000085500000| PB 0x0000000085500000| Untracked 
|  22|0x0000000085600000, 0x0000000085600000, 0x0000000085700000|  0%| F|  |TAMS 0x0000000085600000| PB 0x0000000085600000| Untracked 
|  23|0x0000000085700000, 0x0000000085700000, 0x0000000085800000|  0%| F|  |TAMS 0x0000000085700000| PB 0x0000000085700000| Untracked 
|  24|0x0000000085800000, 0x00000000858d6600, 0x0000000085900000| 83%| S|CS|TAMS 0x0000000085800000| PB 0x0000000085800000| Complete 
|  25|0x0000000085900000, 0x0000000085a00000, 0x0000000085a00000|100%| S|CS|TAMS 0x0000000085900000| PB 0x0000000085900000| Complete 
|  26|0x0000000085a00000, 0x0000000085a00000, 0x0000000085b00000|  0%| F|  |TAMS 0x0000000085a00000| PB 0x0000000085a00000| Untracked 
|  27|0x0000000085b00000, 0x0000000085bdfcb0, 0x0000000085c00000| 87%| E|  |TAMS 0x0000000085b00000| PB 0x0000000085b00000| Complete 
|  28|0x0000000085c00000, 0x0000000085d00000, 0x0000000085d00000|100%| E|CS|TAMS 0x0000000085c00000| PB 0x0000000085c00000| Complete 
|  29|0x0000000085d00000, 0x0000000085e00000, 0x0000000085e00000|100%| E|CS|TAMS 0x0000000085d00000| PB 0x0000000085d00000| Complete 
|  30|0x0000000085e00000, 0x0000000085f00000, 0x0000000085f00000|100%| E|CS|TAMS 0x0000000085e00000| PB 0x0000000085e00000| Complete 
|  31|0x0000000085f00000, 0x0000000086000000, 0x0000000086000000|100%| E|  |TAMS 0x0000000085f00000| PB 0x0000000085f00000| Complete 
|  32|0x0000000086000000, 0x0000000086100000, 0x0000000086100000|100%| E|CS|TAMS 0x0000000086000000| PB 0x0000000086000000| Complete 
|  33|0x0000000086100000, 0x0000000086200000, 0x0000000086200000|100%| E|CS|TAMS 0x0000000086100000| PB 0x0000000086100000| Complete 
|  34|0x0000000086200000, 0x0000000086300000, 0x0000000086300000|100%| E|CS|TAMS 0x0000000086200000| PB 0x0000000086200000| Complete 
|  35|0x0000000086300000, 0x0000000086400000, 0x0000000086400000|100%| E|CS|TAMS 0x0000000086300000| PB 0x0000000086300000| Complete 
|  36|0x0000000086400000, 0x0000000086500000, 0x0000000086500000|100%| E|CS|TAMS 0x0000000086400000| PB 0x0000000086400000| Complete 
|  37|0x0000000086500000, 0x0000000086600000, 0x0000000086600000|100%| E|CS|TAMS 0x0000000086500000| PB 0x0000000086500000| Complete 
|  38|0x0000000086600000, 0x0000000086700000, 0x0000000086700000|100%| E|CS|TAMS 0x0000000086600000| PB 0x0000000086600000| Complete 
|  39|0x0000000086700000, 0x0000000086800000, 0x0000000086800000|100%| E|CS|TAMS 0x0000000086700000| PB 0x0000000086700000| Complete 
|  40|0x0000000086800000, 0x0000000086900000, 0x0000000086900000|100%| E|CS|TAMS 0x0000000086800000| PB 0x0000000086800000| Complete 
| 106|0x000000008aa00000, 0x000000008ab00000, 0x000000008ab00000|100%| E|CS|TAMS 0x000000008aa00000| PB 0x000000008aa00000| Complete 
| 107|0x000000008ab00000, 0x000000008ac00000, 0x000000008ac00000|100%| E|CS|TAMS 0x000000008ab00000| PB 0x000000008ab00000| Complete 
| 108|0x000000008ac00000, 0x000000008ad00000, 0x000000008ad00000|100%| E|CS|TAMS 0x000000008ac00000| PB 0x000000008ac00000| Complete 
| 109|0x000000008ad00000, 0x000000008ae00000, 0x000000008ae00000|100%| E|CS|TAMS 0x000000008ad00000| PB 0x000000008ad00000| Complete 
| 110|0x000000008ae00000, 0x000000008af00000, 0x000000008af00000|100%| E|CS|TAMS 0x000000008ae00000| PB 0x000000008ae00000| Complete 
| 123|0x000000008bb00000, 0x000000008bc00000, 0x000000008bc00000|100%| E|CS|TAMS 0x000000008bb00000| PB 0x000000008bb00000| Complete 

Card table byte_map: [0x000001e2539b0000,0x000001e253d90000] _byte_map_base: 0x000001e253590000

Marking Bits: (CMBitMap*) 0x000001e23be96c10
 Bits: [0x000001e253d90000, 0x000001e255c90000)

Polling page: 0x000001e23a040000

Metaspace:

Usage:
  Non-class:     23.44 MB used.
      Class:      3.18 MB used.
       Both:     26.62 MB used.

Virtual space:
  Non-class space:       64.00 MB reserved,      23.69 MB ( 37%) committed,  1 nodes.
      Class space:        1.00 GB reserved,       3.38 MB ( <1%) committed,  1 nodes.
             Both:        1.06 GB reserved,      27.06 MB (  2%) committed. 

Chunk freelists:
   Non-Class:  7.94 MB
       Class:  12.61 MB
        Both:  20.55 MB

MaxMetaspaceSize: unlimited
CompressedClassSpaceSize: 1.00 GB
Initial GC threshold: 21.00 MB
Current GC threshold: 35.12 MB
CDS: on
 - commit_granule_bytes: 65536.
 - commit_granule_words: 8192.
 - virtual_space_node_default_size: 8388608.
 - enlarge_chunks_in_place: 1.
 - use_allocation_guard: 0.


Internal statistics:

num_allocs_failed_limit: 3.
num_arena_births: 552.
num_arena_deaths: 0.
num_vsnodes_births: 2.
num_vsnodes_deaths: 0.
num_space_committed: 433.
num_space_uncommitted: 0.
num_chunks_returned_to_freelist: 3.
num_chunks_taken_from_freelist: 1364.
num_chunk_merges: 3.
num_chunk_splits: 882.
num_chunks_enlarged: 561.
num_inconsistent_stats: 0.

CodeHeap 'non-profiled nmethods': size=120000Kb used=1328Kb max_used=1328Kb free=118671Kb
 bounds [0x000001e24bd70000, 0x000001e24bfe0000, 0x000001e2532a0000]
CodeHeap 'profiled nmethods': size=120000Kb used=6500Kb max_used=6500Kb free=113499Kb
 bounds [0x000001e2442a0000, 0x000001e244900000, 0x000001e24b7d0000]
CodeHeap 'non-nmethods': size=5760Kb used=1749Kb max_used=1765Kb free=4010Kb
 bounds [0x000001e24b7d0000, 0x000001e24ba40000, 0x000001e24bd70000]
 total_blobs=3885 nmethods=3256 adapters=533
 compilation: enabled
              stopped_count=0, restarted_count=0
 full_count=0

Compilation events (20 events):
Event: 36.554 Thread 0x000001e258877040 3182       3       org.apache.xmlbeans.impl.store.Cur::release (315 bytes)
Event: 36.556 Thread 0x000001e258877040 nmethod 3182 0x000001e2448b6710 code [0x000001e2448b6a20, 0x000001e2448b7a60]
Event: 36.556 Thread 0x000001e258877040 3172       3       org.apache.xmlbeans.impl.store.Cur::toParentRaw (6 bytes)
Event: 36.557 Thread 0x000001e258877040 nmethod 3172 0x000001e2448b7f90 code [0x000001e2448b8160, 0x000001e2448b8400]
Event: 36.557 Thread 0x000001e258877040 3170       3       org.apache.xmlbeans.impl.store.Cur::getName (36 bytes)
Event: 36.557 Thread 0x000001e258877040 nmethod 3170 0x000001e2448b8510 code [0x000001e2448b8720, 0x000001e2448b8be0]
Event: 36.557 Thread 0x000001e258877040 3183       3       org.apache.xmlbeans.impl.values.XmlObjectBase::get_store (32 bytes)
Event: 36.558 Thread 0x000001e258877040 nmethod 3183 0x000001e2448b8d90 code [0x000001e2448b8f60, 0x000001e2448b92a0]
Event: 36.558 Thread 0x000001e258877040 3156       1       org.apache.xmlbeans.impl.store.Locale::noSync (5 bytes)
Event: 36.558 Thread 0x000001e258877040 nmethod 3156 0x000001e24beb6210 code [0x000001e24beb63a0, 0x000001e24beb6470]
Event: 36.558 Thread 0x000001e258877040 3184       3       org.apache.xmlbeans.impl.store.CharUtil::getChars (124 bytes)
Event: 36.559 Thread 0x000001e258877040 nmethod 3184 0x000001e2448b9390 code [0x000001e2448b9600, 0x000001e2448ba190]
Event: 36.559 Thread 0x000001e258877040 3185       3       org.apache.xmlbeans.impl.store.Saver$TextSaver::preEmit (658 bytes)
Event: 36.562 Thread 0x000001e258877040 nmethod 3185 0x000001e2448ba410 code [0x000001e2448baa00, 0x000001e2448bd1c8]
Event: 36.562 Thread 0x000001e258877040 3189       3       org.apache.xmlbeans.impl.store.Locale::weakCur (88 bytes)
Event: 36.564 Thread 0x000001e258877040 nmethod 3189 0x000001e2448be010 code [0x000001e2448be280, 0x000001e2448bee10]
Event: 36.564 Thread 0x000001e258877040 3192       3       org.apache.xmlbeans.impl.store.Cur::toNextAttr (49 bytes)
Event: 36.564 Thread 0x000001e258877040 nmethod 3192 0x000001e2448bf190 code [0x000001e2448bf3a0, 0x000001e2448bf7d8]
Event: 36.564 Thread 0x000001e258877040 3193       3       org.apache.xmlbeans.impl.store.Xobj::nextAttr (46 bytes)
Event: 37.552 Thread 0x000001e258877040 nmethod 3193 0x000001e2448bf990 code [0x000001e2448bfb80, 0x000001e2448c0008]

GC Heap History (10 events):
Event: 2.651 GC heap before
{Heap before GC invocations=0 (full 0):
 garbage-first heap   total 126976K, used 23552K [0x0000000084000000, 0x0000000100000000)
  region size 1024K, 23 young (23552K), 0 survivors (0K)
 Metaspace       used 7735K, committed 8064K, reserved 1114112K
  class space    used 873K, committed 1024K, reserved 1048576K
}
Event: 2.665 GC heap after
{Heap after GC invocations=1 (full 0):
 garbage-first heap   total 126976K, used 7972K [0x0000000084000000, 0x0000000100000000)
  region size 1024K, 3 young (3072K), 3 survivors (3072K)
 Metaspace       used 7735K, committed 8064K, reserved 1114112K
  class space    used 873K, committed 1024K, reserved 1048576K
}
Event: 6.448 GC heap before
{Heap before GC invocations=1 (full 0):
 garbage-first heap   total 126976K, used 35620K [0x0000000084000000, 0x0000000100000000)
  region size 1024K, 31 young (31744K), 3 survivors (3072K)
 Metaspace       used 17633K, committed 18048K, reserved 1114112K
  class space    used 2090K, committed 2240K, reserved 1048576K
}
Event: 6.459 GC heap after
{Heap after GC invocations=2 (full 0):
 garbage-first heap   total 126976K, used 11740K [0x0000000084000000, 0x0000000100000000)
  region size 1024K, 4 young (4096K), 4 survivors (4096K)
 Metaspace       used 17633K, committed 18048K, reserved 1114112K
  class space    used 2090K, committed 2240K, reserved 1048576K
}
Event: 32.513 GC heap before
{Heap before GC invocations=2 (full 0):
 garbage-first heap   total 126976K, used 24028K [0x0000000084000000, 0x0000000100000000)
  region size 1024K, 17 young (17408K), 4 survivors (4096K)
 Metaspace       used 21037K, committed 21504K, reserved 1114112K
  class space    used 2534K, committed 2752K, reserved 1048576K
}
Event: 32.556 GC heap after
{Heap after GC invocations=3 (full 0):
 garbage-first heap   total 126976K, used 12807K [0x0000000084000000, 0x0000000100000000)
  region size 1024K, 5 young (5120K), 5 survivors (5120K)
 Metaspace       used 21037K, committed 21504K, reserved 1114112K
  class space    used 2534K, committed 2752K, reserved 1048576K
}
Event: 33.927 GC heap before
{Heap before GC invocations=4 (full 0):
 garbage-first heap   total 48128K, used 36359K [0x0000000084000000, 0x0000000100000000)
  region size 1024K, 28 young (28672K), 5 survivors (5120K)
 Metaspace       used 25432K, committed 25920K, reserved 1114112K
  class space    used 3046K, committed 3264K, reserved 1048576K
}
Event: 33.942 GC heap after
{Heap after GC invocations=5 (full 0):
 garbage-first heap   total 48128K, used 13988K [0x0000000084000000, 0x0000000100000000)
  region size 1024K, 3 young (3072K), 3 survivors (3072K)
 Metaspace       used 25432K, committed 25920K, reserved 1114112K
  class space    used 3046K, committed 3264K, reserved 1048576K
}
Event: 34.008 GC heap before
{Heap before GC invocations=5 (full 0):
 garbage-first heap   total 48128K, used 34468K [0x0000000084000000, 0x0000000100000000)
  region size 1024K, 24 young (24576K), 3 survivors (3072K)
 Metaspace       used 25432K, committed 25920K, reserved 1114112K
  class space    used 3046K, committed 3264K, reserved 1048576K
}
Event: 34.016 GC heap after
{Heap after GC invocations=6 (full 0):
 garbage-first heap   total 48128K, used 14300K [0x0000000084000000, 0x0000000100000000)
  region size 1024K, 2 young (2048K), 2 survivors (2048K)
 Metaspace       used 25432K, committed 25920K, reserved 1114112K
  class space    used 3046K, committed 3264K, reserved 1048576K
}

Dll operation events (11 events):
Event: 0.063 Loaded shared library C:\Program Files\Java\jdk-21\bin\java.dll
Event: 0.240 Loaded shared library C:\Program Files\Java\jdk-21\bin\jsvml.dll
Event: 0.492 Loaded shared library C:\Program Files\Java\jdk-21\bin\net.dll
Event: 0.504 Loaded shared library C:\Program Files\Java\jdk-21\bin\nio.dll
Event: 0.522 Loaded shared library C:\Program Files\Java\jdk-21\bin\zip.dll
Event: 1.051 Loaded shared library C:\Program Files\Java\jdk-21\bin\jimage.dll
Event: 1.194 Loaded shared library C:\Program Files\Java\jdk-21\bin\verify.dll
Event: 1.441 Loaded shared library C:\Program Files\Java\jdk-21\bin\extnet.dll
Event: 5.460 Loaded shared library C:\Program Files\Java\jdk-21\bin\management.dll
Event: 5.463 Loaded shared library C:\Program Files\Java\jdk-21\bin\management_ext.dll
Event: 5.859 Loaded shared library C:\Program Files\Java\jdk-21\bin\sunmscapi.dll

Deoptimization events (20 events):
Event: 33.033 Thread 0x000001e239b65170 Uncommon trap: trap_request=0xffffff45 fr.pc=0x000001e24be33a28 relative=0x00000000000000e8
Event: 33.033 Thread 0x000001e239b65170 Uncommon trap: reason=unstable_if action=reinterpret pc=0x000001e24be33a28 method=java.lang.CharacterDataLatin1.digit(II)I @ 7 c2
Event: 33.033 Thread 0x000001e239b65170 DEOPT PACKING pc=0x000001e24be33a28 sp=0x000000cfa35fd380
Event: 33.033 Thread 0x000001e239b65170 DEOPT UNPACKING pc=0x000001e24b827da2 sp=0x000000cfa35fd240 mode 2
Event: 33.034 Thread 0x000001e239b65170 Uncommon trap: trap_request=0xffffff45 fr.pc=0x000001e24be335c8 relative=0x00000000000000a8
Event: 33.034 Thread 0x000001e239b65170 Uncommon trap: reason=unstable_if action=reinterpret pc=0x000001e24be335c8 method=java.lang.CharacterDataLatin1.digit(II)I @ 7 c2
Event: 33.034 Thread 0x000001e239b65170 DEOPT PACKING pc=0x000001e24be335c8 sp=0x000000cfa35fd2e0
Event: 33.034 Thread 0x000001e239b65170 DEOPT UNPACKING pc=0x000001e24b827da2 sp=0x000000cfa35fd260 mode 2
Event: 33.161 Thread 0x000001e239b65170 Uncommon trap: trap_request=0xffffff6e fr.pc=0x000001e24be218b0 relative=0x0000000000000190
Event: 33.161 Thread 0x000001e239b65170 Uncommon trap: reason=loop_limit_check action=maybe_recompile pc=0x000001e24be218b0 method=java.lang.StringLatin1.lastIndexOf([BII)I @ 19 c2
Event: 33.161 Thread 0x000001e239b65170 DEOPT PACKING pc=0x000001e24be218b0 sp=0x000000cfa35fd5a0
Event: 33.161 Thread 0x000001e239b65170 DEOPT UNPACKING pc=0x000001e24b827da2 sp=0x000000cfa35fd458 mode 2
Event: 33.805 Thread 0x000001e239b65170 Uncommon trap: trap_request=0xffffff45 fr.pc=0x000001e24be7b174 relative=0x0000000000001754
Event: 33.805 Thread 0x000001e239b65170 Uncommon trap: reason=unstable_if action=reinterpret pc=0x000001e24be7b174 method=java.util.jar.JarFile.getVersionedEntry(Ljava/lang/String;Ljava/util/jar/JarEntry;)Ljava/util/jar/JarEntry; @ 26 c2
Event: 33.805 Thread 0x000001e239b65170 DEOPT PACKING pc=0x000001e24be7b174 sp=0x000000cfa35f82c0
Event: 33.806 Thread 0x000001e239b65170 DEOPT UNPACKING pc=0x000001e24b827da2 sp=0x000000cfa35f82b0 mode 2
Event: 34.104 Thread 0x000001e239b65170 Uncommon trap: trap_request=0xffffff45 fr.pc=0x000001e24beacb04 relative=0x0000000000000304
Event: 34.104 Thread 0x000001e239b65170 Uncommon trap: reason=unstable_if action=reinterpret pc=0x000001e24beacb04 method=org.apache.xmlbeans.impl.schema.SchemaTypeSystemImpl$StringPool.stringForCode(I)Ljava/lang/String; @ 1 c2
Event: 34.104 Thread 0x000001e239b65170 DEOPT PACKING pc=0x000001e24beacb04 sp=0x000000cfa35fc4d0
Event: 34.104 Thread 0x000001e239b65170 DEOPT UNPACKING pc=0x000001e24b827da2 sp=0x000000cfa35fc420 mode 2

Classes loaded (20 events):
Event: 33.861 Loading class java/io/UTFDataFormatException
Event: 33.861 Loading class java/io/UTFDataFormatException done
Event: 34.132 Loading class org/w3c/dom/DOMImplementation
Event: 34.132 Loading class org/w3c/dom/DOMImplementation done
Event: 34.141 Loading class org/w3c/dom/CDATASection
Event: 34.141 Loading class org/w3c/dom/CDATASection done
Event: 34.151 Loading class org/xml/sax/ext/LexicalHandler
Event: 34.151 Loading class org/xml/sax/ext/LexicalHandler done
Event: 34.151 Loading class org/xml/sax/ext/DeclHandler
Event: 34.152 Loading class org/xml/sax/ext/DeclHandler done
Event: 34.175 Loading class java/lang/AbstractMethodError
Event: 34.175 Loading class java/lang/AbstractMethodError done
Event: 34.189 Loading class org/w3c/dom/Comment
Event: 34.189 Loading class org/w3c/dom/Comment done
Event: 34.191 Loading class org/w3c/dom/ProcessingInstruction
Event: 34.191 Loading class org/w3c/dom/ProcessingInstruction done
Event: 34.218 Loading class org/w3c/dom/DocumentFragment
Event: 34.219 Loading class org/w3c/dom/DocumentFragment done
Event: 36.493 Loading class java/util/ConcurrentModificationException
Event: 36.493 Loading class java/util/ConcurrentModificationException done

Classes unloaded (0 events):
No events

Classes redefined (0 events):
No events

Internal exceptions (20 events):
Event: 6.488 Thread 0x000001e29eaefc00 Exception <a 'java/lang/NoSuchMethodError'{0x000000008bbcc090}: 'java.lang.Object java.lang.invoke.Invokers$Holder.linkToTargetMethod(java.lang.Object, java.lang.Object, int, java.lang.Object)'> (0x000000008bbcc090) 
thrown [s\open\src\hotspot\share\interpreter\linkResolver.cpp, line 773]
Event: 6.505 Thread 0x000001e29eaefc00 Exception <a 'java/lang/NoSuchMethodError'{0x000000008ba11d20}: 'void java.lang.invoke.DirectMethodHandle$Holder.invokeSpecial(java.lang.Object, java.lang.Object, java.lang.Object, java.lang.Object, java.lang.Object)'> (0x000000008ba11d20) 
thrown [s\open\src\hotspot\share\interpreter\linkResolver.cpp, line 773]
Event: 6.520 Thread 0x000001e29eaed4a0 Exception <a 'java/lang/NoSuchMethodError'{0x000000008ba9c5d0}: 'int java.lang.invoke.DirectMethodHandle$Holder.invokeSpecialIFC(java.lang.Object, java.lang.Object, java.lang.Object, java.lang.Object, java.lang.Object)'> (0x000000008ba9c5d0) 
thrown [s\open\src\hotspot\share\interpreter\linkResolver.cpp, line 773]
Event: 8.352 Thread 0x000001e29eaed4a0 Exception <a 'java/lang/NoSuchMethodError'{0x000000008b9192d0}: 'java.lang.Object java.lang.invoke.DirectMethodHandle$Holder.newInvokeSpecial(java.lang.Object, java.lang.Object, long, java.lang.Object, java.lang.Object, java.lang.Object)'> (0x000000008b9192d0) 
thrown [s\open\src\hotspot\share\interpreter\linkResolver.cpp, line 773]
Event: 8.360 Thread 0x000001e29eaed4a0 Exception <a 'java/lang/NoSuchMethodError'{0x000000008b92f6a8}: 'void java.lang.invoke.DirectMethodHandle$Holder.invokeSpecial(java.lang.Object, java.lang.Object, java.lang.Object, java.lang.Object, java.lang.Object, java.lang.Object, java.lang.Object)'> (0x000000008b92f6a8) 
thrown [s\open\src\hotspot\share\interpreter\linkResolver.cpp, line 773]
Event: 8.403 Thread 0x000001e239b65170 Exception <a 'java/lang/NoSuchMethodError'{0x000000008b9ada30}: 'java.lang.Object java.lang.invoke.DirectMethodHandle$Holder.invokeSpecialIFC(java.lang.Object, java.lang.Object, java.lang.Object)'> (0x000000008b9ada30) 
thrown [s\open\src\hotspot\share\interpreter\linkResolver.cpp, line 773]
Event: 8.725 Thread 0x000001e239b65170 Exception <a 'java/lang/ClassNotFoundException'{0x000000008b5387e0}: sun/util/logging/resources/spi/loggingProvider> (0x000000008b5387e0) 
thrown [s\open\src\hotspot\share\classfile\systemDictionary.cpp, line 312]
Event: 22.094 Thread 0x000001e239b65170 Exception <a 'java/lang/NoSuchMethodError'{0x000000008b2786b0}: 'long java.lang.invoke.DelegatingMethodHandle$Holder.reinvoke_L(java.lang.Object, java.lang.Object)'> (0x000000008b2786b0) 
thrown [s\open\src\hotspot\share\interpreter\linkResolver.cpp, line 773]
Event: 22.100 Thread 0x000001e239b65170 Exception <a 'java/lang/NoSuchMethodError'{0x000000008b2825c0}: 'void java.lang.invoke.DelegatingMethodHandle$Holder.reinvoke_L(java.lang.Object, java.lang.Object, long)'> (0x000000008b2825c0) 
thrown [s\open\src\hotspot\share\interpreter\linkResolver.cpp, line 773]
Event: 22.101 Thread 0x000001e239b65170 Exception <a 'java/lang/NoSuchMethodError'{0x000000008b288da0}: 'long java.lang.invoke.Invokers$Holder.invokeExact_MT(java.lang.Object, java.lang.Object, java.lang.Object)'> (0x000000008b288da0) 
thrown [s\open\src\hotspot\share\interpreter\linkResolver.cpp, line 773]
Event: 32.379 Thread 0x000001e239b65170 Implicit null exception at 0x000001e24be632de to 0x000001e24be636f8
Event: 32.418 Thread 0x000001e239b65170 Exception <a 'java/lang/IncompatibleClassChangeError'{0x000000008b098bd8}: Found class java.lang.Object, but interface was expected> (0x000000008b098bd8) 
thrown [s\open\src\hotspot\share\interpreter\linkResolver.cpp, line 840]
Event: 32.888 Thread 0x000001e239b65170 Exception <a 'java/lang/NoSuchMethodError'{0x0000000086508b60}: 'void java.lang.invoke.DirectMethodHandle$Holder.invokeVirtual(java.lang.Object, java.lang.Object, java.lang.Object, int)'> (0x0000000086508b60) 
thrown [s\open\src\hotspot\share\interpreter\linkResolver.cpp, line 773]
Event: 32.895 Thread 0x000001e239b65170 Exception <a 'java/lang/NoSuchMethodError'{0x000000008650fd80}: 'void java.lang.invoke.DirectMethodHandle$Holder.invokeVirtual(java.lang.Object, java.lang.Object, java.lang.Object, java.lang.Object)'> (0x000000008650fd80) 
thrown [s\open\src\hotspot\share\interpreter\linkResolver.cpp, line 773]
Event: 32.919 Thread 0x000001e239b65170 Exception <a 'java/lang/NoSuchMethodError'{0x000000008653ecd8}: 'void java.lang.invoke.DirectMethodHandle$Holder.invokeStatic(java.lang.Object, java.lang.Object, java.lang.Object, int)'> (0x000000008653ecd8) 
thrown [s\open\src\hotspot\share\interpreter\linkResolver.cpp, line 773]
Event: 32.920 Thread 0x000001e239b65170 Exception <a 'java/lang/NoSuchMethodError'{0x00000000865421a8}: 'void java.lang.invoke.DirectMethodHandle$Holder.invokeStaticInit(java.lang.Object, java.lang.Object, java.lang.Object, int)'> (0x00000000865421a8) 
thrown [s\open\src\hotspot\share\interpreter\linkResolver.cpp, line 773]
Event: 33.233 Thread 0x000001e239b65170 Exception <a 'java/lang/NoSuchMethodError'{0x00000000862b27b8}: 'java.lang.Object java.lang.invoke.DirectMethodHandle$Holder.invokeStaticInit(java.lang.Object, java.lang.Object, java.lang.Object)'> (0x00000000862b27b8) 
thrown [s\open\src\hotspot\share\interpreter\linkResolver.cpp, line 773]
Event: 33.234 Thread 0x000001e239b65170 Exception <a 'java/lang/NoSuchMethodError'{0x00000000862b81b0}: 'java.lang.Object java.lang.invoke.DirectMethodHandle$Holder.invokeStatic(java.lang.Object, java.lang.Object, int, int)'> (0x00000000862b81b0) 
thrown [s\open\src\hotspot\share\interpreter\linkResolver.cpp, line 773]
Event: 33.235 Thread 0x000001e239b65170 Exception <a 'java/lang/NoSuchMethodError'{0x00000000862bb860}: 'java.lang.Object java.lang.invoke.DirectMethodHandle$Holder.invokeStaticInit(java.lang.Object, java.lang.Object, int, int)'> (0x00000000862bb860) 
thrown [s\open\src\hotspot\share\interpreter\linkResolver.cpp, line 773]
Event: 33.866 Thread 0x000001e239b65170 Exception <a 'java/lang/NoSuchMethodError'{0x0000000085a61e68}: 'java.lang.Object java.lang.invoke.DirectMethodHandle$Holder.newInvokeSpecial(java.lang.Object, java.lang.Object, int, java.lang.Object)'> (0x0000000085a61e68) 
thrown [s\open\src\hotspot\share\interpreter\linkResolver.cpp, line 773]

ZGC Phase Switch (0 events):
No events

VM Operations (20 events):
Event: 32.557 Executing VM operation: CollectForMetadataAllocation (Metadata GC Threshold) done
Event: 32.588 Executing VM operation: G1PauseRemark
Event: 32.602 Executing VM operation: G1PauseRemark done
Event: 32.608 Executing VM operation: G1PauseCleanup
Event: 32.611 Executing VM operation: G1PauseCleanup done
Event: 32.717 Executing VM operation: HandshakeAllThreads (Deoptimize)
Event: 32.717 Executing VM operation: HandshakeAllThreads (Deoptimize) done
Event: 33.723 Executing VM operation: Cleanup
Event: 33.743 Executing VM operation: Cleanup done
Event: 33.861 Executing VM operation: HandshakeAllThreads (Deoptimize)
Event: 33.861 Executing VM operation: HandshakeAllThreads (Deoptimize) done
Event: 33.927 Executing VM operation: G1CollectForAllocation (G1 Evacuation Pause)
Event: 33.942 Executing VM operation: G1CollectForAllocation (G1 Evacuation Pause) done
Event: 34.007 Executing VM operation: G1CollectForAllocation (G1 Evacuation Pause)
Event: 34.016 Executing VM operation: G1CollectForAllocation (G1 Evacuation Pause) done
Event: 35.020 Executing VM operation: Cleanup
Event: 35.259 Executing VM operation: Cleanup done
Event: 36.260 Executing VM operation: Cleanup
Event: 36.434 Executing VM operation: Cleanup done
Event: 37.441 Executing VM operation: Cleanup

Events (20 events):
Event: 6.241 Thread 0x000001e29f0ea030 Thread added: 0x000001e29f0ea030
Event: 6.246 Thread 0x000001e29f0705d0 Thread added: 0x000001e29f0705d0
Event: 6.247 Thread 0x000001e29f070c40 Thread added: 0x000001e29f070c40
Event: 6.257 Thread 0x000001e29eaee1c0 Thread added: 0x000001e29eaee1c0
Event: 6.374 Thread 0x000001e29eaece10 Thread added: 0x000001e29eaece10
Event: 6.437 Thread 0x000001e29eaefc00 Thread added: 0x000001e29eaefc00
Event: 6.442 Thread 0x000001e29eaedb30 Thread added: 0x000001e29eaedb30
Event: 6.518 Thread 0x000001e29eaed4a0 Thread added: 0x000001e29eaed4a0
Event: 6.519 Thread 0x000001e29eaeeee0 Thread added: 0x000001e29eaeeee0
Event: 6.520 Thread 0x000001e29eaee850 Thread added: 0x000001e29eaee850
Event: 8.320 Thread 0x000001e2588e6920 Thread exited: 0x000001e2588e6920
Event: 8.550 Thread 0x000001e29eaef570 Thread added: 0x000001e29eaef570
Event: 8.552 Thread 0x000001e29eaf0290 Thread added: 0x000001e29eaf0290
Event: 8.560 Thread 0x000001e29f190770 Thread added: 0x000001e29f190770
Event: 8.563 Thread 0x000001e29f190e00 Thread added: 0x000001e29f190e00
Event: 8.563 Thread 0x000001e29f191b20 Thread added: 0x000001e29f191b20
Event: 16.408 Thread 0x000001e29eaece10 Thread exited: 0x000001e29eaece10
Event: 33.999 Thread 0x000001e2588ced20 Thread added: 0x000001e2588ced20
Event: 35.273 Thread 0x000001e2588ced20 Thread exited: 0x000001e2588ced20
Event: 35.397 Thread 0x000001e2588ced20 Thread added: 0x000001e2588ced20


Dynamic libraries:
0x00007ff6bdff0000 - 0x00007ff6be000000 	C:\Program Files\Java\jdk-21\bin\javaw.exe
0x00007ff961200000 - 0x00007ff961466000 	C:\WINDOWS\SYSTEM32\ntdll.dll
0x00007ff95fb30000 - 0x00007ff95fbf9000 	C:\WINDOWS\System32\KERNEL32.DLL
0x00007ff95e700000 - 0x00007ff95eafa000 	C:\WINDOWS\System32\KERNELBASE.dll
0x00007ff95eca0000 - 0x00007ff95edec000 	C:\WINDOWS\System32\ucrtbase.dll
0x00007ff94de20000 - 0x00007ff94de39000 	C:\Program Files\Java\jdk-21\bin\jli.dll
0x00007ff961040000 - 0x00007ff9610f6000 	C:\WINDOWS\System32\ADVAPI32.dll
0x00007ff95fc90000 - 0x00007ff95fd39000 	C:\WINDOWS\System32\msvcrt.dll
0x00007ff9601c0000 - 0x00007ff96026a000 	C:\WINDOWS\System32\sechost.dll
0x00007ff95ef80000 - 0x00007ff95f098000 	C:\WINDOWS\System32\RPCRT4.dll
0x00007ff95f4f0000 - 0x00007ff95f6b7000 	C:\WINDOWS\System32\USER32.dll
0x00007ff94de40000 - 0x00007ff94de5b000 	C:\Program Files\Java\jdk-21\bin\VCRUNTIME140.dll
0x00007ff95ebb0000 - 0x00007ff95ebd7000 	C:\WINDOWS\System32\win32u.dll
0x00007ff943eb0000 - 0x00007ff944142000 	C:\WINDOWS\WinSxS\amd64_microsoft.windows.common-controls_6595b64144ccf1df_6.0.26100.8521_none_3e08b75ce33403b3\COMCTL32.dll
0x00007ff960170000 - 0x00007ff96019b000 	C:\WINDOWS\System32\GDI32.dll
0x00007ff95e490000 - 0x00007ff95e5bb000 	C:\WINDOWS\System32\gdi32full.dll
0x00007ff95eb00000 - 0x00007ff95eba3000 	C:\WINDOWS\System32\msvcp_win.dll
0x00007ff94d650000 - 0x00007ff94d65b000 	C:\WINDOWS\SYSTEM32\VERSION.dll
0x00007ff95f6c0000 - 0x00007ff95f6f2000 	C:\WINDOWS\System32\IMM32.DLL
0x00007ff94df20000 - 0x00007ff94df2c000 	C:\Program Files\Java\jdk-21\bin\vcruntime140_1.dll
0x00007ff943090000 - 0x00007ff94311e000 	C:\Program Files\Java\jdk-21\bin\msvcp140.dll
0x00007ff8dfdb0000 - 0x00007ff8e0ac7000 	C:\Program Files\Java\jdk-21\bin\server\jvm.dll
0x00007ff95faa0000 - 0x00007ff95fb20000 	C:\WINDOWS\System32\WS2_32.dll
0x00007ff95e2f0000 - 0x00007ff95e34e000 	C:\WINDOWS\SYSTEM32\POWRPROF.dll
0x00007ff956090000 - 0x00007ff9560c6000 	C:\WINDOWS\SYSTEM32\WINMM.dll
0x00007ff95e2d0000 - 0x00007ff95e2e4000 	C:\WINDOWS\SYSTEM32\UMPDC.dll
0x00007ff95d220000 - 0x00007ff95d23b000 	C:\WINDOWS\SYSTEM32\kernel.appcore.dll
0x00007ff94ddc0000 - 0x00007ff94ddca000 	C:\Program Files\Java\jdk-21\bin\jimage.dll
0x00007ff95ba90000 - 0x00007ff95bcd2000 	C:\WINDOWS\SYSTEM32\DBGHELP.DLL
0x00007ff95f700000 - 0x00007ff95fa83000 	C:\WINDOWS\System32\combase.dll
0x00007ff95ff20000 - 0x00007ff95fff9000 	C:\WINDOWS\System32\OLEAUT32.dll
0x00007ff940190000 - 0x00007ff9401cb000 	C:\WINDOWS\SYSTEM32\dbgcore.DLL
0x00007ff95e5c0000 - 0x00007ff95e668000 	C:\WINDOWS\System32\bcryptPrimitives.dll
0x00007ff94dda0000 - 0x00007ff94ddbf000 	C:\Program Files\Java\jdk-21\bin\java.dll
0x00007ff960890000 - 0x00007ff961014000 	C:\WINDOWS\System32\SHELL32.dll
0x00007ff95c040000 - 0x00007ff95c8c0000 	C:\WINDOWS\SYSTEM32\windows.storage.dll
0x00007ff95f290000 - 0x00007ff95f386000 	C:\WINDOWS\System32\SHCORE.dll
0x00007ff960100000 - 0x00007ff960167000 	C:\WINDOWS\System32\shlwapi.dll
0x00007ff95e3b0000 - 0x00007ff95e3d9000 	C:\WINDOWS\SYSTEM32\profapi.dll
0x00007ff8e6ff0000 - 0x00007ff8e70c7000 	C:\Program Files\Java\jdk-21\bin\jsvml.dll
0x00007ff94dd90000 - 0x00007ff94dda0000 	C:\Program Files\Java\jdk-21\bin\net.dll
0x00007ff950200000 - 0x00007ff950329000 	C:\WINDOWS\SYSTEM32\WINHTTP.dll
0x00007ff95d790000 - 0x00007ff95d7fc000 	C:\WINDOWS\system32\mswsock.dll
0x00007ff94dd70000 - 0x00007ff94dd86000 	C:\Program Files\Java\jdk-21\bin\nio.dll
0x00007ff943070000 - 0x00007ff943088000 	C:\Program Files\Java\jdk-21\bin\zip.dll
0x00007ff94dd60000 - 0x00007ff94dd70000 	C:\Program Files\Java\jdk-21\bin\verify.dll
0x00007ff95cd00000 - 0x00007ff95ce4a000 	C:\WINDOWS\SYSTEM32\DNSAPI.dll
0x00007ff95d590000 - 0x00007ff95d59d000 	C:\WINDOWS\SYSTEM32\DSPARSE.dll
0x00007ff95cc40000 - 0x00007ff95cc73000 	C:\WINDOWS\SYSTEM32\IPHLPAPI.DLL
0x00007ff95ef70000 - 0x00007ff95ef7a000 	C:\WINDOWS\System32\NSI.dll
0x00007ff94f400000 - 0x00007ff94f40b000 	C:\Windows\System32\rasadhlp.dll
0x00007ff9585d0000 - 0x00007ff958656000 	C:\WINDOWS\System32\fwpuclnt.dll
0x00007ff94de90000 - 0x00007ff94de99000 	C:\Program Files\Java\jdk-21\bin\extnet.dll
0x00007ff95da70000 - 0x00007ff95da8b000 	C:\WINDOWS\SYSTEM32\CRYPTSP.dll
0x00007ff95d180000 - 0x00007ff95d1b9000 	C:\WINDOWS\system32\rsaenh.dll
0x00007ff95d840000 - 0x00007ff95d873000 	C:\WINDOWS\SYSTEM32\USERENV.dll
0x00007ff95e380000 - 0x00007ff95e3aa000 	C:\WINDOWS\SYSTEM32\bcrypt.dll
0x00007ff95da90000 - 0x00007ff95da9c000 	C:\WINDOWS\SYSTEM32\CRYPTBASE.dll
0x00007ff94fc90000 - 0x00007ff94fc9a000 	C:\Program Files\Java\jdk-21\bin\management.dll
0x00007ff94fc80000 - 0x00007ff94fc8b000 	C:\Program Files\Java\jdk-21\bin\management_ext.dll
0x00007ff9601a0000 - 0x00007ff9601a8000 	C:\WINDOWS\System32\PSAPI.DLL
0x00007ff943060000 - 0x00007ff94306e000 	C:\Program Files\Java\jdk-21\bin\sunmscapi.dll
0x00007ff95edf0000 - 0x00007ff95ef68000 	C:\WINDOWS\System32\CRYPT32.dll
0x00007ff95dc90000 - 0x00007ff95dcc0000 	C:\WINDOWS\SYSTEM32\ncrypt.dll
0x00007ff95dc40000 - 0x00007ff95dc7f000 	C:\WINDOWS\SYSTEM32\NTASN1.dll
0x00007ff91cd20000 - 0x00007ff91cd28000 	C:\WINDOWS\system32\wshunix.dll

dbghelp: loaded successfully - version: 4.0.5 - missing functions: none
symbol engine: initialized successfully - sym options: 0x614 - pdb path: .;C:\Program Files\Java\jdk-21\bin;C:\WINDOWS\SYSTEM32;C:\WINDOWS\WinSxS\amd64_microsoft.windows.common-controls_6595b64144ccf1df_6.0.26100.8521_none_3e08b75ce33403b3;C:\Program Files\Java\jdk-21\bin\server

VM Arguments:
jvm_args: -ea -Dfile.encoding=UTF-8 -Dstdout.encoding=UTF-8 -Dstderr.encoding=UTF-8 -XX:+ShowCodeDetailsInExceptionMessages 
java_command: org.testng.remote.RemoteTestNG -serport 50404 -protocol json -d D:\Eclipse-Rajeev\Octopussaas_main_Framework\test-output C:\Users\Rajeev nandi\AppData\Local\Temp\testng-eclipse-1078787056\testng-customsuite.xml
java_class_path (initial): C:\Users\Rajeev nandi\eclipse\java-2025-06\eclipse\configuration\org.eclipse.osgi\523\0\.cp\lib\testng-remote.jar;D:\Eclipse-Rajeev\Octopussaas_main_Framework\target\test-classes;D:\Eclipse-Rajeev\Octopussaas_main_Framework\target\classes;C:\Users\Rajeev nandi\.m2\repository\org\seleniumhq\selenium\selenium-java\4.34.0\selenium-java-4.34.0.jar;C:\Users\Rajeev nandi\.m2\repository\org\seleniumhq\selenium\selenium-api\4.34.0\selenium-api-4.34.0.jar;C:\Users\Rajeev nandi\.m2\repository\org\jspecify\jspecify\1.0.0\jspecify-1.0.0.jar;C:\Users\Rajeev nandi\.m2\repository\org\seleniumhq\selenium\selenium-chrome-driver\4.34.0\selenium-chrome-driver-4.34.0.jar;C:\Users\Rajeev nandi\.m2\repository\com\google\auto\service\auto-service-annotations\1.1.1\auto-service-annotations-1.1.1.jar;C:\Users\Rajeev nandi\.m2\repository\org\seleniumhq\selenium\selenium-chromium-driver\4.34.0\selenium-chromium-driver-4.34.0.jar;C:\Users\Rajeev nandi\.m2\repository\org\seleniumhq\selenium\selenium-json\4.34.0\selenium-json-4.34.0.jar;C:\Users\Rajeev nandi\.m2\repository\org\seleniumhq\selenium\selenium-manager\4.34.0\selenium-manager-4.34.0.jar;C:\Users\Rajeev nandi\.m2\repository\org\seleniumhq\selenium\selenium-devtools-v136\4.34.0\selenium-devtools-v136-4.34.0.jar;C:\Users\Rajeev nandi\.m2\repository\org\seleniumhq\selenium\selenium-devtools-v137\4.34.0\selenium-devtools-v137-4.34.0.jar;C:\Users\Rajeev nandi\.m2\repository\org\seleniumhq\selenium\selenium-devtools-v138\4.34.0\selenium-devtools-v138-4.34.0.jar;C:\Users\Rajeev nandi\.m2\repository\org\seleniumhq\selenium\selenium-edge-driver\4.34.0\selenium-edge-driver-4.34.0.jar;C:\Users\Rajeev nandi\.m2\repository\org\seleniumhq\selenium\selenium-firefox-driver\4.34.0\selenium-firefox-driver-4.34.0.jar;C:\Users\Rajeev nandi\.m2\repository\org\seleniumhq\selenium\selenium-http\4.34.0\selenium-http-4.34.0.jar;C:\Users\Rajeev nandi\.m2\repository\org\seleniumhq\selenium\selenium-ie-driver\4.34.0\selenium-ie-driver-4.34.0.jar;C:\Users\Rajeev nandi\.m2\repository\org\seleniumhq\selenium\selenium-remote-driver\4.34.0\selenium-remote-driver-4.34.0.jar;C:\Users\Rajeev nandi\.m2\repository\com\google\guava\guava\33.4.8-jre\guava-33.4.8-jre.jar;C:\Users\Rajeev nandi\.m2\repository\com\google\guava\failureaccess\1.0.3\failureaccess-1.0.3.jar;C:\Users\Rajeev nandi\.m2\repository\com\google\guava\listenablefuture\9999.0-empty-to-avoid-conflict-with-guava\listenablefuture-9999.0-empty-to-avoid-conflict-with-guava.jar;C:\Users\Rajeev nandi\.m2\repository\com\google\errorprone\error_prone_annotations\2.36.0\error_prone_annotations-2.36.0.jar;C:\Users\Rajeev nandi\.m2\repository\com\google\j2objc\j2objc-annotations\3.0.0\j2objc-annotations-3.0.0.jar;C:\Users\Rajeev nandi\.m2\repository\io\opentelemetry\opentelemetry-api\1.51.0\opentelemetry-api-1.51.0.jar;C:\Users\Rajeev nandi\.m2\repository\io\opentelemetry\opentelemetry-context\1.51.0\opentelemetry-context-1.51.0.jar;C:\Users\Rajeev nandi\.m2\repository\io\opentelemetry\opentelemetry-exporter-logging\1.51.0\opentelemetry-exporter-logging-1.51.0.jar;C:\Users\Rajeev nandi\.m2\repository\io\opentelemetry\opentelemetry-sdk-common\1.51.0\opentelemetry-sdk-common-1.51.0.jar;C:\Users\Rajeev nandi\.m2\repository\io\opentelemetry\opentelemetry-sdk-extension-autoconfigure-spi\1.51.0\opentelemetry-sdk-extension-autoconfigure-spi-1.51.0.jar;C:\Users\Rajeev nandi\.m2\repository\io\opentelemetry\opentelemetry-sdk-extension-autoconfigure\1.51.0\opentelemetry-sdk-extension-autoconfigure-1.51.0.jar;C:\Users\Rajeev nandi\.m2\repository\io\opentelemetry\opentelemetry-sdk-trace\1.51.0\opentelemetry-sdk-trace-1.51.0.jar;C:\Users\Rajeev nandi\.m2\repository\io\opentelemetry\opentelemetry-sdk\1.51.0\opentelemetry-sdk-1.51.0.jar;C:\Users\Rajeev nandi\.m2\repository\io\opentelemetry\opentelemetry-sdk-metrics\1.51.0\opentelemetry-sdk-metrics-1.51.0.jar;C:\Users\Rajeev nandi\.m2\repository\io\opentelemetry\opentelemetry-sdk-logs\1.51.0\opentelemetry-sdk-logs-1.51.0.jar;C:\Users\Rajeev nandi\.m2\repository\net\bytebuddy\byte-buddy\1.17.6\byte-buddy-1.17.6.jar;C:\Users\Rajeev nandi\.m2\repository\org\seleniumhq\selenium\selenium-os\4.34.0\selenium-os-4.34.0.jar;C:\Users\Rajeev nandi\.m2\repository\org\apache\commons\commons-exec\1.5.0\commons-exec-1.5.0.jar;C:\Users\Rajeev nandi\.m2\repository\org\seleniumhq\selenium\selenium-safari-driver\4.34.0\selenium-safari-driver-4.34.0.jar;C:\Users\Rajeev nandi\.m2\repository\org\seleniumhq\selenium\selenium-support\4.34.0\selenium-support-4.34.0.jar;C:\Users\Rajeev nandi\.m2\repository\org\apache\poi\poi\5.2.3\poi-5.2.3.jar;C:\Users\Rajeev nandi\.m2\repository\commons-codec\commons-codec\1.15\commons-codec-1.15.jar;C:\Users\Rajeev nandi\.m2\repository\org\apache\commons\commons-collections4\4.4\commons-collections4-4.4.jar;C:\Users\Rajeev nandi\.m2\repository\org\apache\commons\commons-math3\3.6.1\commons-math3-3.6.1.jar;C:\Users\Rajeev nandi\.m2\repository\com\zaxxer\SparseBitSet\1.2\SparseBitSet-1.2.jar;C:\Users\Rajeev nandi\.m2\repository\org\apache\logging\log4j\log4j-api\2.18.0\log4j-api-2.18.0.jar;C:\Users\Rajeev nandi\.m2\repository\org\apache\poi\poi-ooxml\5.2.3\poi-ooxml-5.2.3.jar;C:\Users\Rajeev nandi\.m2\repository\org\apache\poi\poi-ooxml-lite\5.2.3\poi-ooxml-lite-5.2.3.jar;C:\Users\Rajeev nandi\.m2\repository\org\apache\xmlbeans\xmlbeans\5.1.1\xmlbeans-5.1.1.jar;C:\Users\Rajeev nandi\.m2\repository\org\apache\commons\commons-compress\1.21\commons-compress-1.21.jar;C:\Users\Rajeev nandi\.m2\repository\com\github\virtuald\curvesapi\1.07\curvesapi-1.07.jar;C:\Users\Rajeev nandi\.m2\repository\org\testng\testng\7.10.0\testng-7.10.0.jar;C:\Users\Rajeev nandi\.m2\repository\org\slf4j\slf4j-api\1.7.36\slf4j-api-1.7.36.jar;C:\Users\Rajeev nandi\.m2\repository\com\beust\jcommander\1.82\jcommander-1.82.jar;C:\Users\Rajeev nandi\.m2\repository\org\webjars\jquery\3.7.1\jquery-3.7.1.jar;C:\Users\Rajeev nandi\.m2\repository\org\projectlombok\lombok\1.18.30\lombok-1.18.30.jar;C:\Users\Rajeev nandi\.m2\repository\com\googlecode\json-simple\json-simple\1.1\json-simple-1.1.jar;C:\Users\Rajeev nandi\.m2\repository\com\mysql\mysql-connector-j\9.1.0\mysql-connector-j-9.1.0.jar;C:\Users\Rajeev nandi\.m2\repository\com\google\protobuf\protobuf-java\4.26.1\protobuf-java-4.26.1.jar;C:\Users\Rajeev nandi\.m2\repository\commons-io\commons-io\2.13.0\commons-io-2.13.0.jar;C:\Users\Rajeev nandi\.m2\repository\com\aventstack\extentreports\5.0.9\extentreports-5.0.9.jar;C:\Users\Rajeev nandi\.m2\repository\io\reactivex\rxjava3\rxjava\3.0.4\rxjava-3.0.4.jar;C:\Users\Rajeev nandi\.m2\repository\org\reactivestreams\reactive-streams\1.0.3\reactive-streams-1.0.3.jar;C:\Users\Rajeev nandi\.m2\repository\org\freemarker\freemarker\2.3.30\freemarker-2.3.30.jar;C:\Users\Rajeev nandi\.m2\repository\com\google\code\gson\gson\2.8.6\gson-2.8.6.jar
Launcher Type: SUN_STANDARD

[Global flags]
     intx CICompilerCount                          = 4                                         {product} {ergonomic}
     uint ConcGCThreads                            = 2                                         {product} {ergonomic}
     uint G1ConcRefinementThreads                  = 8                                         {product} {ergonomic}
   size_t G1HeapRegionSize                         = 1048576                                   {product} {ergonomic}
    uintx GCDrainStackTargetSize                   = 64                                        {product} {ergonomic}
   size_t InitialHeapSize                          = 130023424                                 {product} {ergonomic}
   size_t MarkStackSize                            = 4194304                                   {product} {ergonomic}
   size_t MaxHeapSize                              = 2080374784                                {product} {ergonomic}
   size_t MaxNewSize                               = 1247805440                                {product} {ergonomic}
   size_t MinHeapDeltaBytes                        = 1048576                                   {product} {ergonomic}
   size_t MinHeapSize                              = 8388608                                   {product} {ergonomic}
    uintx NonNMethodCodeHeapSize                   = 5839372                                {pd product} {ergonomic}
    uintx NonProfiledCodeHeapSize                  = 122909434                              {pd product} {ergonomic}
    uintx ProfiledCodeHeapSize                     = 122909434                              {pd product} {ergonomic}
    uintx ReservedCodeCacheSize                    = 251658240                              {pd product} {ergonomic}
     bool SegmentedCodeCache                       = true                                      {product} {ergonomic}
     bool ShowCodeDetailsInExceptionMessages       = true                                   {manageable} {command line}
   size_t SoftMaxHeapSize                          = 2080374784                             {manageable} {ergonomic}
     bool UseCompressedOops                        = true                           {product lp64_product} {ergonomic}
     bool UseG1GC                                  = true                                      {product} {ergonomic}
     bool UseLargePagesIndividualAllocation        = false                                  {pd product} {ergonomic}

Logging:
Log output configuration:
 #0: stdout all=warning uptime,level,tags foldmultilines=false
 #1: stderr all=off uptime,level,tags foldmultilines=false

Environment Variables:
JAVA_HOME=C:\Program Files\Java\jdk-17
PATH=C:\Python314\Scripts\;C:\Python314\;C:\app\Rajeevnandi2\product\11.2.0\dbhome_1\bin;C:\app\Rajeevnandi\product\11.2.0\dbhome_2\bin;C:\app\Rajeevnandi\product\11.2.0\dbhome_1\bin;C:\Program Files\Common Files\Oracle\Java\javapath;C:\WINDOWS\system32;C:\WINDOWS;C:\WINDOWS\System32\Wbem;C:\WINDOWS\System32\WindowsPowerShell\v1.0\;C:\WINDOWS\System32\OpenSSH\;C:\Program Files\dotnet\;C:\Program Files\Java\jdk-21\bin;C:\Program Files\Java\jdk-17\bin;D:\automation software\apache-maven-3.9.11-bin\apache-maven-3.9.11\bin;C:\Program Files\Git\cmd;C:\ProgramData\chocolatey\bin;C:\Program Files\nodejs\;C:\Program Files\MySQL\MySQL Shell 8.0\bin\;C:\Users\Rajeev nandi\AppData\Local\Microsoft\WindowsApps;C:\Program Files\JetBrains\PyCharm 2023.2\bin;;C:\Users\Rajeev nandi\AppData\Local\Programs\Microsoft VS Code\bin;D:\automation software\apache-maven-3.9.11-bin\apache-maven-3.9.11\bin;C:\Users\Rajeev nandi\AppData\Roaming\npm;C:\Users\Rajeev nandi\AppData\Local\GitHubDesktop\bin;
USERNAME=Rajeev nandi
OS=Windows_NT
PROCESSOR_IDENTIFIER=Intel64 Family 6 Model 140 Stepping 1, GenuineIntel
TMP=C:\Users\Rajeev nandi\AppData\Local\Temp
TEMP=C:\Users\Rajeev nandi\AppData\Local\Temp




Periodic native trim disabled

---------------  S Y S T E M  ---------------

OS:
 Windows 11 , 64 bit Build 26100 (10.0.26100.8521)
OS uptime: 7 days 1:32 hours
Hyper-V role detected

CPU: total 8 (initial active 8) (4 cores per cpu, 2 threads per core) family 6 model 140 stepping 1 microcode 0xbe, cx8, cmov, fxsr, ht, mmx, 3dnowpref, sse, sse2, sse3, ssse3, sse4.1, sse4.2, popcnt, lzcnt, tsc, tscinvbit, avx, avx2, aes, erms, clmul, bmi1, bmi2, adx, avx512f, avx512dq, avx512cd, avx512bw, avx512vl, sha, fma, vzeroupper, avx512_vpopcntdq, avx512_vpclmulqdq, avx512_vaes, avx512_vnni, clflush, clflushopt, clwb, avx512_vbmi2, avx512_vbmi, hv, rdtscp, rdpid, fsrm, gfni, avx512_bitalg, f16c, cet_ibt, cet_ss, avx512_ifma
Processor Information for all 8 processors :
  Max Mhz: 2419, Current Mhz: 2419, Mhz Limit: 2419

Memory: 4k page, system-wide physical 7934M (523M free)
TotalPageFile size 32510M (AvailPageFile size 25M)
current process WorkingSet (physical memory assigned to process): 123M, peak: 131M
current process commit charge ("private bytes"): 191M, peak: 251M

vm_info: Java HotSpot(TM) 64-Bit Server VM (21.0.2+13-LTS-58) for windows-amd64 JRE (21.0.2+13-LTS-58), built on 2024-01-05T18:32:24Z by "mach5one" with MS VC++ 17.1 (VS2022)

END.
