#
# There is insufficient memory for the Java Runtime Environment to continue.
# Native memory allocation (malloc) failed to allocate 1598976 bytes for Chunk::new
# Possible reasons:
#   The system is out of physical RAM or swap space
#   The process is running with CompressedOops enabled, and the Java Heap may be blocking the growth of the native heap
# Possible solutions:
#   Reduce memory load on the system
#   Increase physical memory or swap space
#   Check if swap backing store is full
#   Decrease Java heap size (-Xmx/-Xms)
#   Decrease number of Java threads
#   Decrease Java thread stack sizes (-Xss)
#   Set larger code cache with -XX:ReservedCodeCacheSize=
#   JVM is running with Unscaled Compressed Oops mode in which the Java heap is
#     placed in the first 4GB address space. The Java Heap base address is the
#     maximum limit for the native heap growth. Please use -XX:HeapBaseMinAddress
#     to set the Java Heap base and to place the Java Heap above 4GB virtual address.
# This output file may be truncated or incomplete.
#
#  Out of Memory Error (arena.cpp:168), pid=33620, tid=30292
#
# JRE version: Java(TM) SE Runtime Environment (21.0.2+13) (build 21.0.2+13-LTS-58)
# Java VM: Java HotSpot(TM) 64-Bit Server VM (21.0.2+13-LTS-58, mixed mode, sharing, tiered, compressed oops, compressed class ptrs, g1 gc, windows-amd64)
# No core dump will be written. Minidumps are not enabled by default on client versions of Windows
#

---------------  S U M M A R Y ------------

Command Line: -ea -Dfile.encoding=UTF-8 -Dstdout.encoding=UTF-8 -Dstderr.encoding=UTF-8 -XX:+ShowCodeDetailsInExceptionMessages org.testng.remote.RemoteTestNG -serport 53310 -protocol json -d D:\Eclipse-Rajeev\Octopussaas_main_Framework\test-output C:\Users\Rajeev nandi\AppData\Local\Temp\testng-eclipse-945608097\testng-customsuite.xml

Host: 11th Gen Intel(R) Core(TM) i5-1135G7 @ 2.40GHz, 8 cores, 7G,  Windows 11 , 64 bit Build 26100 (10.0.26100.8521)
Time: Wed Jun  3 13:26:41 2026 India Standard Time elapsed time: 56.507346 seconds (0d 0h 0m 56s)

---------------  T H R E A D  ---------------

Current thread (0x000001bc1d402b50):  JavaThread "C2 CompilerThread1" daemon [_thread_in_native, id=30292, stack(0x0000002011300000,0x0000002011400000) (1024K)]


Current CompileTask:
C2:  56507 2989   !   4       jdk.internal.loader.BuiltinClassLoader::loadClassOrNull (143 bytes)

Stack: [0x0000002011300000,0x0000002011400000]
Native frames: (J=compiled Java code, j=interpreted, Vv=VM code, C=native code)
V  [jvm.dll+0x6cade9]
V  [jvm.dll+0x8569c1]
V  [jvm.dll+0x858d2e]
V  [jvm.dll+0x859413]
V  [jvm.dll+0x280e56]
V  [jvm.dll+0xc3f3d]
V  [jvm.dll+0xc4473]
V  [jvm.dll+0x3b5c2c]
V  [jvm.dll+0x1e2013]
V  [jvm.dll+0x249d22]
V  [jvm.dll+0x2491b1]
V  [jvm.dll+0x1c9634]
V  [jvm.dll+0x258859]
V  [jvm.dll+0x256e3a]
V  [jvm.dll+0x3ef6c6]
V  [jvm.dll+0x7ff568]
V  [jvm.dll+0x6c953d]
C  [ucrtbase.dll+0x2cd30]
C  [KERNEL32.DLL+0x2e957]
C  [ntdll.dll+0x87c1c]


---------------  P R O C E S S  ---------------

Threads class SMR info:
_java_thread_list=0x000001bc1d925cc0, length=28, elements={
0x000001bbb86671a0, 0x000001bbd716c9f0, 0x000001bbd716f460, 0x000001bbd7173ba0,
0x000001bbd71749b0, 0x000001bbd7175410, 0x000001bbd7178e90, 0x000001bbd7179c20,
0x000001bbd71a66b0, 0x000001bbd7479fd0, 0x000001bbd7482030, 0x000001bbd7955ad0,
0x000001bc1db7c550, 0x000001bc1dc08750, 0x000001bc1dd2b030, 0x000001bc1dbdf010,
0x000001bc1dbe2b50, 0x000001bc1dbdfd60, 0x000001bc1dbe0a80, 0x000001bc1dbe03f0,
0x000001bc1dbe1110, 0x000001bc1dbe17a0, 0x000001bc1dbe1e30, 0x000001bc1dbdf6d0,
0x000001bbd7b32560, 0x000001bbd7b32bf0, 0x000001bbd7b33910, 0x000001bc1d402b50
}

Java Threads: ( => current thread )
  0x000001bbb86671a0 JavaThread "main"                              [_thread_in_Java, id=12872, stack(0x000000200e600000,0x000000200e700000) (1024K)]
  0x000001bbd716c9f0 JavaThread "Reference Handler"          daemon [_thread_blocked, id=30316, stack(0x000000200ee00000,0x000000200ef00000) (1024K)]
  0x000001bbd716f460 JavaThread "Finalizer"                  daemon [_thread_blocked, id=22792, stack(0x000000200ef00000,0x000000200f000000) (1024K)]
  0x000001bbd7173ba0 JavaThread "Signal Dispatcher"          daemon [_thread_blocked, id=16420, stack(0x000000200f000000,0x000000200f100000) (1024K)]
  0x000001bbd71749b0 JavaThread "Attach Listener"            daemon [_thread_blocked, id=17280, stack(0x000000200f100000,0x000000200f200000) (1024K)]
  0x000001bbd7175410 JavaThread "Service Thread"             daemon [_thread_blocked, id=6820, stack(0x000000200f200000,0x000000200f300000) (1024K)]
  0x000001bbd7178e90 JavaThread "Monitor Deflation Thread"   daemon [_thread_blocked, id=11228, stack(0x000000200f300000,0x000000200f400000) (1024K)]
  0x000001bbd7179c20 JavaThread "C2 CompilerThread0"         daemon [_thread_in_native, id=12900, stack(0x000000200f400000,0x000000200f500000) (1024K)]
  0x000001bbd71a66b0 JavaThread "C1 CompilerThread0"         daemon [_thread_in_native, id=26600, stack(0x000000200f500000,0x000000200f600000) (1024K)]
  0x000001bbd7479fd0 JavaThread "Notification Thread"        daemon [_thread_blocked, id=9148, stack(0x000000200f600000,0x000000200f700000) (1024K)]
  0x000001bbd7482030 JavaThread "Common-Cleaner"             daemon [_thread_blocked, id=18944, stack(0x000000200f700000,0x000000200f800000) (1024K)]
  0x000001bbd7955ad0 JavaThread "ReaderThread"                      [_thread_in_native, id=14988, stack(0x000000200fb00000,0x000000200fc00000) (1024K)]
  0x000001bc1db7c550 JavaThread "ForkJoinPool.commonPool-worker-1" daemon [_thread_blocked, id=26964, stack(0x000000200f800000,0x000000200f900000) (1024K)]
  0x000001bc1dc08750 JavaThread "HttpClient-1-SelectorManager" daemon [_thread_in_native, id=24108, stack(0x0000002010300000,0x0000002010400000) (1024K)]
  0x000001bc1dd2b030 JavaThread "External Process Output Forwarder - C:\Users\Rajeev nandi\.cache\selenium\chromedriver\win64\148.0.7778.178\chromedriver.exe" daemon [_thread_in_native, id=29852, stack(0x0000002010400000,0x0000002010500000) (1024K)]
  0x000001bc1dbdf010 JavaThread "Driver Service Executor"    daemon [_thread_blocked, id=25404, stack(0x0000002010500000,0x0000002010600000) (1024K)]
  0x000001bc1dbe2b50 JavaThread "Driver Service Executor"    daemon [_thread_blocked, id=27424, stack(0x0000002010600000,0x0000002010700000) (1024K)]
  0x000001bc1dbdfd60 JavaThread "UrlChecker-2"               daemon [_thread_blocked, id=22692, stack(0x0000002010700000,0x0000002010800000) (1024K)]
  0x000001bc1dbe0a80 JavaThread "JdkHttpClient-0-0"          daemon [_thread_blocked, id=31300, stack(0x0000002010900000,0x0000002010a00000) (1024K)]
  0x000001bc1dbe03f0 JavaThread "CompletableFutureDelayScheduler" daemon [_thread_blocked, id=30012, stack(0x0000002010a00000,0x0000002010b00000) (1024K)]
  0x000001bc1dbe1110 JavaThread "JdkHttpClient-0-1"          daemon [_thread_blocked, id=17936, stack(0x0000002010b00000,0x0000002010c00000) (1024K)]
  0x000001bc1dbe17a0 JavaThread "JdkHttpClient-0-2"          daemon [_thread_blocked, id=30916, stack(0x0000002010c00000,0x0000002010d00000) (1024K)]
  0x000001bc1dbe1e30 JavaThread "JdkHttpClient-0-3"          daemon [_thread_blocked, id=15536, stack(0x0000002010d00000,0x0000002010e00000) (1024K)]
  0x000001bc1dbdf6d0 JavaThread "HttpClient-2-SelectorManager" daemon [_thread_in_native, id=27000, stack(0x000000200f900000,0x000000200fa00000) (1024K)]
  0x000001bbd7b32560 JavaThread "JdkHttpClient-1-0"          daemon [_thread_blocked, id=21164, stack(0x0000002010e00000,0x0000002010f00000) (1024K)]
  0x000001bbd7b32bf0 JavaThread "JdkHttpClient-1-1"          daemon [_thread_blocked, id=21260, stack(0x0000002010f00000,0x0000002011000000) (1024K)]
  0x000001bbd7b33910 JavaThread "JdkHttpClient-1-2"          daemon [_thread_blocked, id=21900, stack(0x0000002011000000,0x0000002011100000) (1024K)]
=>0x000001bc1d402b50 JavaThread "C2 CompilerThread1"         daemon [_thread_in_native, id=30292, stack(0x0000002011300000,0x0000002011400000) (1024K)]
Total: 28

Other Threads:
  0x000001bbd714b600 VMThread "VM Thread"                           [id=12776, stack(0x000000200ed00000,0x000000200ee00000) (1024K)]
  0x000001bbd71333b0 WatcherThread "VM Periodic Task Thread"        [id=17472, stack(0x000000200ec00000,0x000000200ed00000) (1024K)]
  0x000001bbb8976b90 WorkerThread "GC Thread#0"                     [id=33752, stack(0x000000200e700000,0x000000200e800000) (1024K)]
  0x000001bbd714a780 WorkerThread "GC Thread#1"                     [id=11560, stack(0x000000200fc00000,0x000000200fd00000) (1024K)]
  0x000001bbd7149ca0 WorkerThread "GC Thread#2"                     [id=30320, stack(0x000000200fd00000,0x000000200fe00000) (1024K)]
  0x000001bbd714b260 WorkerThread "GC Thread#3"                     [id=17608, stack(0x000000200fe00000,0x000000200ff00000) (1024K)]
  0x000001bbd714ab20 WorkerThread "GC Thread#4"                     [id=31888, stack(0x000000200ff00000,0x0000002010000000) (1024K)]
  0x000001bbd714a040 WorkerThread "GC Thread#5"                     [id=12604, stack(0x0000002010000000,0x0000002010100000) (1024K)]
  0x000001bbd714aec0 WorkerThread "GC Thread#6"                     [id=28480, stack(0x0000002010100000,0x0000002010200000) (1024K)]
  0x000001bbd714a3e0 WorkerThread "GC Thread#7"                     [id=928, stack(0x0000002010200000,0x0000002010300000) (1024K)]
  0x000001bbb8987a90 ConcurrentGCThread "G1 Main Marker"            [id=9652, stack(0x000000200e800000,0x000000200e900000) (1024K)]
  0x000001bbb8989320 WorkerThread "G1 Conc#0"                       [id=3796, stack(0x000000200e900000,0x000000200ea00000) (1024K)]
  0x000001bbd7adb820 WorkerThread "G1 Conc#1"                       [id=31916, stack(0x0000002011200000,0x0000002011300000) (1024K)]
  0x000001bbb89de570 ConcurrentGCThread "G1 Refine#0"               [id=10476, stack(0x000000200ea00000,0x000000200eb00000) (1024K)]
  0x000001bbd7009520 ConcurrentGCThread "G1 Service"                [id=14184, stack(0x000000200eb00000,0x000000200ec00000) (1024K)]
Total: 15

Threads with active compile tasks:
C2 CompilerThread0    56592 3266       4       org.apache.xmlbeans.impl.schema.XsbReader::readHandle (585 bytes)
C1 CompilerThread0    56592 3281       3       com.sun.org.apache.xerces.internal.util.AugmentationsImpl$SmallContainer::clear (41 bytes)
C2 CompilerThread1    56593 2989   !   4       jdk.internal.loader.BuiltinClassLoader::loadClassOrNull (143 bytes)
Total: 3

VM state: not at safepoint (normal execution)

VM Mutex/Monitor currently owned by a thread: None

Heap address: 0x0000000084000000, size: 1984 MB, Compressed Oops mode: 32-bit

CDS archive(s) mapped at: [0x000001bbd8000000-0x000001bbd8c90000-0x000001bbd8c90000), size 13172736, SharedBaseAddress: 0x000001bbd8000000, ArchiveRelocationMode: 1.
Compressed class space mapped at: 0x000001bbd9000000-0x000001bc19000000, reserved size: 1073741824
Narrow klass base: 0x000001bbd8000000, Narrow klass shift: 0, Narrow klass range: 0x100000000

GC Precious Log:
 CardTable entry size: 512
 Card Set container configuration: InlinePtr #cards 5 size 8 Array Of Cards #cards 12 size 40 Howl #buckets 4 coarsen threshold 1843 Howl Bitmap #cards 512 size 80 coarsen threshold 460 Card regions per heap region 1 cards per card region 2048
 CPUs: 8 total, 8 available
 Memory: 7934M
 Large Page Support: Disabled
 NUMA Support: Disabled
 Compressed Oops: Enabled (32-bit)
 Heap Region Size: 1M
 Heap Min Capacity: 8M
 Heap Initial Capacity: 124M
 Heap Max Capacity: 1984M
 Pre-touch: Disabled
 Parallel Workers: 8
 Concurrent Workers: 2
 Concurrent Refinement Workers: 8
 Periodic GC: Disabled

Heap:
 garbage-first heap   total 51200K, used 32024K [0x0000000084000000, 0x0000000100000000)
  region size 1024K, 22 young (22528K), 3 survivors (3072K)
 Metaspace       used 27383K, committed 27840K, reserved 1114112K
  class space    used 3281K, committed 3456K, reserved 1048576K

Heap Regions: E=young(eden), S=young(survivor), O=old, HS=humongous(starts), HC=humongous(continues), CS=collection set, F=free, TAMS=top-at-mark-start, PB=parsable bottom
|   0|0x0000000084000000, 0x0000000084100000, 0x0000000084100000|100%|HS|  |TAMS 0x0000000084000000| PB 0x0000000084000000| Complete 
|   1|0x0000000084100000, 0x0000000084200000, 0x0000000084200000|100%| O|  |TAMS 0x0000000084100000| PB 0x0000000084100000| Untracked 
|   2|0x0000000084200000, 0x0000000084300000, 0x0000000084300000|100%| O|  |TAMS 0x0000000084200000| PB 0x0000000084200000| Untracked 
|   3|0x0000000084300000, 0x0000000084400000, 0x0000000084400000|100%| O|  |TAMS 0x0000000084300000| PB 0x0000000084300000| Untracked 
|   4|0x0000000084400000, 0x0000000084500000, 0x0000000084500000|100%| O|  |TAMS 0x0000000084400000| PB 0x0000000084400000| Untracked 
|   5|0x0000000084500000, 0x0000000084600000, 0x0000000084600000|100%| O|  |TAMS 0x0000000084500000| PB 0x0000000084500000| Untracked 
|   6|0x0000000084600000, 0x0000000084700000, 0x0000000084700000|100%| O|  |TAMS 0x0000000084600000| PB 0x0000000084600000| Untracked 
|   7|0x0000000084700000, 0x0000000084700000, 0x0000000084800000|  0%| F|  |TAMS 0x0000000084700000| PB 0x0000000084700000| Untracked 
|   8|0x0000000084800000, 0x0000000084900000, 0x0000000084900000|100%| O|  |TAMS 0x0000000084800000| PB 0x0000000084800000| Untracked 
|   9|0x0000000084900000, 0x0000000084a00000, 0x0000000084a00000|100%| O|  |TAMS 0x0000000084900000| PB 0x0000000084900000| Untracked 
|  10|0x0000000084a00000, 0x0000000084b00000, 0x0000000084b00000|100%| O|  |TAMS 0x0000000084a00000| PB 0x0000000084a00000| Untracked 
|  11|0x0000000084b00000, 0x0000000084c00000, 0x0000000084c00000|100%| O|  |TAMS 0x0000000084b00000| PB 0x0000000084b00000| Untracked 
|  12|0x0000000084c00000, 0x0000000084c9c800, 0x0000000084d00000| 61%| O|  |TAMS 0x0000000084c00000| PB 0x0000000084c00000| Untracked 
|  13|0x0000000084d00000, 0x0000000084d00000, 0x0000000084e00000|  0%| F|  |TAMS 0x0000000084d00000| PB 0x0000000084d00000| Untracked 
|  14|0x0000000084e00000, 0x0000000084e00000, 0x0000000084f00000|  0%| F|  |TAMS 0x0000000084e00000| PB 0x0000000084e00000| Untracked 
|  15|0x0000000084f00000, 0x0000000084f00000, 0x0000000085000000|  0%| F|  |TAMS 0x0000000084f00000| PB 0x0000000084f00000| Untracked 
|  16|0x0000000085000000, 0x0000000085000000, 0x0000000085100000|  0%| F|  |TAMS 0x0000000085000000| PB 0x0000000085000000| Untracked 
|  17|0x0000000085100000, 0x0000000085100000, 0x0000000085200000|  0%| F|  |TAMS 0x0000000085100000| PB 0x0000000085100000| Untracked 
|  18|0x0000000085200000, 0x0000000085200000, 0x0000000085300000|  0%| F|  |TAMS 0x0000000085200000| PB 0x0000000085200000| Untracked 
|  19|0x0000000085300000, 0x0000000085300000, 0x0000000085400000|  0%| F|  |TAMS 0x0000000085300000| PB 0x0000000085300000| Untracked 
|  20|0x0000000085400000, 0x0000000085400000, 0x0000000085500000|  0%| F|  |TAMS 0x0000000085400000| PB 0x0000000085400000| Untracked 
|  21|0x0000000085500000, 0x0000000085500000, 0x0000000085600000|  0%| F|  |TAMS 0x0000000085500000| PB 0x0000000085500000| Untracked 
|  22|0x0000000085600000, 0x0000000085600000, 0x0000000085700000|  0%| F|  |TAMS 0x0000000085600000| PB 0x0000000085600000| Untracked 
|  23|0x0000000085700000, 0x00000000857a98f0, 0x0000000085800000| 66%| S|CS|TAMS 0x0000000085700000| PB 0x0000000085700000| Complete 
|  24|0x0000000085800000, 0x0000000085900000, 0x0000000085900000|100%| S|CS|TAMS 0x0000000085800000| PB 0x0000000085800000| Complete 
|  25|0x0000000085900000, 0x0000000085a00000, 0x0000000085a00000|100%| S|CS|TAMS 0x0000000085900000| PB 0x0000000085900000| Complete 
|  26|0x0000000085a00000, 0x0000000085a00000, 0x0000000085b00000|  0%| F|  |TAMS 0x0000000085a00000| PB 0x0000000085a00000| Untracked 
|  27|0x0000000085b00000, 0x0000000085b00000, 0x0000000085c00000|  0%| F|  |TAMS 0x0000000085b00000| PB 0x0000000085b00000| Untracked 
|  28|0x0000000085c00000, 0x0000000085c00000, 0x0000000085d00000|  0%| F|  |TAMS 0x0000000085c00000| PB 0x0000000085c00000| Untracked 
|  29|0x0000000085d00000, 0x0000000085d00000, 0x0000000085e00000|  0%| F|  |TAMS 0x0000000085d00000| PB 0x0000000085d00000| Untracked 
|  30|0x0000000085e00000, 0x0000000085e00000, 0x0000000085f00000|  0%| F|  |TAMS 0x0000000085e00000| PB 0x0000000085e00000| Untracked 
|  31|0x0000000085f00000, 0x0000000085f77978, 0x0000000086000000| 46%| E|  |TAMS 0x0000000085f00000| PB 0x0000000085f00000| Complete 
|  32|0x0000000086000000, 0x0000000086100000, 0x0000000086100000|100%| E|CS|TAMS 0x0000000086000000| PB 0x0000000086000000| Complete 
|  33|0x0000000086100000, 0x0000000086200000, 0x0000000086200000|100%| E|CS|TAMS 0x0000000086100000| PB 0x0000000086100000| Complete 
|  34|0x0000000086200000, 0x0000000086300000, 0x0000000086300000|100%| E|CS|TAMS 0x0000000086200000| PB 0x0000000086200000| Complete 
|  35|0x0000000086300000, 0x0000000086400000, 0x0000000086400000|100%| E|CS|TAMS 0x0000000086300000| PB 0x0000000086300000| Complete 
|  36|0x0000000086400000, 0x0000000086500000, 0x0000000086500000|100%| E|CS|TAMS 0x0000000086400000| PB 0x0000000086400000| Complete 
|  37|0x0000000086500000, 0x0000000086600000, 0x0000000086600000|100%| E|CS|TAMS 0x0000000086500000| PB 0x0000000086500000| Complete 
|  38|0x0000000086600000, 0x0000000086700000, 0x0000000086700000|100%| E|CS|TAMS 0x0000000086600000| PB 0x0000000086600000| Complete 
|  39|0x0000000086700000, 0x0000000086800000, 0x0000000086800000|100%| E|CS|TAMS 0x0000000086700000| PB 0x0000000086700000| Complete 
|  40|0x0000000086800000, 0x0000000086900000, 0x0000000086900000|100%| E|CS|TAMS 0x0000000086800000| PB 0x0000000086800000| Complete 
|  41|0x0000000086900000, 0x0000000086a00000, 0x0000000086a00000|100%| E|CS|TAMS 0x0000000086900000| PB 0x0000000086900000| Complete 
|  42|0x0000000086a00000, 0x0000000086b00000, 0x0000000086b00000|100%| E|  |TAMS 0x0000000086a00000| PB 0x0000000086a00000| Complete 
| 105|0x000000008a900000, 0x000000008aa00000, 0x000000008aa00000|100%| E|CS|TAMS 0x000000008a900000| PB 0x000000008a900000| Complete 
| 106|0x000000008aa00000, 0x000000008ab00000, 0x000000008ab00000|100%| E|CS|TAMS 0x000000008aa00000| PB 0x000000008aa00000| Complete 
| 107|0x000000008ab00000, 0x000000008ac00000, 0x000000008ac00000|100%| E|CS|TAMS 0x000000008ab00000| PB 0x000000008ab00000| Complete 
| 108|0x000000008ac00000, 0x000000008ad00000, 0x000000008ad00000|100%| E|CS|TAMS 0x000000008ac00000| PB 0x000000008ac00000| Complete 
| 109|0x000000008ad00000, 0x000000008ae00000, 0x000000008ae00000|100%| E|CS|TAMS 0x000000008ad00000| PB 0x000000008ad00000| Complete 
| 110|0x000000008ae00000, 0x000000008af00000, 0x000000008af00000|100%| E|CS|TAMS 0x000000008ae00000| PB 0x000000008ae00000| Complete 
| 123|0x000000008bb00000, 0x000000008bc00000, 0x000000008bc00000|100%| E|CS|TAMS 0x000000008bb00000| PB 0x000000008bb00000| Complete 

Card table byte_map: [0x000001bbd23e0000,0x000001bbd27c0000] _byte_map_base: 0x000001bbd1fc0000

Marking Bits: (CMBitMap*) 0x000001bbb89779b0
 Bits: [0x000001bbd27c0000, 0x000001bbd46c0000)

Polling page: 0x000001bbb8d80000

Metaspace:

Usage:
  Non-class:     23.54 MB used.
      Class:      3.20 MB used.
       Both:     26.74 MB used.

Virtual space:
  Non-class space:       64.00 MB reserved,      23.81 MB ( 37%) committed,  1 nodes.
      Class space:        1.00 GB reserved,       3.38 MB ( <1%) committed,  1 nodes.
             Both:        1.06 GB reserved,      27.19 MB (  2%) committed. 

Chunk freelists:
   Non-Class:  7.84 MB
       Class:  12.56 MB
        Both:  20.41 MB

MaxMetaspaceSize: unlimited
CompressedClassSpaceSize: 1.00 GB
Initial GC threshold: 21.00 MB
Current GC threshold: 35.12 MB
CDS: on
 - commit_granule_bytes: 65536.
 - commit_granule_words: 8192.
 - virtual_space_node_default_size: 8388608.
 - enlarge_chunks_in_place: 1.
 - use_allocation_guard: 0.


Internal statistics:

num_allocs_failed_limit: 3.
num_arena_births: 550.
num_arena_deaths: 0.
num_vsnodes_births: 2.
num_vsnodes_deaths: 0.
num_space_committed: 435.
num_space_uncommitted: 0.
num_chunks_returned_to_freelist: 3.
num_chunks_taken_from_freelist: 1349.
num_chunk_merges: 3.
num_chunk_splits: 875.
num_chunks_enlarged: 575.
num_inconsistent_stats: 0.

CodeHeap 'non-profiled nmethods': size=120000Kb used=1339Kb max_used=1339Kb free=118661Kb
 bounds [0x000001bbca060000, 0x000001bbca2d0000, 0x000001bbd1590000]
CodeHeap 'profiled nmethods': size=120000Kb used=6517Kb max_used=6517Kb free=113482Kb
 bounds [0x000001bbc2590000, 0x000001bbc2bf0000, 0x000001bbc9ac0000]
CodeHeap 'non-nmethods': size=5760Kb used=1750Kb max_used=1767Kb free=4009Kb
 bounds [0x000001bbc9ac0000, 0x000001bbc9d30000, 0x000001bbca060000]
 total_blobs=3908 nmethods=3279 adapters=533
 compilation: enabled
              stopped_count=0, restarted_count=0
 full_count=0

Compilation events (20 events):
Event: 55.490 Thread 0x000001bbd71a66b0 nmethod 3233 0x000001bbc2bc0090 code [0x000001bbc2bc0320, 0x000001bbc2bc0e88]
Event: 55.490 Thread 0x000001bbd71a66b0 3223       3       com.sun.org.apache.xerces.internal.util.XMLAttributesIteratorImpl::removeAllAttributes (10 bytes)
Event: 55.490 Thread 0x000001bbd71a66b0 nmethod 3223 0x000001bbc2bc1210 code [0x000001bbc2bc13c0, 0x000001bbc2bc1530]
Event: 55.491 Thread 0x000001bbd71a66b0 3224       3       com.sun.org.apache.xerces.internal.util.XMLAttributesImpl::removeAllAttributes (6 bytes)
Event: 55.491 Thread 0x000001bbd71a66b0 nmethod 3224 0x000001bbc2bc1610 code [0x000001bbc2bc17a0, 0x000001bbc2bc18b0]
Event: 55.491 Thread 0x000001bbd71a66b0 3227       3       com.sun.org.apache.xerces.internal.util.NamespaceSupport::pushContext (65 bytes)
Event: 55.491 Thread 0x000001bbd7179c20 nmethod 3199 0x000001bbca1ac190 code [0x000001bbca1ac340, 0x000001bbca1ac578]
Event: 55.491 Thread 0x000001bbd71a66b0 nmethod 3227 0x000001bbc2bc1910 code [0x000001bbc2bc1ac0, 0x000001bbc2bc1de8]
Event: 55.492 Thread 0x000001bbd71a66b0 3225       3       com.sun.org.apache.xerces.internal.impl.XMLDocumentFragmentScannerImpl$ElementStack::popElement (59 bytes)
Event: 55.493 Thread 0x000001bbd71a66b0 nmethod 3225 0x000001bbc2bc1f10 code [0x000001bbc2bc20c0, 0x000001bbc2bc2308]
Event: 55.493 Thread 0x000001bbd71a66b0 3235       3       com.sun.org.apache.xerces.internal.util.NamespaceSupport::popContext (21 bytes)
Event: 55.493 Thread 0x000001bbd71a66b0 nmethod 3235 0x000001bbc2bc2490 code [0x000001bbc2bc2640, 0x000001bbc2bc2788]
Event: 55.493 Thread 0x000001bbd71a66b0 3241       3       org.apache.xmlbeans.impl.store.Cur$CurLoadContext::text (187 bytes)
Event: 55.494 Thread 0x000001bbd71a66b0 nmethod 3241 0x000001bbc2bc2890 code [0x000001bbc2bc2a80, 0x000001bbc2bc2e70]
Event: 55.494 Thread 0x000001bbd71a66b0 3242       3       org.apache.xmlbeans.impl.store.CharUtil::saveChars (489 bytes)
Event: 55.497 Thread 0x000001bbd71a66b0 nmethod 3242 0x000001bbc2bc3010 code [0x000001bbc2bc33a0, 0x000001bbc2bc49e8]
Event: 55.497 Thread 0x000001bbd71a66b0 3243       3       org.apache.xmlbeans.impl.store.CharUtil::allocate (156 bytes)
Event: 55.498 Thread 0x000001bbd71a66b0 nmethod 3243 0x000001bbc2bc5290 code [0x000001bbc2bc54a0, 0x000001bbc2bc5b48]
Event: 55.499 Thread 0x000001bbd71a66b0 3244       3       com.sun.org.apache.xerces.internal.impl.XMLDocumentFragmentScannerImpl::scanEndElement (171 bytes)
Event: 55.501 Thread 0x000001bbd71a66b0 nmethod 3244 0x000001bbc2bc5d90 code [0x000001bbc2bc6020, 0x000001bbc2bc6dc0]

GC Heap History (10 events):
Event: 1.253 GC heap before
{Heap before GC invocations=0 (full 0):
 garbage-first heap   total 126976K, used 23552K [0x0000000084000000, 0x0000000100000000)
  region size 1024K, 23 young (23552K), 0 survivors (0K)
 Metaspace       used 7619K, committed 7936K, reserved 1114112K
  class space    used 858K, committed 1024K, reserved 1048576K
}
Event: 1.261 GC heap after
{Heap after GC invocations=1 (full 0):
 garbage-first heap   total 126976K, used 7936K [0x0000000084000000, 0x0000000100000000)
  region size 1024K, 3 young (3072K), 3 survivors (3072K)
 Metaspace       used 7619K, committed 7936K, reserved 1114112K
  class space    used 858K, committed 1024K, reserved 1048576K
}
Event: 4.701 GC heap before
{Heap before GC invocations=1 (full 0):
 garbage-first heap   total 126976K, used 36608K [0x0000000084000000, 0x0000000100000000)
  region size 1024K, 32 young (32768K), 3 survivors (3072K)
 Metaspace       used 17969K, committed 18432K, reserved 1114112K
  class space    used 2122K, committed 2304K, reserved 1048576K
}
Event: 4.712 GC heap after
{Heap after GC invocations=2 (full 0):
 garbage-first heap   total 126976K, used 11834K [0x0000000084000000, 0x0000000100000000)
  region size 1024K, 4 young (4096K), 4 survivors (4096K)
 Metaspace       used 17969K, committed 18432K, reserved 1114112K
  class space    used 2122K, committed 2304K, reserved 1048576K
}
Event: 45.469 GC heap before
{Heap before GC invocations=2 (full 0):
 garbage-first heap   total 126976K, used 24122K [0x0000000084000000, 0x0000000100000000)
  region size 1024K, 17 young (17408K), 4 survivors (4096K)
 Metaspace       used 21010K, committed 21504K, reserved 1114112K
  class space    used 2526K, committed 2752K, reserved 1048576K
}
Event: 45.483 GC heap after
{Heap after GC invocations=3 (full 0):
 garbage-first heap   total 126976K, used 13115K [0x0000000084000000, 0x0000000100000000)
  region size 1024K, 6 young (6144K), 6 survivors (6144K)
 Metaspace       used 21010K, committed 21504K, reserved 1114112K
  class space    used 2526K, committed 2752K, reserved 1048576K
}
Event: 48.652 GC heap before
{Heap before GC invocations=4 (full 0):
 garbage-first heap   total 51200K, used 37691K [0x0000000084000000, 0x0000000100000000)
  region size 1024K, 30 young (30720K), 6 survivors (6144K)
 Metaspace       used 25399K, committed 25856K, reserved 1114112K
  class space    used 3044K, committed 3264K, reserved 1048576K
}
Event: 48.666 GC heap after
{Heap after GC invocations=5 (full 0):
 garbage-first heap   total 51200K, used 13925K [0x0000000084000000, 0x0000000100000000)
  region size 1024K, 3 young (3072K), 3 survivors (3072K)
 Metaspace       used 25399K, committed 25856K, reserved 1114112K
  class space    used 3044K, committed 3264K, reserved 1048576K
}
Event: 48.734 GC heap before
{Heap before GC invocations=5 (full 0):
 garbage-first heap   total 51200K, used 38501K [0x0000000084000000, 0x0000000100000000)
  region size 1024K, 27 young (27648K), 3 survivors (3072K)
 Metaspace       used 25400K, committed 25856K, reserved 1114112K
  class space    used 3044K, committed 3264K, reserved 1048576K
}
Event: 48.742 GC heap after
{Heap after GC invocations=6 (full 0):
 garbage-first heap   total 51200K, used 14616K [0x0000000084000000, 0x0000000100000000)
  region size 1024K, 3 young (3072K), 3 survivors (3072K)
 Metaspace       used 25400K, committed 25856K, reserved 1114112K
  class space    used 3044K, committed 3264K, reserved 1048576K
}

Dll operation events (11 events):
Event: 0.016 Loaded shared library C:\Program Files\Java\jdk-21\bin\java.dll
Event: 0.059 Loaded shared library C:\Program Files\Java\jdk-21\bin\jsvml.dll
Event: 0.138 Loaded shared library C:\Program Files\Java\jdk-21\bin\net.dll
Event: 0.141 Loaded shared library C:\Program Files\Java\jdk-21\bin\nio.dll
Event: 0.147 Loaded shared library C:\Program Files\Java\jdk-21\bin\zip.dll
Event: 0.426 Loaded shared library C:\Program Files\Java\jdk-21\bin\jimage.dll
Event: 0.501 Loaded shared library C:\Program Files\Java\jdk-21\bin\verify.dll
Event: 0.644 Loaded shared library C:\Program Files\Java\jdk-21\bin\extnet.dll
Event: 3.789 Loaded shared library C:\Program Files\Java\jdk-21\bin\management.dll
Event: 3.794 Loaded shared library C:\Program Files\Java\jdk-21\bin\management_ext.dll
Event: 4.169 Loaded shared library C:\Program Files\Java\jdk-21\bin\sunmscapi.dll

Deoptimization events (20 events):
Event: 55.457 Thread 0x000001bbb86671a0 Uncommon trap: trap_request=0xffffff45 fr.pc=0x000001bbca10e338 relative=0x00000000000003f8
Event: 55.457 Thread 0x000001bbb86671a0 Uncommon trap: reason=unstable_if action=reinterpret pc=0x000001bbca10e338 method=java.lang.StringUTF16.compress([CII)[B @ 13 c2
Event: 55.458 Thread 0x000001bbb86671a0 DEOPT PACKING pc=0x000001bbca10e338 sp=0x000000200e6fcc80
Event: 55.458 Thread 0x000001bbb86671a0 DEOPT UNPACKING pc=0x000001bbc9b17da2 sp=0x000000200e6fcbc0 mode 2
Event: 55.458 Thread 0x000001bbb86671a0 Uncommon trap: trap_request=0xffffff45 fr.pc=0x000001bbca183490 relative=0x00000000000002d0
Event: 55.458 Thread 0x000001bbb86671a0 Uncommon trap: reason=unstable_if action=reinterpret pc=0x000001bbca183490 method=java.lang.String.getChars(II[CI)V @ 24 c2
Event: 55.458 Thread 0x000001bbb86671a0 DEOPT PACKING pc=0x000001bbca183490 sp=0x000000200e6fcc00
Event: 55.458 Thread 0x000001bbb86671a0 DEOPT UNPACKING pc=0x000001bbc9b17da2 sp=0x000000200e6fcb98 mode 2
Event: 55.458 Thread 0x000001bbb86671a0 Uncommon trap: trap_request=0xffffff45 fr.pc=0x000001bbca108738 relative=0x0000000000000218
Event: 55.458 Thread 0x000001bbb86671a0 Uncommon trap: reason=unstable_if action=reinterpret pc=0x000001bbca108738 method=java.lang.StringUTF16.compress([CII)[B @ 13 c2
Event: 55.458 Thread 0x000001bbb86671a0 DEOPT PACKING pc=0x000001bbca108738 sp=0x000000200e6fcc10
Event: 55.458 Thread 0x000001bbb86671a0 DEOPT UNPACKING pc=0x000001bbc9b17da2 sp=0x000000200e6fcbb0 mode 2
Event: 55.458 Thread 0x000001bbb86671a0 Uncommon trap: trap_request=0xffffff45 fr.pc=0x000001bbca0c15f4 relative=0x00000000000001d4
Event: 55.458 Thread 0x000001bbb86671a0 Uncommon trap: reason=unstable_if action=reinterpret pc=0x000001bbca0c15f4 method=java.lang.StringUTF16.compress([CI[BII)I @ 20 c2
Event: 55.458 Thread 0x000001bbb86671a0 DEOPT PACKING pc=0x000001bbca0c15f4 sp=0x000000200e6fcb90
Event: 55.458 Thread 0x000001bbb86671a0 DEOPT UNPACKING pc=0x000001bbc9b17da2 sp=0x000000200e6fcb28 mode 2
Event: 55.494 Thread 0x000001bbb86671a0 Uncommon trap: trap_request=0xffffff45 fr.pc=0x000001bbca1ac4dc relative=0x000000000000019c
Event: 55.494 Thread 0x000001bbb86671a0 Uncommon trap: reason=unstable_if action=reinterpret pc=0x000001bbca1ac4dc method=org.apache.xmlbeans.impl.store.Cur$Locations.insert(III[I[I)I @ 36 c2
Event: 55.494 Thread 0x000001bbb86671a0 DEOPT PACKING pc=0x000001bbca1ac4dc sp=0x000000200e6fd440
Event: 55.494 Thread 0x000001bbb86671a0 DEOPT UNPACKING pc=0x000001bbc9b17da2 sp=0x000000200e6fd3d0 mode 2

Classes loaded (20 events):
Event: 48.589 Loading class java/io/UTFDataFormatException
Event: 48.589 Loading class java/io/UTFDataFormatException done
Event: 48.833 Loading class org/w3c/dom/DOMImplementation
Event: 48.833 Loading class org/w3c/dom/DOMImplementation done
Event: 48.852 Loading class org/w3c/dom/CDATASection
Event: 48.852 Loading class org/w3c/dom/CDATASection done
Event: 48.855 Loading class org/xml/sax/ext/LexicalHandler
Event: 48.855 Loading class org/xml/sax/ext/LexicalHandler done
Event: 48.855 Loading class org/xml/sax/ext/DeclHandler
Event: 48.855 Loading class org/xml/sax/ext/DeclHandler done
Event: 48.885 Loading class java/lang/AbstractMethodError
Event: 48.885 Loading class java/lang/AbstractMethodError done
Event: 48.898 Loading class org/w3c/dom/Comment
Event: 48.899 Loading class org/w3c/dom/Comment done
Event: 48.901 Loading class org/w3c/dom/ProcessingInstruction
Event: 48.901 Loading class org/w3c/dom/ProcessingInstruction done
Event: 48.929 Loading class org/w3c/dom/DocumentFragment
Event: 48.929 Loading class org/w3c/dom/DocumentFragment done
Event: 55.305 Loading class java/util/ConcurrentModificationException
Event: 55.306 Loading class java/util/ConcurrentModificationException done

Classes unloaded (0 events):
No events

Classes redefined (0 events):
No events

Internal exceptions (20 events):
Event: 4.715 Thread 0x000001bc1dbe0a80 Exception <a 'java/lang/NoSuchMethodError'{0x000000008bb0e758}: 'java.lang.Object java.lang.invoke.Invokers$Holder.linkToTargetMethod(java.lang.Object, java.lang.Object, int, java.lang.Object)'> (0x000000008bb0e758) 
thrown [s\open\src\hotspot\share\interpreter\linkResolver.cpp, line 773]
Event: 4.731 Thread 0x000001bc1dbe0a80 Exception <a 'java/lang/NoSuchMethodError'{0x000000008bbdff78}: 'void java.lang.invoke.DirectMethodHandle$Holder.invokeSpecial(java.lang.Object, java.lang.Object, java.lang.Object, java.lang.Object, java.lang.Object)'> (0x000000008bbdff78) 
thrown [s\open\src\hotspot\share\interpreter\linkResolver.cpp, line 773]
Event: 4.745 Thread 0x000001bc1dbe1110 Exception <a 'java/lang/NoSuchMethodError'{0x000000008ba4fbb8}: 'int java.lang.invoke.DirectMethodHandle$Holder.invokeSpecialIFC(java.lang.Object, java.lang.Object, java.lang.Object, java.lang.Object, java.lang.Object)'> (0x000000008ba4fbb8) 
thrown [s\open\src\hotspot\share\interpreter\linkResolver.cpp, line 773]
Event: 5.841 Thread 0x000001bc1dbe1110 Exception <a 'java/lang/NoSuchMethodError'{0x000000008b90ac48}: 'java.lang.Object java.lang.invoke.DirectMethodHandle$Holder.newInvokeSpecial(java.lang.Object, java.lang.Object, long, java.lang.Object, java.lang.Object, java.lang.Object)'> (0x000000008b90ac48) 
thrown [s\open\src\hotspot\share\interpreter\linkResolver.cpp, line 773]
Event: 5.856 Thread 0x000001bc1dbe1110 Exception <a 'java/lang/NoSuchMethodError'{0x000000008b921020}: 'void java.lang.invoke.DirectMethodHandle$Holder.invokeSpecial(java.lang.Object, java.lang.Object, java.lang.Object, java.lang.Object, java.lang.Object, java.lang.Object, java.lang.Object)'> (0x000000008b921020) 
thrown [s\open\src\hotspot\share\interpreter\linkResolver.cpp, line 773]
Event: 5.883 Thread 0x000001bbb86671a0 Exception <a 'java/lang/NoSuchMethodError'{0x000000008b9a3828}: 'java.lang.Object java.lang.invoke.DirectMethodHandle$Holder.invokeSpecialIFC(java.lang.Object, java.lang.Object, java.lang.Object)'> (0x000000008b9a3828) 
thrown [s\open\src\hotspot\share\interpreter\linkResolver.cpp, line 773]
Event: 6.207 Thread 0x000001bbb86671a0 Exception <a 'java/lang/ClassNotFoundException'{0x000000008b509cd0}: sun/util/logging/resources/spi/loggingProvider> (0x000000008b509cd0) 
thrown [s\open\src\hotspot\share\classfile\systemDictionary.cpp, line 312]
Event: 37.520 Thread 0x000001bbb86671a0 Exception <a 'java/lang/NoSuchMethodError'{0x000000008b2744b8}: 'long java.lang.invoke.DelegatingMethodHandle$Holder.reinvoke_L(java.lang.Object, java.lang.Object)'> (0x000000008b2744b8) 
thrown [s\open\src\hotspot\share\interpreter\linkResolver.cpp, line 773]
Event: 37.523 Thread 0x000001bbb86671a0 Exception <a 'java/lang/NoSuchMethodError'{0x000000008b27e180}: 'void java.lang.invoke.DelegatingMethodHandle$Holder.reinvoke_L(java.lang.Object, java.lang.Object, long)'> (0x000000008b27e180) 
thrown [s\open\src\hotspot\share\interpreter\linkResolver.cpp, line 773]
Event: 37.524 Thread 0x000001bbb86671a0 Exception <a 'java/lang/NoSuchMethodError'{0x000000008b284bc0}: 'long java.lang.invoke.Invokers$Holder.invokeExact_MT(java.lang.Object, java.lang.Object, java.lang.Object)'> (0x000000008b284bc0) 
thrown [s\open\src\hotspot\share\interpreter\linkResolver.cpp, line 773]
Event: 45.393 Thread 0x000001bbb86671a0 Implicit null exception at 0x000001bbca1540de to 0x000001bbca1544f8
Event: 45.410 Thread 0x000001bbb86671a0 Exception <a 'java/lang/IncompatibleClassChangeError'{0x000000008b064008}: Found class java.lang.Object, but interface was expected> (0x000000008b064008) 
thrown [s\open\src\hotspot\share\interpreter\linkResolver.cpp, line 840]
Event: 45.793 Thread 0x000001bbb86671a0 Exception <a 'java/lang/NoSuchMethodError'{0x000000008675c180}: 'void java.lang.invoke.DirectMethodHandle$Holder.invokeVirtual(java.lang.Object, java.lang.Object, java.lang.Object, int)'> (0x000000008675c180) 
thrown [s\open\src\hotspot\share\interpreter\linkResolver.cpp, line 773]
Event: 45.796 Thread 0x000001bbb86671a0 Exception <a 'java/lang/NoSuchMethodError'{0x00000000867633d0}: 'void java.lang.invoke.DirectMethodHandle$Holder.invokeVirtual(java.lang.Object, java.lang.Object, java.lang.Object, java.lang.Object)'> (0x00000000867633d0) 
thrown [s\open\src\hotspot\share\interpreter\linkResolver.cpp, line 773]
Event: 45.818 Thread 0x000001bbb86671a0 Exception <a 'java/lang/NoSuchMethodError'{0x0000000086792568}: 'void java.lang.invoke.DirectMethodHandle$Holder.invokeStatic(java.lang.Object, java.lang.Object, java.lang.Object, int)'> (0x0000000086792568) 
thrown [s\open\src\hotspot\share\interpreter\linkResolver.cpp, line 773]
Event: 45.819 Thread 0x000001bbb86671a0 Exception <a 'java/lang/NoSuchMethodError'{0x0000000086795a38}: 'void java.lang.invoke.DirectMethodHandle$Holder.invokeStaticInit(java.lang.Object, java.lang.Object, java.lang.Object, int)'> (0x0000000086795a38) 
thrown [s\open\src\hotspot\share\interpreter\linkResolver.cpp, line 773]
Event: 46.139 Thread 0x000001bbb86671a0 Exception <a 'java/lang/NoSuchMethodError'{0x00000000864fd7f8}: 'java.lang.Object java.lang.invoke.DirectMethodHandle$Holder.invokeStaticInit(java.lang.Object, java.lang.Object, java.lang.Object)'> (0x00000000864fd7f8) 
thrown [s\open\src\hotspot\share\interpreter\linkResolver.cpp, line 773]
Event: 46.141 Thread 0x000001bbb86671a0 Exception <a 'java/lang/NoSuchMethodError'{0x000000008630bfc8}: 'java.lang.Object java.lang.invoke.DirectMethodHandle$Holder.invokeStatic(java.lang.Object, java.lang.Object, int, int)'> (0x000000008630bfc8) 
thrown [s\open\src\hotspot\share\interpreter\linkResolver.cpp, line 773]
Event: 46.142 Thread 0x000001bbb86671a0 Exception <a 'java/lang/NoSuchMethodError'{0x000000008630f678}: 'java.lang.Object java.lang.invoke.DirectMethodHandle$Holder.invokeStaticInit(java.lang.Object, java.lang.Object, int, int)'> (0x000000008630f678) 
thrown [s\open\src\hotspot\share\interpreter\linkResolver.cpp, line 773]
Event: 48.595 Thread 0x000001bbb86671a0 Exception <a 'java/lang/NoSuchMethodError'{0x0000000085b12ef8}: 'java.lang.Object java.lang.invoke.DirectMethodHandle$Holder.newInvokeSpecial(java.lang.Object, java.lang.Object, int, java.lang.Object)'> (0x0000000085b12ef8) 
thrown [s\open\src\hotspot\share\interpreter\linkResolver.cpp, line 773]

ZGC Phase Switch (0 events):
No events

VM Operations (20 events):
Event: 45.501 Executing VM operation: G1PauseRemark
Event: 45.505 Executing VM operation: G1PauseRemark done
Event: 45.510 Executing VM operation: G1PauseCleanup
Event: 45.523 Executing VM operation: G1PauseCleanup done
Event: 45.601 Executing VM operation: HandshakeAllThreads (Deoptimize)
Event: 45.601 Executing VM operation: HandshakeAllThreads (Deoptimize) done
Event: 46.609 Executing VM operation: Cleanup
Event: 46.609 Executing VM operation: Cleanup done
Event: 47.609 Executing VM operation: Cleanup
Event: 47.609 Executing VM operation: Cleanup done
Event: 48.589 Executing VM operation: HandshakeAllThreads (Deoptimize)
Event: 48.589 Executing VM operation: HandshakeAllThreads (Deoptimize) done
Event: 48.652 Executing VM operation: G1CollectForAllocation (G1 Evacuation Pause)
Event: 48.667 Executing VM operation: G1CollectForAllocation (G1 Evacuation Pause) done
Event: 48.734 Executing VM operation: G1CollectForAllocation (G1 Evacuation Pause)
Event: 48.742 Executing VM operation: G1CollectForAllocation (G1 Evacuation Pause) done
Event: 49.744 Executing VM operation: Cleanup
Event: 50.145 Executing VM operation: Cleanup done
Event: 56.212 Executing VM operation: Cleanup
Event: 56.212 Executing VM operation: Cleanup done

Events (20 events):
Event: 4.464 Thread 0x000001bc1dc08750 Thread added: 0x000001bc1dc08750
Event: 4.500 Thread 0x000001bc1dd2b030 Thread added: 0x000001bc1dd2b030
Event: 4.504 Thread 0x000001bc1dbdf010 Thread added: 0x000001bc1dbdf010
Event: 4.505 Thread 0x000001bc1dbe2b50 Thread added: 0x000001bc1dbe2b50
Event: 4.509 Thread 0x000001bc1dbdfd60 Thread added: 0x000001bc1dbdfd60
Event: 4.617 Thread 0x000001bc1dbe24c0 Thread added: 0x000001bc1dbe24c0
Event: 4.673 Thread 0x000001bc1dbe0a80 Thread added: 0x000001bc1dbe0a80
Event: 4.677 Thread 0x000001bc1dbe03f0 Thread added: 0x000001bc1dbe03f0
Event: 4.743 Thread 0x000001bc1dbe1110 Thread added: 0x000001bc1dbe1110
Event: 4.745 Thread 0x000001bc1dbe17a0 Thread added: 0x000001bc1dbe17a0
Event: 4.745 Thread 0x000001bc1dbe1e30 Thread added: 0x000001bc1dbe1e30
Event: 5.795 Thread 0x000001bc1dd9a6a0 Thread exited: 0x000001bc1dd9a6a0
Event: 5.997 Thread 0x000001bc1dbdf6d0 Thread added: 0x000001bc1dbdf6d0
Event: 5.999 Thread 0x000001bbd7b32560 Thread added: 0x000001bbd7b32560
Event: 6.009 Thread 0x000001bbd7b32bf0 Thread added: 0x000001bbd7b32bf0
Event: 6.016 Thread 0x000001bbd7b33910 Thread added: 0x000001bbd7b33910
Event: 14.626 Thread 0x000001bc1dbe24c0 Thread exited: 0x000001bc1dbe24c0
Event: 45.916 Thread 0x000001bc1d7168f0 Thread added: 0x000001bc1d7168f0
Event: 46.336 Thread 0x000001bc1d7168f0 Thread exited: 0x000001bc1d7168f0
Event: 48.650 Thread 0x000001bc1d402b50 Thread added: 0x000001bc1d402b50


Dynamic libraries:
0x00007ff6bdff0000 - 0x00007ff6be000000 	C:\Program Files\Java\jdk-21\bin\javaw.exe
0x00007ff961200000 - 0x00007ff961466000 	C:\WINDOWS\SYSTEM32\ntdll.dll
0x00007ff95fb30000 - 0x00007ff95fbf9000 	C:\WINDOWS\System32\KERNEL32.DLL
0x00007ff95e700000 - 0x00007ff95eafa000 	C:\WINDOWS\System32\KERNELBASE.dll
0x00007ff95eca0000 - 0x00007ff95edec000 	C:\WINDOWS\System32\ucrtbase.dll
0x00007ff94de20000 - 0x00007ff94de39000 	C:\Program Files\Java\jdk-21\bin\jli.dll
0x00007ff961040000 - 0x00007ff9610f6000 	C:\WINDOWS\System32\ADVAPI32.dll
0x00007ff95fc90000 - 0x00007ff95fd39000 	C:\WINDOWS\System32\msvcrt.dll
0x00007ff9601c0000 - 0x00007ff96026a000 	C:\WINDOWS\System32\sechost.dll
0x00007ff95ef80000 - 0x00007ff95f098000 	C:\WINDOWS\System32\RPCRT4.dll
0x00007ff94de40000 - 0x00007ff94de5b000 	C:\Program Files\Java\jdk-21\bin\VCRUNTIME140.dll
0x00007ff95f4f0000 - 0x00007ff95f6b7000 	C:\WINDOWS\System32\USER32.dll
0x00007ff95ebb0000 - 0x00007ff95ebd7000 	C:\WINDOWS\System32\win32u.dll
0x00007ff960170000 - 0x00007ff96019b000 	C:\WINDOWS\System32\GDI32.dll
0x00007ff943eb0000 - 0x00007ff944142000 	C:\WINDOWS\WinSxS\amd64_microsoft.windows.common-controls_6595b64144ccf1df_6.0.26100.8521_none_3e08b75ce33403b3\COMCTL32.dll
0x00007ff95e490000 - 0x00007ff95e5bb000 	C:\WINDOWS\System32\gdi32full.dll
0x00007ff95eb00000 - 0x00007ff95eba3000 	C:\WINDOWS\System32\msvcp_win.dll
0x00007ff94d650000 - 0x00007ff94d65b000 	C:\WINDOWS\SYSTEM32\VERSION.dll
0x00007ff95f6c0000 - 0x00007ff95f6f2000 	C:\WINDOWS\System32\IMM32.DLL
0x00007ff94df20000 - 0x00007ff94df2c000 	C:\Program Files\Java\jdk-21\bin\vcruntime140_1.dll
0x00007ff943090000 - 0x00007ff94311e000 	C:\Program Files\Java\jdk-21\bin\msvcp140.dll
0x00007ff8dfdb0000 - 0x00007ff8e0ac7000 	C:\Program Files\Java\jdk-21\bin\server\jvm.dll
0x00007ff95faa0000 - 0x00007ff95fb20000 	C:\WINDOWS\System32\WS2_32.dll
0x00007ff95e2f0000 - 0x00007ff95e34e000 	C:\WINDOWS\SYSTEM32\POWRPROF.dll
0x00007ff956090000 - 0x00007ff9560c6000 	C:\WINDOWS\SYSTEM32\WINMM.dll
0x00007ff95e2d0000 - 0x00007ff95e2e4000 	C:\WINDOWS\SYSTEM32\UMPDC.dll
0x00007ff95d220000 - 0x00007ff95d23b000 	C:\WINDOWS\SYSTEM32\kernel.appcore.dll
0x00007ff94ddc0000 - 0x00007ff94ddca000 	C:\Program Files\Java\jdk-21\bin\jimage.dll
0x00007ff95ba90000 - 0x00007ff95bcd2000 	C:\WINDOWS\SYSTEM32\DBGHELP.DLL
0x00007ff95f700000 - 0x00007ff95fa83000 	C:\WINDOWS\System32\combase.dll
0x00007ff95ff20000 - 0x00007ff95fff9000 	C:\WINDOWS\System32\OLEAUT32.dll
0x00007ff940190000 - 0x00007ff9401cb000 	C:\WINDOWS\SYSTEM32\dbgcore.DLL
0x00007ff95e5c0000 - 0x00007ff95e668000 	C:\WINDOWS\System32\bcryptPrimitives.dll
0x00007ff94dda0000 - 0x00007ff94ddbf000 	C:\Program Files\Java\jdk-21\bin\java.dll
0x00007ff960890000 - 0x00007ff961014000 	C:\WINDOWS\System32\SHELL32.dll
0x00007ff95c040000 - 0x00007ff95c8c0000 	C:\WINDOWS\SYSTEM32\windows.storage.dll
0x00007ff95f290000 - 0x00007ff95f386000 	C:\WINDOWS\System32\SHCORE.dll
0x00007ff960100000 - 0x00007ff960167000 	C:\WINDOWS\System32\shlwapi.dll
0x00007ff95e3b0000 - 0x00007ff95e3d9000 	C:\WINDOWS\SYSTEM32\profapi.dll
0x00007ff8e6ff0000 - 0x00007ff8e70c7000 	C:\Program Files\Java\jdk-21\bin\jsvml.dll
0x00007ff94dd90000 - 0x00007ff94dda0000 	C:\Program Files\Java\jdk-21\bin\net.dll
0x00007ff950200000 - 0x00007ff950329000 	C:\WINDOWS\SYSTEM32\WINHTTP.dll
0x00007ff95d790000 - 0x00007ff95d7fc000 	C:\WINDOWS\system32\mswsock.dll
0x00007ff94dd70000 - 0x00007ff94dd86000 	C:\Program Files\Java\jdk-21\bin\nio.dll
0x00007ff943070000 - 0x00007ff943088000 	C:\Program Files\Java\jdk-21\bin\zip.dll
0x00007ff94dd60000 - 0x00007ff94dd70000 	C:\Program Files\Java\jdk-21\bin\verify.dll
0x00007ff95cd00000 - 0x00007ff95ce4a000 	C:\WINDOWS\SYSTEM32\DNSAPI.dll
0x00007ff95d590000 - 0x00007ff95d59d000 	C:\WINDOWS\SYSTEM32\DSPARSE.dll
0x00007ff95cc40000 - 0x00007ff95cc73000 	C:\WINDOWS\SYSTEM32\IPHLPAPI.DLL
0x00007ff95ef70000 - 0x00007ff95ef7a000 	C:\WINDOWS\System32\NSI.dll
0x00007ff94f400000 - 0x00007ff94f40b000 	C:\Windows\System32\rasadhlp.dll
0x00007ff9585d0000 - 0x00007ff958656000 	C:\WINDOWS\System32\fwpuclnt.dll
0x00007ff94de90000 - 0x00007ff94de99000 	C:\Program Files\Java\jdk-21\bin\extnet.dll
0x00007ff95da70000 - 0x00007ff95da8b000 	C:\WINDOWS\SYSTEM32\CRYPTSP.dll
0x00007ff95d180000 - 0x00007ff95d1b9000 	C:\WINDOWS\system32\rsaenh.dll
0x00007ff95d840000 - 0x00007ff95d873000 	C:\WINDOWS\SYSTEM32\USERENV.dll
0x00007ff95e380000 - 0x00007ff95e3aa000 	C:\WINDOWS\SYSTEM32\bcrypt.dll
0x00007ff95da90000 - 0x00007ff95da9c000 	C:\WINDOWS\SYSTEM32\CRYPTBASE.dll
0x00007ff94df80000 - 0x00007ff94df8a000 	C:\Program Files\Java\jdk-21\bin\management.dll
0x00007ff94dea0000 - 0x00007ff94deab000 	C:\Program Files\Java\jdk-21\bin\management_ext.dll
0x00007ff9601a0000 - 0x00007ff9601a8000 	C:\WINDOWS\System32\PSAPI.DLL
0x00007ff943060000 - 0x00007ff94306e000 	C:\Program Files\Java\jdk-21\bin\sunmscapi.dll
0x00007ff95edf0000 - 0x00007ff95ef68000 	C:\WINDOWS\System32\CRYPT32.dll
0x00007ff95dc90000 - 0x00007ff95dcc0000 	C:\WINDOWS\SYSTEM32\ncrypt.dll
0x00007ff95dc40000 - 0x00007ff95dc7f000 	C:\WINDOWS\SYSTEM32\NTASN1.dll
0x00007ff91cd20000 - 0x00007ff91cd28000 	C:\WINDOWS\system32\wshunix.dll

dbghelp: loaded successfully - version: 4.0.5 - missing functions: none
symbol engine: initialized successfully - sym options: 0x614 - pdb path: .;C:\Program Files\Java\jdk-21\bin;C:\WINDOWS\SYSTEM32;C:\WINDOWS\WinSxS\amd64_microsoft.windows.common-controls_6595b64144ccf1df_6.0.26100.8521_none_3e08b75ce33403b3;C:\Program Files\Java\jdk-21\bin\server

VM Arguments:
jvm_args: -ea -Dfile.encoding=UTF-8 -Dstdout.encoding=UTF-8 -Dstderr.encoding=UTF-8 -XX:+ShowCodeDetailsInExceptionMessages 
java_command: org.testng.remote.RemoteTestNG -serport 53310 -protocol json -d D:\Eclipse-Rajeev\Octopussaas_main_Framework\test-output C:\Users\Rajeev nandi\AppData\Local\Temp\testng-eclipse-945608097\testng-customsuite.xml
java_class_path (initial): C:\Users\Rajeev nandi\eclipse\java-2025-06\eclipse\configuration\org.eclipse.osgi\523\0\.cp\lib\testng-remote.jar;D:\Eclipse-Rajeev\Octopussaas_main_Framework\target\test-classes;D:\Eclipse-Rajeev\Octopussaas_main_Framework\target\classes;C:\Users\Rajeev nandi\.m2\repository\org\seleniumhq\selenium\selenium-java\4.34.0\selenium-java-4.34.0.jar;C:\Users\Rajeev nandi\.m2\repository\org\seleniumhq\selenium\selenium-api\4.34.0\selenium-api-4.34.0.jar;C:\Users\Rajeev nandi\.m2\repository\org\jspecify\jspecify\1.0.0\jspecify-1.0.0.jar;C:\Users\Rajeev nandi\.m2\repository\org\seleniumhq\selenium\selenium-chrome-driver\4.34.0\selenium-chrome-driver-4.34.0.jar;C:\Users\Rajeev nandi\.m2\repository\com\google\auto\service\auto-service-annotations\1.1.1\auto-service-annotations-1.1.1.jar;C:\Users\Rajeev nandi\.m2\repository\org\seleniumhq\selenium\selenium-chromium-driver\4.34.0\selenium-chromium-driver-4.34.0.jar;C:\Users\Rajeev nandi\.m2\repository\org\seleniumhq\selenium\selenium-json\4.34.0\selenium-json-4.34.0.jar;C:\Users\Rajeev nandi\.m2\repository\org\seleniumhq\selenium\selenium-manager\4.34.0\selenium-manager-4.34.0.jar;C:\Users\Rajeev nandi\.m2\repository\org\seleniumhq\selenium\selenium-devtools-v136\4.34.0\selenium-devtools-v136-4.34.0.jar;C:\Users\Rajeev nandi\.m2\repository\org\seleniumhq\selenium\selenium-devtools-v137\4.34.0\selenium-devtools-v137-4.34.0.jar;C:\Users\Rajeev nandi\.m2\repository\org\seleniumhq\selenium\selenium-devtools-v138\4.34.0\selenium-devtools-v138-4.34.0.jar;C:\Users\Rajeev nandi\.m2\repository\org\seleniumhq\selenium\selenium-edge-driver\4.34.0\selenium-edge-driver-4.34.0.jar;C:\Users\Rajeev nandi\.m2\repository\org\seleniumhq\selenium\selenium-firefox-driver\4.34.0\selenium-firefox-driver-4.34.0.jar;C:\Users\Rajeev nandi\.m2\repository\org\seleniumhq\selenium\selenium-http\4.34.0\selenium-http-4.34.0.jar;C:\Users\Rajeev nandi\.m2\repository\org\seleniumhq\selenium\selenium-ie-driver\4.34.0\selenium-ie-driver-4.34.0.jar;C:\Users\Rajeev nandi\.m2\repository\org\seleniumhq\selenium\selenium-remote-driver\4.34.0\selenium-remote-driver-4.34.0.jar;C:\Users\Rajeev nandi\.m2\repository\com\google\guava\guava\33.4.8-jre\guava-33.4.8-jre.jar;C:\Users\Rajeev nandi\.m2\repository\com\google\guava\failureaccess\1.0.3\failureaccess-1.0.3.jar;C:\Users\Rajeev nandi\.m2\repository\com\google\guava\listenablefuture\9999.0-empty-to-avoid-conflict-with-guava\listenablefuture-9999.0-empty-to-avoid-conflict-with-guava.jar;C:\Users\Rajeev nandi\.m2\repository\com\google\errorprone\error_prone_annotations\2.36.0\error_prone_annotations-2.36.0.jar;C:\Users\Rajeev nandi\.m2\repository\com\google\j2objc\j2objc-annotations\3.0.0\j2objc-annotations-3.0.0.jar;C:\Users\Rajeev nandi\.m2\repository\io\opentelemetry\opentelemetry-api\1.51.0\opentelemetry-api-1.51.0.jar;C:\Users\Rajeev nandi\.m2\repository\io\opentelemetry\opentelemetry-context\1.51.0\opentelemetry-context-1.51.0.jar;C:\Users\Rajeev nandi\.m2\repository\io\opentelemetry\opentelemetry-exporter-logging\1.51.0\opentelemetry-exporter-logging-1.51.0.jar;C:\Users\Rajeev nandi\.m2\repository\io\opentelemetry\opentelemetry-sdk-common\1.51.0\opentelemetry-sdk-common-1.51.0.jar;C:\Users\Rajeev nandi\.m2\repository\io\opentelemetry\opentelemetry-sdk-extension-autoconfigure-spi\1.51.0\opentelemetry-sdk-extension-autoconfigure-spi-1.51.0.jar;C:\Users\Rajeev nandi\.m2\repository\io\opentelemetry\opentelemetry-sdk-extension-autoconfigure\1.51.0\opentelemetry-sdk-extension-autoconfigure-1.51.0.jar;C:\Users\Rajeev nandi\.m2\repository\io\opentelemetry\opentelemetry-sdk-trace\1.51.0\opentelemetry-sdk-trace-1.51.0.jar;C:\Users\Rajeev nandi\.m2\repository\io\opentelemetry\opentelemetry-sdk\1.51.0\opentelemetry-sdk-1.51.0.jar;C:\Users\Rajeev nandi\.m2\repository\io\opentelemetry\opentelemetry-sdk-metrics\1.51.0\opentelemetry-sdk-metrics-1.51.0.jar;C:\Users\Rajeev nandi\.m2\repository\io\opentelemetry\opentelemetry-sdk-logs\1.51.0\opentelemetry-sdk-logs-1.51.0.jar;C:\Users\Rajeev nandi\.m2\repository\net\bytebuddy\byte-buddy\1.17.6\byte-buddy-1.17.6.jar;C:\Users\Rajeev nandi\.m2\repository\org\seleniumhq\selenium\selenium-os\4.34.0\selenium-os-4.34.0.jar;C:\Users\Rajeev nandi\.m2\repository\org\apache\commons\commons-exec\1.5.0\commons-exec-1.5.0.jar;C:\Users\Rajeev nandi\.m2\repository\org\seleniumhq\selenium\selenium-safari-driver\4.34.0\selenium-safari-driver-4.34.0.jar;C:\Users\Rajeev nandi\.m2\repository\org\seleniumhq\selenium\selenium-support\4.34.0\selenium-support-4.34.0.jar;C:\Users\Rajeev nandi\.m2\repository\org\apache\poi\poi\5.2.3\poi-5.2.3.jar;C:\Users\Rajeev nandi\.m2\repository\commons-codec\commons-codec\1.15\commons-codec-1.15.jar;C:\Users\Rajeev nandi\.m2\repository\org\apache\commons\commons-collections4\4.4\commons-collections4-4.4.jar;C:\Users\Rajeev nandi\.m2\repository\org\apache\commons\commons-math3\3.6.1\commons-math3-3.6.1.jar;C:\Users\Rajeev nandi\.m2\repository\com\zaxxer\SparseBitSet\1.2\SparseBitSet-1.2.jar;C:\Users\Rajeev nandi\.m2\repository\org\apache\logging\log4j\log4j-api\2.18.0\log4j-api-2.18.0.jar;C:\Users\Rajeev nandi\.m2\repository\org\apache\poi\poi-ooxml\5.2.3\poi-ooxml-5.2.3.jar;C:\Users\Rajeev nandi\.m2\repository\org\apache\poi\poi-ooxml-lite\5.2.3\poi-ooxml-lite-5.2.3.jar;C:\Users\Rajeev nandi\.m2\repository\org\apache\xmlbeans\xmlbeans\5.1.1\xmlbeans-5.1.1.jar;C:\Users\Rajeev nandi\.m2\repository\org\apache\commons\commons-compress\1.21\commons-compress-1.21.jar;C:\Users\Rajeev nandi\.m2\repository\com\github\virtuald\curvesapi\1.07\curvesapi-1.07.jar;C:\Users\Rajeev nandi\.m2\repository\org\testng\testng\7.10.0\testng-7.10.0.jar;C:\Users\Rajeev nandi\.m2\repository\org\slf4j\slf4j-api\1.7.36\slf4j-api-1.7.36.jar;C:\Users\Rajeev nandi\.m2\repository\com\beust\jcommander\1.82\jcommander-1.82.jar;C:\Users\Rajeev nandi\.m2\repository\org\webjars\jquery\3.7.1\jquery-3.7.1.jar;C:\Users\Rajeev nandi\.m2\repository\org\projectlombok\lombok\1.18.30\lombok-1.18.30.jar;C:\Users\Rajeev nandi\.m2\repository\com\googlecode\json-simple\json-simple\1.1\json-simple-1.1.jar;C:\Users\Rajeev nandi\.m2\repository\com\mysql\mysql-connector-j\9.1.0\mysql-connector-j-9.1.0.jar;C:\Users\Rajeev nandi\.m2\repository\com\google\protobuf\protobuf-java\4.26.1\protobuf-java-4.26.1.jar;C:\Users\Rajeev nandi\.m2\repository\commons-io\commons-io\2.13.0\commons-io-2.13.0.jar;C:\Users\Rajeev nandi\.m2\repository\com\aventstack\extentreports\5.0.9\extentreports-5.0.9.jar;C:\Users\Rajeev nandi\.m2\repository\io\reactivex\rxjava3\rxjava\3.0.4\rxjava-3.0.4.jar;C:\Users\Rajeev nandi\.m2\repository\org\reactivestreams\reactive-streams\1.0.3\reactive-streams-1.0.3.jar;C:\Users\Rajeev nandi\.m2\repository\org\freemarker\freemarker\2.3.30\freemarker-2.3.30.jar;C:\Users\Rajeev nandi\.m2\repository\com\google\code\gson\gson\2.8.6\gson-2.8.6.jar
Launcher Type: SUN_STANDARD

[Global flags]
     intx CICompilerCount                          = 4                                         {product} {ergonomic}
     uint ConcGCThreads                            = 2                                         {product} {ergonomic}
     uint G1ConcRefinementThreads                  = 8                                         {product} {ergonomic}
   size_t G1HeapRegionSize                         = 1048576                                   {product} {ergonomic}
    uintx GCDrainStackTargetSize                   = 64                                        {product} {ergonomic}
   size_t InitialHeapSize                          = 130023424                                 {product} {ergonomic}
   size_t MarkStackSize                            = 4194304                                   {product} {ergonomic}
   size_t MaxHeapSize                              = 2080374784                                {product} {ergonomic}
   size_t MaxNewSize                               = 1247805440                                {product} {ergonomic}
   size_t MinHeapDeltaBytes                        = 1048576                                   {product} {ergonomic}
   size_t MinHeapSize                              = 8388608                                   {product} {ergonomic}
    uintx NonNMethodCodeHeapSize                   = 5839372                                {pd product} {ergonomic}
    uintx NonProfiledCodeHeapSize                  = 122909434                              {pd product} {ergonomic}
    uintx ProfiledCodeHeapSize                     = 122909434                              {pd product} {ergonomic}
    uintx ReservedCodeCacheSize                    = 251658240                              {pd product} {ergonomic}
     bool SegmentedCodeCache                       = true                                      {product} {ergonomic}
     bool ShowCodeDetailsInExceptionMessages       = true                                   {manageable} {command line}
   size_t SoftMaxHeapSize                          = 2080374784                             {manageable} {ergonomic}
     bool UseCompressedOops                        = true                           {product lp64_product} {ergonomic}
     bool UseG1GC                                  = true                                      {product} {ergonomic}
     bool UseLargePagesIndividualAllocation        = false                                  {pd product} {ergonomic}

Logging:
Log output configuration:
 #0: stdout all=warning uptime,level,tags foldmultilines=false
 #1: stderr all=off uptime,level,tags foldmultilines=false

Environment Variables:
JAVA_HOME=C:\Program Files\Java\jdk-17
PATH=C:\Python314\Scripts\;C:\Python314\;C:\app\Rajeevnandi2\product\11.2.0\dbhome_1\bin;C:\app\Rajeevnandi\product\11.2.0\dbhome_2\bin;C:\app\Rajeevnandi\product\11.2.0\dbhome_1\bin;C:\Program Files\Common Files\Oracle\Java\javapath;C:\WINDOWS\system32;C:\WINDOWS;C:\WINDOWS\System32\Wbem;C:\WINDOWS\System32\WindowsPowerShell\v1.0\;C:\WINDOWS\System32\OpenSSH\;C:\Program Files\dotnet\;C:\Program Files\Java\jdk-21\bin;C:\Program Files\Java\jdk-17\bin;D:\automation software\apache-maven-3.9.11-bin\apache-maven-3.9.11\bin;C:\Program Files\Git\cmd;C:\ProgramData\chocolatey\bin;C:\Program Files\nodejs\;C:\Program Files\MySQL\MySQL Shell 8.0\bin\;C:\Users\Rajeev nandi\AppData\Local\Microsoft\WindowsApps;C:\Program Files\JetBrains\PyCharm 2023.2\bin;;C:\Users\Rajeev nandi\AppData\Local\Programs\Microsoft VS Code\bin;D:\automation software\apache-maven-3.9.11-bin\apache-maven-3.9.11\bin;C:\Users\Rajeev nandi\AppData\Roaming\npm;C:\Users\Rajeev nandi\AppData\Local\GitHubDesktop\bin;
USERNAME=Rajeev nandi
OS=Windows_NT
PROCESSOR_IDENTIFIER=Intel64 Family 6 Model 140 Stepping 1, GenuineIntel
TMP=C:\Users\Rajeev nandi\AppData\Local\Temp
TEMP=C:\Users\Rajeev nandi\AppData\Local\Temp




Periodic native trim disabled

---------------  S Y S T E M  ---------------

OS:
 Windows 11 , 64 bit Build 26100 (10.0.26100.8521)
OS uptime: 7 days 2:07 hours
Hyper-V role detected

CPU: total 8 (initial active 8) (4 cores per cpu, 2 threads per core) family 6 model 140 stepping 1 microcode 0xbe, cx8, cmov, fxsr, ht, mmx, 3dnowpref, sse, sse2, sse3, ssse3, sse4.1, sse4.2, popcnt, lzcnt, tsc, tscinvbit, avx, avx2, aes, erms, clmul, bmi1, bmi2, adx, avx512f, avx512dq, avx512cd, avx512bw, avx512vl, sha, fma, vzeroupper, avx512_vpopcntdq, avx512_vpclmulqdq, avx512_vaes, avx512_vnni, clflush, clflushopt, clwb, avx512_vbmi2, avx512_vbmi, hv, rdtscp, rdpid, fsrm, gfni, avx512_bitalg, f16c, cet_ibt, cet_ss, avx512_ifma
Processor Information for all 8 processors :
  Max Mhz: 2419, Current Mhz: 1007, Mhz Limit: 2419

Memory: 4k page, system-wide physical 7934M (463M free)
TotalPageFile size 32510M (AvailPageFile size 107M)
current process WorkingSet (physical memory assigned to process): 143M, peak: 143M
current process commit charge ("private bytes"): 199M, peak: 250M

vm_info: Java HotSpot(TM) 64-Bit Server VM (21.0.2+13-LTS-58) for windows-amd64 JRE (21.0.2+13-LTS-58), built on 2024-01-05T18:32:24Z by "mach5one" with MS VC++ 17.1 (VS2022)

END.
