#
# There is insufficient memory for the Java Runtime Environment to continue.
# Native memory allocation (malloc) failed to allocate 65552 bytes for Chunk::new
# Possible reasons:
#   The system is out of physical RAM or swap space
#   The process is running with CompressedOops enabled, and the Java Heap may be blocking the growth of the native heap
# Possible solutions:
#   Reduce memory load on the system
#   Increase physical memory or swap space
#   Check if swap backing store is full
#   Decrease Java heap size (-Xmx/-Xms)
#   Decrease number of Java threads
#   Decrease Java thread stack sizes (-Xss)
#   Set larger code cache with -XX:ReservedCodeCacheSize=
#   JVM is running with Unscaled Compressed Oops mode in which the Java heap is
#     placed in the first 4GB address space. The Java Heap base address is the
#     maximum limit for the native heap growth. Please use -XX:HeapBaseMinAddress
#     to set the Java Heap base and to place the Java Heap above 4GB virtual address.
# This output file may be truncated or incomplete.
#
#  Out of Memory Error (./open/src/hotspot/share/memory/arena.cpp:197), pid=22752, tid=21412
#
# JRE version: Java(TM) SE Runtime Environment 18.9 (11.0.21+9) (build 11.0.21+9-LTS-193)
# Java VM: Java HotSpot(TM) 64-Bit Server VM 18.9 (11.0.21+9-LTS-193, mixed mode, tiered, compressed oops, g1 gc, windows-amd64)
# No core dump will be written. Minidumps are not enabled by default on client versions of Windows
#

---------------  S U M M A R Y ------------

Command Line: -ea -Dfile.encoding=UTF-8 -Dstdout.encoding=UTF-8 -Dstderr.encoding=UTF-8 org.testng.remote.RemoteTestNG -serport 58631 -protocol json -d D:\Eclipse-Rajeev\Octopussaas_main_Framework\test-output C:\Users\Rajeev nandi\AppData\Local\Temp\testng-eclipse-1076485149\testng-customsuite.xml

Host: 11th Gen Intel(R) Core(TM) i5-1135G7 @ 2.40GHz, 8 cores, 7G,  Windows 11 , 64 bit Build 26100 (10.0.26100.8521)
Time: Thu Jun  4 13:52:58 2026 India Standard Time elapsed time: 41.943588 seconds (0d 0h 0m 41s)

---------------  T H R E A D  ---------------

Current thread (0x00000213c4abb800):  JavaThread "C2 CompilerThread0" daemon [_thread_in_native, id=21412, stack(0x0000003b82800000,0x0000003b82900000)]


Current CompileTask:
C2:  41944 3040   !   4       jdk.internal.loader.BuiltinClassLoader::loadClassOrNull (143 bytes)

Stack: [0x0000003b82800000,0x0000003b82900000]
Native frames: (J=compiled Java code, j=interpreted, Vv=VM code, C=native code)
V  [jvm.dll+0x66058a]
V  [jvm.dll+0x7a362f]
V  [jvm.dll+0x7a4cf9]
V  [jvm.dll+0x7a5393]
V  [jvm.dll+0x258f55]
V  [jvm.dll+0xb2a0c]
V  [jvm.dll+0xb2fcc]
V  [jvm.dll+0xb2b24]
V  [jvm.dll+0x63fccf]
V  [jvm.dll+0x55fe5e]
V  [jvm.dll+0x55f606]
V  [jvm.dll+0x55ec40]
V  [jvm.dll+0x55ec54]
V  [jvm.dll+0x55ec54]
V  [jvm.dll+0x55ec54]
V  [jvm.dll+0x55ec54]
V  [jvm.dll+0x55ec54]
V  [jvm.dll+0x55ec54]
V  [jvm.dll+0x55ec54]
V  [jvm.dll+0x55ec54]
V  [jvm.dll+0x55ec54]
V  [jvm.dll+0x55ec54]
V  [jvm.dll+0x55ec54]
V  [jvm.dll+0x55ec54]
V  [jvm.dll+0x55ec54]
V  [jvm.dll+0x55ec54]
V  [jvm.dll+0x55ec54]
V  [jvm.dll+0x55ec54]
V  [jvm.dll+0x55ec54]
V  [jvm.dll+0x55ec54]
V  [jvm.dll+0x55ec54]
V  [jvm.dll+0x55ec54]
V  [jvm.dll+0x55ec54]
V  [jvm.dll+0x55ec54]
V  [jvm.dll+0x56fe8d]
V  [jvm.dll+0x211417]
V  [jvm.dll+0x213b39]
V  [jvm.dll+0x210af4]
V  [jvm.dll+0x18cdb1]
V  [jvm.dll+0x220e99]
V  [jvm.dll+0x21f1bc]
V  [jvm.dll+0x7673c1]
V  [jvm.dll+0x75fc44]
V  [jvm.dll+0x65f435]
C  [ucrtbase.dll+0x2cd30]
C  [KERNEL32.DLL+0x2e957]
C  [ntdll.dll+0x87c1c]


---------------  P R O C E S S  ---------------

Threads class SMR info:
_java_thread_list=0x00000213c62ea690, length=34, elements={
0x00000213a445c800, 0x00000213c4237800, 0x00000213c4a68800, 0x00000213c4ab7800,
0x00000213c4ab8800, 0x00000213c4ab9800, 0x00000213c4abb800, 0x00000213c4acf000,
0x00000213c4b3a800, 0x00000213c4c48000, 0x00000213c576e800, 0x00000213c5860000,
0x00000213c5d70800, 0x00000213c5883800, 0x00000213c5ad4000, 0x00000213c5ad4800,
0x00000213c5ad5800, 0x00000213c59ad800, 0x00000213c4bcd000, 0x00000213c4bca800,
0x00000213c4bcd800, 0x00000213c4bcb000, 0x00000213c4bce800, 0x00000213c4bcf800,
0x00000213c4bd0000, 0x00000213c4bd1000, 0x00000213c5d22000, 0x00000213c5d23000,
0x00000213c5d20800, 0x00000213c5d23800, 0x00000213c5d21000, 0x00000213c5d24800,
0x00000213c5d26000, 0x00000213c5796800
}

Java Threads: ( => current thread )
  0x00000213a445c800 JavaThread "main" [_thread_in_vm, id=4976, stack(0x0000003b81c00000,0x0000003b81d00000)]
  0x00000213c4237800 JavaThread "Reference Handler" daemon [_thread_blocked, id=34704, stack(0x0000003b82300000,0x0000003b82400000)]
  0x00000213c4a68800 JavaThread "Finalizer" daemon [_thread_blocked, id=3948, stack(0x0000003b82400000,0x0000003b82500000)]
  0x00000213c4ab7800 JavaThread "Signal Dispatcher" daemon [_thread_blocked, id=14444, stack(0x0000003b82500000,0x0000003b82600000)]
  0x00000213c4ab8800 JavaThread "Attach Listener" daemon [_thread_blocked, id=14060, stack(0x0000003b82600000,0x0000003b82700000)]
  0x00000213c4ab9800 JavaThread "Service Thread" daemon [_thread_blocked, id=14788, stack(0x0000003b82700000,0x0000003b82800000)]
=>0x00000213c4abb800 JavaThread "C2 CompilerThread0" daemon [_thread_in_native, id=21412, stack(0x0000003b82800000,0x0000003b82900000)]
  0x00000213c4acf000 JavaThread "C1 CompilerThread0" daemon [_thread_in_vm, id=344, stack(0x0000003b82900000,0x0000003b82a00000)]
  0x00000213c4b3a800 JavaThread "Sweeper thread" daemon [_thread_blocked, id=22000, stack(0x0000003b82a00000,0x0000003b82b00000)]
  0x00000213c4c48000 JavaThread "Common-Cleaner" daemon [_thread_blocked, id=34320, stack(0x0000003b82c00000,0x0000003b82d00000)]
  0x00000213c576e800 JavaThread "ReaderThread" [_thread_in_native, id=6936, stack(0x0000003b82f00000,0x0000003b83000000)]
  0x00000213c5860000 JavaThread "ForkJoinPool.commonPool-worker-3" daemon [_thread_blocked, id=29240, stack(0x0000003b83300000,0x0000003b83400000)]
  0x00000213c5d70800 JavaThread "ForkJoinPool.commonPool-worker-5" daemon [_thread_blocked, id=540, stack(0x0000003b83400000,0x0000003b83500000)]
  0x00000213c5883800 JavaThread "ForkJoinPool.commonPool-worker-7" daemon [_thread_blocked, id=32432, stack(0x0000003b83500000,0x0000003b83600000)]
  0x00000213c5ad4000 JavaThread "ForkJoinPool.commonPool-worker-9" daemon [_thread_blocked, id=10252, stack(0x0000003b83600000,0x0000003b83700000)]
  0x00000213c5ad4800 JavaThread "ForkJoinPool.commonPool-worker-11" daemon [_thread_blocked, id=3324, stack(0x0000003b83700000,0x0000003b83800000)]
  0x00000213c5ad5800 JavaThread "ForkJoinPool.commonPool-worker-13" daemon [_thread_blocked, id=29592, stack(0x0000003b83800000,0x0000003b83900000)]
  0x00000213c59ad800 JavaThread "ForkJoinPool.commonPool-worker-15" daemon [_thread_blocked, id=14128, stack(0x0000003b83900000,0x0000003b83a00000)]
  0x00000213c4bcd000 JavaThread "HttpClient-1-SelectorManager" daemon [_thread_in_native, id=33200, stack(0x0000003b83c00000,0x0000003b83d00000)]
  0x00000213c4bca800 JavaThread "External Process Output Forwarder - C:\Users\Rajeev nandi\.cache\selenium\chromedriver\win64\148.0.7778.178\chromedriver.exe" daemon [_thread_in_native, id=33924, stack(0x0000003b82d00000,0x0000003b82e00000)]
  0x00000213c4bcd800 JavaThread "Driver Service Executor" daemon [_thread_blocked, id=2560, stack(0x0000003b83b00000,0x0000003b83c00000)]
  0x00000213c4bcb000 JavaThread "Driver Service Executor" daemon [_thread_blocked, id=20772, stack(0x0000003b83d00000,0x0000003b83e00000)]
  0x00000213c4bce800 JavaThread "UrlChecker-2" daemon [_thread_blocked, id=31904, stack(0x0000003b83e00000,0x0000003b83f00000)]
  0x00000213c4bcf800 JavaThread "JdkHttpClient-0-0" daemon [_thread_blocked, id=9220, stack(0x0000003b84100000,0x0000003b84200000)]
  0x00000213c4bd0000 JavaThread "CompletableFutureDelayScheduler" daemon [_thread_blocked, id=11772, stack(0x0000003b84200000,0x0000003b84300000)]
  0x00000213c4bd1000 JavaThread "JdkHttpClient-0-1" daemon [_thread_blocked, id=10860, stack(0x0000003b84300000,0x0000003b84400000)]
  0x00000213c5d22000 JavaThread "JdkHttpClient-0-2" daemon [_thread_blocked, id=10944, stack(0x0000003b84400000,0x0000003b84500000)]
  0x00000213c5d23000 JavaThread "JdkHttpClient-0-3" daemon [_thread_blocked, id=31824, stack(0x0000003b84500000,0x0000003b84600000)]
  0x00000213c5d20800 JavaThread "HttpClient-2-SelectorManager" daemon [_thread_in_native, id=6752, stack(0x0000003b84000000,0x0000003b84100000)]
  0x00000213c5d23800 JavaThread "JdkHttpClient-1-0" daemon [_thread_blocked, id=34180, stack(0x0000003b84600000,0x0000003b84700000)]
  0x00000213c5d21000 JavaThread "JdkHttpClient-1-1" daemon [_thread_blocked, id=17668, stack(0x0000003b84700000,0x0000003b84800000)]
  0x00000213c5d24800 JavaThread "JdkHttpClient-1-2" daemon [_thread_blocked, id=28252, stack(0x0000003b84800000,0x0000003b84900000)]
  0x00000213c5d26000 JavaThread "JdkHttpClient-1-3" daemon [_thread_blocked, id=20588, stack(0x0000003b84900000,0x0000003b84a00000)]
  0x00000213c5796800 JavaThread "C2 CompilerThread1" daemon [_thread_in_native, id=18644, stack(0x0000003b84b00000,0x0000003b84c00000)]

Other Threads:
  0x00000213c4232800 VMThread "VM Thread" [stack: 0x0000003b82200000,0x0000003b82300000] [id=32744]
  0x00000213c4c4a800 WatcherThread [stack: 0x0000003b82b00000,0x0000003b82c00000] [id=27824]
  0x00000213a4473000 GCTaskThread "GC Thread#0" [stack: 0x0000003b81d00000,0x0000003b81e00000] [id=18324]
  0x00000213c4e5e000 GCTaskThread "GC Thread#1" [stack: 0x0000003b83000000,0x0000003b83100000] [id=23880]
  0x00000213c55e5000 GCTaskThread "GC Thread#2" [stack: 0x0000003b83100000,0x0000003b83200000] [id=31776]
  0x00000213c594c800 GCTaskThread "GC Thread#3" [stack: 0x0000003b83200000,0x0000003b83300000] [id=32464]
  0x00000213a44a6000 ConcurrentGCThread "G1 Main Marker" [stack: 0x0000003b81e00000,0x0000003b81f00000] [id=26828]
  0x00000213a44af800 ConcurrentGCThread "G1 Conc#0" [stack: 0x0000003b81f00000,0x0000003b82000000] [id=9436]
  0x00000213c54be800 ConcurrentGCThread "G1 Conc#1" [stack: 0x0000003b83a00000,0x0000003b83b00000] [id=31112]
  0x00000213a44a6800 ConcurrentGCThread "G1 Refine#0" [stack: 0x0000003b82000000,0x0000003b82100000] [id=32524]
  0x00000213c4094800 ConcurrentGCThread "G1 Young RemSet Sampling" [stack: 0x0000003b82100000,0x0000003b82200000] [id=23284]

Threads with active compile tasks:
C2 CompilerThread0    42110 3040   !   4       jdk.internal.loader.BuiltinClassLoader::loadClassOrNull (143 bytes)
C1 CompilerThread0    42111 3168       3       org.apache.xmlbeans.impl.store.Cur::getName (36 bytes)
C2 CompilerThread1    42111 3166       4       org.apache.xmlbeans.impl.store.Cur::moveTo (274 bytes)

VM state:not at safepoint (normal execution)

VM Mutex/Monitor currently owned by a thread:  ([mutex/lock_event])
[0x00000213a4459b50] Compile_lock - owner thread: 0x00000213c4acf000

Heap address: 0x0000000084000000, size: 1984 MB, Compressed Oops mode: 32-bit
Narrow klass base: 0x0000000000000000, Narrow klass shift: 3
Compressed class space size: 1073741824 Address: 0x0000000100000000

Heap:
 garbage-first heap   total 126976K, used 23296K [0x0000000084000000, 0x0000000100000000)
  region size 1024K, 15 young (15360K), 6 survivors (6144K)
 Metaspace       used 35511K, capacity 36957K, committed 37248K, reserved 1081344K
  class space    used 4152K, capacity 4783K, committed 4864K, reserved 1048576K
Heap Regions: E=young(eden), S=young(survivor), O=old, HS=humongous(starts), HC=humongous(continues), CS=collection set, F=free, A=archive, TAMS=top-at-mark-start (previous, next)
|   0|0x0000000084000000, 0x0000000084100000, 0x0000000084100000|100%|HS|  |TAMS 0x0000000084100000, 0x0000000084000000| Complete 
|   1|0x0000000084100000, 0x0000000084200000, 0x0000000084200000|100%| O|  |TAMS 0x0000000084200000, 0x0000000084100000| Untracked 
|   2|0x0000000084200000, 0x0000000084300000, 0x0000000084300000|100%| O|  |TAMS 0x0000000084300000, 0x0000000084200000| Untracked 
|   3|0x0000000084300000, 0x0000000084400000, 0x0000000084400000|100%| O|  |TAMS 0x0000000084400000, 0x0000000084300000| Untracked 
|   4|0x0000000084400000, 0x0000000084500000, 0x0000000084500000|100%| O|  |TAMS 0x0000000084500000, 0x0000000084400000| Untracked 
|   5|0x0000000084500000, 0x0000000084600000, 0x0000000084600000|100%| O|  |TAMS 0x0000000084600000, 0x0000000084500000| Untracked 
|   6|0x0000000084600000, 0x0000000084700000, 0x0000000084700000|100%| O|  |TAMS 0x0000000084700000, 0x0000000084600000| Untracked 
|   7|0x0000000084700000, 0x0000000084800000, 0x0000000084800000|100%| O|  |TAMS 0x0000000084800000, 0x0000000084700000| Untracked 
|   8|0x0000000084800000, 0x0000000084900000, 0x0000000084900000|100%| O|  |TAMS 0x0000000084900000, 0x0000000084800000| Untracked 
|   9|0x0000000084900000, 0x000000008495e000, 0x0000000084a00000| 36%| O|  |TAMS 0x000000008495e000, 0x0000000084900000| Untracked 
|  10|0x0000000084a00000, 0x0000000084a00000, 0x0000000084b00000|  0%| F|  |TAMS 0x0000000084a00000, 0x0000000084a00000| Untracked 
|  11|0x0000000084b00000, 0x0000000084b00000, 0x0000000084c00000|  0%| F|  |TAMS 0x0000000084b00000, 0x0000000084b00000| Untracked 
|  12|0x0000000084c00000, 0x0000000084c00000, 0x0000000084d00000|  0%| F|  |TAMS 0x0000000084c00000, 0x0000000084c00000| Untracked 
|  13|0x0000000084d00000, 0x0000000084d00000, 0x0000000084e00000|  0%| F|  |TAMS 0x0000000084d00000, 0x0000000084d00000| Untracked 
|  14|0x0000000084e00000, 0x0000000084e00000, 0x0000000084f00000|  0%| F|  |TAMS 0x0000000084e00000, 0x0000000084e00000| Untracked 
|  15|0x0000000084f00000, 0x0000000084f00000, 0x0000000085000000|  0%| F|  |TAMS 0x0000000084f00000, 0x0000000084f00000| Untracked 
|  16|0x0000000085000000, 0x0000000085000000, 0x0000000085100000|  0%| F|  |TAMS 0x0000000085000000, 0x0000000085000000| Untracked 
|  17|0x0000000085100000, 0x0000000085100000, 0x0000000085200000|  0%| F|  |TAMS 0x0000000085100000, 0x0000000085100000| Untracked 
|  18|0x0000000085200000, 0x0000000085200000, 0x0000000085300000|  0%| F|  |TAMS 0x0000000085200000, 0x0000000085200000| Untracked 
|  19|0x0000000085300000, 0x0000000085300000, 0x0000000085400000|  0%| F|  |TAMS 0x0000000085300000, 0x0000000085300000| Untracked 
|  20|0x0000000085400000, 0x0000000085400000, 0x0000000085500000|  0%| F|  |TAMS 0x0000000085400000, 0x0000000085400000| Untracked 
|  21|0x0000000085500000, 0x0000000085500000, 0x0000000085600000|  0%| F|  |TAMS 0x0000000085500000, 0x0000000085500000| Untracked 
|  22|0x0000000085600000, 0x0000000085600000, 0x0000000085700000|  0%| F|  |TAMS 0x0000000085600000, 0x0000000085600000| Untracked 
|  23|0x0000000085700000, 0x0000000085700000, 0x0000000085800000|  0%| F|  |TAMS 0x0000000085700000, 0x0000000085700000| Untracked 
|  24|0x0000000085800000, 0x0000000085800000, 0x0000000085900000|  0%| F|  |TAMS 0x0000000085800000, 0x0000000085800000| Untracked 
|  25|0x0000000085900000, 0x0000000085900000, 0x0000000085a00000|  0%| F|  |TAMS 0x0000000085900000, 0x0000000085900000| Untracked 
|  26|0x0000000085a00000, 0x0000000085a00000, 0x0000000085b00000|  0%| F|  |TAMS 0x0000000085a00000, 0x0000000085a00000| Untracked 
|  27|0x0000000085b00000, 0x0000000085b00000, 0x0000000085c00000|  0%| F|  |TAMS 0x0000000085b00000, 0x0000000085b00000| Untracked 
|  28|0x0000000085c00000, 0x0000000085c00000, 0x0000000085d00000|  0%| F|  |TAMS 0x0000000085c00000, 0x0000000085c00000| Untracked 
|  29|0x0000000085d00000, 0x0000000085d00000, 0x0000000085e00000|  0%| F|  |TAMS 0x0000000085d00000, 0x0000000085d00000| Untracked 
|  30|0x0000000085e00000, 0x0000000085e00000, 0x0000000085f00000|  0%| F|  |TAMS 0x0000000085e00000, 0x0000000085e00000| Untracked 
|  31|0x0000000085f00000, 0x0000000085f00000, 0x0000000086000000|  0%| F|  |TAMS 0x0000000085f00000, 0x0000000085f00000| Untracked 
|  32|0x0000000086000000, 0x0000000086000000, 0x0000000086100000|  0%| F|  |TAMS 0x0000000086000000, 0x0000000086000000| Untracked 
|  33|0x0000000086100000, 0x0000000086100000, 0x0000000086200000|  0%| F|  |TAMS 0x0000000086100000, 0x0000000086100000| Untracked 
|  34|0x0000000086200000, 0x0000000086200000, 0x0000000086300000|  0%| F|  |TAMS 0x0000000086200000, 0x0000000086200000| Untracked 
|  35|0x0000000086300000, 0x0000000086300000, 0x0000000086400000|  0%| F|  |TAMS 0x0000000086300000, 0x0000000086300000| Untracked 
|  36|0x0000000086400000, 0x0000000086400000, 0x0000000086500000|  0%| F|  |TAMS 0x0000000086400000, 0x0000000086400000| Untracked 
|  37|0x0000000086500000, 0x0000000086500000, 0x0000000086600000|  0%| F|  |TAMS 0x0000000086500000, 0x0000000086500000| Untracked 
|  38|0x0000000086600000, 0x0000000086600000, 0x0000000086700000|  0%| F|  |TAMS 0x0000000086600000, 0x0000000086600000| Untracked 
|  39|0x0000000086700000, 0x0000000086700000, 0x0000000086800000|  0%| F|  |TAMS 0x0000000086700000, 0x0000000086700000| Untracked 
|  40|0x0000000086800000, 0x0000000086800000, 0x0000000086900000|  0%| F|  |TAMS 0x0000000086800000, 0x0000000086800000| Untracked 
|  41|0x0000000086900000, 0x0000000086900000, 0x0000000086a00000|  0%| F|  |TAMS 0x0000000086900000, 0x0000000086900000| Untracked 
|  42|0x0000000086a00000, 0x0000000086a00000, 0x0000000086b00000|  0%| F|  |TAMS 0x0000000086a00000, 0x0000000086a00000| Untracked 
|  43|0x0000000086b00000, 0x0000000086b00000, 0x0000000086c00000|  0%| F|  |TAMS 0x0000000086b00000, 0x0000000086b00000| Untracked 
|  44|0x0000000086c00000, 0x0000000086c00000, 0x0000000086d00000|  0%| F|  |TAMS 0x0000000086c00000, 0x0000000086c00000| Untracked 
|  45|0x0000000086d00000, 0x0000000086d00000, 0x0000000086e00000|  0%| F|  |TAMS 0x0000000086d00000, 0x0000000086d00000| Untracked 
|  46|0x0000000086e00000, 0x0000000086e00000, 0x0000000086f00000|  0%| F|  |TAMS 0x0000000086e00000, 0x0000000086e00000| Untracked 
|  47|0x0000000086f00000, 0x0000000086f00000, 0x0000000087000000|  0%| F|  |TAMS 0x0000000086f00000, 0x0000000086f00000| Untracked 
|  48|0x0000000087000000, 0x0000000087000000, 0x0000000087100000|  0%| F|  |TAMS 0x0000000087000000, 0x0000000087000000| Untracked 
|  49|0x0000000087100000, 0x0000000087100000, 0x0000000087200000|  0%| F|  |TAMS 0x0000000087100000, 0x0000000087100000| Untracked 
|  50|0x0000000087200000, 0x0000000087200000, 0x0000000087300000|  0%| F|  |TAMS 0x0000000087200000, 0x0000000087200000| Untracked 
|  51|0x0000000087300000, 0x0000000087300000, 0x0000000087400000|  0%| F|  |TAMS 0x0000000087300000, 0x0000000087300000| Untracked 
|  52|0x0000000087400000, 0x0000000087400000, 0x0000000087500000|  0%| F|  |TAMS 0x0000000087400000, 0x0000000087400000| Untracked 
|  53|0x0000000087500000, 0x0000000087500000, 0x0000000087600000|  0%| F|  |TAMS 0x0000000087500000, 0x0000000087500000| Untracked 
|  54|0x0000000087600000, 0x0000000087600000, 0x0000000087700000|  0%| F|  |TAMS 0x0000000087600000, 0x0000000087600000| Untracked 
|  55|0x0000000087700000, 0x0000000087700000, 0x0000000087800000|  0%| F|  |TAMS 0x0000000087700000, 0x0000000087700000| Untracked 
|  56|0x0000000087800000, 0x0000000087800000, 0x0000000087900000|  0%| F|  |TAMS 0x0000000087800000, 0x0000000087800000| Untracked 
|  57|0x0000000087900000, 0x0000000087900000, 0x0000000087a00000|  0%| F|  |TAMS 0x0000000087900000, 0x0000000087900000| Untracked 
|  58|0x0000000087a00000, 0x0000000087a00000, 0x0000000087b00000|  0%| F|  |TAMS 0x0000000087a00000, 0x0000000087a00000| Untracked 
|  59|0x0000000087b00000, 0x0000000087b00000, 0x0000000087c00000|  0%| F|  |TAMS 0x0000000087b00000, 0x0000000087b00000| Untracked 
|  60|0x0000000087c00000, 0x0000000087c00000, 0x0000000087d00000|  0%| F|  |TAMS 0x0000000087c00000, 0x0000000087c00000| Untracked 
|  61|0x0000000087d00000, 0x0000000087d00000, 0x0000000087e00000|  0%| F|  |TAMS 0x0000000087d00000, 0x0000000087d00000| Untracked 
|  62|0x0000000087e00000, 0x0000000087e00000, 0x0000000087f00000|  0%| F|  |TAMS 0x0000000087e00000, 0x0000000087e00000| Untracked 
|  63|0x0000000087f00000, 0x0000000087f00000, 0x0000000088000000|  0%| F|  |TAMS 0x0000000087f00000, 0x0000000087f00000| Untracked 
|  64|0x0000000088000000, 0x0000000088000000, 0x0000000088100000|  0%| F|  |TAMS 0x0000000088000000, 0x0000000088000000| Untracked 
|  65|0x0000000088100000, 0x0000000088100000, 0x0000000088200000|  0%| F|  |TAMS 0x0000000088100000, 0x0000000088100000| Untracked 
|  66|0x0000000088200000, 0x0000000088200000, 0x0000000088300000|  0%| F|  |TAMS 0x0000000088200000, 0x0000000088200000| Untracked 
|  67|0x0000000088300000, 0x0000000088300000, 0x0000000088400000|  0%| F|  |TAMS 0x0000000088300000, 0x0000000088300000| Untracked 
|  68|0x0000000088400000, 0x0000000088400000, 0x0000000088500000|  0%| F|  |TAMS 0x0000000088400000, 0x0000000088400000| Untracked 
|  69|0x0000000088500000, 0x0000000088500000, 0x0000000088600000|  0%| F|  |TAMS 0x0000000088500000, 0x0000000088500000| Untracked 
|  70|0x0000000088600000, 0x0000000088600000, 0x0000000088700000|  0%| F|  |TAMS 0x0000000088600000, 0x0000000088600000| Untracked 
|  71|0x0000000088700000, 0x0000000088700000, 0x0000000088800000|  0%| F|  |TAMS 0x0000000088700000, 0x0000000088700000| Untracked 
|  72|0x0000000088800000, 0x0000000088800000, 0x0000000088900000|  0%| F|  |TAMS 0x0000000088800000, 0x0000000088800000| Untracked 
|  73|0x0000000088900000, 0x0000000088900000, 0x0000000088a00000|  0%| F|  |TAMS 0x0000000088900000, 0x0000000088900000| Untracked 
|  74|0x0000000088a00000, 0x0000000088a00000, 0x0000000088b00000|  0%| F|  |TAMS 0x0000000088a00000, 0x0000000088a00000| Untracked 
|  75|0x0000000088b00000, 0x0000000088b00000, 0x0000000088c00000|  0%| F|  |TAMS 0x0000000088b00000, 0x0000000088b00000| Untracked 
|  76|0x0000000088c00000, 0x0000000088c00000, 0x0000000088d00000|  0%| F|  |TAMS 0x0000000088c00000, 0x0000000088c00000| Untracked 
|  77|0x0000000088d00000, 0x0000000088d00000, 0x0000000088e00000|  0%| F|  |TAMS 0x0000000088d00000, 0x0000000088d00000| Untracked 
|  78|0x0000000088e00000, 0x0000000088e00000, 0x0000000088f00000|  0%| F|  |TAMS 0x0000000088e00000, 0x0000000088e00000| Untracked 
|  79|0x0000000088f00000, 0x0000000088f00000, 0x0000000089000000|  0%| F|  |TAMS 0x0000000088f00000, 0x0000000088f00000| Untracked 
|  80|0x0000000089000000, 0x0000000089000000, 0x0000000089100000|  0%| F|  |TAMS 0x0000000089000000, 0x0000000089000000| Untracked 
|  81|0x0000000089100000, 0x0000000089100000, 0x0000000089200000|  0%| F|  |TAMS 0x0000000089100000, 0x0000000089100000| Untracked 
|  82|0x0000000089200000, 0x0000000089200000, 0x0000000089300000|  0%| F|  |TAMS 0x0000000089200000, 0x0000000089200000| Untracked 
|  83|0x0000000089300000, 0x0000000089300000, 0x0000000089400000|  0%| F|  |TAMS 0x0000000089300000, 0x0000000089300000| Untracked 
|  84|0x0000000089400000, 0x0000000089400000, 0x0000000089500000|  0%| F|  |TAMS 0x0000000089400000, 0x0000000089400000| Untracked 
|  85|0x0000000089500000, 0x0000000089500000, 0x0000000089600000|  0%| F|  |TAMS 0x0000000089500000, 0x0000000089500000| Untracked 
|  86|0x0000000089600000, 0x0000000089600000, 0x0000000089700000|  0%| F|  |TAMS 0x0000000089600000, 0x0000000089600000| Untracked 
|  87|0x0000000089700000, 0x0000000089700000, 0x0000000089800000|  0%| F|  |TAMS 0x0000000089700000, 0x0000000089700000| Untracked 
|  88|0x0000000089800000, 0x0000000089800000, 0x0000000089900000|  0%| F|  |TAMS 0x0000000089800000, 0x0000000089800000| Untracked 
|  89|0x0000000089900000, 0x0000000089900000, 0x0000000089a00000|  0%| F|  |TAMS 0x0000000089900000, 0x0000000089900000| Untracked 
|  90|0x0000000089a00000, 0x0000000089a00000, 0x0000000089b00000|  0%| F|  |TAMS 0x0000000089a00000, 0x0000000089a00000| Untracked 
|  91|0x0000000089b00000, 0x0000000089b00000, 0x0000000089c00000|  0%| F|  |TAMS 0x0000000089b00000, 0x0000000089b00000| Untracked 
|  92|0x0000000089c00000, 0x0000000089c00000, 0x0000000089d00000|  0%| F|  |TAMS 0x0000000089c00000, 0x0000000089c00000| Untracked 
|  93|0x0000000089d00000, 0x0000000089d00000, 0x0000000089e00000|  0%| F|  |TAMS 0x0000000089d00000, 0x0000000089d00000| Untracked 
|  94|0x0000000089e00000, 0x0000000089e00000, 0x0000000089f00000|  0%| F|  |TAMS 0x0000000089e00000, 0x0000000089e00000| Untracked 
|  95|0x0000000089f00000, 0x0000000089f00000, 0x000000008a000000|  0%| F|  |TAMS 0x0000000089f00000, 0x0000000089f00000| Untracked 
|  96|0x000000008a000000, 0x000000008a000000, 0x000000008a100000|  0%| F|  |TAMS 0x000000008a000000, 0x000000008a000000| Untracked 
|  97|0x000000008a100000, 0x000000008a1621f0, 0x000000008a200000| 38%| S|CS|TAMS 0x000000008a100000, 0x000000008a100000| Complete 
|  98|0x000000008a200000, 0x000000008a300000, 0x000000008a300000|100%| S|CS|TAMS 0x000000008a200000, 0x000000008a200000| Complete 
|  99|0x000000008a300000, 0x000000008a400000, 0x000000008a400000|100%| S|CS|TAMS 0x000000008a300000, 0x000000008a300000| Complete 
| 100|0x000000008a400000, 0x000000008a500000, 0x000000008a500000|100%| S|CS|TAMS 0x000000008a400000, 0x000000008a400000| Complete 
| 101|0x000000008a500000, 0x000000008a600000, 0x000000008a600000|100%| S|CS|TAMS 0x000000008a500000, 0x000000008a500000| Complete 
| 102|0x000000008a600000, 0x000000008a700000, 0x000000008a700000|100%| S|CS|TAMS 0x000000008a600000, 0x000000008a600000| Complete 
| 103|0x000000008a700000, 0x000000008a700000, 0x000000008a800000|  0%| F|  |TAMS 0x000000008a700000, 0x000000008a700000| Untracked 
| 104|0x000000008a800000, 0x000000008a800000, 0x000000008a900000|  0%| F|  |TAMS 0x000000008a800000, 0x000000008a800000| Untracked 
| 105|0x000000008a900000, 0x000000008a900000, 0x000000008aa00000|  0%| F|  |TAMS 0x000000008a900000, 0x000000008a900000| Untracked 
| 106|0x000000008aa00000, 0x000000008aa00000, 0x000000008ab00000|  0%| F|  |TAMS 0x000000008aa00000, 0x000000008aa00000| Untracked 
| 107|0x000000008ab00000, 0x000000008ab00000, 0x000000008ac00000|  0%| F|  |TAMS 0x000000008ab00000, 0x000000008ab00000| Untracked 
| 108|0x000000008ac00000, 0x000000008ac00000, 0x000000008ad00000|  0%| F|  |TAMS 0x000000008ac00000, 0x000000008ac00000| Untracked 
| 109|0x000000008ad00000, 0x000000008ad00000, 0x000000008ae00000|  0%| F|  |TAMS 0x000000008ad00000, 0x000000008ad00000| Untracked 
| 110|0x000000008ae00000, 0x000000008ae00000, 0x000000008af00000|  0%| F|  |TAMS 0x000000008ae00000, 0x000000008ae00000| Untracked 
| 111|0x000000008af00000, 0x000000008af00000, 0x000000008b000000|  0%| F|  |TAMS 0x000000008af00000, 0x000000008af00000| Untracked 
| 112|0x000000008b000000, 0x000000008b000000, 0x000000008b100000|  0%| F|  |TAMS 0x000000008b000000, 0x000000008b000000| Untracked 
| 113|0x000000008b100000, 0x000000008b100000, 0x000000008b200000|  0%| F|  |TAMS 0x000000008b100000, 0x000000008b100000| Untracked 
| 114|0x000000008b200000, 0x000000008b200000, 0x000000008b300000|  0%| F|  |TAMS 0x000000008b200000, 0x000000008b200000| Untracked 
| 115|0x000000008b300000, 0x000000008b382010, 0x000000008b400000| 50%| E|  |TAMS 0x000000008b300000, 0x000000008b300000| Complete 
| 116|0x000000008b400000, 0x000000008b500000, 0x000000008b500000|100%| E|CS|TAMS 0x000000008b400000, 0x000000008b400000| Complete 
| 117|0x000000008b500000, 0x000000008b600000, 0x000000008b600000|100%| E|CS|TAMS 0x000000008b500000, 0x000000008b500000| Complete 
| 118|0x000000008b600000, 0x000000008b700000, 0x000000008b700000|100%| E|CS|TAMS 0x000000008b600000, 0x000000008b600000| Complete 
| 119|0x000000008b700000, 0x000000008b800000, 0x000000008b800000|100%| E|CS|TAMS 0x000000008b700000, 0x000000008b700000| Complete 
| 120|0x000000008b800000, 0x000000008b900000, 0x000000008b900000|100%| E|CS|TAMS 0x000000008b800000, 0x000000008b800000| Complete 
| 121|0x000000008b900000, 0x000000008ba00000, 0x000000008ba00000|100%| E|CS|TAMS 0x000000008b900000, 0x000000008b900000| Complete 
| 122|0x000000008ba00000, 0x000000008bb00000, 0x000000008bb00000|100%| E|CS|TAMS 0x000000008ba00000, 0x000000008ba00000| Complete 
| 123|0x000000008bb00000, 0x000000008bc00000, 0x000000008bc00000|100%| E|CS|TAMS 0x000000008bb00000, 0x000000008bb00000| Complete 

Card table byte_map: [0x00000213bd190000,0x00000213bd570000] _byte_map_base: 0x00000213bcd70000

Marking Bits (Prev, Next): (CMBitMap*) 0x00000213a449d638, (CMBitMap*) 0x00000213a449d670
 Prev Bits: [0x00000213bd950000, 0x00000213bf850000)
 Next Bits: [0x00000213bf850000, 0x00000213c1750000)

Polling page: 0x00000213a4520000

Metaspace:

Usage:
  Non-class:     31.42 MB capacity,    30.63 MB ( 97%) used,   641.04 KB (  2%) free+waste,   166.44 KB ( <1%) overhead. 
      Class:      4.67 MB capacity,     4.06 MB ( 87%) used,   541.99 KB ( 11%) free+waste,    88.25 KB (  2%) overhead. 
       Both:     36.09 MB capacity,    34.69 MB ( 96%) used,     1.16 MB (  3%) free+waste,   254.69 KB ( <1%) overhead. 

Virtual space:
  Non-class space:       32.00 MB reserved,      31.62 MB ( 99%) committed 
      Class space:        1.00 GB reserved,       4.75 MB ( <1%) committed 
             Both:        1.03 GB reserved,      36.38 MB (  3%) committed 

Chunk freelists:
   Non-Class:  2.25 KB
       Class:  2.12 KB
        Both:  4.38 KB

CodeHeap 'non-profiled nmethods': size=120000Kb used=1378Kb max_used=1378Kb free=118622Kb
 bounds [0x00000213b4e20000, 0x00000213b5090000, 0x00000213bc350000]
CodeHeap 'profiled nmethods': size=120000Kb used=6616Kb max_used=6616Kb free=113383Kb
 bounds [0x00000213ad8f0000, 0x00000213adf70000, 0x00000213b4e20000]
CodeHeap 'non-nmethods': size=5760Kb used=1232Kb max_used=1249Kb free=4527Kb
 bounds [0x00000213ad350000, 0x00000213ad5c0000, 0x00000213ad8f0000]
 total_blobs=3751 nmethods=3161 adapters=501
 compilation: enabled
              stopped_count=0, restarted_count=0
 full_count=0

Compilation events (10 events):
Event: 39.896 Thread 0x00000213c5796800 nmethod 3077 0x00000213b4f74b10 code [0x00000213b4f74c80, 0x00000213b4f74cf8]
Event: 39.896 Thread 0x00000213c5796800 3042       4       java.nio.ByteBuffer::<init> (45 bytes)
Event: 39.898 Thread 0x00000213c4acf000 nmethod 3086 0x00000213adf39790 code [0x00000213adf39a00, 0x00000213adf3a538]
Event: 39.898 Thread 0x00000213c4acf000 3087       3       org.apache.xmlbeans.impl.store.Cur$CurLoadContext::end (96 bytes)
Event: 39.900 Thread 0x00000213c4acf000 nmethod 3087 0x00000213adf3a890 code [0x00000213adf3aa80, 0x00000213adf3af68]
Event: 39.900 Thread 0x00000213c4acf000 3069       3       com.sun.org.apache.xerces.internal.xni.XMLString::setValues (16 bytes)
Event: 39.901 Thread 0x00000213c4acf000 nmethod 3069 0x00000213adf3b110 code [0x00000213adf3b2a0, 0x00000213adf3b3f8]
Event: 39.901 Thread 0x00000213c4acf000 3070       1       com.sun.org.apache.xerces.internal.impl.XMLScanner::isValidNameStartHighSurrogate (2 bytes)
Event: 39.901 Thread 0x00000213c4acf000 nmethod 3070 0x00000213b4f74d90 code [0x00000213b4f74f20, 0x00000213b4f74fd8]
Event: 39.906 Thread 0x00000213c5796800 nmethod 3042 0x00000213b4f75090 code [0x00000213b4f75220, 0x00000213b4f753f8]

GC Heap History (10 events):
Event: 4.487 GC heap before
{Heap before GC invocations=0 (full 0):
 garbage-first heap   total 126976K, used 24576K [0x0000000084000000, 0x0000000100000000)
  region size 1024K, 24 young (24576K), 0 survivors (0K)
 Metaspace       used 13528K, capacity 13925K, committed 14080K, reserved 1062912K
  class space    used 1371K, capacity 1507K, committed 1536K, reserved 1048576K
}
Event: 4.503 GC heap after
{Heap after GC invocations=1 (full 0):
 garbage-first heap   total 126976K, used 6968K [0x0000000084000000, 0x0000000100000000)
  region size 1024K, 3 young (3072K), 3 survivors (3072K)
 Metaspace       used 13528K, capacity 13925K, committed 14080K, reserved 1062912K
  class space    used 1371K, capacity 1507K, committed 1536K, reserved 1048576K
}
Event: 8.126 GC heap before
{Heap before GC invocations=1 (full 0):
 garbage-first heap   total 126976K, used 47928K [0x0000000084000000, 0x0000000100000000)
  region size 1024K, 44 young (45056K), 3 survivors (3072K)
 Metaspace       used 20455K, capacity 21188K, committed 21248K, reserved 1069056K
  class space    used 2248K, capacity 2549K, committed 2560K, reserved 1048576K
}
Event: 8.146 GC heap after
{Heap after GC invocations=2 (full 0):
 garbage-first heap   total 126976K, used 10021K [0x0000000084000000, 0x0000000100000000)
  region size 1024K, 6 young (6144K), 6 survivors (6144K)
 Metaspace       used 20455K, capacity 21188K, committed 21248K, reserved 1069056K
  class space    used 2248K, capacity 2549K, committed 2560K, reserved 1048576K
}
Event: 36.469 GC heap before
{Heap before GC invocations=3 (full 0):
 garbage-first heap   total 126976K, used 39717K [0x0000000084000000, 0x0000000100000000)
  region size 1024K, 35 young (35840K), 6 survivors (6144K)
 Metaspace       used 29268K, capacity 30579K, committed 30592K, reserved 1075200K
  class space    used 3391K, capacity 3967K, committed 3968K, reserved 1048576K
}
Event: 36.530 GC heap after
{Heap after GC invocations=4 (full 0):
 garbage-first heap   total 126976K, used 12823K [0x0000000084000000, 0x0000000100000000)
  region size 1024K, 4 young (4096K), 4 survivors (4096K)
 Metaspace       used 29268K, capacity 30579K, committed 30592K, reserved 1075200K
  class space    used 3391K, capacity 3967K, committed 3968K, reserved 1048576K
}
Event: 39.031 GC heap before
{Heap before GC invocations=4 (full 0):
 garbage-first heap   total 126976K, used 61975K [0x0000000084000000, 0x0000000100000000)
  region size 1024K, 52 young (53248K), 4 survivors (4096K)
 Metaspace       used 33813K, capacity 35255K, committed 35328K, reserved 1079296K
  class space    used 3937K, capacity 4579K, committed 4608K, reserved 1048576K
}
Event: 39.049 GC heap after
{Heap after GC invocations=5 (full 0):
 garbage-first heap   total 126976K, used 14253K [0x0000000084000000, 0x0000000100000000)
  region size 1024K, 5 young (5120K), 5 survivors (5120K)
 Metaspace       used 33813K, capacity 35255K, committed 35328K, reserved 1079296K
  class space    used 3937K, capacity 4579K, committed 4608K, reserved 1048576K
}
Event: 39.428 GC heap before
{Heap before GC invocations=5 (full 0):
 garbage-first heap   total 126976K, used 34733K [0x0000000084000000, 0x0000000100000000)
  region size 1024K, 26 young (26624K), 5 survivors (5120K)
 Metaspace       used 34261K, capacity 35692K, committed 35840K, reserved 1081344K
  class space    used 3975K, capacity 4618K, committed 4736K, reserved 1048576K
}
Event: 39.450 GC heap after
{Heap after GC invocations=6 (full 0):
 garbage-first heap   total 126976K, used 15104K [0x0000000084000000, 0x0000000100000000)
  region size 1024K, 6 young (6144K), 6 survivors (6144K)
 Metaspace       used 34261K, capacity 35692K, committed 35840K, reserved 1081344K
  class space    used 3975K, capacity 4618K, committed 4736K, reserved 1048576K
}

Deoptimization events (10 events):
Event: 36.301 Thread 0x00000213a445c800 Uncommon trap: reason=class_check action=maybe_recompile pc=0x00000213b4f20ba4 method=java.lang.invoke.InvokerBytecodeGenerator.emitPushArgument(Ljava/lang/Class;Ljava/lang/Object;)V @ 6 c2
Event: 36.301 Thread 0x00000213a445c800 Uncommon trap: reason=class_check action=maybe_recompile pc=0x00000213b4f20ba4 method=java.lang.invoke.InvokerBytecodeGenerator.emitPushArgument(Ljava/lang/Class;Ljava/lang/Object;)V @ 6 c2
Event: 37.328 Thread 0x00000213a445c800 Uncommon trap: reason=unstable_if action=reinterpret pc=0x00000213b4f1a610 method=java.util.regex.Pattern$GroupTail.match(Ljava/util/regex/Matcher;ILjava/lang/CharSequence;)Z @ 73 c2
Event: 37.328 Thread 0x00000213a445c800 Uncommon trap: reason=unstable_if action=reinterpret pc=0x00000213b4f1a390 method=java.util.regex.Pattern$BmpCharProperty.match(Ljava/util/regex/Matcher;ILjava/lang/CharSequence;)Z @ 39 c2
Event: 37.328 Thread 0x00000213a445c800 Uncommon trap: reason=unstable_if action=reinterpret pc=0x00000213b4f1a390 method=java.util.regex.Pattern$BmpCharProperty.match(Ljava/util/regex/Matcher;ILjava/lang/CharSequence;)Z @ 39 c2
Event: 37.339 Thread 0x00000213a445c800 Uncommon trap: reason=unstable_if action=reinterpret pc=0x00000213b4f00cb4 method=java.lang.CharacterDataLatin1.digit(II)I @ 7 c2
Event: 37.340 Thread 0x00000213a445c800 Uncommon trap: reason=unstable_if action=reinterpret pc=0x00000213b4f00930 method=java.lang.CharacterDataLatin1.digit(II)I @ 7 c2
Event: 38.607 Thread 0x00000213a445c800 Uncommon trap: reason=unstable_if action=reinterpret pc=0x00000213b4eaa174 method=java.util.HashMap.hash(Ljava/lang/Object;)I @ 1 c2
Event: 39.293 Thread 0x00000213a445c800 Uncommon trap: reason=unstable_if action=reinterpret pc=0x00000213b4f6b7ec method=org.apache.xmlbeans.impl.schema.SchemaTypeSystemImpl$StringPool.stringForCode(I)Ljava/lang/String; @ 1 c2
Event: 39.620 Thread 0x00000213a445c800 Uncommon trap: reason=unstable_if action=reinterpret pc=0x00000213b4f6fb84 method=org.apache.xmlbeans.impl.schema.SchemaTypeSystemImpl$StringPool.stringForCode(I)Ljava/lang/String; @ 1 c2

Classes redefined (0 events):
No events

Internal exceptions (10 events):
Event: 36.296 Thread 0x00000213a445c800 Exception <a 'java/lang/NoSuchMethodError'{0x000000008a0b0258}: java.lang.invoke.DelegatingMethodHandle$Holder.delegate(Ljava/lang/Object;Ljava/lang/Object;ILjava/lang/Object;)V> (0x000000008a0b0258) thrown at [./open/src/hotspot/share/interpreter/linkRes
Event: 36.307 Thread 0x00000213a445c800 Exception <a 'java/lang/NoSuchMethodError'{0x000000008a0beae0}: java.lang.invoke.Invokers$Holder.invokeExact_MT(Ljava/lang/Object;Ljava/lang/Object;Ljava/lang/Object;)Ljava/lang/Object;> (0x000000008a0beae0) thrown at [./open/src/hotspot/share/interpreter
Event: 36.340 Thread 0x00000213a445c800 Exception <a 'java/lang/IncompatibleClassChangeError'{0x000000008a0f8708}: Found class java.lang.Object, but interface was expected> (0x000000008a0f8708) thrown at [./open/src/hotspot/share/interpreter/linkResolver.cpp, line 838]
Event: 37.073 Thread 0x00000213a445c800 Exception <a 'java/lang/NoSuchMethodError'{0x000000008b4bae88}: java.lang.invoke.DirectMethodHandle$Holder.invokeVirtual(Ljava/lang/Object;Ljava/lang/Object;Ljava/lang/Object;Ljava/lang/Object;)V> (0x000000008b4bae88) thrown at [./open/src/hotspot/share/i
Event: 37.110 Thread 0x00000213a445c800 Exception <a 'java/lang/NoSuchMethodError'{0x000000008b4ff5d8}: java.lang.invoke.DirectMethodHandle$Holder.invokeStatic(Ljava/lang/Object;Ljava/lang/Object;Ljava/lang/Object;I)V> (0x000000008b4ff5d8) thrown at [./open/src/hotspot/share/interpreter/linkRes
Event: 37.110 Thread 0x00000213a445c800 Exception <a 'java/lang/NoSuchMethodError'{0x000000008b302b00}: java.lang.invoke.DirectMethodHandle$Holder.invokeStaticInit(Ljava/lang/Object;Ljava/lang/Object;Ljava/lang/Object;I)V> (0x000000008b302b00) thrown at [./open/src/hotspot/share/interpreter/lin
Event: 37.927 Thread 0x00000213a445c800 Exception <a 'java/lang/NoSuchMethodError'{0x000000008ae64f38}: java.lang.invoke.DirectMethodHandle$Holder.invokeStaticInit(Ljava/lang/Object;Ljava/lang/Object;II)Ljava/lang/Object;> (0x000000008ae64f38) thrown at [./open/src/hotspot/share/interpreter/lin
Event: 38.607 Thread 0x00000213a445c800 Implicit null exception at 0x00000213b4eaa0d8 to 0x00000213b4eaa16a
Event: 38.869 Thread 0x00000213a445c800 Exception <a 'java/lang/NoSuchMethodError'{0x000000008a181570}: java.lang.invoke.DirectMethodHandle$Holder.invokeStatic(Ljava/lang/Object;Ljava/lang/Object;ILjava/lang/Object;)Ljava/lang/Object;> (0x000000008a181570) thrown at [./open/src/hotspot/share/in
Event: 38.879 Thread 0x00000213a445c800 Exception <a 'java/lang/NoSuchMethodError'{0x000000008a1de358}: java.lang.invoke.DirectMethodHandle$Holder.invokeVirtual(Ljava/lang/Object;Ljava/lang/Object;)V> (0x000000008a1de358) thrown at [./open/src/hotspot/share/interpreter/linkResolver.cpp, line 77

Events (10 events):
Event: 39.891 loading class org/openxmlformats/schemas/spreadsheetml/x2006/main/CTSst
Event: 39.891 loading class org/openxmlformats/schemas/spreadsheetml/x2006/main/CTSst done
Event: 39.905 loading class org/apache/xmlbeans/impl/values/XmlUnsignedIntImpl
Event: 39.905 loading class org/apache/xmlbeans/impl/values/XmlUnsignedIntImpl done
Event: 39.909 loading class org/apache/xmlbeans/XmlUnsignedInt
Event: 39.909 loading class org/apache/xmlbeans/XmlUnsignedInt done
Event: 39.911 loading class org/apache/xmlbeans/XmlUnsignedLong
Event: 39.911 loading class org/apache/xmlbeans/XmlUnsignedLong done
Event: 39.912 loading class org/apache/xmlbeans/XmlNonNegativeInteger
Event: 39.912 loading class org/apache/xmlbeans/XmlNonNegativeInteger done


Dynamic libraries:
0x00007ff627ff0000 - 0x00007ff628000000 	C:\Program Files\Java\jdk-11\bin\javaw.exe
0x00007ff961200000 - 0x00007ff961466000 	C:\WINDOWS\SYSTEM32\ntdll.dll
0x00007ff95fb30000 - 0x00007ff95fbf9000 	C:\WINDOWS\System32\KERNEL32.DLL
0x00007ff95e700000 - 0x00007ff95eafa000 	C:\WINDOWS\System32\KERNELBASE.dll
0x00007ff95b130000 - 0x00007ff95b1d0000 	C:\WINDOWS\SYSTEM32\apphelp.dll
0x00007ff95eca0000 - 0x00007ff95edec000 	C:\WINDOWS\System32\ucrtbase.dll
0x00007ff94db90000 - 0x00007ff94dbab000 	C:\Program Files\Java\jdk-11\bin\VCRUNTIME140.dll
0x00007ff94bbc0000 - 0x00007ff94bbd9000 	C:\Program Files\Java\jdk-11\bin\jli.dll
0x00007ff961040000 - 0x00007ff9610f6000 	C:\WINDOWS\System32\ADVAPI32.dll
0x00007ff95fc90000 - 0x00007ff95fd39000 	C:\WINDOWS\System32\msvcrt.dll
0x00007ff9601c0000 - 0x00007ff96026a000 	C:\WINDOWS\System32\sechost.dll
0x00007ff95ef80000 - 0x00007ff95f098000 	C:\WINDOWS\System32\RPCRT4.dll
0x00007ff95f4f0000 - 0x00007ff95f6b7000 	C:\WINDOWS\System32\USER32.dll
0x00007ff943eb0000 - 0x00007ff944142000 	C:\WINDOWS\WinSxS\amd64_microsoft.windows.common-controls_6595b64144ccf1df_6.0.26100.8521_none_3e08b75ce33403b3\COMCTL32.dll
0x00007ff95ebb0000 - 0x00007ff95ebd7000 	C:\WINDOWS\System32\win32u.dll
0x00007ff960170000 - 0x00007ff96019b000 	C:\WINDOWS\System32\GDI32.dll
0x00007ff95e490000 - 0x00007ff95e5bb000 	C:\WINDOWS\System32\gdi32full.dll
0x00007ff95eb00000 - 0x00007ff95eba3000 	C:\WINDOWS\System32\msvcp_win.dll
0x00007ff94d650000 - 0x00007ff94d65b000 	C:\WINDOWS\SYSTEM32\VERSION.dll
0x00007ff95f6c0000 - 0x00007ff95f6f2000 	C:\WINDOWS\System32\IMM32.DLL
0x00007ff94de60000 - 0x00007ff94de6c000 	C:\Program Files\Java\jdk-11\bin\vcruntime140_1.dll
0x00007ff93c980000 - 0x00007ff93ca0e000 	C:\Program Files\Java\jdk-11\bin\msvcp140.dll
0x00007ff8d3850000 - 0x00007ff8d43bd000 	C:\Program Files\Java\jdk-11\bin\server\jvm.dll
0x00007ff9601a0000 - 0x00007ff9601a8000 	C:\WINDOWS\System32\PSAPI.DLL
0x00007ff93fee0000 - 0x00007ff93feea000 	C:\WINDOWS\SYSTEM32\WSOCK32.dll
0x00007ff956090000 - 0x00007ff9560c6000 	C:\WINDOWS\SYSTEM32\WINMM.dll
0x00007ff95faa0000 - 0x00007ff95fb20000 	C:\WINDOWS\System32\WS2_32.dll
0x00007ff95d220000 - 0x00007ff95d23b000 	C:\WINDOWS\SYSTEM32\kernel.appcore.dll
0x00007ff94ccb0000 - 0x00007ff94ccc0000 	C:\Program Files\Java\jdk-11\bin\verify.dll
0x00007ff95ba90000 - 0x00007ff95bcd2000 	C:\WINDOWS\SYSTEM32\DBGHELP.DLL
0x00007ff95f700000 - 0x00007ff95fa83000 	C:\WINDOWS\System32\combase.dll
0x00007ff95ff20000 - 0x00007ff95fff9000 	C:\WINDOWS\System32\OLEAUT32.dll
0x00007ff940190000 - 0x00007ff9401cb000 	C:\WINDOWS\SYSTEM32\dbgcore.DLL
0x00007ff95e5c0000 - 0x00007ff95e668000 	C:\WINDOWS\System32\bcryptPrimitives.dll
0x00007ff93d770000 - 0x00007ff93d798000 	C:\Program Files\Java\jdk-11\bin\java.dll
0x00007ff94b630000 - 0x00007ff94b63a000 	C:\Program Files\Java\jdk-11\bin\jimage.dll
0x00007ff943030000 - 0x00007ff943047000 	C:\Program Files\Java\jdk-11\bin\zip.dll
0x00007ff960890000 - 0x00007ff961014000 	C:\WINDOWS\System32\SHELL32.dll
0x00007ff95c040000 - 0x00007ff95c8c0000 	C:\WINDOWS\SYSTEM32\windows.storage.dll
0x00007ff95f290000 - 0x00007ff95f386000 	C:\WINDOWS\System32\SHCORE.dll
0x00007ff960100000 - 0x00007ff960167000 	C:\WINDOWS\System32\shlwapi.dll
0x00007ff95e3b0000 - 0x00007ff95e3d9000 	C:\WINDOWS\SYSTEM32\profapi.dll
0x00007ff93d750000 - 0x00007ff93d769000 	C:\Program Files\Java\jdk-11\bin\net.dll
0x00007ff950200000 - 0x00007ff950329000 	C:\WINDOWS\SYSTEM32\WINHTTP.dll
0x00007ff95d790000 - 0x00007ff95d7fc000 	C:\WINDOWS\system32\mswsock.dll
0x00007ff93cc30000 - 0x00007ff93cc42000 	C:\Program Files\Java\jdk-11\bin\nio.dll
0x00007ff95cd00000 - 0x00007ff95ce4a000 	C:\WINDOWS\SYSTEM32\DNSAPI.dll
0x00007ff95d590000 - 0x00007ff95d59d000 	C:\WINDOWS\SYSTEM32\DSPARSE.dll
0x00007ff95cc40000 - 0x00007ff95cc73000 	C:\WINDOWS\SYSTEM32\IPHLPAPI.DLL
0x00007ff95ef70000 - 0x00007ff95ef7a000 	C:\WINDOWS\System32\NSI.dll
0x00007ff94f400000 - 0x00007ff94f40b000 	C:\Windows\System32\rasadhlp.dll
0x00007ff9585d0000 - 0x00007ff958656000 	C:\WINDOWS\System32\fwpuclnt.dll
0x00007ff95da70000 - 0x00007ff95da8b000 	C:\WINDOWS\SYSTEM32\CRYPTSP.dll
0x00007ff95d180000 - 0x00007ff95d1b9000 	C:\WINDOWS\system32\rsaenh.dll
0x00007ff95d840000 - 0x00007ff95d873000 	C:\WINDOWS\SYSTEM32\USERENV.dll
0x00007ff95e380000 - 0x00007ff95e3aa000 	C:\WINDOWS\SYSTEM32\bcrypt.dll
0x00007ff95da90000 - 0x00007ff95da9c000 	C:\WINDOWS\SYSTEM32\CRYPTBASE.dll
0x00007ff957a00000 - 0x00007ff957a1d000 	C:\WINDOWS\SYSTEM32\dhcpcsvc6.DLL
0x00007ff9579d0000 - 0x00007ff9579f5000 	C:\WINDOWS\SYSTEM32\dhcpcsvc.DLL
0x00007ff94b200000 - 0x00007ff94b209000 	C:\Program Files\Java\jdk-11\bin\management.dll
0x00007ff93d6f0000 - 0x00007ff93d6fb000 	C:\Program Files\Java\jdk-11\bin\management_ext.dll
0x00007ff93b680000 - 0x00007ff93b6a7000 	C:\Program Files\Java\jdk-11\bin\sunec.dll

dbghelp: loaded successfully - version: 4.0.5 - missing functions: none
symbol engine: initialized successfully - sym options: 0x614 - pdb path: .;C:\Program Files\Java\jdk-11\bin;C:\WINDOWS\SYSTEM32;C:\WINDOWS\WinSxS\amd64_microsoft.windows.common-controls_6595b64144ccf1df_6.0.26100.8521_none_3e08b75ce33403b3;C:\Program Files\Java\jdk-11\bin\server

VM Arguments:
jvm_args: -ea -Dfile.encoding=UTF-8 -Dstdout.encoding=UTF-8 -Dstderr.encoding=UTF-8 
java_command: org.testng.remote.RemoteTestNG -serport 58631 -protocol json -d D:\Eclipse-Rajeev\Octopussaas_main_Framework\test-output C:\Users\Rajeev nandi\AppData\Local\Temp\testng-eclipse-1076485149\testng-customsuite.xml
java_class_path (initial): C:\Users\Rajeev nandi\eclipse\java-2026-03\eclipse\configuration\org.eclipse.osgi\533\0\.cp\lib\testng-remote.jar;D:\Eclipse-Rajeev\Octopussaas_main_Framework\target\test-classes;D:\Eclipse-Rajeev\Octopussaas_main_Framework\target\classes;C:\Users\Rajeev nandi\.m2\repository\org\seleniumhq\selenium\selenium-java\4.34.0\selenium-java-4.34.0.jar;C:\Users\Rajeev nandi\.m2\repository\org\seleniumhq\selenium\selenium-api\4.34.0\selenium-api-4.34.0.jar;C:\Users\Rajeev nandi\.m2\repository\org\jspecify\jspecify\1.0.0\jspecify-1.0.0.jar;C:\Users\Rajeev nandi\.m2\repository\org\seleniumhq\selenium\selenium-chrome-driver\4.34.0\selenium-chrome-driver-4.34.0.jar;C:\Users\Rajeev nandi\.m2\repository\com\google\auto\service\auto-service-annotations\1.1.1\auto-service-annotations-1.1.1.jar;C:\Users\Rajeev nandi\.m2\repository\org\seleniumhq\selenium\selenium-chromium-driver\4.34.0\selenium-chromium-driver-4.34.0.jar;C:\Users\Rajeev nandi\.m2\repository\org\seleniumhq\selenium\selenium-json\4.34.0\selenium-json-4.34.0.jar;C:\Users\Rajeev nandi\.m2\repository\org\seleniumhq\selenium\selenium-manager\4.34.0\selenium-manager-4.34.0.jar;C:\Users\Rajeev nandi\.m2\repository\org\seleniumhq\selenium\selenium-devtools-v136\4.34.0\selenium-devtools-v136-4.34.0.jar;C:\Users\Rajeev nandi\.m2\repository\org\seleniumhq\selenium\selenium-devtools-v137\4.34.0\selenium-devtools-v137-4.34.0.jar;C:\Users\Rajeev nandi\.m2\repository\org\seleniumhq\selenium\selenium-devtools-v138\4.34.0\selenium-devtools-v138-4.34.0.jar;C:\Users\Rajeev nandi\.m2\repository\org\seleniumhq\selenium\selenium-edge-driver\4.34.0\selenium-edge-driver-4.34.0.jar;C:\Users\Rajeev nandi\.m2\repository\org\seleniumhq\selenium\selenium-firefox-driver\4.34.0\selenium-firefox-driver-4.34.0.jar;C:\Users\Rajeev nandi\.m2\repository\org\seleniumhq\selenium\selenium-http\4.34.0\selenium-http-4.34.0.jar;C:\Users\Rajeev nandi\.m2\repository\org\seleniumhq\selenium\selenium-ie-driver\4.34.0\selenium-ie-driver
Launcher Type: SUN_STANDARD

[Global flags]
     intx CICompilerCount                          = 4                                         {product} {ergonomic}
     uint ConcGCThreads                            = 2                                         {product} {ergonomic}
     uint G1ConcRefinementThreads                  = 8                                         {product} {ergonomic}
   size_t G1HeapRegionSize                         = 1048576                                   {product} {ergonomic}
    uintx GCDrainStackTargetSize                   = 64                                        {product} {ergonomic}
   size_t InitialHeapSize                          = 130023424                                 {product} {ergonomic}
   size_t MarkStackSize                            = 4194304                                   {product} {ergonomic}
   size_t MaxHeapSize                              = 2080374784                                {product} {ergonomic}
   size_t MaxNewSize                               = 1247805440                                {product} {ergonomic}
   size_t MinHeapDeltaBytes                        = 1048576                                   {product} {ergonomic}
    uintx NonNMethodCodeHeapSize                   = 5836300                                {pd product} {ergonomic}
    uintx NonProfiledCodeHeapSize                  = 122910970                              {pd product} {ergonomic}
    uintx ProfiledCodeHeapSize                     = 122910970                              {pd product} {ergonomic}
    uintx ReservedCodeCacheSize                    = 251658240                              {pd product} {ergonomic}
     bool SegmentedCodeCache                       = true                                      {product} {ergonomic}
     bool UseCompressedClassPointers               = true                                 {lp64_product} {ergonomic}
     bool UseCompressedOops                        = true                                 {lp64_product} {ergonomic}
     bool UseG1GC                                  = true                                      {product} {ergonomic}
     bool UseLargePagesIndividualAllocation        = false                                  {pd product} {ergonomic}

Logging:
Log output configuration:
 #0: stdout all=warning uptime,level,tags
 #1: stderr all=off uptime,level,tags

Environment Variables:
JAVA_HOME=C:\Program Files\Java\jdk-17
PATH=C:\Python314\Scripts\;C:\Python314\;C:\app\Rajeevnandi2\product\11.2.0\dbhome_1\bin;C:\app\Rajeevnandi\product\11.2.0\dbhome_2\bin;C:\app\Rajeevnandi\product\11.2.0\dbhome_1\bin;C:\Program Files\Common Files\Oracle\Java\javapath;C:\WINDOWS\system32;C:\WINDOWS;C:\WINDOWS\System32\Wbem;C:\WINDOWS\System32\WindowsPowerShell\v1.0\;C:\WINDOWS\System32\OpenSSH\;C:\Program Files\dotnet\;C:\Program Files\Java\jdk-21\bin;C:\Program Files\Java\jdk-17\bin;D:\automation software\apache-maven-3.9.11-bin\apache-maven-3.9.11\bin;C:\Program Files\Git\cmd;C:\ProgramData\chocolatey\bin;C:\Program Files\nodejs\;C:\Program Files\MySQL\MySQL Shell 8.0\bin\;C:\Users\Rajeev nandi\AppData\Local\Microsoft\WindowsApps;C:\Program Files\JetBrains\PyCharm 2023.2\bin;;C:\Users\Rajeev nandi\AppData\Local\Programs\Microsoft VS Code\bin;D:\automation software\apache-maven-3.9.11-bin\apache-maven-3.9.11\bin;C:\Users\Rajeev nandi\AppData\Roaming\npm;C:\Users\Rajeev nandi\AppData\Local\GitHubDesktop\bin;
USERNAME=Rajeev nandi
OS=Windows_NT
PROCESSOR_IDENTIFIER=Intel64 Family 6 Model 140 Stepping 1, GenuineIntel



---------------  S Y S T E M  ---------------

OS: Windows 11 , 64 bit Build 26100 (10.0.26100.8521)
Hyper-V role detected

CPU:total 8 (initial active 8) (4 cores per cpu, 2 threads per core) family 6 model 140 stepping 1 microcode 0xbe, cmov, cx8, fxsr, mmx, sse, sse2, sse3, ssse3, sse4.1, sse4.2, popcnt, avx, avx2, aes, clmul, erms, 3dnowpref, lzcnt, ht, tsc, tscinvbit, bmi1, bmi2, adx, evex, sha, fma

Memory: 4k page, system-wide physical 7934M (1712M free)
TotalPageFile size 32510M (AvailPageFile size 8M)
current process WorkingSet (physical memory assigned to process): 146M, peak: 155M
current process commit charge ("private bytes"): 269M, peak: 270M

vm_info: Java HotSpot(TM) 64-Bit Server VM (11.0.21+9-LTS-193) for windows-amd64 JRE (11.0.21+9-LTS-193), built on Sep 13 2023 11:04:38 by "mach5one" with MS VC++ 17.1 (VS2022)

END.
