#
# There is insufficient memory for the Java Runtime Environment to continue.
# Native memory allocation (malloc) failed to allocate 1648336 bytes for Chunk::new
# Possible reasons:
#   The system is out of physical RAM or swap space
#   The process is running with CompressedOops enabled, and the Java Heap may be blocking the growth of the native heap
# Possible solutions:
#   Reduce memory load on the system
#   Increase physical memory or swap space
#   Check if swap backing store is full
#   Decrease Java heap size (-Xmx/-Xms)
#   Decrease number of Java threads
#   Decrease Java thread stack sizes (-Xss)
#   Set larger code cache with -XX:ReservedCodeCacheSize=
#   JVM is running with Unscaled Compressed Oops mode in which the Java heap is
#     placed in the first 4GB address space. The Java Heap base address is the
#     maximum limit for the native heap growth. Please use -XX:HeapBaseMinAddress
#     to set the Java Heap base and to place the Java Heap above 4GB virtual address.
# This output file may be truncated or incomplete.
#
#  Out of Memory Error (arena.cpp:168), pid=5236, tid=17032
#
# JRE version: Java(TM) SE Runtime Environment (21.0.2+13) (build 21.0.2+13-LTS-58)
# Java VM: Java HotSpot(TM) 64-Bit Server VM (21.0.2+13-LTS-58, mixed mode, sharing, tiered, compressed oops, compressed class ptrs, g1 gc, windows-amd64)
# No core dump will be written. Minidumps are not enabled by default on client versions of Windows
#

---------------  S U M M A R Y ------------

Command Line: -ea -Dfile.encoding=UTF-8 -Dstdout.encoding=UTF-8 -Dstderr.encoding=UTF-8 -XX:+ShowCodeDetailsInExceptionMessages org.testng.remote.RemoteTestNG -serport 60456 -protocol json -d D:\Eclipse-Rajeev\Octopussaas_main_Framework\test-output C:\Users\Rajeev nandi\AppData\Local\Temp\testng-eclipse--1166198302\testng-customsuite.xml

Host: 11th Gen Intel(R) Core(TM) i5-1135G7 @ 2.40GHz, 8 cores, 7G,  Windows 11 , 64 bit Build 26100 (10.0.26100.8328)
Time: Tue May 19 10:42:17 2026 India Standard Time elapsed time: 30.094445 seconds (0d 0h 0m 30s)

---------------  T H R E A D  ---------------

Current thread (0x00000273339111a0):  JavaThread "C2 CompilerThread0" daemon [_thread_in_native, id=17032, stack(0x0000008d3bf00000,0x0000008d3c000000) (1024K)]


Current CompileTask:
C2:  30094 2999       4       sun.reflect.annotation.AnnotationInvocationHandler::memberValueToString (423 bytes)

Stack: [0x0000008d3bf00000,0x0000008d3c000000]
Native frames: (J=compiled Java code, j=interpreted, Vv=VM code, C=native code)
V  [jvm.dll+0x6cade9]
V  [jvm.dll+0x8569c1]
V  [jvm.dll+0x858d2e]
V  [jvm.dll+0x859413]
V  [jvm.dll+0x280e56]
V  [jvm.dll+0xc3f3d]
V  [jvm.dll+0xc4473]
V  [jvm.dll+0x3b5bf2]
V  [jvm.dll+0x382855]
V  [jvm.dll+0x381cca]
V  [jvm.dll+0x249bd0]
V  [jvm.dll+0x2491b1]
V  [jvm.dll+0x1c9634]
V  [jvm.dll+0x258859]
V  [jvm.dll+0x256e3a]
V  [jvm.dll+0x3ef6c6]
V  [jvm.dll+0x7ff568]
V  [jvm.dll+0x6c953d]
C  [ucrtbase.dll+0x37b0]
C  [KERNEL32.DLL+0x2e957]
C  [ntdll.dll+0x427c]


---------------  P R O C E S S  ---------------

Threads class SMR info:
_java_thread_list=0x000002737b480830, length=34, elements={
0x0000027314eb9740, 0x00000273338fb090, 0x00000273338fbaf0, 0x00000273339016d0,
0x00000273339023b0, 0x0000027333902e10, 0x00000273339102e0, 0x00000273339111a0,
0x000002733392e620, 0x0000027333ba9300, 0x0000027333bcc210, 0x0000027379297db0,
0x0000027379f35160, 0x0000027379ee8300, 0x0000027379ee8970, 0x0000027379df7180,
0x0000027379f30930, 0x0000027379f31650, 0x0000027379f302a0, 0x0000027379f32a00,
0x0000027379f30fc0, 0x0000027379f33090, 0x0000027379f2fc10, 0x000002737a653fb0,
0x000002737a656080, 0x000002737a654cd0, 0x000002737a652c00, 0x000002737a655360,
0x000002737a6559f0, 0x000002737a656710, 0x000002737a653920, 0x000002737a653290,
0x000002737a657ac0, 0x000002737a656da0
}

Java Threads: ( => current thread )
  0x0000027314eb9740 JavaThread "main"                              [_thread_blocked, id=12524, stack(0x0000008d3b100000,0x0000008d3b200000) (1024K)]
  0x00000273338fb090 JavaThread "Reference Handler"          daemon [_thread_blocked, id=23672, stack(0x0000008d3b900000,0x0000008d3ba00000) (1024K)]
  0x00000273338fbaf0 JavaThread "Finalizer"                  daemon [_thread_blocked, id=17976, stack(0x0000008d3ba00000,0x0000008d3bb00000) (1024K)]
  0x00000273339016d0 JavaThread "Signal Dispatcher"          daemon [_thread_blocked, id=25776, stack(0x0000008d3bb00000,0x0000008d3bc00000) (1024K)]
  0x00000273339023b0 JavaThread "Attach Listener"            daemon [_thread_blocked, id=17516, stack(0x0000008d3bc00000,0x0000008d3bd00000) (1024K)]
  0x0000027333902e10 JavaThread "Service Thread"             daemon [_thread_blocked, id=13656, stack(0x0000008d3bd00000,0x0000008d3be00000) (1024K)]
  0x00000273339102e0 JavaThread "Monitor Deflation Thread"   daemon [_thread_blocked, id=28196, stack(0x0000008d3be00000,0x0000008d3bf00000) (1024K)]
=>0x00000273339111a0 JavaThread "C2 CompilerThread0"         daemon [_thread_in_native, id=17032, stack(0x0000008d3bf00000,0x0000008d3c000000) (1024K)]
  0x000002733392e620 JavaThread "C1 CompilerThread0"         daemon [_thread_blocked, id=29444, stack(0x0000008d3c000000,0x0000008d3c100000) (1024K)]
  0x0000027333ba9300 JavaThread "Notification Thread"        daemon [_thread_blocked, id=19820, stack(0x0000008d3c100000,0x0000008d3c200000) (1024K)]
  0x0000027333bcc210 JavaThread "Common-Cleaner"             daemon [_thread_blocked, id=19412, stack(0x0000008d3c200000,0x0000008d3c300000) (1024K)]
  0x0000027379297db0 JavaThread "ReaderThread"                      [_thread_in_native, id=21432, stack(0x0000008d3c400000,0x0000008d3c500000) (1024K)]
  0x0000027379f35160 JavaThread "ForkJoinPool.commonPool-worker-1" daemon [_thread_blocked, id=28728, stack(0x0000008d3cd00000,0x0000008d3ce00000) (1024K)]
  0x0000027379ee8300 JavaThread "ForkJoinPool.commonPool-worker-2" daemon [_thread_blocked, id=28848, stack(0x0000008d3ce00000,0x0000008d3cf00000) (1024K)]
  0x0000027379ee8970 JavaThread "ForkJoinPool.commonPool-worker-3" daemon [_thread_blocked, id=26328, stack(0x0000008d3cf00000,0x0000008d3d000000) (1024K)]
  0x0000027379df7180 JavaThread "ForkJoinPool.commonPool-worker-4" daemon [_thread_blocked, id=16112, stack(0x0000008d3d000000,0x0000008d3d100000) (1024K)]
  0x0000027379f30930 JavaThread "ForkJoinPool.commonPool-worker-7" daemon [_thread_blocked, id=27828, stack(0x0000008d3d100000,0x0000008d3d200000) (1024K)]
  0x0000027379f31650 JavaThread "ForkJoinPool.commonPool-worker-5" daemon [_thread_blocked, id=16304, stack(0x0000008d3d200000,0x0000008d3d300000) (1024K)]
  0x0000027379f302a0 JavaThread "ForkJoinPool.commonPool-worker-6" daemon [_thread_blocked, id=22688, stack(0x0000008d3d300000,0x0000008d3d400000) (1024K)]
  0x0000027379f32a00 JavaThread "HttpClient-1-SelectorManager" daemon [_thread_in_native, id=20956, stack(0x0000008d3d400000,0x0000008d3d500000) (1024K)]
  0x0000027379f30fc0 JavaThread "External Process Output Forwarder - C:\Users\Rajeev nandi\.cache\selenium\chromedriver\win64\148.0.7778.167\chromedriver.exe" daemon [_thread_in_native, id=27632, stack(0x0000008d3d500000,0x0000008d3d600000) (1024K)]
  0x0000027379f33090 JavaThread "Driver Service Executor"    daemon [_thread_blocked, id=26960, stack(0x0000008d3d600000,0x0000008d3d700000) (1024K)]
  0x0000027379f2fc10 JavaThread "Driver Service Executor"    daemon [_thread_blocked, id=28440, stack(0x0000008d3d700000,0x0000008d3d800000) (1024K)]
  0x000002737a653fb0 JavaThread "UrlChecker-2"               daemon [_thread_blocked, id=23732, stack(0x0000008d3d800000,0x0000008d3d900000) (1024K)]
  0x000002737a656080 JavaThread "JdkHttpClient-0-0"          daemon [_thread_blocked, id=13008, stack(0x0000008d3da00000,0x0000008d3db00000) (1024K)]
  0x000002737a654cd0 JavaThread "CompletableFutureDelayScheduler" daemon [_thread_blocked, id=10292, stack(0x0000008d3db00000,0x0000008d3dc00000) (1024K)]
  0x000002737a652c00 JavaThread "JdkHttpClient-0-1"          daemon [_thread_blocked, id=20316, stack(0x0000008d3dc00000,0x0000008d3dd00000) (1024K)]
  0x000002737a655360 JavaThread "JdkHttpClient-0-2"          daemon [_thread_blocked, id=3416, stack(0x0000008d3dd00000,0x0000008d3de00000) (1024K)]
  0x000002737a6559f0 JavaThread "JdkHttpClient-0-3"          daemon [_thread_blocked, id=6340, stack(0x0000008d3de00000,0x0000008d3df00000) (1024K)]
  0x000002737a656710 JavaThread "HttpClient-2-SelectorManager" daemon [_thread_in_native, id=27288, stack(0x0000008d3cb00000,0x0000008d3cc00000) (1024K)]
  0x000002737a653920 JavaThread "JdkHttpClient-1-0"          daemon [_thread_blocked, id=27912, stack(0x0000008d3df00000,0x0000008d3e000000) (1024K)]
  0x000002737a653290 JavaThread "JdkHttpClient-1-1"          daemon [_thread_blocked, id=4896, stack(0x0000008d3e000000,0x0000008d3e100000) (1024K)]
  0x000002737a657ac0 JavaThread "JdkHttpClient-1-2"          daemon [_thread_blocked, id=23764, stack(0x0000008d3e100000,0x0000008d3e200000) (1024K)]
  0x000002737a656da0 JavaThread "JdkHttpClient-1-3"          daemon [_thread_blocked, id=18944, stack(0x0000008d3e200000,0x0000008d3e300000) (1024K)]
Total: 34

Other Threads:
  0x00000273338d7c20 VMThread "VM Thread"                           [id=25516, stack(0x0000008d3b800000,0x0000008d3b900000) (1024K)]
  0x00000273338c1f40 WatcherThread "VM Periodic Task Thread"        [id=6800, stack(0x0000008d3b700000,0x0000008d3b800000) (1024K)]
  0x00000273153c5d40 WorkerThread "GC Thread#0"                     [id=15908, stack(0x0000008d3b200000,0x0000008d3b300000) (1024K)]
  0x0000027379d7a5d0 WorkerThread "GC Thread#1"                     [id=23760, stack(0x0000008d3c500000,0x0000008d3c600000) (1024K)]
  0x0000027379d7a970 WorkerThread "GC Thread#2"                     [id=26368, stack(0x0000008d3c600000,0x0000008d3c700000) (1024K)]
  0x0000027379d7ad10 WorkerThread "GC Thread#3"                     [id=25332, stack(0x0000008d3c700000,0x0000008d3c800000) (1024K)]
  0x0000027379d6e5b0 WorkerThread "GC Thread#4"                     [id=13064, stack(0x0000008d3c800000,0x0000008d3c900000) (1024K)]
  0x0000027379d721c0 WorkerThread "GC Thread#5"                     [id=17700, stack(0x0000008d3c900000,0x0000008d3ca00000) (1024K)]
  0x0000027379db2020 WorkerThread "GC Thread#6"                     [id=10780, stack(0x0000008d3ca00000,0x0000008d3cb00000) (1024K)]
  0x000002737a18c1b0 WorkerThread "GC Thread#7"                     [id=23252, stack(0x0000008d3cc00000,0x0000008d3cd00000) (1024K)]
  0x00000273153dad70 ConcurrentGCThread "G1 Main Marker"            [id=25856, stack(0x0000008d3b300000,0x0000008d3b400000) (1024K)]
  0x00000273153dd690 WorkerThread "G1 Conc#0"                       [id=23424, stack(0x0000008d3b400000,0x0000008d3b500000) (1024K)]
  0x000002731542e770 ConcurrentGCThread "G1 Refine#0"               [id=27096, stack(0x0000008d3b500000,0x0000008d3b600000) (1024K)]
  0x0000027333796670 ConcurrentGCThread "G1 Service"                [id=26020, stack(0x0000008d3b600000,0x0000008d3b700000) (1024K)]
Total: 14

Threads with active compile tasks:
C2 CompilerThread0    30129 2999       4       sun.reflect.annotation.AnnotationInvocationHandler::memberValueToString (423 bytes)
Total: 1

VM state: not at safepoint (normal execution)

VM Mutex/Monitor currently owned by a thread: None

Heap address: 0x0000000084000000, size: 1984 MB, Compressed Oops mode: 32-bit

CDS archive(s) mapped at: [0x0000027334000000-0x0000027334c90000-0x0000027334c90000), size 13172736, SharedBaseAddress: 0x0000027334000000, ArchiveRelocationMode: 1.
Compressed class space mapped at: 0x0000027335000000-0x0000027375000000, reserved size: 1073741824
Narrow klass base: 0x0000027334000000, Narrow klass shift: 0, Narrow klass range: 0x100000000

GC Precious Log:
 CardTable entry size: 512
 Card Set container configuration: InlinePtr #cards 5 size 8 Array Of Cards #cards 12 size 40 Howl #buckets 4 coarsen threshold 1843 Howl Bitmap #cards 512 size 80 coarsen threshold 460 Card regions per heap region 1 cards per card region 2048
 CPUs: 8 total, 8 available
 Memory: 7934M
 Large Page Support: Disabled
 NUMA Support: Disabled
 Compressed Oops: Enabled (32-bit)
 Heap Region Size: 1M
 Heap Min Capacity: 8M
 Heap Initial Capacity: 124M
 Heap Max Capacity: 1984M
 Pre-touch: Disabled
 Parallel Workers: 8
 Concurrent Workers: 2
 Concurrent Refinement Workers: 8
 Periodic GC: Disabled

Heap:
 garbage-first heap   total 126976K, used 80287K [0x0000000084000000, 0x0000000100000000)
  region size 1024K, 74 young (75776K), 1 survivors (1024K)
 Metaspace       used 20538K, committed 20992K, reserved 1114112K
  class space    used 2477K, committed 2688K, reserved 1048576K

Heap Regions: E=young(eden), S=young(survivor), O=old, HS=humongous(starts), HC=humongous(continues), CS=collection set, F=free, TAMS=top-at-mark-start, PB=parsable bottom
|   0|0x0000000084000000, 0x0000000084100000, 0x0000000084100000|100%|HS|  |TAMS 0x0000000084000000| PB 0x0000000084000000| Complete 
|   1|0x0000000084100000, 0x0000000084200000, 0x0000000084200000|100%| O|  |TAMS 0x0000000084100000| PB 0x0000000084100000| Untracked 
|   2|0x0000000084200000, 0x0000000084300000, 0x0000000084300000|100%| O|  |TAMS 0x0000000084200000| PB 0x0000000084200000| Untracked 
|   3|0x0000000084300000, 0x0000000084400000, 0x0000000084400000|100%| O|  |TAMS 0x0000000084300000| PB 0x0000000084300000| Untracked 
|   4|0x0000000084400000, 0x0000000084500000, 0x0000000084500000|100%| O|  |TAMS 0x0000000084400000| PB 0x0000000084400000| Untracked 
|   5|0x0000000084500000, 0x0000000084600000, 0x0000000084600000|100%| O|  |TAMS 0x0000000084500000| PB 0x0000000084500000| Untracked 
|   6|0x0000000084600000, 0x00000000846fb660, 0x0000000084700000| 98%| O|  |TAMS 0x0000000084600000| PB 0x0000000084600000| Untracked 
|   7|0x0000000084700000, 0x0000000084700000, 0x0000000084800000|  0%| F|  |TAMS 0x0000000084700000| PB 0x0000000084700000| Untracked 
|   8|0x0000000084800000, 0x0000000084800000, 0x0000000084900000|  0%| F|  |TAMS 0x0000000084800000| PB 0x0000000084800000| Untracked 
|   9|0x0000000084900000, 0x0000000084900000, 0x0000000084a00000|  0%| F|  |TAMS 0x0000000084900000| PB 0x0000000084900000| Untracked 
|  10|0x0000000084a00000, 0x0000000084a00000, 0x0000000084b00000|  0%| F|  |TAMS 0x0000000084a00000| PB 0x0000000084a00000| Untracked 
|  11|0x0000000084b00000, 0x0000000084b00000, 0x0000000084c00000|  0%| F|  |TAMS 0x0000000084b00000| PB 0x0000000084b00000| Untracked 
|  12|0x0000000084c00000, 0x0000000084c00000, 0x0000000084d00000|  0%| F|  |TAMS 0x0000000084c00000| PB 0x0000000084c00000| Untracked 
|  13|0x0000000084d00000, 0x0000000084d00000, 0x0000000084e00000|  0%| F|  |TAMS 0x0000000084d00000| PB 0x0000000084d00000| Untracked 
|  14|0x0000000084e00000, 0x0000000084e00000, 0x0000000084f00000|  0%| F|  |TAMS 0x0000000084e00000| PB 0x0000000084e00000| Untracked 
|  15|0x0000000084f00000, 0x0000000084f00000, 0x0000000085000000|  0%| F|  |TAMS 0x0000000084f00000| PB 0x0000000084f00000| Untracked 
|  16|0x0000000085000000, 0x0000000085000000, 0x0000000085100000|  0%| F|  |TAMS 0x0000000085000000| PB 0x0000000085000000| Untracked 
|  17|0x0000000085100000, 0x0000000085100000, 0x0000000085200000|  0%| F|  |TAMS 0x0000000085100000| PB 0x0000000085100000| Untracked 
|  18|0x0000000085200000, 0x0000000085200000, 0x0000000085300000|  0%| F|  |TAMS 0x0000000085200000| PB 0x0000000085200000| Untracked 
|  19|0x0000000085300000, 0x0000000085300000, 0x0000000085400000|  0%| F|  |TAMS 0x0000000085300000| PB 0x0000000085300000| Untracked 
|  20|0x0000000085400000, 0x0000000085400000, 0x0000000085500000|  0%| F|  |TAMS 0x0000000085400000| PB 0x0000000085400000| Untracked 
|  21|0x0000000085500000, 0x0000000085500000, 0x0000000085600000|  0%| F|  |TAMS 0x0000000085500000| PB 0x0000000085500000| Untracked 
|  22|0x0000000085600000, 0x0000000085600000, 0x0000000085700000|  0%| F|  |TAMS 0x0000000085600000| PB 0x0000000085600000| Untracked 
|  23|0x0000000085700000, 0x0000000085700000, 0x0000000085800000|  0%| F|  |TAMS 0x0000000085700000| PB 0x0000000085700000| Untracked 
|  24|0x0000000085800000, 0x0000000085800000, 0x0000000085900000|  0%| F|  |TAMS 0x0000000085800000| PB 0x0000000085800000| Untracked 
|  25|0x0000000085900000, 0x0000000085900000, 0x0000000085a00000|  0%| F|  |TAMS 0x0000000085900000| PB 0x0000000085900000| Untracked 
|  26|0x0000000085a00000, 0x0000000085a00000, 0x0000000085b00000|  0%| F|  |TAMS 0x0000000085a00000| PB 0x0000000085a00000| Untracked 
|  27|0x0000000085b00000, 0x0000000085b00000, 0x0000000085c00000|  0%| F|  |TAMS 0x0000000085b00000| PB 0x0000000085b00000| Untracked 
|  28|0x0000000085c00000, 0x0000000085c00000, 0x0000000085d00000|  0%| F|  |TAMS 0x0000000085c00000| PB 0x0000000085c00000| Untracked 
|  29|0x0000000085d00000, 0x0000000085d00000, 0x0000000085e00000|  0%| F|  |TAMS 0x0000000085d00000| PB 0x0000000085d00000| Untracked 
|  30|0x0000000085e00000, 0x0000000085e00000, 0x0000000085f00000|  0%| F|  |TAMS 0x0000000085e00000| PB 0x0000000085e00000| Untracked 
|  31|0x0000000085f00000, 0x0000000085f00000, 0x0000000086000000|  0%| F|  |TAMS 0x0000000085f00000| PB 0x0000000085f00000| Untracked 
|  32|0x0000000086000000, 0x0000000086000000, 0x0000000086100000|  0%| F|  |TAMS 0x0000000086000000| PB 0x0000000086000000| Untracked 
|  33|0x0000000086100000, 0x0000000086100000, 0x0000000086200000|  0%| F|  |TAMS 0x0000000086100000| PB 0x0000000086100000| Untracked 
|  34|0x0000000086200000, 0x0000000086200000, 0x0000000086300000|  0%| F|  |TAMS 0x0000000086200000| PB 0x0000000086200000| Untracked 
|  35|0x0000000086300000, 0x0000000086300000, 0x0000000086400000|  0%| F|  |TAMS 0x0000000086300000| PB 0x0000000086300000| Untracked 
|  36|0x0000000086400000, 0x0000000086400000, 0x0000000086500000|  0%| F|  |TAMS 0x0000000086400000| PB 0x0000000086400000| Untracked 
|  37|0x0000000086500000, 0x0000000086500000, 0x0000000086600000|  0%| F|  |TAMS 0x0000000086500000| PB 0x0000000086500000| Untracked 
|  38|0x0000000086600000, 0x0000000086600000, 0x0000000086700000|  0%| F|  |TAMS 0x0000000086600000| PB 0x0000000086600000| Untracked 
|  39|0x0000000086700000, 0x0000000086700000, 0x0000000086800000|  0%| F|  |TAMS 0x0000000086700000| PB 0x0000000086700000| Untracked 
|  40|0x0000000086800000, 0x0000000086800000, 0x0000000086900000|  0%| F|  |TAMS 0x0000000086800000| PB 0x0000000086800000| Untracked 
|  41|0x0000000086900000, 0x0000000086900000, 0x0000000086a00000|  0%| F|  |TAMS 0x0000000086900000| PB 0x0000000086900000| Untracked 
|  42|0x0000000086a00000, 0x0000000086a00000, 0x0000000086b00000|  0%| F|  |TAMS 0x0000000086a00000| PB 0x0000000086a00000| Untracked 
|  43|0x0000000086b00000, 0x0000000086b00000, 0x0000000086c00000|  0%| F|  |TAMS 0x0000000086b00000| PB 0x0000000086b00000| Untracked 
|  44|0x0000000086c00000, 0x0000000086c00000, 0x0000000086d00000|  0%| F|  |TAMS 0x0000000086c00000| PB 0x0000000086c00000| Untracked 
|  45|0x0000000086d00000, 0x0000000086d00000, 0x0000000086e00000|  0%| F|  |TAMS 0x0000000086d00000| PB 0x0000000086d00000| Untracked 
|  46|0x0000000086e00000, 0x0000000086e00000, 0x0000000086f00000|  0%| F|  |TAMS 0x0000000086e00000| PB 0x0000000086e00000| Untracked 
|  47|0x0000000086f00000, 0x0000000086f00000, 0x0000000087000000|  0%| F|  |TAMS 0x0000000086f00000| PB 0x0000000086f00000| Untracked 
|  48|0x0000000087000000, 0x0000000087000000, 0x0000000087100000|  0%| F|  |TAMS 0x0000000087000000| PB 0x0000000087000000| Untracked 
|  49|0x0000000087100000, 0x000000008716c8b8, 0x0000000087200000| 42%| S|CS|TAMS 0x0000000087100000| PB 0x0000000087100000| Complete 
|  50|0x0000000087200000, 0x0000000087200000, 0x0000000087300000|  0%| F|  |TAMS 0x0000000087200000| PB 0x0000000087200000| Untracked 
|  51|0x0000000087300000, 0x0000000087400000, 0x0000000087400000|100%| E|  |TAMS 0x0000000087300000| PB 0x0000000087300000| Complete 
|  52|0x0000000087400000, 0x0000000087500000, 0x0000000087500000|100%| E|CS|TAMS 0x0000000087400000| PB 0x0000000087400000| Complete 
|  53|0x0000000087500000, 0x0000000087600000, 0x0000000087600000|100%| E|CS|TAMS 0x0000000087500000| PB 0x0000000087500000| Complete 
|  54|0x0000000087600000, 0x0000000087700000, 0x0000000087700000|100%| E|CS|TAMS 0x0000000087600000| PB 0x0000000087600000| Complete 
|  55|0x0000000087700000, 0x0000000087800000, 0x0000000087800000|100%| E|CS|TAMS 0x0000000087700000| PB 0x0000000087700000| Complete 
|  56|0x0000000087800000, 0x0000000087900000, 0x0000000087900000|100%| E|CS|TAMS 0x0000000087800000| PB 0x0000000087800000| Complete 
|  57|0x0000000087900000, 0x0000000087a00000, 0x0000000087a00000|100%| E|CS|TAMS 0x0000000087900000| PB 0x0000000087900000| Complete 
|  58|0x0000000087a00000, 0x0000000087b00000, 0x0000000087b00000|100%| E|CS|TAMS 0x0000000087a00000| PB 0x0000000087a00000| Complete 
|  59|0x0000000087b00000, 0x0000000087c00000, 0x0000000087c00000|100%| E|CS|TAMS 0x0000000087b00000| PB 0x0000000087b00000| Complete 
|  60|0x0000000087c00000, 0x0000000087d00000, 0x0000000087d00000|100%| E|CS|TAMS 0x0000000087c00000| PB 0x0000000087c00000| Complete 
|  61|0x0000000087d00000, 0x0000000087e00000, 0x0000000087e00000|100%| E|CS|TAMS 0x0000000087d00000| PB 0x0000000087d00000| Complete 
|  62|0x0000000087e00000, 0x0000000087f00000, 0x0000000087f00000|100%| E|CS|TAMS 0x0000000087e00000| PB 0x0000000087e00000| Complete 
|  63|0x0000000087f00000, 0x0000000088000000, 0x0000000088000000|100%| E|CS|TAMS 0x0000000087f00000| PB 0x0000000087f00000| Complete 
|  64|0x0000000088000000, 0x0000000088100000, 0x0000000088100000|100%| E|CS|TAMS 0x0000000088000000| PB 0x0000000088000000| Complete 
|  65|0x0000000088100000, 0x0000000088200000, 0x0000000088200000|100%| E|CS|TAMS 0x0000000088100000| PB 0x0000000088100000| Complete 
|  66|0x0000000088200000, 0x0000000088300000, 0x0000000088300000|100%| E|CS|TAMS 0x0000000088200000| PB 0x0000000088200000| Complete 
|  67|0x0000000088300000, 0x0000000088400000, 0x0000000088400000|100%| E|CS|TAMS 0x0000000088300000| PB 0x0000000088300000| Complete 
|  68|0x0000000088400000, 0x0000000088500000, 0x0000000088500000|100%| E|CS|TAMS 0x0000000088400000| PB 0x0000000088400000| Complete 
|  69|0x0000000088500000, 0x0000000088600000, 0x0000000088600000|100%| E|CS|TAMS 0x0000000088500000| PB 0x0000000088500000| Complete 
|  70|0x0000000088600000, 0x0000000088700000, 0x0000000088700000|100%| E|  |TAMS 0x0000000088600000| PB 0x0000000088600000| Complete 
|  71|0x0000000088700000, 0x0000000088800000, 0x0000000088800000|100%| E|CS|TAMS 0x0000000088700000| PB 0x0000000088700000| Complete 
|  72|0x0000000088800000, 0x0000000088900000, 0x0000000088900000|100%| E|CS|TAMS 0x0000000088800000| PB 0x0000000088800000| Complete 
|  73|0x0000000088900000, 0x0000000088a00000, 0x0000000088a00000|100%| E|CS|TAMS 0x0000000088900000| PB 0x0000000088900000| Complete 
|  74|0x0000000088a00000, 0x0000000088b00000, 0x0000000088b00000|100%| E|CS|TAMS 0x0000000088a00000| PB 0x0000000088a00000| Complete 
|  75|0x0000000088b00000, 0x0000000088c00000, 0x0000000088c00000|100%| E|CS|TAMS 0x0000000088b00000| PB 0x0000000088b00000| Complete 
|  76|0x0000000088c00000, 0x0000000088d00000, 0x0000000088d00000|100%| E|CS|TAMS 0x0000000088c00000| PB 0x0000000088c00000| Complete 
|  77|0x0000000088d00000, 0x0000000088e00000, 0x0000000088e00000|100%| E|CS|TAMS 0x0000000088d00000| PB 0x0000000088d00000| Complete 
|  78|0x0000000088e00000, 0x0000000088f00000, 0x0000000088f00000|100%| E|CS|TAMS 0x0000000088e00000| PB 0x0000000088e00000| Complete 
|  79|0x0000000088f00000, 0x0000000089000000, 0x0000000089000000|100%| E|CS|TAMS 0x0000000088f00000| PB 0x0000000088f00000| Complete 
|  80|0x0000000089000000, 0x0000000089100000, 0x0000000089100000|100%| E|CS|TAMS 0x0000000089000000| PB 0x0000000089000000| Complete 
|  81|0x0000000089100000, 0x0000000089200000, 0x0000000089200000|100%| E|CS|TAMS 0x0000000089100000| PB 0x0000000089100000| Complete 
|  82|0x0000000089200000, 0x0000000089300000, 0x0000000089300000|100%| E|CS|TAMS 0x0000000089200000| PB 0x0000000089200000| Complete 
|  83|0x0000000089300000, 0x0000000089400000, 0x0000000089400000|100%| E|CS|TAMS 0x0000000089300000| PB 0x0000000089300000| Complete 
|  84|0x0000000089400000, 0x0000000089500000, 0x0000000089500000|100%| E|CS|TAMS 0x0000000089400000| PB 0x0000000089400000| Complete 
|  85|0x0000000089500000, 0x0000000089600000, 0x0000000089600000|100%| E|CS|TAMS 0x0000000089500000| PB 0x0000000089500000| Complete 
|  86|0x0000000089600000, 0x0000000089700000, 0x0000000089700000|100%| E|CS|TAMS 0x0000000089600000| PB 0x0000000089600000| Complete 
|  87|0x0000000089700000, 0x0000000089800000, 0x0000000089800000|100%| E|CS|TAMS 0x0000000089700000| PB 0x0000000089700000| Complete 
|  88|0x0000000089800000, 0x0000000089900000, 0x0000000089900000|100%| E|CS|TAMS 0x0000000089800000| PB 0x0000000089800000| Complete 
|  89|0x0000000089900000, 0x0000000089a00000, 0x0000000089a00000|100%| E|CS|TAMS 0x0000000089900000| PB 0x0000000089900000| Complete 
|  90|0x0000000089a00000, 0x0000000089b00000, 0x0000000089b00000|100%| E|CS|TAMS 0x0000000089a00000| PB 0x0000000089a00000| Complete 
|  91|0x0000000089b00000, 0x0000000089c00000, 0x0000000089c00000|100%| E|CS|TAMS 0x0000000089b00000| PB 0x0000000089b00000| Complete 
|  92|0x0000000089c00000, 0x0000000089d00000, 0x0000000089d00000|100%| E|CS|TAMS 0x0000000089c00000| PB 0x0000000089c00000| Complete 
|  93|0x0000000089d00000, 0x0000000089e00000, 0x0000000089e00000|100%| E|CS|TAMS 0x0000000089d00000| PB 0x0000000089d00000| Complete 
|  94|0x0000000089e00000, 0x0000000089f00000, 0x0000000089f00000|100%| E|CS|TAMS 0x0000000089e00000| PB 0x0000000089e00000| Complete 
|  95|0x0000000089f00000, 0x000000008a000000, 0x000000008a000000|100%| E|CS|TAMS 0x0000000089f00000| PB 0x0000000089f00000| Complete 
|  96|0x000000008a000000, 0x000000008a100000, 0x000000008a100000|100%| E|CS|TAMS 0x000000008a000000| PB 0x000000008a000000| Complete 
|  97|0x000000008a100000, 0x000000008a200000, 0x000000008a200000|100%| E|CS|TAMS 0x000000008a100000| PB 0x000000008a100000| Complete 
|  98|0x000000008a200000, 0x000000008a300000, 0x000000008a300000|100%| E|CS|TAMS 0x000000008a200000| PB 0x000000008a200000| Complete 
|  99|0x000000008a300000, 0x000000008a400000, 0x000000008a400000|100%| E|CS|TAMS 0x000000008a300000| PB 0x000000008a300000| Complete 
| 100|0x000000008a400000, 0x000000008a500000, 0x000000008a500000|100%| E|CS|TAMS 0x000000008a400000| PB 0x000000008a400000| Complete 
| 101|0x000000008a500000, 0x000000008a600000, 0x000000008a600000|100%| E|CS|TAMS 0x000000008a500000| PB 0x000000008a500000| Complete 
| 102|0x000000008a600000, 0x000000008a700000, 0x000000008a700000|100%| E|CS|TAMS 0x000000008a600000| PB 0x000000008a600000| Complete 
| 103|0x000000008a700000, 0x000000008a800000, 0x000000008a800000|100%| E|CS|TAMS 0x000000008a700000| PB 0x000000008a700000| Complete 
| 104|0x000000008a800000, 0x000000008a900000, 0x000000008a900000|100%| E|CS|TAMS 0x000000008a800000| PB 0x000000008a800000| Complete 
| 105|0x000000008a900000, 0x000000008aa00000, 0x000000008aa00000|100%| E|CS|TAMS 0x000000008a900000| PB 0x000000008a900000| Complete 
| 106|0x000000008aa00000, 0x000000008ab00000, 0x000000008ab00000|100%| E|CS|TAMS 0x000000008aa00000| PB 0x000000008aa00000| Complete 
| 107|0x000000008ab00000, 0x000000008ac00000, 0x000000008ac00000|100%| E|CS|TAMS 0x000000008ab00000| PB 0x000000008ab00000| Complete 
| 108|0x000000008ac00000, 0x000000008ad00000, 0x000000008ad00000|100%| E|CS|TAMS 0x000000008ac00000| PB 0x000000008ac00000| Complete 
| 109|0x000000008ad00000, 0x000000008ae00000, 0x000000008ae00000|100%| E|CS|TAMS 0x000000008ad00000| PB 0x000000008ad00000| Complete 
| 110|0x000000008ae00000, 0x000000008af00000, 0x000000008af00000|100%| E|CS|TAMS 0x000000008ae00000| PB 0x000000008ae00000| Complete 
| 111|0x000000008af00000, 0x000000008b000000, 0x000000008b000000|100%| E|CS|TAMS 0x000000008af00000| PB 0x000000008af00000| Complete 
| 112|0x000000008b000000, 0x000000008b100000, 0x000000008b100000|100%| E|CS|TAMS 0x000000008b000000| PB 0x000000008b000000| Complete 
| 113|0x000000008b100000, 0x000000008b200000, 0x000000008b200000|100%| E|CS|TAMS 0x000000008b100000| PB 0x000000008b100000| Complete 
| 114|0x000000008b200000, 0x000000008b300000, 0x000000008b300000|100%| E|CS|TAMS 0x000000008b200000| PB 0x000000008b200000| Complete 
| 115|0x000000008b300000, 0x000000008b400000, 0x000000008b400000|100%| E|CS|TAMS 0x000000008b300000| PB 0x000000008b300000| Complete 
| 116|0x000000008b400000, 0x000000008b500000, 0x000000008b500000|100%| E|CS|TAMS 0x000000008b400000| PB 0x000000008b400000| Complete 
| 117|0x000000008b500000, 0x000000008b600000, 0x000000008b600000|100%| E|CS|TAMS 0x000000008b500000| PB 0x000000008b500000| Complete 
| 118|0x000000008b600000, 0x000000008b700000, 0x000000008b700000|100%| E|CS|TAMS 0x000000008b600000| PB 0x000000008b600000| Complete 
| 119|0x000000008b700000, 0x000000008b800000, 0x000000008b800000|100%| E|CS|TAMS 0x000000008b700000| PB 0x000000008b700000| Complete 
| 120|0x000000008b800000, 0x000000008b900000, 0x000000008b900000|100%| E|CS|TAMS 0x000000008b800000| PB 0x000000008b800000| Complete 
| 121|0x000000008b900000, 0x000000008ba00000, 0x000000008ba00000|100%| E|CS|TAMS 0x000000008b900000| PB 0x000000008b900000| Complete 
| 122|0x000000008ba00000, 0x000000008bb00000, 0x000000008bb00000|100%| E|CS|TAMS 0x000000008ba00000| PB 0x000000008ba00000| Complete 
| 123|0x000000008bb00000, 0x000000008bc00000, 0x000000008bc00000|100%| E|CS|TAMS 0x000000008bb00000| PB 0x000000008bb00000| Complete 

Card table byte_map: [0x000002732ebf0000,0x000002732efd0000] _byte_map_base: 0x000002732e7d0000

Marking Bits: (CMBitMap*) 0x00000273153c8260
 Bits: [0x000002732efd0000, 0x0000027330ed0000)

Polling page: 0x0000027315070000

Metaspace:

Usage:
  Non-class:     17.64 MB used.
      Class:      2.42 MB used.
       Both:     20.06 MB used.

Virtual space:
  Non-class space:       64.00 MB reserved,      17.88 MB ( 28%) committed,  1 nodes.
      Class space:        1.00 GB reserved,       2.62 MB ( <1%) committed,  1 nodes.
             Both:        1.06 GB reserved,      20.50 MB (  2%) committed. 

Chunk freelists:
   Non-Class:  13.72 MB
       Class:  13.31 MB
        Both:  27.03 MB

MaxMetaspaceSize: unlimited
CompressedClassSpaceSize: 1.00 GB
Initial GC threshold: 21.00 MB
Current GC threshold: 21.00 MB
CDS: on
 - commit_granule_bytes: 65536.
 - commit_granule_words: 8192.
 - virtual_space_node_default_size: 8388608.
 - enlarge_chunks_in_place: 1.
 - use_allocation_guard: 0.


Internal statistics:

num_allocs_failed_limit: 0.
num_arena_births: 516.
num_arena_deaths: 0.
num_vsnodes_births: 2.
num_vsnodes_deaths: 0.
num_space_committed: 328.
num_space_uncommitted: 0.
num_chunks_returned_to_freelist: 0.
num_chunks_taken_from_freelist: 1116.
num_chunk_merges: 0.
num_chunk_splits: 664.
num_chunks_enlarged: 382.
num_inconsistent_stats: 0.

CodeHeap 'non-profiled nmethods': size=120000Kb used=1414Kb max_used=1414Kb free=118585Kb
 bounds [0x0000027326870000, 0x0000027326ae0000, 0x000002732dda0000]
CodeHeap 'profiled nmethods': size=120000Kb used=5443Kb max_used=5443Kb free=114556Kb
 bounds [0x000002731eda0000, 0x000002731f300000, 0x00000273262d0000]
CodeHeap 'non-nmethods': size=5760Kb used=1718Kb max_used=1752Kb free=4041Kb
 bounds [0x00000273262d0000, 0x0000027326540000, 0x0000027326870000]
 total_blobs=3611 nmethods=3006 adapters=509
 compilation: enabled
              stopped_count=0, restarted_count=0
 full_count=0

Compilation events (20 events):
Event: 28.997 Thread 0x000002733392e620 3004       3       java.lang.StackTraceElement::length (13 bytes)
Event: 28.997 Thread 0x000002733392e620 nmethod 3004 0x000002731f2eca10 code [0x000002731f2ecbc0, 0x000002731f2ece18]
Event: 28.997 Thread 0x000002733392e620 3005       1       java.util.Collections$SingletonList::size (2 bytes)
Event: 28.998 Thread 0x000002733392e620 nmethod 3005 0x00000273269d1190 code [0x00000273269d1320, 0x00000273269d13e8]
Event: 28.998 Thread 0x000002733392e620 3006       3       java.io.Writer::write (11 bytes)
Event: 28.998 Thread 0x000002733392e620 nmethod 3006 0x000002731f2ecf10 code [0x000002731f2ed0e0, 0x000002731f2ed3c0]
Event: 28.998 Thread 0x000002733392e620 3007 %     3       org.testng.shaded.com.google.gson.stream.JsonWriter::string @ 37 (171 bytes)
Event: 29.000 Thread 0x000002733392e620 nmethod 3007% 0x000002731f2ed510 code [0x000002731f2ed7c0, 0x000002731f2ee7c8]
Event: 29.000 Thread 0x000002733392e620 3008       1       java.util.stream.MatchOps$BooleanTerminalSink::getAndClearState (5 bytes)
Event: 29.000 Thread 0x000002733392e620 nmethod 3008 0x00000273269d1490 code [0x00000273269d1620, 0x00000273269d16f0]
Event: 29.001 Thread 0x000002733392e620 3009       3       java.io.PrintWriter::ensureOpen (18 bytes)
Event: 29.001 Thread 0x000002733392e620 nmethod 3009 0x000002731f2eed90 code [0x000002731f2eef40, 0x000002731f2ef150]
Event: 29.001 Thread 0x000002733392e620 3010       3       java.util.regex.Matcher::search (154 bytes)
Event: 29.002 Thread 0x000002733392e620 nmethod 3010 0x000002731f2ef210 code [0x000002731f2ef400, 0x000002731f2ef978]
Event: 29.002 Thread 0x000002733392e620 3011       1       org.testng.shaded.com.google.gson.reflect.TypeToken::getType (5 bytes)
Event: 29.002 Thread 0x000002733392e620 nmethod 3011 0x00000273269d1790 code [0x00000273269d1920, 0x00000273269d19e8]
Event: 29.002 Thread 0x000002733392e620 3012       3       org.testng.shaded.com.google.gson.internal.Excluder::isAnonymousOrNonStaticLocal (37 bytes)
Event: 29.003 Thread 0x000002733392e620 nmethod 3012 0x000002731f2efb90 code [0x000002731f2efe00, 0x000002731f2f0700]
Event: 29.003 Thread 0x000002733392e620 3013       3       org.testng.shaded.com.google.gson.stream.JsonWriter::replaceTop (13 bytes)
Event: 29.004 Thread 0x000002733392e620 nmethod 3013 0x000002731f2f0990 code [0x000002731f2f0b40, 0x000002731f2f0c80]

GC Heap History (6 events):
Event: 0.843 GC heap before
{Heap before GC invocations=0 (full 0):
 garbage-first heap   total 126976K, used 23552K [0x0000000084000000, 0x0000000100000000)
  region size 1024K, 23 young (23552K), 0 survivors (0K)
 Metaspace       used 6914K, committed 7104K, reserved 1114112K
  class space    used 747K, committed 832K, reserved 1048576K
}
Event: 0.850 GC heap after
{Heap after GC invocations=1 (full 0):
 garbage-first heap   total 126976K, used 7360K [0x0000000084000000, 0x0000000100000000)
  region size 1024K, 3 young (3072K), 3 survivors (3072K)
 Metaspace       used 6914K, committed 7104K, reserved 1114112K
  class space    used 747K, committed 832K, reserved 1048576K
}
Event: 1.025 GC heap before
{Heap before GC invocations=1 (full 0):
 garbage-first heap   total 126976K, used 37056K [0x0000000084000000, 0x0000000100000000)
  region size 1024K, 32 young (32768K), 3 survivors (3072K)
 Metaspace       used 7518K, committed 7808K, reserved 1114112K
  class space    used 827K, committed 960K, reserved 1048576K
}
Event: 1.029 GC heap after
{Heap after GC invocations=2 (full 0):
 garbage-first heap   total 126976K, used 7613K [0x0000000084000000, 0x0000000100000000)
  region size 1024K, 1 young (1024K), 1 survivors (1024K)
 Metaspace       used 7518K, committed 7808K, reserved 1114112K
  class space    used 827K, committed 960K, reserved 1048576K
}
Event: 1.169 GC heap before
{Heap before GC invocations=2 (full 0):
 garbage-first heap   total 126976K, used 82365K [0x0000000084000000, 0x0000000100000000)
  region size 1024K, 74 young (75776K), 1 survivors (1024K)
 Metaspace       used 7573K, committed 7808K, reserved 1114112K
  class space    used 830K, committed 960K, reserved 1048576K
}
Event: 1.170 GC heap after
{Heap after GC invocations=3 (full 0):
 garbage-first heap   total 126976K, used 7583K [0x0000000084000000, 0x0000000100000000)
  region size 1024K, 1 young (1024K), 1 survivors (1024K)
 Metaspace       used 7573K, committed 7808K, reserved 1114112K
  class space    used 830K, committed 960K, reserved 1048576K
}

Dll operation events (11 events):
Event: 0.014 Loaded shared library C:\Program Files\Java\jdk-21\bin\java.dll
Event: 0.065 Loaded shared library C:\Program Files\Java\jdk-21\bin\jsvml.dll
Event: 0.132 Loaded shared library C:\Program Files\Java\jdk-21\bin\net.dll
Event: 0.134 Loaded shared library C:\Program Files\Java\jdk-21\bin\nio.dll
Event: 0.140 Loaded shared library C:\Program Files\Java\jdk-21\bin\zip.dll
Event: 0.326 Loaded shared library C:\Program Files\Java\jdk-21\bin\jimage.dll
Event: 0.376 Loaded shared library C:\Program Files\Java\jdk-21\bin\verify.dll
Event: 0.464 Loaded shared library C:\Program Files\Java\jdk-21\bin\extnet.dll
Event: 3.741 Loaded shared library C:\Program Files\Java\jdk-21\bin\management.dll
Event: 3.745 Loaded shared library C:\Program Files\Java\jdk-21\bin\management_ext.dll
Event: 3.986 Loaded shared library C:\Program Files\Java\jdk-21\bin\sunmscapi.dll

Deoptimization events (20 events):
Event: 28.943 Thread 0x0000027314eb9740 Uncommon trap: trap_request=0xffffff45 fr.pc=0x000002732695e488 relative=0x0000000000000068
Event: 28.943 Thread 0x0000027314eb9740 Uncommon trap: reason=unstable_if action=reinterpret pc=0x000002732695e488 method=java.util.stream.StreamOpFlag.fromCharacteristics(Ljava/util/Spliterator;)I @ 10 c2
Event: 28.943 Thread 0x0000027314eb9740 DEOPT PACKING pc=0x000002732695e488 sp=0x0000008d3b1fdef0
Event: 28.943 Thread 0x0000027314eb9740 DEOPT UNPACKING pc=0x0000027326327da2 sp=0x0000008d3b1fde80 mode 2
Event: 28.951 Thread 0x0000027314eb9740 Uncommon trap: trap_request=0xffffff45 fr.pc=0x0000027326916240 relative=0x00000000000008e0
Event: 28.951 Thread 0x0000027314eb9740 Uncommon trap: reason=unstable_if action=reinterpret pc=0x0000027326916240 method=java.util.regex.Pattern$BnM.optimize(Ljava/util/regex/Pattern$Node;)Ljava/util/regex/Pattern$Node; @ 22 c2
Event: 28.951 Thread 0x0000027314eb9740 DEOPT PACKING pc=0x0000027326916240 sp=0x0000008d3b1fe480
Event: 28.951 Thread 0x0000027314eb9740 DEOPT UNPACKING pc=0x0000027326327da2 sp=0x0000008d3b1fe430 mode 2
Event: 28.953 Thread 0x0000027314eb9740 Uncommon trap: trap_request=0xffffffde fr.pc=0x0000027326973454 relative=0x0000000000000e54
Event: 28.953 Thread 0x0000027314eb9740 Uncommon trap: reason=class_check action=maybe_recompile pc=0x0000027326973454 method=java.util.concurrent.ConcurrentHashMap.putVal(Ljava/lang/Object;Ljava/lang/Object;Z)Ljava/lang/Object; @ 242 c2
Event: 28.953 Thread 0x0000027314eb9740 DEOPT PACKING pc=0x0000027326973454 sp=0x0000008d3b1fe520
Event: 28.953 Thread 0x0000027314eb9740 DEOPT UNPACKING pc=0x0000027326327da2 sp=0x0000008d3b1fe4b0 mode 2
Event: 28.998 Thread 0x0000027314eb9740 Uncommon trap: trap_request=0xffffffde fr.pc=0x0000027326973454 relative=0x0000000000000e54
Event: 28.998 Thread 0x0000027314eb9740 Uncommon trap: reason=class_check action=maybe_recompile pc=0x0000027326973454 method=java.util.concurrent.ConcurrentHashMap.putVal(Ljava/lang/Object;Ljava/lang/Object;Z)Ljava/lang/Object; @ 242 c2
Event: 28.998 Thread 0x0000027314eb9740 DEOPT PACKING pc=0x0000027326973454 sp=0x0000008d3b1fe290
Event: 28.998 Thread 0x0000027314eb9740 DEOPT UNPACKING pc=0x0000027326327da2 sp=0x0000008d3b1fe220 mode 2
Event: 29.003 Thread 0x0000027314eb9740 Uncommon trap: trap_request=0xffffffde fr.pc=0x0000027326973454 relative=0x0000000000000e54
Event: 29.003 Thread 0x0000027314eb9740 Uncommon trap: reason=class_check action=maybe_recompile pc=0x0000027326973454 method=java.util.concurrent.ConcurrentHashMap.putVal(Ljava/lang/Object;Ljava/lang/Object;Z)Ljava/lang/Object; @ 242 c2
Event: 29.003 Thread 0x0000027314eb9740 DEOPT PACKING pc=0x0000027326973454 sp=0x0000008d3b1fe2c0
Event: 29.003 Thread 0x0000027314eb9740 DEOPT UNPACKING pc=0x0000027326327da2 sp=0x0000008d3b1fe250 mode 2

Classes loaded (20 events):
Event: 6.454 Loading class java/time/ZonedDateTime$1
Event: 6.454 Loading class java/time/ZonedDateTime$1 done
Event: 17.451 Loading class java/lang/annotation/ElementType
Event: 17.451 Loading class java/lang/annotation/ElementType done
Event: 17.468 Loading class java/util/AbstractList$ListItr
Event: 17.469 Loading class java/util/AbstractList$ListItr done
Event: 28.942 Loading class java/util/TreeMap$EntrySpliterator
Event: 28.943 Loading class java/util/TreeMap$EntrySpliterator done
Event: 28.946 Loading class java/lang/invoke/WrongMethodTypeException
Event: 28.946 Loading class java/lang/invoke/WrongMethodTypeException done
Event: 28.949 Loading class java/lang/Throwable$WrappedPrintWriter
Event: 28.949 Loading class java/lang/Throwable$PrintStreamOrWriter
Event: 28.949 Loading class java/lang/Throwable$PrintStreamOrWriter done
Event: 28.949 Loading class java/lang/Throwable$WrappedPrintWriter done
Event: 28.950 Loading class java/lang/StackTraceElement$HashedModules
Event: 28.950 Loading class java/lang/StackTraceElement$HashedModules done
Event: 28.954 Loading class jdk/internal/reflect/MethodHandleLongFieldAccessorImpl
Event: 28.954 Loading class jdk/internal/reflect/MethodHandleLongFieldAccessorImpl done
Event: 28.968 Loading class java/lang/reflect/Executable$ParameterData
Event: 28.968 Loading class java/lang/reflect/Executable$ParameterData done

Classes unloaded (0 events):
No events

Classes redefined (0 events):
No events

Internal exceptions (20 events):
Event: 3.969 Thread 0x0000027314eb9740 Exception <a 'java/lang/NoSuchMethodError'{0x0000000088870a50}: 'long java.lang.invoke.DirectMethodHandle$Holder.invokeSpecial(java.lang.Object, java.lang.Object)'> (0x0000000088870a50) 
thrown [s\open\src\hotspot\share\interpreter\linkResolver.cpp, line 773]
Event: 4.021 Thread 0x0000027314eb9740 Exception <a 'sun/nio/fs/WindowsException'{0x0000000088768378}> (0x0000000088768378) 
thrown [s\open\src\hotspot\share\prims\jni.cpp, line 520]
Event: 4.183 Thread 0x0000027314eb9740 Exception <a 'java/lang/NoSuchMethodError'{0x00000000880b2698}: 'java.lang.Object java.lang.invoke.DirectMethodHandle$Holder.invokeInterface(java.lang.Object, java.lang.Object, java.lang.Object)'> (0x00000000880b2698) 
thrown [s\open\src\hotspot\share\interpreter\linkResolver.cpp, line 773]
Event: 4.183 Thread 0x0000027314eb9740 Exception <a 'java/lang/IncompatibleClassChangeError'{0x00000000880b5a80}: Found class java.lang.Object, but interface was expected> (0x00000000880b5a80) 
thrown [s\open\src\hotspot\share\interpreter\linkResolver.cpp, line 840]
Event: 4.184 Thread 0x0000027314eb9740 Exception <a 'java/lang/NoSuchMethodError'{0x00000000880bcee8}: 'int java.lang.invoke.DirectMethodHandle$Holder.invokeSpecialIFC(java.lang.Object, java.lang.Object, java.lang.Object, java.lang.Object)'> (0x00000000880bcee8) 
thrown [s\open\src\hotspot\share\interpreter\linkResolver.cpp, line 773]
Event: 4.188 Thread 0x0000027314eb9740 Exception <a 'java/lang/NoSuchMethodError'{0x00000000880df240}: 'java.lang.Object java.lang.invoke.DirectMethodHandle$Holder.invokeVirtual(java.lang.Object, java.lang.Object, java.lang.Object, java.lang.Object)'> (0x00000000880df240) 
thrown [s\open\src\hotspot\share\interpreter\linkResolver.cpp, line 773]
Event: 4.233 Thread 0x000002737a653fb0 Exception <a 'java/net/ConnectException'{0x0000000087fc9ab8}: Connection refused: getsockopt> (0x0000000087fc9ab8) 
thrown [s\open\src\hotspot\share\prims\jni.cpp, line 539]
Event: 4.258 Thread 0x000002737a653fb0 Exception <a 'java/net/ConnectException'{0x0000000087fcaa90}: Connection refused: getsockopt> (0x0000000087fcaa90) 
thrown [s\open\src\hotspot\share\prims\jni.cpp, line 539]
Event: 4.311 Thread 0x0000027314eb9740 Exception <a 'java/lang/NoSuchMethodError'{0x0000000087ebcfb0}: 'java.lang.Object java.lang.invoke.DirectMethodHandle$Holder.newInvokeSpecial(java.lang.Object, java.lang.Object, int, int)'> (0x0000000087ebcfb0) 
thrown [s\open\src\hotspot\share\interpreter\linkResolver.cpp, line 773]
Event: 4.312 Thread 0x0000027314eb9740 Exception <a 'java/lang/NoSuchMethodError'{0x0000000087ec7488}: 'void java.lang.invoke.DirectMethodHandle$Holder.invokeStatic(java.lang.Object, java.lang.Object, int)'> (0x0000000087ec7488) 
thrown [s\open\src\hotspot\share\interpreter\linkResolver.cpp, line 773]
Event: 4.338 Thread 0x000002737a656080 Exception <a 'java/lang/NoSuchMethodError'{0x0000000087c22d40}: 'java.lang.Object java.lang.invoke.DirectMethodHandle$Holder.invokeSpecial(java.lang.Object, java.lang.Object, java.lang.Object, java.lang.Object, int)'> (0x0000000087c22d40) 
thrown [s\open\src\hotspot\share\interpreter\linkResolver.cpp, line 773]
Event: 4.338 Thread 0x000002737a656080 Exception <a 'java/lang/NoSuchMethodError'{0x0000000087c26688}: 'java.lang.Object java.lang.invoke.Invokers$Holder.linkToTargetMethod(java.lang.Object, java.lang.Object, int, java.lang.Object)'> (0x0000000087c26688) 
thrown [s\open\src\hotspot\share\interpreter\linkResolver.cpp, line 773]
Event: 4.347 Thread 0x000002737a656080 Exception <a 'java/lang/NoSuchMethodError'{0x0000000087c6b980}: 'void java.lang.invoke.DirectMethodHandle$Holder.invokeSpecial(java.lang.Object, java.lang.Object, java.lang.Object, java.lang.Object, java.lang.Object)'> (0x0000000087c6b980) 
thrown [s\open\src\hotspot\share\interpreter\linkResolver.cpp, line 773]
Event: 5.276 Thread 0x000002737a652c00 Exception <a 'java/lang/NoSuchMethodError'{0x0000000087bc7aa0}: 'java.lang.Object java.lang.invoke.DirectMethodHandle$Holder.newInvokeSpecial(java.lang.Object, java.lang.Object, long, java.lang.Object, java.lang.Object, java.lang.Object)'> (0x0000000087bc7aa0) 
thrown [s\open\src\hotspot\share\interpreter\linkResolver.cpp, line 773]
Event: 5.281 Thread 0x000002737a652c00 Exception <a 'java/lang/NoSuchMethodError'{0x0000000087bddcd0}: 'void java.lang.invoke.DirectMethodHandle$Holder.invokeSpecial(java.lang.Object, java.lang.Object, java.lang.Object, java.lang.Object, java.lang.Object, java.lang.Object, java.lang.Object)'> (0x0000000087bddcd0) 
thrown [s\open\src\hotspot\share\interpreter\linkResolver.cpp, line 773]
Event: 5.299 Thread 0x0000027314eb9740 Exception <a 'java/lang/NoSuchMethodError'{0x0000000087d62740}: 'java.lang.Object java.lang.invoke.DirectMethodHandle$Holder.invokeSpecialIFC(java.lang.Object, java.lang.Object, java.lang.Object)'> (0x0000000087d62740) 
thrown [s\open\src\hotspot\share\interpreter\linkResolver.cpp, line 773]
Event: 6.453 Thread 0x0000027314eb9740 Exception <a 'java/lang/ClassNotFoundException'{0x00000000877c93c0}: sun/util/logging/resources/spi/loggingProvider> (0x00000000877c93c0) 
thrown [s\open\src\hotspot\share\classfile\systemDictionary.cpp, line 312]
Event: 28.954 Thread 0x0000027314eb9740 Exception <a 'java/lang/NoSuchMethodError'{0x0000000087442498}: 'long java.lang.invoke.DelegatingMethodHandle$Holder.reinvoke_L(java.lang.Object, java.lang.Object)'> (0x0000000087442498) 
thrown [s\open\src\hotspot\share\interpreter\linkResolver.cpp, line 773]
Event: 28.956 Thread 0x0000027314eb9740 Exception <a 'java/lang/NoSuchMethodError'{0x000000008744c160}: 'void java.lang.invoke.DelegatingMethodHandle$Holder.reinvoke_L(java.lang.Object, java.lang.Object, long)'> (0x000000008744c160) 
thrown [s\open\src\hotspot\share\interpreter\linkResolver.cpp, line 773]
Event: 28.956 Thread 0x0000027314eb9740 Exception <a 'java/lang/NoSuchMethodError'{0x0000000087452940}: 'long java.lang.invoke.Invokers$Holder.invokeExact_MT(java.lang.Object, java.lang.Object, java.lang.Object)'> (0x0000000087452940) 
thrown [s\open\src\hotspot\share\interpreter\linkResolver.cpp, line 773]

ZGC Phase Switch (0 events):
No events

VM Operations (20 events):
Event: 5.261 Executing VM operation: HandshakeAllThreads (Deoptimize)
Event: 5.261 Executing VM operation: HandshakeAllThreads (Deoptimize) done
Event: 6.275 Executing VM operation: Cleanup
Event: 6.371 Executing VM operation: Cleanup done
Event: 7.382 Executing VM operation: Cleanup
Event: 7.382 Executing VM operation: Cleanup done
Event: 9.403 Executing VM operation: Cleanup
Event: 9.403 Executing VM operation: Cleanup done
Event: 12.414 Executing VM operation: Cleanup
Event: 12.414 Executing VM operation: Cleanup done
Event: 15.427 Executing VM operation: Cleanup
Event: 15.427 Executing VM operation: Cleanup done
Event: 17.457 Executing VM operation: HandshakeAllThreads (Deoptimize)
Event: 17.457 Executing VM operation: HandshakeAllThreads (Deoptimize) done
Event: 17.457 Executing VM operation: Cleanup
Event: 17.457 Executing VM operation: Cleanup done
Event: 18.458 Executing VM operation: Cleanup
Event: 18.458 Executing VM operation: Cleanup done
Event: 29.496 Executing VM operation: Cleanup
Event: 29.497 Executing VM operation: Cleanup done

Events (20 events):
Event: 3.906 Thread 0x0000027379f2fc10 Thread exited: 0x0000027379f2fc10
Event: 3.961 Thread 0x0000027379c98fa0 Thread added: 0x0000027379c98fa0
Event: 4.170 Thread 0x0000027379f32a00 Thread added: 0x0000027379f32a00
Event: 4.209 Thread 0x0000027379f30fc0 Thread added: 0x0000027379f30fc0
Event: 4.216 Thread 0x0000027379f33090 Thread added: 0x0000027379f33090
Event: 4.217 Thread 0x0000027379f2fc10 Thread added: 0x0000027379f2fc10
Event: 4.220 Thread 0x000002737a653fb0 Thread added: 0x000002737a653fb0
Event: 4.295 Thread 0x000002737a654640 Thread added: 0x000002737a654640
Event: 4.321 Thread 0x000002737a656080 Thread added: 0x000002737a656080
Event: 4.324 Thread 0x000002737a654cd0 Thread added: 0x000002737a654cd0
Event: 4.355 Thread 0x000002737a652c00 Thread added: 0x000002737a652c00
Event: 4.356 Thread 0x000002737a655360 Thread added: 0x000002737a655360
Event: 4.356 Thread 0x000002737a6559f0 Thread added: 0x000002737a6559f0
Event: 5.253 Thread 0x0000027379c98fa0 Thread exited: 0x0000027379c98fa0
Event: 6.388 Thread 0x000002737a656710 Thread added: 0x000002737a656710
Event: 6.388 Thread 0x000002737a653920 Thread added: 0x000002737a653920
Event: 6.391 Thread 0x000002737a653290 Thread added: 0x000002737a653290
Event: 6.392 Thread 0x000002737a657ac0 Thread added: 0x000002737a657ac0
Event: 6.392 Thread 0x000002737a656da0 Thread added: 0x000002737a656da0
Event: 14.312 Thread 0x000002737a654640 Thread exited: 0x000002737a654640


Dynamic libraries:
0x00007ff69aa00000 - 0x00007ff69aa10000 	C:\Program Files\Java\jdk-21\bin\javaw.exe
0x00007fffeebe0000 - 0x00007fffeee47000 	C:\WINDOWS\SYSTEM32\ntdll.dll
0x00007fffed760000 - 0x00007fffed829000 	C:\WINDOWS\System32\KERNEL32.DLL
0x00007fffebeb0000 - 0x00007fffec2a7000 	C:\WINDOWS\System32\KERNELBASE.dll
0x00007fffec750000 - 0x00007fffec89b000 	C:\WINDOWS\System32\ucrtbase.dll
0x00007fffbb440000 - 0x00007fffbb45b000 	C:\Program Files\Java\jdk-21\bin\VCRUNTIME140.dll
0x00007fffd23b0000 - 0x00007fffd23c9000 	C:\Program Files\Java\jdk-21\bin\jli.dll
0x00007fffeddc0000 - 0x00007fffede76000 	C:\WINDOWS\System32\ADVAPI32.dll
0x00007fffeeaf0000 - 0x00007fffeeb99000 	C:\WINDOWS\System32\msvcrt.dll
0x00007fffee950000 - 0x00007fffee9f7000 	C:\WINDOWS\System32\sechost.dll
0x00007fffec960000 - 0x00007fffeca78000 	C:\WINDOWS\System32\RPCRT4.dll
0x00007fffee3d0000 - 0x00007fffee596000 	C:\WINDOWS\System32\USER32.dll
0x00007fffebe80000 - 0x00007fffebea7000 	C:\WINDOWS\System32\win32u.dll
0x00007fffd1010000 - 0x00007fffd12a2000 	C:\WINDOWS\WinSxS\amd64_microsoft.windows.common-controls_6595b64144ccf1df_6.0.26100.8457_none_3e0b2faee331e92d\COMCTL32.dll
0x00007fffee8c0000 - 0x00007fffee8eb000 	C:\WINDOWS\System32\GDI32.dll
0x00007fffec340000 - 0x00007fffec46c000 	C:\WINDOWS\System32\gdi32full.dll
0x00007fffec6a0000 - 0x00007fffec743000 	C:\WINDOWS\System32\msvcp_win.dll
0x00007fffe1fe0000 - 0x00007fffe1feb000 	C:\WINDOWS\SYSTEM32\VERSION.dll
0x00007fffed240000 - 0x00007fffed272000 	C:\WINDOWS\System32\IMM32.DLL
0x00007fffdb670000 - 0x00007fffdb67c000 	C:\Program Files\Java\jdk-21\bin\vcruntime140_1.dll
0x00007fffaf080000 - 0x00007fffaf10e000 	C:\Program Files\Java\jdk-21\bin\msvcp140.dll
0x00007fff6c520000 - 0x00007fff6d237000 	C:\Program Files\Java\jdk-21\bin\server\jvm.dll
0x00007fffedc50000 - 0x00007fffedcd0000 	C:\WINDOWS\System32\WS2_32.dll
0x00007fffeb470000 - 0x00007fffeb4ce000 	C:\WINDOWS\SYSTEM32\POWRPROF.dll
0x00007fffe2440000 - 0x00007fffe2476000 	C:\WINDOWS\SYSTEM32\WINMM.dll
0x00007fffeb450000 - 0x00007fffeb464000 	C:\WINDOWS\SYSTEM32\UMPDC.dll
0x00007fffea3a0000 - 0x00007fffea3bb000 	C:\WINDOWS\SYSTEM32\kernel.appcore.dll
0x00007fffdb020000 - 0x00007fffdb02a000 	C:\Program Files\Java\jdk-21\bin\jimage.dll
0x00007fffe90d0000 - 0x00007fffe9312000 	C:\WINDOWS\SYSTEM32\DBGHELP.DLL
0x00007fffed830000 - 0x00007fffedbb3000 	C:\WINDOWS\System32\combase.dll
0x00007fffedce0000 - 0x00007fffeddb9000 	C:\WINDOWS\System32\OLEAUT32.dll
0x00007fffcb530000 - 0x00007fffcb56b000 	C:\WINDOWS\SYSTEM32\dbgcore.DLL
0x00007fffec5f0000 - 0x00007fffec698000 	C:\WINDOWS\System32\bcryptPrimitives.dll
0x00007fffba4d0000 - 0x00007fffba4ef000 	C:\Program Files\Java\jdk-21\bin\java.dll
0x00007fffecac0000 - 0x00007fffed22e000 	C:\WINDOWS\System32\SHELL32.dll
0x00007fffeb610000 - 0x00007fffebe7c000 	C:\WINDOWS\System32\windows.storage.dll
0x00007fffee5c0000 - 0x00007fffee6b6000 	C:\WINDOWS\System32\SHCORE.dll
0x00007fffeea80000 - 0x00007fffeeae6000 	C:\WINDOWS\System32\shlwapi.dll
0x00007fffeb530000 - 0x00007fffeb559000 	C:\WINDOWS\SYSTEM32\profapi.dll
0x00007fffaabe0000 - 0x00007fffaacb7000 	C:\Program Files\Java\jdk-21\bin\jsvml.dll
0x00007fffdaf60000 - 0x00007fffdaf70000 	C:\Program Files\Java\jdk-21\bin\net.dll
0x00007fffe4970000 - 0x00007fffe4a99000 	C:\WINDOWS\SYSTEM32\WINHTTP.dll
0x00007fffea910000 - 0x00007fffea97c000 	C:\WINDOWS\system32\mswsock.dll
0x00007fffb0e80000 - 0x00007fffb0e96000 	C:\Program Files\Java\jdk-21\bin\nio.dll
0x00007fffb06c0000 - 0x00007fffb06d8000 	C:\Program Files\Java\jdk-21\bin\zip.dll
0x00007fffd2a30000 - 0x00007fffd2a40000 	C:\Program Files\Java\jdk-21\bin\verify.dll
0x00007fffe9f20000 - 0x00007fffea052000 	C:\WINDOWS\SYSTEM32\DNSAPI.dll
0x00007fffe9e40000 - 0x00007fffe9e72000 	C:\WINDOWS\SYSTEM32\IPHLPAPI.DLL
0x00007fffee750000 - 0x00007fffee75a000 	C:\WINDOWS\System32\NSI.dll
0x00007fffe5170000 - 0x00007fffe517b000 	C:\Windows\System32\rasadhlp.dll
0x00007fffe5830000 - 0x00007fffe58b6000 	C:\WINDOWS\System32\fwpuclnt.dll
0x00007fffd1d30000 - 0x00007fffd1d39000 	C:\Program Files\Java\jdk-21\bin\extnet.dll
0x00007fffeabf0000 - 0x00007fffeac0b000 	C:\WINDOWS\SYSTEM32\CRYPTSP.dll
0x00007fffea300000 - 0x00007fffea339000 	C:\WINDOWS\system32\rsaenh.dll
0x00007fffea9c0000 - 0x00007fffea9f3000 	C:\WINDOWS\SYSTEM32\USERENV.dll
0x00007fffeb500000 - 0x00007fffeb52a000 	C:\WINDOWS\SYSTEM32\bcrypt.dll
0x00007fffeac10000 - 0x00007fffeac1c000 	C:\WINDOWS\SYSTEM32\CRYPTBASE.dll
0x00007fffe8920000 - 0x00007fffe892a000 	C:\Program Files\Java\jdk-21\bin\management.dll
0x00007fffe2320000 - 0x00007fffe232b000 	C:\Program Files\Java\jdk-21\bin\management_ext.dll
0x00007fffeca80000 - 0x00007fffeca88000 	C:\WINDOWS\System32\PSAPI.DLL
0x00007fffd2750000 - 0x00007fffd275e000 	C:\Program Files\Java\jdk-21\bin\sunmscapi.dll
0x00007fffec470000 - 0x00007fffec5e8000 	C:\WINDOWS\System32\CRYPT32.dll
0x00007fffeae10000 - 0x00007fffeae40000 	C:\WINDOWS\SYSTEM32\ncrypt.dll
0x00007fffeadc0000 - 0x00007fffeadff000 	C:\WINDOWS\SYSTEM32\NTASN1.dll
0x00007fffaa910000 - 0x00007fffaa918000 	C:\WINDOWS\system32\wshunix.dll

dbghelp: loaded successfully - version: 4.0.5 - missing functions: none
symbol engine: initialized successfully - sym options: 0x614 - pdb path: .;C:\Program Files\Java\jdk-21\bin;C:\WINDOWS\SYSTEM32;C:\WINDOWS\WinSxS\amd64_microsoft.windows.common-controls_6595b64144ccf1df_6.0.26100.8457_none_3e0b2faee331e92d;C:\Program Files\Java\jdk-21\bin\server

VM Arguments:
jvm_args: -ea -Dfile.encoding=UTF-8 -Dstdout.encoding=UTF-8 -Dstderr.encoding=UTF-8 -XX:+ShowCodeDetailsInExceptionMessages 
java_command: org.testng.remote.RemoteTestNG -serport 60456 -protocol json -d D:\Eclipse-Rajeev\Octopussaas_main_Framework\test-output C:\Users\Rajeev nandi\AppData\Local\Temp\testng-eclipse--1166198302\testng-customsuite.xml
java_class_path (initial): C:\Users\Rajeev nandi\eclipse\java-2025-06\eclipse\configuration\org.eclipse.osgi\523\0\.cp\lib\testng-remote.jar;D:\Eclipse-Rajeev\Octopussaas_main_Framework\target\test-classes;D:\Eclipse-Rajeev\Octopussaas_main_Framework\target\classes;C:\Users\Rajeev nandi\.m2\repository\org\seleniumhq\selenium\selenium-java\4.34.0\selenium-java-4.34.0.jar;C:\Users\Rajeev nandi\.m2\repository\org\seleniumhq\selenium\selenium-api\4.34.0\selenium-api-4.34.0.jar;C:\Users\Rajeev nandi\.m2\repository\org\jspecify\jspecify\1.0.0\jspecify-1.0.0.jar;C:\Users\Rajeev nandi\.m2\repository\org\seleniumhq\selenium\selenium-chrome-driver\4.34.0\selenium-chrome-driver-4.34.0.jar;C:\Users\Rajeev nandi\.m2\repository\com\google\auto\service\auto-service-annotations\1.1.1\auto-service-annotations-1.1.1.jar;C:\Users\Rajeev nandi\.m2\repository\org\seleniumhq\selenium\selenium-chromium-driver\4.34.0\selenium-chromium-driver-4.34.0.jar;C:\Users\Rajeev nandi\.m2\repository\org\seleniumhq\selenium\selenium-json\4.34.0\selenium-json-4.34.0.jar;C:\Users\Rajeev nandi\.m2\repository\org\seleniumhq\selenium\selenium-manager\4.34.0\selenium-manager-4.34.0.jar;C:\Users\Rajeev nandi\.m2\repository\org\seleniumhq\selenium\selenium-devtools-v136\4.34.0\selenium-devtools-v136-4.34.0.jar;C:\Users\Rajeev nandi\.m2\repository\org\seleniumhq\selenium\selenium-devtools-v137\4.34.0\selenium-devtools-v137-4.34.0.jar;C:\Users\Rajeev nandi\.m2\repository\org\seleniumhq\selenium\selenium-devtools-v138\4.34.0\selenium-devtools-v138-4.34.0.jar;C:\Users\Rajeev nandi\.m2\repository\org\seleniumhq\selenium\selenium-edge-driver\4.34.0\selenium-edge-driver-4.34.0.jar;C:\Users\Rajeev nandi\.m2\repository\org\seleniumhq\selenium\selenium-firefox-driver\4.34.0\selenium-firefox-driver-4.34.0.jar;C:\Users\Rajeev nandi\.m2\repository\org\seleniumhq\selenium\selenium-http\4.34.0\selenium-http-4.34.0.jar;C:\Users\Rajeev nandi\.m2\repository\org\seleniumhq\selenium\selenium-ie-driver\4.34.0\selenium-ie-driver-4.34.0.jar;C:\Users\Rajeev nandi\.m2\repository\org\seleniumhq\selenium\selenium-remote-driver\4.34.0\selenium-remote-driver-4.34.0.jar;C:\Users\Rajeev nandi\.m2\repository\com\google\guava\guava\33.4.8-jre\guava-33.4.8-jre.jar;C:\Users\Rajeev nandi\.m2\repository\com\google\guava\failureaccess\1.0.3\failureaccess-1.0.3.jar;C:\Users\Rajeev nandi\.m2\repository\com\google\guava\listenablefuture\9999.0-empty-to-avoid-conflict-with-guava\listenablefuture-9999.0-empty-to-avoid-conflict-with-guava.jar;C:\Users\Rajeev nandi\.m2\repository\com\google\errorprone\error_prone_annotations\2.36.0\error_prone_annotations-2.36.0.jar;C:\Users\Rajeev nandi\.m2\repository\com\google\j2objc\j2objc-annotations\3.0.0\j2objc-annotations-3.0.0.jar;C:\Users\Rajeev nandi\.m2\repository\io\opentelemetry\opentelemetry-api\1.51.0\opentelemetry-api-1.51.0.jar;C:\Users\Rajeev nandi\.m2\repository\io\opentelemetry\opentelemetry-context\1.51.0\opentelemetry-context-1.51.0.jar;C:\Users\Rajeev nandi\.m2\repository\io\opentelemetry\opentelemetry-exporter-logging\1.51.0\opentelemetry-exporter-logging-1.51.0.jar;C:\Users\Rajeev nandi\.m2\repository\io\opentelemetry\opentelemetry-sdk-common\1.51.0\opentelemetry-sdk-common-1.51.0.jar;C:\Users\Rajeev nandi\.m2\repository\io\opentelemetry\opentelemetry-sdk-extension-autoconfigure-spi\1.51.0\opentelemetry-sdk-extension-autoconfigure-spi-1.51.0.jar;C:\Users\Rajeev nandi\.m2\repository\io\opentelemetry\opentelemetry-sdk-extension-autoconfigure\1.51.0\opentelemetry-sdk-extension-autoconfigure-1.51.0.jar;C:\Users\Rajeev nandi\.m2\repository\io\opentelemetry\opentelemetry-sdk-trace\1.51.0\opentelemetry-sdk-trace-1.51.0.jar;C:\Users\Rajeev nandi\.m2\repository\io\opentelemetry\opentelemetry-sdk\1.51.0\opentelemetry-sdk-1.51.0.jar;C:\Users\Rajeev nandi\.m2\repository\io\opentelemetry\opentelemetry-sdk-metrics\1.51.0\opentelemetry-sdk-metrics-1.51.0.jar;C:\Users\Rajeev nandi\.m2\repository\io\opentelemetry\opentelemetry-sdk-logs\1.51.0\opentelemetry-sdk-logs-1.51.0.jar;C:\Users\Rajeev nandi\.m2\repository\net\bytebuddy\byte-buddy\1.17.6\byte-buddy-1.17.6.jar;C:\Users\Rajeev nandi\.m2\repository\org\seleniumhq\selenium\selenium-os\4.34.0\selenium-os-4.34.0.jar;C:\Users\Rajeev nandi\.m2\repository\org\apache\commons\commons-exec\1.5.0\commons-exec-1.5.0.jar;C:\Users\Rajeev nandi\.m2\repository\org\seleniumhq\selenium\selenium-safari-driver\4.34.0\selenium-safari-driver-4.34.0.jar;C:\Users\Rajeev nandi\.m2\repository\org\seleniumhq\selenium\selenium-support\4.34.0\selenium-support-4.34.0.jar;C:\Users\Rajeev nandi\.m2\repository\org\apache\poi\poi\5.2.3\poi-5.2.3.jar;C:\Users\Rajeev nandi\.m2\repository\commons-codec\commons-codec\1.15\commons-codec-1.15.jar;C:\Users\Rajeev nandi\.m2\repository\org\apache\commons\commons-collections4\4.4\commons-collections4-4.4.jar;C:\Users\Rajeev nandi\.m2\repository\org\apache\commons\commons-math3\3.6.1\commons-math3-3.6.1.jar;C:\Users\Rajeev nandi\.m2\repository\com\zaxxer\SparseBitSet\1.2\SparseBitSet-1.2.jar;C:\Users\Rajeev nandi\.m2\repository\org\apache\logging\log4j\log4j-api\2.18.0\log4j-api-2.18.0.jar;C:\Users\Rajeev nandi\.m2\repository\org\apache\poi\poi-ooxml\5.2.3\poi-ooxml-5.2.3.jar;C:\Users\Rajeev nandi\.m2\repository\org\apache\poi\poi-ooxml-lite\5.2.3\poi-ooxml-lite-5.2.3.jar;C:\Users\Rajeev nandi\.m2\repository\org\apache\xmlbeans\xmlbeans\5.1.1\xmlbeans-5.1.1.jar;C:\Users\Rajeev nandi\.m2\repository\org\apache\commons\commons-compress\1.21\commons-compress-1.21.jar;C:\Users\Rajeev nandi\.m2\repository\com\github\virtuald\curvesapi\1.07\curvesapi-1.07.jar;C:\Users\Rajeev nandi\.m2\repository\org\testng\testng\7.10.0\testng-7.10.0.jar;C:\Users\Rajeev nandi\.m2\repository\org\slf4j\slf4j-api\1.7.36\slf4j-api-1.7.36.jar;C:\Users\Rajeev nandi\.m2\repository\com\beust\jcommander\1.82\jcommander-1.82.jar;C:\Users\Rajeev nandi\.m2\repository\org\webjars\jquery\3.7.1\jquery-3.7.1.jar;C:\Users\Rajeev nandi\.m2\repository\org\projectlombok\lombok\1.18.30\lombok-1.18.30.jar;C:\Users\Rajeev nandi\.m2\repository\com\googlecode\json-simple\json-simple\1.1\json-simple-1.1.jar;C:\Users\Rajeev nandi\.m2\repository\com\mysql\mysql-connector-j\9.1.0\mysql-connector-j-9.1.0.jar;C:\Users\Rajeev nandi\.m2\repository\com\google\protobuf\protobuf-java\4.26.1\protobuf-java-4.26.1.jar;C:\Users\Rajeev nandi\.m2\repository\commons-io\commons-io\2.13.0\commons-io-2.13.0.jar;C:\Users\Rajeev nandi\.m2\repository\com\aventstack\extentreports\5.0.9\extentreports-5.0.9.jar;C:\Users\Rajeev nandi\.m2\repository\io\reactivex\rxjava3\rxjava\3.0.4\rxjava-3.0.4.jar;C:\Users\Rajeev nandi\.m2\repository\org\reactivestreams\reactive-streams\1.0.3\reactive-streams-1.0.3.jar;C:\Users\Rajeev nandi\.m2\repository\org\freemarker\freemarker\2.3.30\freemarker-2.3.30.jar;C:\Users\Rajeev nandi\.m2\repository\com\google\code\gson\gson\2.8.6\gson-2.8.6.jar
Launcher Type: SUN_STANDARD

[Global flags]
     intx CICompilerCount                          = 4                                         {product} {ergonomic}
     uint ConcGCThreads                            = 2                                         {product} {ergonomic}
     uint G1ConcRefinementThreads                  = 8                                         {product} {ergonomic}
   size_t G1HeapRegionSize                         = 1048576                                   {product} {ergonomic}
    uintx GCDrainStackTargetSize                   = 64                                        {product} {ergonomic}
   size_t InitialHeapSize                          = 130023424                                 {product} {ergonomic}
   size_t MarkStackSize                            = 4194304                                   {product} {ergonomic}
   size_t MaxHeapSize                              = 2080374784                                {product} {ergonomic}
   size_t MaxNewSize                               = 1247805440                                {product} {ergonomic}
   size_t MinHeapDeltaBytes                        = 1048576                                   {product} {ergonomic}
   size_t MinHeapSize                              = 8388608                                   {product} {ergonomic}
    uintx NonNMethodCodeHeapSize                   = 5839372                                {pd product} {ergonomic}
    uintx NonProfiledCodeHeapSize                  = 122909434                              {pd product} {ergonomic}
    uintx ProfiledCodeHeapSize                     = 122909434                              {pd product} {ergonomic}
    uintx ReservedCodeCacheSize                    = 251658240                              {pd product} {ergonomic}
     bool SegmentedCodeCache                       = true                                      {product} {ergonomic}
     bool ShowCodeDetailsInExceptionMessages       = true                                   {manageable} {command line}
   size_t SoftMaxHeapSize                          = 2080374784                             {manageable} {ergonomic}
     bool UseCompressedOops                        = true                           {product lp64_product} {ergonomic}
     bool UseG1GC                                  = true                                      {product} {ergonomic}
     bool UseLargePagesIndividualAllocation        = false                                  {pd product} {ergonomic}

Logging:
Log output configuration:
 #0: stdout all=warning uptime,level,tags foldmultilines=false
 #1: stderr all=off uptime,level,tags foldmultilines=false

Environment Variables:
JAVA_HOME=C:\Program Files\Java\jdk-17
PATH=C:\Python314\Scripts\;C:\Python314\;C:\app\Rajeevnandi2\product\11.2.0\dbhome_1\bin;C:\app\Rajeevnandi\product\11.2.0\dbhome_2\bin;C:\app\Rajeevnandi\product\11.2.0\dbhome_1\bin;C:\Program Files\Common Files\Oracle\Java\javapath;C:\WINDOWS\system32;C:\WINDOWS;C:\WINDOWS\System32\Wbem;C:\WINDOWS\System32\WindowsPowerShell\v1.0\;C:\WINDOWS\System32\OpenSSH\;C:\Program Files\dotnet\;C:\Program Files\Java\jdk-21\bin;C:\Program Files\Java\jdk-17\bin;D:\automation software\apache-maven-3.9.11-bin\apache-maven-3.9.11\bin;C:\Program Files\Git\cmd;C:\ProgramData\chocolatey\bin;C:\Program Files\nodejs\;C:\Program Files\MySQL\MySQL Shell 8.0\bin\;C:\Users\Rajeev nandi\AppData\Local\Microsoft\WindowsApps;C:\Program Files\JetBrains\PyCharm 2023.2\bin;;C:\Users\Rajeev nandi\AppData\Local\Programs\Microsoft VS Code\bin;D:\automation software\apache-maven-3.9.11-bin\apache-maven-3.9.11\bin;C:\Users\Rajeev nandi\AppData\Roaming\npm;C:\Users\Rajeev nandi\AppData\Local\GitHubDesktop\bin;
USERNAME=Rajeev nandi
OS=Windows_NT
PROCESSOR_IDENTIFIER=Intel64 Family 6 Model 140 Stepping 1, GenuineIntel
TMP=C:\Users\Rajeev nandi\AppData\Local\Temp
TEMP=C:\Users\Rajeev nandi\AppData\Local\Temp




Periodic native trim disabled

---------------  S Y S T E M  ---------------

OS:
 Windows 11 , 64 bit Build 26100 (10.0.26100.8328)
OS uptime: 5 days 18:43 hours
Hyper-V role detected

CPU: total 8 (initial active 8) (4 cores per cpu, 2 threads per core) family 6 model 140 stepping 1 microcode 0xbe, cx8, cmov, fxsr, ht, mmx, 3dnowpref, sse, sse2, sse3, ssse3, sse4.1, sse4.2, popcnt, lzcnt, tsc, tscinvbit, avx, avx2, aes, erms, clmul, bmi1, bmi2, adx, avx512f, avx512dq, avx512cd, avx512bw, avx512vl, sha, fma, vzeroupper, avx512_vpopcntdq, avx512_vpclmulqdq, avx512_vaes, avx512_vnni, clflush, clflushopt, clwb, avx512_vbmi2, avx512_vbmi, hv, rdtscp, rdpid, fsrm, gfni, avx512_bitalg, f16c, cet_ibt, cet_ss, avx512_ifma
Processor Information for all 8 processors :
  Max Mhz: 2419, Current Mhz: 2419, Mhz Limit: 2419

Memory: 4k page, system-wide physical 7934M (430M free)
TotalPageFile size 32510M (AvailPageFile size 31M)
current process WorkingSet (physical memory assigned to process): 180M, peak: 187M
current process commit charge ("private bytes"): 260M, peak: 268M

vm_info: Java HotSpot(TM) 64-Bit Server VM (21.0.2+13-LTS-58) for windows-amd64 JRE (21.0.2+13-LTS-58), built on 2024-01-05T18:32:24Z by "mach5one" with MS VC++ 17.1 (VS2022)

END.
