#
# There is insufficient memory for the Java Runtime Environment to continue.
# Native memory allocation (malloc) failed to allocate 1600032 bytes for Chunk::new
# Possible reasons:
#   The system is out of physical RAM or swap space
#   The process is running with CompressedOops enabled, and the Java Heap may be blocking the growth of the native heap
# Possible solutions:
#   Reduce memory load on the system
#   Increase physical memory or swap space
#   Check if swap backing store is full
#   Decrease Java heap size (-Xmx/-Xms)
#   Decrease number of Java threads
#   Decrease Java thread stack sizes (-Xss)
#   Set larger code cache with -XX:ReservedCodeCacheSize=
#   JVM is running with Unscaled Compressed Oops mode in which the Java heap is
#     placed in the first 4GB address space. The Java Heap base address is the
#     maximum limit for the native heap growth. Please use -XX:HeapBaseMinAddress
#     to set the Java Heap base and to place the Java Heap above 4GB virtual address.
# This output file may be truncated or incomplete.
#
#  Out of Memory Error (arena.cpp:168), pid=10008, tid=11572
#
# JRE version: Java(TM) SE Runtime Environment (21.0.2+13) (build 21.0.2+13-LTS-58)
# Java VM: Java HotSpot(TM) 64-Bit Server VM (21.0.2+13-LTS-58, mixed mode, sharing, tiered, compressed oops, compressed class ptrs, g1 gc, windows-amd64)
# No core dump will be written. Minidumps are not enabled by default on client versions of Windows
#

---------------  S U M M A R Y ------------

Command Line: -ea -Dfile.encoding=UTF-8 -Dstdout.encoding=UTF-8 -Dstderr.encoding=UTF-8 -XX:+ShowCodeDetailsInExceptionMessages org.testng.remote.RemoteTestNG -serport 53385 -protocol json -d D:\Eclipse-Rajeev\Octopussaas_main_Framework\test-output C:\Users\Rajeev nandi\AppData\Local\Temp\testng-eclipse-1337793109\testng-customsuite.xml

Host: 11th Gen Intel(R) Core(TM) i5-1135G7 @ 2.40GHz, 8 cores, 7G,  Windows 11 , 64 bit Build 26100 (10.0.26100.8521)
Time: Wed Jun  3 13:18:19 2026 India Standard Time elapsed time: 32.167700 seconds (0d 0h 0m 32s)

---------------  T H R E A D  ---------------

Current thread (0x000001c8ff994310):  JavaThread "C2 CompilerThread0" daemon [_thread_in_native, id=11572, stack(0x0000000dec200000,0x0000000dec300000) (1024K)]


Current CompileTask:
C2:  32167 3007   !   4       jdk.internal.loader.BuiltinClassLoader::loadClassOrNull (143 bytes)

Stack: [0x0000000dec200000,0x0000000dec300000]
Native frames: (J=compiled Java code, j=interpreted, Vv=VM code, C=native code)
V  [jvm.dll+0x6cade9]
V  [jvm.dll+0x8569c1]
V  [jvm.dll+0x858d2e]
V  [jvm.dll+0x859413]
V  [jvm.dll+0x280e56]
V  [jvm.dll+0xc3f3d]
V  [jvm.dll+0xc4473]
V  [jvm.dll+0x3b5c2c]
V  [jvm.dll+0x1e2013]
V  [jvm.dll+0x249d22]
V  [jvm.dll+0x2491b1]
V  [jvm.dll+0x1c9634]
V  [jvm.dll+0x258859]
V  [jvm.dll+0x256e3a]
V  [jvm.dll+0x3ef6c6]
V  [jvm.dll+0x7ff568]
V  [jvm.dll+0x6c953d]
C  [ucrtbase.dll+0x2cd30]
C  [KERNEL32.DLL+0x2e957]
C  [ntdll.dll+0x87c1c]


---------------  P R O C E S S  ---------------

Threads class SMR info:
_java_thread_list=0x000001c8c69c8700, length=28, elements={
0x000001c8e13e6150, 0x000001c8ff97ae30, 0x000001c8ff97b890, 0x000001c8ff980d90,
0x000001c8ff9817f0, 0x000001c8ff982380, 0x000001c8ff98de10, 0x000001c8ff994310,
0x000001c8ff9961c0, 0x000001c8c5282b50, 0x000001c8c5289350, 0x000001c8c58868b0,
0x000001c8c6333920, 0x000001c8c6a2cd70, 0x000001c8c63e1060, 0x000001c8c6baf1f0,
0x000001c8c6baf860, 0x000001c8c64ff330, 0x000001c8c64fd8f0, 0x000001c8c6500050,
0x000001c8c64ff9c0, 0x000001c8c64fe610, 0x000001c8c64fdf80, 0x000001c8c64feca0,
0x000001c8c65006e0, 0x000001c8c6cb16a0, 0x000001c8c6cb1010, 0x000001c8c6cb02f0
}

Java Threads: ( => current thread )
  0x000001c8e13e6150 JavaThread "main"                              [_thread_in_native, id=30024, stack(0x0000000deb400000,0x0000000deb500000) (1024K)]
  0x000001c8ff97ae30 JavaThread "Reference Handler"          daemon [_thread_blocked, id=28160, stack(0x0000000debc00000,0x0000000debd00000) (1024K)]
  0x000001c8ff97b890 JavaThread "Finalizer"                  daemon [_thread_blocked, id=23960, stack(0x0000000debd00000,0x0000000debe00000) (1024K)]
  0x000001c8ff980d90 JavaThread "Signal Dispatcher"          daemon [_thread_blocked, id=25956, stack(0x0000000debe00000,0x0000000debf00000) (1024K)]
  0x000001c8ff9817f0 JavaThread "Attach Listener"            daemon [_thread_blocked, id=29400, stack(0x0000000debf00000,0x0000000dec000000) (1024K)]
  0x000001c8ff982380 JavaThread "Service Thread"             daemon [_thread_blocked, id=3080, stack(0x0000000dec000000,0x0000000dec100000) (1024K)]
  0x000001c8ff98de10 JavaThread "Monitor Deflation Thread"   daemon [_thread_blocked, id=26324, stack(0x0000000dec100000,0x0000000dec200000) (1024K)]
=>0x000001c8ff994310 JavaThread "C2 CompilerThread0"         daemon [_thread_in_native, id=11572, stack(0x0000000dec200000,0x0000000dec300000) (1024K)]
  0x000001c8ff9961c0 JavaThread "C1 CompilerThread0"         daemon [_thread_blocked, id=23484, stack(0x0000000dec300000,0x0000000dec400000) (1024K)]
  0x000001c8c5282b50 JavaThread "Notification Thread"        daemon [_thread_blocked, id=23296, stack(0x0000000dec400000,0x0000000dec500000) (1024K)]
  0x000001c8c5289350 JavaThread "Common-Cleaner"             daemon [_thread_blocked, id=25832, stack(0x0000000dec500000,0x0000000dec600000) (1024K)]
  0x000001c8c58868b0 JavaThread "ReaderThread"                      [_thread_in_native, id=3056, stack(0x0000000dec800000,0x0000000dec900000) (1024K)]
  0x000001c8c6333920 JavaThread "ForkJoinPool.commonPool-worker-1" daemon [_thread_blocked, id=31284, stack(0x0000000dec600000,0x0000000dec700000) (1024K)]
  0x000001c8c6a2cd70 JavaThread "HttpClient-1-SelectorManager" daemon [_thread_in_native, id=17416, stack(0x0000000ded100000,0x0000000ded200000) (1024K)]
  0x000001c8c63e1060 JavaThread "External Process Output Forwarder - C:\Users\Rajeev nandi\.cache\selenium\chromedriver\win64\148.0.7778.178\chromedriver.exe" daemon [_thread_in_native, id=7736, stack(0x0000000ded000000,0x0000000ded100000) (1024K)]
  0x000001c8c6baf1f0 JavaThread "Driver Service Executor"    daemon [_thread_blocked, id=25940, stack(0x0000000ded200000,0x0000000ded300000) (1024K)]
  0x000001c8c6baf860 JavaThread "Driver Service Executor"    daemon [_thread_blocked, id=25952, stack(0x0000000ded300000,0x0000000ded400000) (1024K)]
  0x000001c8c64ff330 JavaThread "UrlChecker-2"               daemon [_thread_blocked, id=15772, stack(0x0000000ded400000,0x0000000ded500000) (1024K)]
  0x000001c8c64fd8f0 JavaThread "JdkHttpClient-0-0"          daemon [_thread_blocked, id=8, stack(0x0000000ded700000,0x0000000ded800000) (1024K)]
  0x000001c8c6500050 JavaThread "CompletableFutureDelayScheduler" daemon [_thread_blocked, id=23312, stack(0x0000000ded800000,0x0000000ded900000) (1024K)]
  0x000001c8c64ff9c0 JavaThread "JdkHttpClient-0-1"          daemon [_thread_blocked, id=26300, stack(0x0000000ded900000,0x0000000deda00000) (1024K)]
  0x000001c8c64fe610 JavaThread "JdkHttpClient-0-2"          daemon [_thread_blocked, id=13780, stack(0x0000000deda00000,0x0000000dedb00000) (1024K)]
  0x000001c8c64fdf80 JavaThread "JdkHttpClient-0-3"          daemon [_thread_blocked, id=16096, stack(0x0000000dedb00000,0x0000000dedc00000) (1024K)]
  0x000001c8c64feca0 JavaThread "HttpClient-2-SelectorManager" daemon [_thread_in_native, id=29172, stack(0x0000000ded500000,0x0000000ded600000) (1024K)]
  0x000001c8c65006e0 JavaThread "JdkHttpClient-1-0"          daemon [_thread_blocked, id=27420, stack(0x0000000dedc00000,0x0000000dedd00000) (1024K)]
  0x000001c8c6cb16a0 JavaThread "JdkHttpClient-1-1"          daemon [_thread_blocked, id=30004, stack(0x0000000dedd00000,0x0000000dede00000) (1024K)]
  0x000001c8c6cb1010 JavaThread "JdkHttpClient-1-2"          daemon [_thread_blocked, id=3228, stack(0x0000000dede00000,0x0000000dedf00000) (1024K)]
  0x000001c8c6cb02f0 JavaThread "JdkHttpClient-1-3"          daemon [_thread_blocked, id=32256, stack(0x0000000dedf00000,0x0000000dee000000) (1024K)]
Total: 28

Other Threads:
  0x000001c8ff958c90 VMThread "VM Thread"                           [id=13668, stack(0x0000000debb00000,0x0000000debc00000) (1024K)]
  0x000001c8ff943150 WatcherThread "VM Periodic Task Thread"        [id=21436, stack(0x0000000deba00000,0x0000000debb00000) (1024K)]
  0x000001c8e18e7ad0 WorkerThread "GC Thread#0"                     [id=3476, stack(0x0000000deb500000,0x0000000deb600000) (1024K)]
  0x000001c8ff959030 WorkerThread "GC Thread#1"                     [id=27952, stack(0x0000000dec900000,0x0000000deca00000) (1024K)]
  0x000001c8ff95a250 WorkerThread "GC Thread#2"                     [id=16228, stack(0x0000000deca00000,0x0000000decb00000) (1024K)]
  0x000001c8ff9593d0 WorkerThread "GC Thread#3"                     [id=14304, stack(0x0000000decb00000,0x0000000decc00000) (1024K)]
  0x000001c8ff95a5f0 WorkerThread "GC Thread#4"                     [id=23092, stack(0x0000000decc00000,0x0000000decd00000) (1024K)]
  0x000001c8ff959770 WorkerThread "GC Thread#5"                     [id=10508, stack(0x0000000decd00000,0x0000000dece00000) (1024K)]
  0x000001c8ff959b10 WorkerThread "GC Thread#6"                     [id=4460, stack(0x0000000dece00000,0x0000000decf00000) (1024K)]
  0x000001c8ff959eb0 WorkerThread "GC Thread#7"                     [id=30160, stack(0x0000000decf00000,0x0000000ded000000) (1024K)]
  0x000001c8e18f81c0 ConcurrentGCThread "G1 Main Marker"            [id=14416, stack(0x0000000deb600000,0x0000000deb700000) (1024K)]
  0x000001c8e18f9a50 WorkerThread "G1 Conc#0"                       [id=13516, stack(0x0000000deb700000,0x0000000deb800000) (1024K)]
  0x000001c8c6b9e270 WorkerThread "G1 Conc#1"                       [id=30284, stack(0x0000000ded600000,0x0000000ded700000) (1024K)]
  0x000001c8e194ea40 ConcurrentGCThread "G1 Refine#0"               [id=16972, stack(0x0000000deb800000,0x0000000deb900000) (1024K)]
  0x000001c8ff811410 ConcurrentGCThread "G1 Service"                [id=28508, stack(0x0000000deb900000,0x0000000deba00000) (1024K)]
Total: 15

Threads with active compile tasks:
C2 CompilerThread0    32228 3007   !   4       jdk.internal.loader.BuiltinClassLoader::loadClassOrNull (143 bytes)
C1 CompilerThread0    32228 3276       3       com.sun.org.apache.xerces.internal.impl.XMLDocumentFragmentScannerImpl::getPropertyDefault (36 bytes)
Total: 2

VM state: not at safepoint (normal execution)

VM Mutex/Monitor currently owned by a thread: None

Heap address: 0x0000000084000000, size: 1984 MB, Compressed Oops mode: 32-bit

CDS archive(s) mapped at: [0x000001c880000000-0x000001c880c90000-0x000001c880c90000), size 13172736, SharedBaseAddress: 0x000001c880000000, ArchiveRelocationMode: 1.
Compressed class space mapped at: 0x000001c881000000-0x000001c8c1000000, reserved size: 1073741824
Narrow klass base: 0x000001c880000000, Narrow klass shift: 0, Narrow klass range: 0x100000000

GC Precious Log:
 CardTable entry size: 512
 Card Set container configuration: InlinePtr #cards 5 size 8 Array Of Cards #cards 12 size 40 Howl #buckets 4 coarsen threshold 1843 Howl Bitmap #cards 512 size 80 coarsen threshold 460 Card regions per heap region 1 cards per card region 2048
 CPUs: 8 total, 8 available
 Memory: 7934M
 Large Page Support: Disabled
 NUMA Support: Disabled
 Compressed Oops: Enabled (32-bit)
 Heap Region Size: 1M
 Heap Min Capacity: 8M
 Heap Initial Capacity: 124M
 Heap Max Capacity: 1984M
 Pre-touch: Disabled
 Parallel Workers: 8
 Concurrent Workers: 2
 Concurrent Refinement Workers: 8
 Periodic GC: Disabled

Heap:
 garbage-first heap   total 48128K, used 33920K [0x0000000084000000, 0x0000000100000000)
  region size 1024K, 24 young (24576K), 3 survivors (3072K)
 Metaspace       used 27393K, committed 27840K, reserved 1114112K
  class space    used 3284K, committed 3456K, reserved 1048576K

Heap Regions: E=young(eden), S=young(survivor), O=old, HS=humongous(starts), HC=humongous(continues), CS=collection set, F=free, TAMS=top-at-mark-start, PB=parsable bottom
|   0|0x0000000084000000, 0x0000000084100000, 0x0000000084100000|100%|HS|  |TAMS 0x0000000084000000| PB 0x0000000084000000| Complete 
|   1|0x0000000084100000, 0x0000000084200000, 0x0000000084200000|100%| O|  |TAMS 0x0000000084100000| PB 0x0000000084100000| Untracked 
|   2|0x0000000084200000, 0x0000000084300000, 0x0000000084300000|100%| O|  |TAMS 0x0000000084200000| PB 0x0000000084200000| Untracked 
|   3|0x0000000084300000, 0x0000000084400000, 0x0000000084400000|100%| O|  |TAMS 0x0000000084300000| PB 0x0000000084300000| Untracked 
|   4|0x0000000084400000, 0x0000000084500000, 0x0000000084500000|100%| O|  |TAMS 0x0000000084400000| PB 0x0000000084400000| Untracked 
|   5|0x0000000084500000, 0x0000000084600000, 0x0000000084600000|100%| O|  |TAMS 0x0000000084500000| PB 0x0000000084500000| Untracked 
|   6|0x0000000084600000, 0x0000000084700000, 0x0000000084700000|100%| O|  |TAMS 0x0000000084600000| PB 0x0000000084600000| Untracked 
|   7|0x0000000084700000, 0x0000000084700000, 0x0000000084800000|  0%| F|  |TAMS 0x0000000084700000| PB 0x0000000084700000| Untracked 
|   8|0x0000000084800000, 0x0000000084900000, 0x0000000084900000|100%| O|  |TAMS 0x0000000084800000| PB 0x0000000084800000| Untracked 
|   9|0x0000000084900000, 0x0000000084a00000, 0x0000000084a00000|100%| O|  |TAMS 0x0000000084900000| PB 0x0000000084900000| Untracked 
|  10|0x0000000084a00000, 0x0000000084b00000, 0x0000000084b00000|100%| O|  |TAMS 0x0000000084a00000| PB 0x0000000084a00000| Untracked 
|  11|0x0000000084b00000, 0x0000000084c00000, 0x0000000084c00000|100%| O|  |TAMS 0x0000000084b00000| PB 0x0000000084b00000| Untracked 
|  12|0x0000000084c00000, 0x0000000084c76740, 0x0000000084d00000| 46%| O|  |TAMS 0x0000000084c00000| PB 0x0000000084c00000| Untracked 
|  13|0x0000000084d00000, 0x0000000084d00000, 0x0000000084e00000|  0%| F|  |TAMS 0x0000000084d00000| PB 0x0000000084d00000| Untracked 
|  14|0x0000000084e00000, 0x0000000084e00000, 0x0000000084f00000|  0%| F|  |TAMS 0x0000000084e00000| PB 0x0000000084e00000| Untracked 
|  15|0x0000000084f00000, 0x0000000084f00000, 0x0000000085000000|  0%| F|  |TAMS 0x0000000084f00000| PB 0x0000000084f00000| Untracked 
|  16|0x0000000085000000, 0x0000000085000000, 0x0000000085100000|  0%| F|  |TAMS 0x0000000085000000| PB 0x0000000085000000| Untracked 
|  17|0x0000000085100000, 0x0000000085100000, 0x0000000085200000|  0%| F|  |TAMS 0x0000000085100000| PB 0x0000000085100000| Untracked 
|  18|0x0000000085200000, 0x0000000085200000, 0x0000000085300000|  0%| F|  |TAMS 0x0000000085200000| PB 0x0000000085200000| Untracked 
|  19|0x0000000085300000, 0x0000000085300000, 0x0000000085400000|  0%| F|  |TAMS 0x0000000085300000| PB 0x0000000085300000| Untracked 
|  20|0x0000000085400000, 0x0000000085400000, 0x0000000085500000|  0%| F|  |TAMS 0x0000000085400000| PB 0x0000000085400000| Untracked 
|  21|0x0000000085500000, 0x0000000085500000, 0x0000000085600000|  0%| F|  |TAMS 0x0000000085500000| PB 0x0000000085500000| Untracked 
|  22|0x0000000085600000, 0x00000000856a9c38, 0x0000000085700000| 66%| S|CS|TAMS 0x0000000085600000| PB 0x0000000085600000| Complete 
|  23|0x0000000085700000, 0x0000000085800000, 0x0000000085800000|100%| S|CS|TAMS 0x0000000085700000| PB 0x0000000085700000| Complete 
|  24|0x0000000085800000, 0x0000000085900000, 0x0000000085900000|100%| S|CS|TAMS 0x0000000085800000| PB 0x0000000085800000| Complete 
|  25|0x0000000085900000, 0x0000000085900000, 0x0000000085a00000|  0%| F|  |TAMS 0x0000000085900000| PB 0x0000000085900000| Untracked 
|  26|0x0000000085a00000, 0x0000000085a6d428, 0x0000000085b00000| 42%| E|  |TAMS 0x0000000085a00000| PB 0x0000000085a00000| Complete 
|  27|0x0000000085b00000, 0x0000000085c00000, 0x0000000085c00000|100%| E|CS|TAMS 0x0000000085b00000| PB 0x0000000085b00000| Complete 
|  28|0x0000000085c00000, 0x0000000085d00000, 0x0000000085d00000|100%| E|CS|TAMS 0x0000000085c00000| PB 0x0000000085c00000| Complete 
|  29|0x0000000085d00000, 0x0000000085e00000, 0x0000000085e00000|100%| E|CS|TAMS 0x0000000085d00000| PB 0x0000000085d00000| Complete 
|  30|0x0000000085e00000, 0x0000000085f00000, 0x0000000085f00000|100%| E|CS|TAMS 0x0000000085e00000| PB 0x0000000085e00000| Complete 
|  31|0x0000000085f00000, 0x0000000086000000, 0x0000000086000000|100%| E|CS|TAMS 0x0000000085f00000| PB 0x0000000085f00000| Complete 
|  32|0x0000000086000000, 0x0000000086100000, 0x0000000086100000|100%| E|  |TAMS 0x0000000086000000| PB 0x0000000086000000| Complete 
|  33|0x0000000086100000, 0x0000000086200000, 0x0000000086200000|100%| E|CS|TAMS 0x0000000086100000| PB 0x0000000086100000| Complete 
|  34|0x0000000086200000, 0x0000000086300000, 0x0000000086300000|100%| E|CS|TAMS 0x0000000086200000| PB 0x0000000086200000| Complete 
|  35|0x0000000086300000, 0x0000000086400000, 0x0000000086400000|100%| E|CS|TAMS 0x0000000086300000| PB 0x0000000086300000| Complete 
|  36|0x0000000086400000, 0x0000000086500000, 0x0000000086500000|100%| E|CS|TAMS 0x0000000086400000| PB 0x0000000086400000| Complete 
|  37|0x0000000086500000, 0x0000000086600000, 0x0000000086600000|100%| E|CS|TAMS 0x0000000086500000| PB 0x0000000086500000| Complete 
|  38|0x0000000086600000, 0x0000000086700000, 0x0000000086700000|100%| E|CS|TAMS 0x0000000086600000| PB 0x0000000086600000| Complete 
|  39|0x0000000086700000, 0x0000000086800000, 0x0000000086800000|100%| E|CS|TAMS 0x0000000086700000| PB 0x0000000086700000| Complete 
|  40|0x0000000086800000, 0x0000000086900000, 0x0000000086900000|100%| E|CS|TAMS 0x0000000086800000| PB 0x0000000086800000| Complete 
| 106|0x000000008aa00000, 0x000000008ab00000, 0x000000008ab00000|100%| E|CS|TAMS 0x000000008aa00000| PB 0x000000008aa00000| Complete 
| 107|0x000000008ab00000, 0x000000008ac00000, 0x000000008ac00000|100%| E|CS|TAMS 0x000000008ab00000| PB 0x000000008ab00000| Complete 
| 108|0x000000008ac00000, 0x000000008ad00000, 0x000000008ad00000|100%| E|CS|TAMS 0x000000008ac00000| PB 0x000000008ac00000| Complete 
| 109|0x000000008ad00000, 0x000000008ae00000, 0x000000008ae00000|100%| E|CS|TAMS 0x000000008ad00000| PB 0x000000008ad00000| Complete 
| 110|0x000000008ae00000, 0x000000008af00000, 0x000000008af00000|100%| E|CS|TAMS 0x000000008ae00000| PB 0x000000008ae00000| Complete 
| 123|0x000000008bb00000, 0x000000008bc00000, 0x000000008bc00000|100%| E|CS|TAMS 0x000000008bb00000| PB 0x000000008bb00000| Complete 

Card table byte_map: [0x000001c8fb100000,0x000001c8fb4e0000] _byte_map_base: 0x000001c8face0000

Marking Bits: (CMBitMap*) 0x000001c8e18e80e0
 Bits: [0x000001c8fb4e0000, 0x000001c8fd3e0000)

Polling page: 0x000001c8e15f0000

Metaspace:

Usage:
  Non-class:     23.54 MB used.
      Class:      3.21 MB used.
       Both:     26.75 MB used.

Virtual space:
  Non-class space:       64.00 MB reserved,      23.81 MB ( 37%) committed,  1 nodes.
      Class space:        1.00 GB reserved,       3.38 MB ( <1%) committed,  1 nodes.
             Both:        1.06 GB reserved,      27.19 MB (  2%) committed. 

Chunk freelists:
   Non-Class:  7.84 MB
       Class:  12.57 MB
        Both:  20.41 MB

MaxMetaspaceSize: unlimited
CompressedClassSpaceSize: 1.00 GB
Initial GC threshold: 21.00 MB
Current GC threshold: 35.12 MB
CDS: on
 - commit_granule_bytes: 65536.
 - commit_granule_words: 8192.
 - virtual_space_node_default_size: 8388608.
 - enlarge_chunks_in_place: 1.
 - use_allocation_guard: 0.


Internal statistics:

num_allocs_failed_limit: 3.
num_arena_births: 550.
num_arena_deaths: 0.
num_vsnodes_births: 2.
num_vsnodes_deaths: 0.
num_space_committed: 435.
num_space_uncommitted: 0.
num_chunks_returned_to_freelist: 3.
num_chunks_taken_from_freelist: 1358.
num_chunk_merges: 3.
num_chunk_splits: 876.
num_chunks_enlarged: 572.
num_inconsistent_stats: 0.

CodeHeap 'non-profiled nmethods': size=120000Kb used=1259Kb max_used=1259Kb free=118740Kb
 bounds [0x000001c8f2d80000, 0x000001c8f2ff0000, 0x000001c8fa2b0000]
CodeHeap 'profiled nmethods': size=120000Kb used=6593Kb max_used=6593Kb free=113407Kb
 bounds [0x000001c8eb2b0000, 0x000001c8eb930000, 0x000001c8f27e0000]
CodeHeap 'non-nmethods': size=5760Kb used=1750Kb max_used=1758Kb free=4010Kb
 bounds [0x000001c8f27e0000, 0x000001c8f2a50000, 0x000001c8f2d80000]
 total_blobs=3891 nmethods=3262 adapters=533
 compilation: enabled
              stopped_count=0, restarted_count=0
 full_count=0

Compilation events (20 events):
Event: 31.985 Thread 0x000001c8ff9961c0 3221       3       org.apache.xmlbeans.impl.store.Saver::positionToInner (48 bytes)
Event: 31.986 Thread 0x000001c8ff9961c0 nmethod 3221 0x000001c8eb8ee310 code [0x000001c8eb8ee560, 0x000001c8eb8eeaf0]
Event: 31.986 Thread 0x000001c8ff9961c0 3213       3       org.apache.xmlbeans.impl.store.Saver$TextSaver::emitName (155 bytes)
Event: 31.986 Thread 0x000001c8ff9961c0 nmethod 3213 0x000001c8eb8eed90 code [0x000001c8eb8ef060, 0x000001c8eb8efce0]
Event: 31.987 Thread 0x000001c8ff9961c0 3214       3       org.apache.xmlbeans.impl.store.Saver$SaveCur::<init> (5 bytes)
Event: 31.987 Thread 0x000001c8ff9961c0 nmethod 3214 0x000001c8eb8f0210 code [0x000001c8eb8f03c0, 0x000001c8eb8f0528]
Event: 31.987 Thread 0x000001c8ff9961c0 3215       3       java.util.Collections$SingletonMap::keySet (23 bytes)
Event: 31.987 Thread 0x000001c8ff9961c0 nmethod 3215 0x000001c8eb8f0610 code [0x000001c8eb8f07e0, 0x000001c8eb8f0c18]
Event: 31.987 Thread 0x000001c8ff9961c0 3216       3       java.util.Collections$SingletonSet::iterator (8 bytes)
Event: 31.987 Thread 0x000001c8ff9961c0 nmethod 3216 0x000001c8eb8f0d90 code [0x000001c8eb8f0f40, 0x000001c8eb8f1220]
Event: 31.987 Thread 0x000001c8ff9961c0 3217       3       java.util.Collections$SingletonMap::get (20 bytes)
Event: 31.987 Thread 0x000001c8ff9961c0 nmethod 3217 0x000001c8eb8f1390 code [0x000001c8eb8f1560, 0x000001c8eb8f18c8]
Event: 31.987 Thread 0x000001c8ff9961c0 3218       3       org.apache.xmlbeans.impl.store.Saver$SaveCur::isRoot (14 bytes)
Event: 31.987 Thread 0x000001c8ff9961c0 nmethod 3218 0x000001c8eb8f1a10 code [0x000001c8eb8f1bc0, 0x000001c8eb8f1de0]
Event: 31.987 Thread 0x000001c8ff9961c0 3219       3       org.apache.xmlbeans.impl.store.Cur::getBookmark (85 bytes)
Event: 31.988 Thread 0x000001c8ff9961c0 nmethod 3219 0x000001c8eb8f1e90 code [0x000001c8eb8f20a0, 0x000001c8eb8f2630]
Event: 31.988 Thread 0x000001c8ff9961c0 3224       1       org.apache.poi.openxml4j.opc.PackageRelationship::getRelationshipType (5 bytes)
Event: 31.988 Thread 0x000001c8ff9961c0 nmethod 3224 0x000001c8f2eba310 code [0x000001c8f2eba4a0, 0x000001c8f2eba568]
Event: 31.988 Thread 0x000001c8ff9961c0 3188       1       org.apache.xmlbeans.impl.store.Saver$SynthNamespaceSaver::emitElement (2 bytes)
Event: 31.988 Thread 0x000001c8ff9961c0 nmethod 3188 0x000001c8f2eba610 code [0x000001c8f2eba7a0, 0x000001c8f2eba868]

GC Heap History (10 events):
Event: 1.852 GC heap before
{Heap before GC invocations=0 (full 0):
 garbage-first heap   total 126976K, used 23552K [0x0000000084000000, 0x0000000100000000)
  region size 1024K, 23 young (23552K), 0 survivors (0K)
 Metaspace       used 7625K, committed 7936K, reserved 1114112K
  class space    used 860K, committed 1024K, reserved 1048576K
}
Event: 1.861 GC heap after
{Heap after GC invocations=1 (full 0):
 garbage-first heap   total 126976K, used 7808K [0x0000000084000000, 0x0000000100000000)
  region size 1024K, 3 young (3072K), 3 survivors (3072K)
 Metaspace       used 7625K, committed 7936K, reserved 1114112K
  class space    used 860K, committed 1024K, reserved 1048576K
}
Event: 5.398 GC heap before
{Heap before GC invocations=1 (full 0):
 garbage-first heap   total 126976K, used 36480K [0x0000000084000000, 0x0000000100000000)
  region size 1024K, 32 young (32768K), 3 survivors (3072K)
 Metaspace       used 17975K, committed 18432K, reserved 1114112K
  class space    used 2125K, committed 2304K, reserved 1048576K
}
Event: 5.408 GC heap after
{Heap after GC invocations=2 (full 0):
 garbage-first heap   total 126976K, used 11811K [0x0000000084000000, 0x0000000100000000)
  region size 1024K, 4 young (4096K), 4 survivors (4096K)
 Metaspace       used 17975K, committed 18432K, reserved 1114112K
  class space    used 2125K, committed 2304K, reserved 1048576K
}
Event: 29.514 GC heap before
{Heap before GC invocations=2 (full 0):
 garbage-first heap   total 126976K, used 24099K [0x0000000084000000, 0x0000000100000000)
  region size 1024K, 17 young (17408K), 4 survivors (4096K)
 Metaspace       used 21100K, committed 21504K, reserved 1114112K
  class space    used 2540K, committed 2752K, reserved 1048576K
}
Event: 29.522 GC heap after
{Heap after GC invocations=3 (full 0):
 garbage-first heap   total 126976K, used 12835K [0x0000000084000000, 0x0000000100000000)
  region size 1024K, 5 young (5120K), 5 survivors (5120K)
 Metaspace       used 21100K, committed 21504K, reserved 1114112K
  class space    used 2540K, committed 2752K, reserved 1048576K
}
Event: 30.461 GC heap before
{Heap before GC invocations=4 (full 0):
 garbage-first heap   total 48128K, used 36387K [0x0000000084000000, 0x0000000100000000)
  region size 1024K, 28 young (28672K), 5 survivors (5120K)
 Metaspace       used 25412K, committed 25856K, reserved 1114112K
  class space    used 3050K, committed 3264K, reserved 1048576K
}
Event: 30.471 GC heap after
{Heap after GC invocations=5 (full 0):
 garbage-first heap   total 48128K, used 13847K [0x0000000084000000, 0x0000000100000000)
  region size 1024K, 3 young (3072K), 3 survivors (3072K)
 Metaspace       used 25412K, committed 25856K, reserved 1114112K
  class space    used 3050K, committed 3264K, reserved 1048576K
}
Event: 30.515 GC heap before
{Heap before GC invocations=5 (full 0):
 garbage-first heap   total 48128K, used 36375K [0x0000000084000000, 0x0000000100000000)
  region size 1024K, 25 young (25600K), 3 survivors (3072K)
 Metaspace       used 25412K, committed 25856K, reserved 1114112K
  class space    used 3050K, committed 3264K, reserved 1048576K
}
Event: 30.520 GC heap after
{Heap after GC invocations=6 (full 0):
 garbage-first heap   total 48128K, used 14464K [0x0000000084000000, 0x0000000100000000)
  region size 1024K, 3 young (3072K), 3 survivors (3072K)
 Metaspace       used 25412K, committed 25856K, reserved 1114112K
  class space    used 3050K, committed 3264K, reserved 1048576K
}

Dll operation events (11 events):
Event: 0.012 Loaded shared library C:\Program Files\Java\jdk-21\bin\java.dll
Event: 0.065 Loaded shared library C:\Program Files\Java\jdk-21\bin\jsvml.dll
Event: 0.151 Loaded shared library C:\Program Files\Java\jdk-21\bin\net.dll
Event: 0.154 Loaded shared library C:\Program Files\Java\jdk-21\bin\nio.dll
Event: 0.160 Loaded shared library C:\Program Files\Java\jdk-21\bin\zip.dll
Event: 0.724 Loaded shared library C:\Program Files\Java\jdk-21\bin\jimage.dll
Event: 0.817 Loaded shared library C:\Program Files\Java\jdk-21\bin\verify.dll
Event: 1.104 Loaded shared library C:\Program Files\Java\jdk-21\bin\extnet.dll
Event: 4.479 Loaded shared library C:\Program Files\Java\jdk-21\bin\management.dll
Event: 4.483 Loaded shared library C:\Program Files\Java\jdk-21\bin\management_ext.dll
Event: 4.872 Loaded shared library C:\Program Files\Java\jdk-21\bin\sunmscapi.dll

Deoptimization events (20 events):
Event: 29.756 Thread 0x000001c8e13e6150 Uncommon trap: trap_request=0xffffff45 fr.pc=0x000001c8f2e65318 relative=0x0000000000000298
Event: 29.756 Thread 0x000001c8e13e6150 Uncommon trap: reason=unstable_if action=reinterpret pc=0x000001c8f2e65318 method=java.util.regex.Pattern$BmpCharProperty.match(Ljava/util/regex/Matcher;ILjava/lang/CharSequence;)Z @ 39 c2
Event: 29.756 Thread 0x000001c8e13e6150 DEOPT PACKING pc=0x000001c8f2e65318 sp=0x0000000deb4fdd60
Event: 29.756 Thread 0x000001c8e13e6150 DEOPT UNPACKING pc=0x000001c8f2837da2 sp=0x0000000deb4fdd00 mode 2
Event: 29.756 Thread 0x000001c8e13e6150 Uncommon trap: trap_request=0xffffff45 fr.pc=0x000001c8f2e65318 relative=0x0000000000000298
Event: 29.756 Thread 0x000001c8e13e6150 Uncommon trap: reason=unstable_if action=reinterpret pc=0x000001c8f2e65318 method=java.util.regex.Pattern$BmpCharProperty.match(Ljava/util/regex/Matcher;ILjava/lang/CharSequence;)Z @ 39 c2
Event: 29.756 Thread 0x000001c8e13e6150 DEOPT PACKING pc=0x000001c8f2e65318 sp=0x0000000deb4fddb0
Event: 29.756 Thread 0x000001c8e13e6150 DEOPT UNPACKING pc=0x000001c8f2837da2 sp=0x0000000deb4fdd50 mode 2
Event: 29.756 Thread 0x000001c8e13e6150 Uncommon trap: trap_request=0xffffff45 fr.pc=0x000001c8f2e65318 relative=0x0000000000000298
Event: 29.756 Thread 0x000001c8e13e6150 Uncommon trap: reason=unstable_if action=reinterpret pc=0x000001c8f2e65318 method=java.util.regex.Pattern$BmpCharProperty.match(Ljava/util/regex/Matcher;ILjava/lang/CharSequence;)Z @ 39 c2
Event: 29.756 Thread 0x000001c8e13e6150 DEOPT PACKING pc=0x000001c8f2e65318 sp=0x0000000deb4fde00
Event: 29.756 Thread 0x000001c8e13e6150 DEOPT UNPACKING pc=0x000001c8f2837da2 sp=0x0000000deb4fdda0 mode 2
Event: 30.354 Thread 0x000001c8e13e6150 Uncommon trap: trap_request=0xffffff45 fr.pc=0x000001c8f2e87f98 relative=0x0000000000001778
Event: 30.354 Thread 0x000001c8e13e6150 Uncommon trap: reason=unstable_if action=reinterpret pc=0x000001c8f2e87f98 method=java.util.jar.JarFile.getVersionedEntry(Ljava/lang/String;Ljava/util/jar/JarEntry;)Ljava/util/jar/JarEntry; @ 26 c2
Event: 30.354 Thread 0x000001c8e13e6150 DEOPT PACKING pc=0x000001c8f2e87f98 sp=0x0000000deb4f8a00
Event: 30.354 Thread 0x000001c8e13e6150 DEOPT UNPACKING pc=0x000001c8f2837da2 sp=0x0000000deb4f89f0 mode 2
Event: 30.486 Thread 0x000001c8e13e6150 Uncommon trap: trap_request=0xffffff45 fr.pc=0x000001c8f2ead664 relative=0x00000000000007c4
Event: 30.486 Thread 0x000001c8e13e6150 Uncommon trap: reason=unstable_if action=reinterpret pc=0x000001c8f2ead664 method=java.util.zip.InflaterInputStream.read([BII)I @ 74 c2
Event: 30.486 Thread 0x000001c8e13e6150 DEOPT PACKING pc=0x000001c8f2ead664 sp=0x0000000deb4fbe30
Event: 30.486 Thread 0x000001c8e13e6150 DEOPT UNPACKING pc=0x000001c8f2837da2 sp=0x0000000deb4fbe00 mode 2

Classes loaded (20 events):
Event: 30.402 Loading class java/io/UTFDataFormatException
Event: 30.402 Loading class java/io/UTFDataFormatException done
Event: 30.603 Loading class org/w3c/dom/DOMImplementation
Event: 30.603 Loading class org/w3c/dom/DOMImplementation done
Event: 30.611 Loading class org/xml/sax/ext/LexicalHandler
Event: 30.611 Loading class org/xml/sax/ext/LexicalHandler done
Event: 30.611 Loading class org/xml/sax/ext/DeclHandler
Event: 30.611 Loading class org/xml/sax/ext/DeclHandler done
Event: 30.616 Loading class org/w3c/dom/CDATASection
Event: 30.616 Loading class org/w3c/dom/CDATASection done
Event: 30.639 Loading class java/lang/AbstractMethodError
Event: 30.639 Loading class java/lang/AbstractMethodError done
Event: 30.647 Loading class org/w3c/dom/Comment
Event: 30.647 Loading class org/w3c/dom/Comment done
Event: 30.649 Loading class org/w3c/dom/ProcessingInstruction
Event: 30.650 Loading class org/w3c/dom/ProcessingInstruction done
Event: 30.654 Loading class org/w3c/dom/DocumentFragment
Event: 30.654 Loading class org/w3c/dom/DocumentFragment done
Event: 30.881 Loading class java/util/ConcurrentModificationException
Event: 30.881 Loading class java/util/ConcurrentModificationException done

Classes unloaded (0 events):
No events

Classes redefined (0 events):
No events

Internal exceptions (20 events):
Event: 5.409 Thread 0x000001c8c64fd8f0 Exception <a 'java/lang/NoSuchMethodError'{0x000000008bb0e198}: 'java.lang.Object java.lang.invoke.Invokers$Holder.linkToTargetMethod(java.lang.Object, java.lang.Object, int, java.lang.Object)'> (0x000000008bb0e198) 
thrown [s\open\src\hotspot\share\interpreter\linkResolver.cpp, line 773]
Event: 5.425 Thread 0x000001c8c64fd8f0 Exception <a 'java/lang/NoSuchMethodError'{0x000000008bbf8af0}: 'void java.lang.invoke.DirectMethodHandle$Holder.invokeSpecial(java.lang.Object, java.lang.Object, java.lang.Object, java.lang.Object, java.lang.Object)'> (0x000000008bbf8af0) 
thrown [s\open\src\hotspot\share\interpreter\linkResolver.cpp, line 773]
Event: 5.441 Thread 0x000001c8c64ff9c0 Exception <a 'java/lang/NoSuchMethodError'{0x000000008ba76118}: 'int java.lang.invoke.DirectMethodHandle$Holder.invokeSpecialIFC(java.lang.Object, java.lang.Object, java.lang.Object, java.lang.Object, java.lang.Object)'> (0x000000008ba76118) 
thrown [s\open\src\hotspot\share\interpreter\linkResolver.cpp, line 773]
Event: 6.685 Thread 0x000001c8c64ff9c0 Exception <a 'java/lang/NoSuchMethodError'{0x000000008b91fa70}: 'java.lang.Object java.lang.invoke.DirectMethodHandle$Holder.newInvokeSpecial(java.lang.Object, java.lang.Object, long, java.lang.Object, java.lang.Object, java.lang.Object)'> (0x000000008b91fa70) 
thrown [s\open\src\hotspot\share\interpreter\linkResolver.cpp, line 773]
Event: 6.692 Thread 0x000001c8c64ff9c0 Exception <a 'java/lang/NoSuchMethodError'{0x000000008b936090}: 'void java.lang.invoke.DirectMethodHandle$Holder.invokeSpecial(java.lang.Object, java.lang.Object, java.lang.Object, java.lang.Object, java.lang.Object, java.lang.Object, java.lang.Object)'> (0x000000008b936090) 
thrown [s\open\src\hotspot\share\interpreter\linkResolver.cpp, line 773]
Event: 6.717 Thread 0x000001c8e13e6150 Exception <a 'java/lang/NoSuchMethodError'{0x000000008b98e5b0}: 'java.lang.Object java.lang.invoke.DirectMethodHandle$Holder.invokeSpecialIFC(java.lang.Object, java.lang.Object, java.lang.Object)'> (0x000000008b98e5b0) 
thrown [s\open\src\hotspot\share\interpreter\linkResolver.cpp, line 773]
Event: 6.988 Thread 0x000001c8e13e6150 Exception <a 'java/lang/ClassNotFoundException'{0x000000008b51b3f0}: sun/util/logging/resources/spi/loggingProvider> (0x000000008b51b3f0) 
thrown [s\open\src\hotspot\share\classfile\systemDictionary.cpp, line 312]
Event: 19.816 Thread 0x000001c8e13e6150 Exception <a 'java/lang/NoSuchMethodError'{0x000000008b270678}: 'long java.lang.invoke.DelegatingMethodHandle$Holder.reinvoke_L(java.lang.Object, java.lang.Object)'> (0x000000008b270678) 
thrown [s\open\src\hotspot\share\interpreter\linkResolver.cpp, line 773]
Event: 19.817 Thread 0x000001c8e13e6150 Exception <a 'java/lang/NoSuchMethodError'{0x000000008b27a340}: 'void java.lang.invoke.DelegatingMethodHandle$Holder.reinvoke_L(java.lang.Object, java.lang.Object, long)'> (0x000000008b27a340) 
thrown [s\open\src\hotspot\share\interpreter\linkResolver.cpp, line 773]
Event: 19.817 Thread 0x000001c8e13e6150 Exception <a 'java/lang/NoSuchMethodError'{0x000000008b280b20}: 'long java.lang.invoke.Invokers$Holder.invokeExact_MT(java.lang.Object, java.lang.Object, java.lang.Object)'> (0x000000008b280b20) 
thrown [s\open\src\hotspot\share\interpreter\linkResolver.cpp, line 773]
Event: 29.445 Thread 0x000001c8e13e6150 Implicit null exception at 0x000001c8f2e6f7de to 0x000001c8f2e6fbf8
Event: 29.459 Thread 0x000001c8e13e6150 Exception <a 'java/lang/IncompatibleClassChangeError'{0x000000008b070360}: Found class java.lang.Object, but interface was expected> (0x000000008b070360) 
thrown [s\open\src\hotspot\share\interpreter\linkResolver.cpp, line 840]
Event: 29.670 Thread 0x000001c8e13e6150 Exception <a 'java/lang/NoSuchMethodError'{0x00000000865277e8}: 'void java.lang.invoke.DirectMethodHandle$Holder.invokeVirtual(java.lang.Object, java.lang.Object, java.lang.Object, int)'> (0x00000000865277e8) 
thrown [s\open\src\hotspot\share\interpreter\linkResolver.cpp, line 773]
Event: 29.672 Thread 0x000001c8e13e6150 Exception <a 'java/lang/NoSuchMethodError'{0x000000008652ea38}: 'void java.lang.invoke.DirectMethodHandle$Holder.invokeVirtual(java.lang.Object, java.lang.Object, java.lang.Object, java.lang.Object)'> (0x000000008652ea38) 
thrown [s\open\src\hotspot\share\interpreter\linkResolver.cpp, line 773]
Event: 29.686 Thread 0x000001c8e13e6150 Exception <a 'java/lang/NoSuchMethodError'{0x000000008655d990}: 'void java.lang.invoke.DirectMethodHandle$Holder.invokeStatic(java.lang.Object, java.lang.Object, java.lang.Object, int)'> (0x000000008655d990) 
thrown [s\open\src\hotspot\share\interpreter\linkResolver.cpp, line 773]
Event: 29.686 Thread 0x000001c8e13e6150 Exception <a 'java/lang/NoSuchMethodError'{0x0000000086560e60}: 'void java.lang.invoke.DirectMethodHandle$Holder.invokeStaticInit(java.lang.Object, java.lang.Object, java.lang.Object, int)'> (0x0000000086560e60) 
thrown [s\open\src\hotspot\share\interpreter\linkResolver.cpp, line 773]
Event: 29.984 Thread 0x000001c8e13e6150 Exception <a 'java/lang/NoSuchMethodError'{0x00000000862d1268}: 'java.lang.Object java.lang.invoke.DirectMethodHandle$Holder.invokeStaticInit(java.lang.Object, java.lang.Object, java.lang.Object)'> (0x00000000862d1268) 
thrown [s\open\src\hotspot\share\interpreter\linkResolver.cpp, line 773]
Event: 29.985 Thread 0x000001c8e13e6150 Exception <a 'java/lang/NoSuchMethodError'{0x00000000862d6c60}: 'java.lang.Object java.lang.invoke.DirectMethodHandle$Holder.invokeStatic(java.lang.Object, java.lang.Object, int, int)'> (0x00000000862d6c60) 
thrown [s\open\src\hotspot\share\interpreter\linkResolver.cpp, line 773]
Event: 29.986 Thread 0x000001c8e13e6150 Exception <a 'java/lang/NoSuchMethodError'{0x00000000862da310}: 'java.lang.Object java.lang.invoke.DirectMethodHandle$Holder.invokeStaticInit(java.lang.Object, java.lang.Object, int, int)'> (0x00000000862da310) 
thrown [s\open\src\hotspot\share\interpreter\linkResolver.cpp, line 773]
Event: 30.411 Thread 0x000001c8e13e6150 Exception <a 'java/lang/NoSuchMethodError'{0x0000000085a82540}: 'java.lang.Object java.lang.invoke.DirectMethodHandle$Holder.newInvokeSpecial(java.lang.Object, java.lang.Object, int, java.lang.Object)'> (0x0000000085a82540) 
thrown [s\open\src\hotspot\share\interpreter\linkResolver.cpp, line 773]

ZGC Phase Switch (0 events):
No events

VM Operations (20 events):
Event: 25.822 Executing VM operation: Cleanup
Event: 25.823 Executing VM operation: Cleanup done
Event: 26.837 Executing VM operation: Cleanup
Event: 26.837 Executing VM operation: Cleanup done
Event: 29.513 Executing VM operation: CollectForMetadataAllocation (Metadata GC Threshold)
Event: 29.522 Executing VM operation: CollectForMetadataAllocation (Metadata GC Threshold) done
Event: 29.534 Executing VM operation: G1PauseRemark
Event: 29.537 Executing VM operation: G1PauseRemark done
Event: 29.540 Executing VM operation: G1PauseCleanup
Event: 29.545 Executing VM operation: G1PauseCleanup done
Event: 29.584 Executing VM operation: HandshakeAllThreads (Deoptimize)
Event: 29.584 Executing VM operation: HandshakeAllThreads (Deoptimize) done
Event: 30.402 Executing VM operation: HandshakeAllThreads (Deoptimize)
Event: 30.402 Executing VM operation: HandshakeAllThreads (Deoptimize) done
Event: 30.461 Executing VM operation: G1CollectForAllocation (G1 Evacuation Pause)
Event: 30.471 Executing VM operation: G1CollectForAllocation (G1 Evacuation Pause) done
Event: 30.515 Executing VM operation: G1CollectForAllocation (G1 Evacuation Pause)
Event: 30.520 Executing VM operation: G1CollectForAllocation (G1 Evacuation Pause) done
Event: 31.521 Executing VM operation: Cleanup
Event: 31.972 Executing VM operation: Cleanup done

Events (20 events):
Event: 5.225 Thread 0x000001c8c63e1060 Thread added: 0x000001c8c63e1060
Event: 5.229 Thread 0x000001c8c6baf1f0 Thread added: 0x000001c8c6baf1f0
Event: 5.230 Thread 0x000001c8c6baf860 Thread added: 0x000001c8c6baf860
Event: 5.241 Thread 0x000001c8c64ff330 Thread added: 0x000001c8c64ff330
Event: 5.322 Thread 0x000001c8c587cec0 Thread added: 0x000001c8c587cec0
Event: 5.324 Thread 0x000001c8c6500d70 Thread added: 0x000001c8c6500d70
Event: 5.371 Thread 0x000001c8c64fd8f0 Thread added: 0x000001c8c64fd8f0
Event: 5.375 Thread 0x000001c8c6500050 Thread added: 0x000001c8c6500050
Event: 5.438 Thread 0x000001c8c64ff9c0 Thread added: 0x000001c8c64ff9c0
Event: 5.440 Thread 0x000001c8c64fe610 Thread added: 0x000001c8c64fe610
Event: 5.441 Thread 0x000001c8c64fdf80 Thread added: 0x000001c8c64fdf80
Event: 6.661 Thread 0x000001c8c587cec0 Thread exited: 0x000001c8c587cec0
Event: 6.806 Thread 0x000001c8c64feca0 Thread added: 0x000001c8c64feca0
Event: 6.807 Thread 0x000001c8c65006e0 Thread added: 0x000001c8c65006e0
Event: 6.813 Thread 0x000001c8c6cb16a0 Thread added: 0x000001c8c6cb16a0
Event: 6.815 Thread 0x000001c8c6cb1010 Thread added: 0x000001c8c6cb1010
Event: 6.815 Thread 0x000001c8c6cb02f0 Thread added: 0x000001c8c6cb02f0
Event: 15.346 Thread 0x000001c8c6500d70 Thread exited: 0x000001c8c6500d70
Event: 29.744 Thread 0x000001c8c6b1d920 Thread added: 0x000001c8c6b1d920
Event: 29.899 Thread 0x000001c8c6b1d920 Thread exited: 0x000001c8c6b1d920


Dynamic libraries:
0x00007ff6bdff0000 - 0x00007ff6be000000 	C:\Program Files\Java\jdk-21\bin\javaw.exe
0x00007ff961200000 - 0x00007ff961466000 	C:\WINDOWS\SYSTEM32\ntdll.dll
0x00007ff95fb30000 - 0x00007ff95fbf9000 	C:\WINDOWS\System32\KERNEL32.DLL
0x00007ff95e700000 - 0x00007ff95eafa000 	C:\WINDOWS\System32\KERNELBASE.dll
0x00007ff95eca0000 - 0x00007ff95edec000 	C:\WINDOWS\System32\ucrtbase.dll
0x00007ff94de40000 - 0x00007ff94de5b000 	C:\Program Files\Java\jdk-21\bin\VCRUNTIME140.dll
0x00007ff94de20000 - 0x00007ff94de39000 	C:\Program Files\Java\jdk-21\bin\jli.dll
0x00007ff961040000 - 0x00007ff9610f6000 	C:\WINDOWS\System32\ADVAPI32.dll
0x00007ff95fc90000 - 0x00007ff95fd39000 	C:\WINDOWS\System32\msvcrt.dll
0x00007ff9601c0000 - 0x00007ff96026a000 	C:\WINDOWS\System32\sechost.dll
0x00007ff95ef80000 - 0x00007ff95f098000 	C:\WINDOWS\System32\RPCRT4.dll
0x00007ff95f4f0000 - 0x00007ff95f6b7000 	C:\WINDOWS\System32\USER32.dll
0x00007ff943eb0000 - 0x00007ff944142000 	C:\WINDOWS\WinSxS\amd64_microsoft.windows.common-controls_6595b64144ccf1df_6.0.26100.8521_none_3e08b75ce33403b3\COMCTL32.dll
0x00007ff95ebb0000 - 0x00007ff95ebd7000 	C:\WINDOWS\System32\win32u.dll
0x00007ff960170000 - 0x00007ff96019b000 	C:\WINDOWS\System32\GDI32.dll
0x00007ff95e490000 - 0x00007ff95e5bb000 	C:\WINDOWS\System32\gdi32full.dll
0x00007ff95eb00000 - 0x00007ff95eba3000 	C:\WINDOWS\System32\msvcp_win.dll
0x00007ff94d650000 - 0x00007ff94d65b000 	C:\WINDOWS\SYSTEM32\VERSION.dll
0x00007ff95f6c0000 - 0x00007ff95f6f2000 	C:\WINDOWS\System32\IMM32.DLL
0x00007ff94df20000 - 0x00007ff94df2c000 	C:\Program Files\Java\jdk-21\bin\vcruntime140_1.dll
0x00007ff943090000 - 0x00007ff94311e000 	C:\Program Files\Java\jdk-21\bin\msvcp140.dll
0x00007ff8dfdb0000 - 0x00007ff8e0ac7000 	C:\Program Files\Java\jdk-21\bin\server\jvm.dll
0x00007ff95faa0000 - 0x00007ff95fb20000 	C:\WINDOWS\System32\WS2_32.dll
0x00007ff95e2f0000 - 0x00007ff95e34e000 	C:\WINDOWS\SYSTEM32\POWRPROF.dll
0x00007ff956090000 - 0x00007ff9560c6000 	C:\WINDOWS\SYSTEM32\WINMM.dll
0x00007ff95e2d0000 - 0x00007ff95e2e4000 	C:\WINDOWS\SYSTEM32\UMPDC.dll
0x00007ff95d220000 - 0x00007ff95d23b000 	C:\WINDOWS\SYSTEM32\kernel.appcore.dll
0x00007ff94ddc0000 - 0x00007ff94ddca000 	C:\Program Files\Java\jdk-21\bin\jimage.dll
0x00007ff95ba90000 - 0x00007ff95bcd2000 	C:\WINDOWS\SYSTEM32\DBGHELP.DLL
0x00007ff95f700000 - 0x00007ff95fa83000 	C:\WINDOWS\System32\combase.dll
0x00007ff95ff20000 - 0x00007ff95fff9000 	C:\WINDOWS\System32\OLEAUT32.dll
0x00007ff940190000 - 0x00007ff9401cb000 	C:\WINDOWS\SYSTEM32\dbgcore.DLL
0x00007ff95e5c0000 - 0x00007ff95e668000 	C:\WINDOWS\System32\bcryptPrimitives.dll
0x00007ff94dda0000 - 0x00007ff94ddbf000 	C:\Program Files\Java\jdk-21\bin\java.dll
0x00007ff960890000 - 0x00007ff961014000 	C:\WINDOWS\System32\SHELL32.dll
0x00007ff95c040000 - 0x00007ff95c8c0000 	C:\WINDOWS\SYSTEM32\windows.storage.dll
0x00007ff95f290000 - 0x00007ff95f386000 	C:\WINDOWS\System32\SHCORE.dll
0x00007ff960100000 - 0x00007ff960167000 	C:\WINDOWS\System32\shlwapi.dll
0x00007ff95e3b0000 - 0x00007ff95e3d9000 	C:\WINDOWS\SYSTEM32\profapi.dll
0x00007ff8e6ff0000 - 0x00007ff8e70c7000 	C:\Program Files\Java\jdk-21\bin\jsvml.dll
0x00007ff94dd90000 - 0x00007ff94dda0000 	C:\Program Files\Java\jdk-21\bin\net.dll
0x00007ff950200000 - 0x00007ff950329000 	C:\WINDOWS\SYSTEM32\WINHTTP.dll
0x00007ff95d790000 - 0x00007ff95d7fc000 	C:\WINDOWS\system32\mswsock.dll
0x00007ff94dd70000 - 0x00007ff94dd86000 	C:\Program Files\Java\jdk-21\bin\nio.dll
0x00007ff943070000 - 0x00007ff943088000 	C:\Program Files\Java\jdk-21\bin\zip.dll
0x00007ff94dd60000 - 0x00007ff94dd70000 	C:\Program Files\Java\jdk-21\bin\verify.dll
0x00007ff95cd00000 - 0x00007ff95ce4a000 	C:\WINDOWS\SYSTEM32\DNSAPI.dll
0x00007ff95d590000 - 0x00007ff95d59d000 	C:\WINDOWS\SYSTEM32\DSPARSE.dll
0x00007ff95cc40000 - 0x00007ff95cc73000 	C:\WINDOWS\SYSTEM32\IPHLPAPI.DLL
0x00007ff95ef70000 - 0x00007ff95ef7a000 	C:\WINDOWS\System32\NSI.dll
0x00007ff94f400000 - 0x00007ff94f40b000 	C:\Windows\System32\rasadhlp.dll
0x00007ff9585d0000 - 0x00007ff958656000 	C:\WINDOWS\System32\fwpuclnt.dll
0x00007ff94de90000 - 0x00007ff94de99000 	C:\Program Files\Java\jdk-21\bin\extnet.dll
0x00007ff95da70000 - 0x00007ff95da8b000 	C:\WINDOWS\SYSTEM32\CRYPTSP.dll
0x00007ff95d180000 - 0x00007ff95d1b9000 	C:\WINDOWS\system32\rsaenh.dll
0x00007ff95d840000 - 0x00007ff95d873000 	C:\WINDOWS\SYSTEM32\USERENV.dll
0x00007ff95e380000 - 0x00007ff95e3aa000 	C:\WINDOWS\SYSTEM32\bcrypt.dll
0x00007ff95da90000 - 0x00007ff95da9c000 	C:\WINDOWS\SYSTEM32\CRYPTBASE.dll
0x00007ff94df80000 - 0x00007ff94df8a000 	C:\Program Files\Java\jdk-21\bin\management.dll
0x00007ff94dea0000 - 0x00007ff94deab000 	C:\Program Files\Java\jdk-21\bin\management_ext.dll
0x00007ff9601a0000 - 0x00007ff9601a8000 	C:\WINDOWS\System32\PSAPI.DLL
0x00007ff943060000 - 0x00007ff94306e000 	C:\Program Files\Java\jdk-21\bin\sunmscapi.dll
0x00007ff95edf0000 - 0x00007ff95ef68000 	C:\WINDOWS\System32\CRYPT32.dll
0x00007ff95dc90000 - 0x00007ff95dcc0000 	C:\WINDOWS\SYSTEM32\ncrypt.dll
0x00007ff95dc40000 - 0x00007ff95dc7f000 	C:\WINDOWS\SYSTEM32\NTASN1.dll
0x00007ff91cd20000 - 0x00007ff91cd28000 	C:\WINDOWS\system32\wshunix.dll

dbghelp: loaded successfully - version: 4.0.5 - missing functions: none
symbol engine: initialized successfully - sym options: 0x614 - pdb path: .;C:\Program Files\Java\jdk-21\bin;C:\WINDOWS\SYSTEM32;C:\WINDOWS\WinSxS\amd64_microsoft.windows.common-controls_6595b64144ccf1df_6.0.26100.8521_none_3e08b75ce33403b3;C:\Program Files\Java\jdk-21\bin\server

VM Arguments:
jvm_args: -ea -Dfile.encoding=UTF-8 -Dstdout.encoding=UTF-8 -Dstderr.encoding=UTF-8 -XX:+ShowCodeDetailsInExceptionMessages 
java_command: org.testng.remote.RemoteTestNG -serport 53385 -protocol json -d D:\Eclipse-Rajeev\Octopussaas_main_Framework\test-output C:\Users\Rajeev nandi\AppData\Local\Temp\testng-eclipse-1337793109\testng-customsuite.xml
java_class_path (initial): C:\Users\Rajeev nandi\eclipse\java-2025-06\eclipse\configuration\org.eclipse.osgi\523\0\.cp\lib\testng-remote.jar;D:\Eclipse-Rajeev\Octopussaas_main_Framework\target\test-classes;D:\Eclipse-Rajeev\Octopussaas_main_Framework\target\classes;C:\Users\Rajeev nandi\.m2\repository\org\seleniumhq\selenium\selenium-java\4.34.0\selenium-java-4.34.0.jar;C:\Users\Rajeev nandi\.m2\repository\org\seleniumhq\selenium\selenium-api\4.34.0\selenium-api-4.34.0.jar;C:\Users\Rajeev nandi\.m2\repository\org\jspecify\jspecify\1.0.0\jspecify-1.0.0.jar;C:\Users\Rajeev nandi\.m2\repository\org\seleniumhq\selenium\selenium-chrome-driver\4.34.0\selenium-chrome-driver-4.34.0.jar;C:\Users\Rajeev nandi\.m2\repository\com\google\auto\service\auto-service-annotations\1.1.1\auto-service-annotations-1.1.1.jar;C:\Users\Rajeev nandi\.m2\repository\org\seleniumhq\selenium\selenium-chromium-driver\4.34.0\selenium-chromium-driver-4.34.0.jar;C:\Users\Rajeev nandi\.m2\repository\org\seleniumhq\selenium\selenium-json\4.34.0\selenium-json-4.34.0.jar;C:\Users\Rajeev nandi\.m2\repository\org\seleniumhq\selenium\selenium-manager\4.34.0\selenium-manager-4.34.0.jar;C:\Users\Rajeev nandi\.m2\repository\org\seleniumhq\selenium\selenium-devtools-v136\4.34.0\selenium-devtools-v136-4.34.0.jar;C:\Users\Rajeev nandi\.m2\repository\org\seleniumhq\selenium\selenium-devtools-v137\4.34.0\selenium-devtools-v137-4.34.0.jar;C:\Users\Rajeev nandi\.m2\repository\org\seleniumhq\selenium\selenium-devtools-v138\4.34.0\selenium-devtools-v138-4.34.0.jar;C:\Users\Rajeev nandi\.m2\repository\org\seleniumhq\selenium\selenium-edge-driver\4.34.0\selenium-edge-driver-4.34.0.jar;C:\Users\Rajeev nandi\.m2\repository\org\seleniumhq\selenium\selenium-firefox-driver\4.34.0\selenium-firefox-driver-4.34.0.jar;C:\Users\Rajeev nandi\.m2\repository\org\seleniumhq\selenium\selenium-http\4.34.0\selenium-http-4.34.0.jar;C:\Users\Rajeev nandi\.m2\repository\org\seleniumhq\selenium\selenium-ie-driver\4.34.0\selenium-ie-driver-4.34.0.jar;C:\Users\Rajeev nandi\.m2\repository\org\seleniumhq\selenium\selenium-remote-driver\4.34.0\selenium-remote-driver-4.34.0.jar;C:\Users\Rajeev nandi\.m2\repository\com\google\guava\guava\33.4.8-jre\guava-33.4.8-jre.jar;C:\Users\Rajeev nandi\.m2\repository\com\google\guava\failureaccess\1.0.3\failureaccess-1.0.3.jar;C:\Users\Rajeev nandi\.m2\repository\com\google\guava\listenablefuture\9999.0-empty-to-avoid-conflict-with-guava\listenablefuture-9999.0-empty-to-avoid-conflict-with-guava.jar;C:\Users\Rajeev nandi\.m2\repository\com\google\errorprone\error_prone_annotations\2.36.0\error_prone_annotations-2.36.0.jar;C:\Users\Rajeev nandi\.m2\repository\com\google\j2objc\j2objc-annotations\3.0.0\j2objc-annotations-3.0.0.jar;C:\Users\Rajeev nandi\.m2\repository\io\opentelemetry\opentelemetry-api\1.51.0\opentelemetry-api-1.51.0.jar;C:\Users\Rajeev nandi\.m2\repository\io\opentelemetry\opentelemetry-context\1.51.0\opentelemetry-context-1.51.0.jar;C:\Users\Rajeev nandi\.m2\repository\io\opentelemetry\opentelemetry-exporter-logging\1.51.0\opentelemetry-exporter-logging-1.51.0.jar;C:\Users\Rajeev nandi\.m2\repository\io\opentelemetry\opentelemetry-sdk-common\1.51.0\opentelemetry-sdk-common-1.51.0.jar;C:\Users\Rajeev nandi\.m2\repository\io\opentelemetry\opentelemetry-sdk-extension-autoconfigure-spi\1.51.0\opentelemetry-sdk-extension-autoconfigure-spi-1.51.0.jar;C:\Users\Rajeev nandi\.m2\repository\io\opentelemetry\opentelemetry-sdk-extension-autoconfigure\1.51.0\opentelemetry-sdk-extension-autoconfigure-1.51.0.jar;C:\Users\Rajeev nandi\.m2\repository\io\opentelemetry\opentelemetry-sdk-trace\1.51.0\opentelemetry-sdk-trace-1.51.0.jar;C:\Users\Rajeev nandi\.m2\repository\io\opentelemetry\opentelemetry-sdk\1.51.0\opentelemetry-sdk-1.51.0.jar;C:\Users\Rajeev nandi\.m2\repository\io\opentelemetry\opentelemetry-sdk-metrics\1.51.0\opentelemetry-sdk-metrics-1.51.0.jar;C:\Users\Rajeev nandi\.m2\repository\io\opentelemetry\opentelemetry-sdk-logs\1.51.0\opentelemetry-sdk-logs-1.51.0.jar;C:\Users\Rajeev nandi\.m2\repository\net\bytebuddy\byte-buddy\1.17.6\byte-buddy-1.17.6.jar;C:\Users\Rajeev nandi\.m2\repository\org\seleniumhq\selenium\selenium-os\4.34.0\selenium-os-4.34.0.jar;C:\Users\Rajeev nandi\.m2\repository\org\apache\commons\commons-exec\1.5.0\commons-exec-1.5.0.jar;C:\Users\Rajeev nandi\.m2\repository\org\seleniumhq\selenium\selenium-safari-driver\4.34.0\selenium-safari-driver-4.34.0.jar;C:\Users\Rajeev nandi\.m2\repository\org\seleniumhq\selenium\selenium-support\4.34.0\selenium-support-4.34.0.jar;C:\Users\Rajeev nandi\.m2\repository\org\apache\poi\poi\5.2.3\poi-5.2.3.jar;C:\Users\Rajeev nandi\.m2\repository\commons-codec\commons-codec\1.15\commons-codec-1.15.jar;C:\Users\Rajeev nandi\.m2\repository\org\apache\commons\commons-collections4\4.4\commons-collections4-4.4.jar;C:\Users\Rajeev nandi\.m2\repository\org\apache\commons\commons-math3\3.6.1\commons-math3-3.6.1.jar;C:\Users\Rajeev nandi\.m2\repository\com\zaxxer\SparseBitSet\1.2\SparseBitSet-1.2.jar;C:\Users\Rajeev nandi\.m2\repository\org\apache\logging\log4j\log4j-api\2.18.0\log4j-api-2.18.0.jar;C:\Users\Rajeev nandi\.m2\repository\org\apache\poi\poi-ooxml\5.2.3\poi-ooxml-5.2.3.jar;C:\Users\Rajeev nandi\.m2\repository\org\apache\poi\poi-ooxml-lite\5.2.3\poi-ooxml-lite-5.2.3.jar;C:\Users\Rajeev nandi\.m2\repository\org\apache\xmlbeans\xmlbeans\5.1.1\xmlbeans-5.1.1.jar;C:\Users\Rajeev nandi\.m2\repository\org\apache\commons\commons-compress\1.21\commons-compress-1.21.jar;C:\Users\Rajeev nandi\.m2\repository\com\github\virtuald\curvesapi\1.07\curvesapi-1.07.jar;C:\Users\Rajeev nandi\.m2\repository\org\testng\testng\7.10.0\testng-7.10.0.jar;C:\Users\Rajeev nandi\.m2\repository\org\slf4j\slf4j-api\1.7.36\slf4j-api-1.7.36.jar;C:\Users\Rajeev nandi\.m2\repository\com\beust\jcommander\1.82\jcommander-1.82.jar;C:\Users\Rajeev nandi\.m2\repository\org\webjars\jquery\3.7.1\jquery-3.7.1.jar;C:\Users\Rajeev nandi\.m2\repository\org\projectlombok\lombok\1.18.30\lombok-1.18.30.jar;C:\Users\Rajeev nandi\.m2\repository\com\googlecode\json-simple\json-simple\1.1\json-simple-1.1.jar;C:\Users\Rajeev nandi\.m2\repository\com\mysql\mysql-connector-j\9.1.0\mysql-connector-j-9.1.0.jar;C:\Users\Rajeev nandi\.m2\repository\com\google\protobuf\protobuf-java\4.26.1\protobuf-java-4.26.1.jar;C:\Users\Rajeev nandi\.m2\repository\commons-io\commons-io\2.13.0\commons-io-2.13.0.jar;C:\Users\Rajeev nandi\.m2\repository\com\aventstack\extentreports\5.0.9\extentreports-5.0.9.jar;C:\Users\Rajeev nandi\.m2\repository\io\reactivex\rxjava3\rxjava\3.0.4\rxjava-3.0.4.jar;C:\Users\Rajeev nandi\.m2\repository\org\reactivestreams\reactive-streams\1.0.3\reactive-streams-1.0.3.jar;C:\Users\Rajeev nandi\.m2\repository\org\freemarker\freemarker\2.3.30\freemarker-2.3.30.jar;C:\Users\Rajeev nandi\.m2\repository\com\google\code\gson\gson\2.8.6\gson-2.8.6.jar
Launcher Type: SUN_STANDARD

[Global flags]
     intx CICompilerCount                          = 4                                         {product} {ergonomic}
     uint ConcGCThreads                            = 2                                         {product} {ergonomic}
     uint G1ConcRefinementThreads                  = 8                                         {product} {ergonomic}
   size_t G1HeapRegionSize                         = 1048576                                   {product} {ergonomic}
    uintx GCDrainStackTargetSize                   = 64                                        {product} {ergonomic}
   size_t InitialHeapSize                          = 130023424                                 {product} {ergonomic}
   size_t MarkStackSize                            = 4194304                                   {product} {ergonomic}
   size_t MaxHeapSize                              = 2080374784                                {product} {ergonomic}
   size_t MaxNewSize                               = 1247805440                                {product} {ergonomic}
   size_t MinHeapDeltaBytes                        = 1048576                                   {product} {ergonomic}
   size_t MinHeapSize                              = 8388608                                   {product} {ergonomic}
    uintx NonNMethodCodeHeapSize                   = 5839372                                {pd product} {ergonomic}
    uintx NonProfiledCodeHeapSize                  = 122909434                              {pd product} {ergonomic}
    uintx ProfiledCodeHeapSize                     = 122909434                              {pd product} {ergonomic}
    uintx ReservedCodeCacheSize                    = 251658240                              {pd product} {ergonomic}
     bool SegmentedCodeCache                       = true                                      {product} {ergonomic}
     bool ShowCodeDetailsInExceptionMessages       = true                                   {manageable} {command line}
   size_t SoftMaxHeapSize                          = 2080374784                             {manageable} {ergonomic}
     bool UseCompressedOops                        = true                           {product lp64_product} {ergonomic}
     bool UseG1GC                                  = true                                      {product} {ergonomic}
     bool UseLargePagesIndividualAllocation        = false                                  {pd product} {ergonomic}

Logging:
Log output configuration:
 #0: stdout all=warning uptime,level,tags foldmultilines=false
 #1: stderr all=off uptime,level,tags foldmultilines=false

Environment Variables:
JAVA_HOME=C:\Program Files\Java\jdk-17
PATH=C:\Python314\Scripts\;C:\Python314\;C:\app\Rajeevnandi2\product\11.2.0\dbhome_1\bin;C:\app\Rajeevnandi\product\11.2.0\dbhome_2\bin;C:\app\Rajeevnandi\product\11.2.0\dbhome_1\bin;C:\Program Files\Common Files\Oracle\Java\javapath;C:\WINDOWS\system32;C:\WINDOWS;C:\WINDOWS\System32\Wbem;C:\WINDOWS\System32\WindowsPowerShell\v1.0\;C:\WINDOWS\System32\OpenSSH\;C:\Program Files\dotnet\;C:\Program Files\Java\jdk-21\bin;C:\Program Files\Java\jdk-17\bin;D:\automation software\apache-maven-3.9.11-bin\apache-maven-3.9.11\bin;C:\Program Files\Git\cmd;C:\ProgramData\chocolatey\bin;C:\Program Files\nodejs\;C:\Program Files\MySQL\MySQL Shell 8.0\bin\;C:\Users\Rajeev nandi\AppData\Local\Microsoft\WindowsApps;C:\Program Files\JetBrains\PyCharm 2023.2\bin;;C:\Users\Rajeev nandi\AppData\Local\Programs\Microsoft VS Code\bin;D:\automation software\apache-maven-3.9.11-bin\apache-maven-3.9.11\bin;C:\Users\Rajeev nandi\AppData\Roaming\npm;C:\Users\Rajeev nandi\AppData\Local\GitHubDesktop\bin;
USERNAME=Rajeev nandi
OS=Windows_NT
PROCESSOR_IDENTIFIER=Intel64 Family 6 Model 140 Stepping 1, GenuineIntel
TMP=C:\Users\Rajeev nandi\AppData\Local\Temp
TEMP=C:\Users\Rajeev nandi\AppData\Local\Temp




Periodic native trim disabled

---------------  S Y S T E M  ---------------

OS:
 Windows 11 , 64 bit Build 26100 (10.0.26100.8521)
OS uptime: 7 days 1:58 hours
Hyper-V role detected

CPU: total 8 (initial active 8) (4 cores per cpu, 2 threads per core) family 6 model 140 stepping 1 microcode 0xbe, cx8, cmov, fxsr, ht, mmx, 3dnowpref, sse, sse2, sse3, ssse3, sse4.1, sse4.2, popcnt, lzcnt, tsc, tscinvbit, avx, avx2, aes, erms, clmul, bmi1, bmi2, adx, avx512f, avx512dq, avx512cd, avx512bw, avx512vl, sha, fma, vzeroupper, avx512_vpopcntdq, avx512_vpclmulqdq, avx512_vaes, avx512_vnni, clflush, clflushopt, clwb, avx512_vbmi2, avx512_vbmi, hv, rdtscp, rdpid, fsrm, gfni, avx512_bitalg, f16c, cet_ibt, cet_ss, avx512_ifma
Processor Information for processor 0
  Max Mhz: 2419, Current Mhz: 2419, Mhz Limit: 2419
Processor Information for processor 1
  Max Mhz: 2419, Current Mhz: 1209, Mhz Limit: 2419
Processor Information for processor 2
  Max Mhz: 2419, Current Mhz: 2419, Mhz Limit: 2419
Processor Information for processor 3
  Max Mhz: 2419, Current Mhz: 2419, Mhz Limit: 2419
Processor Information for processor 4
  Max Mhz: 2419, Current Mhz: 2419, Mhz Limit: 2419
Processor Information for processor 5
  Max Mhz: 2419, Current Mhz: 2419, Mhz Limit: 2419
Processor Information for processor 6
  Max Mhz: 2419, Current Mhz: 1209, Mhz Limit: 2419
Processor Information for processor 7
  Max Mhz: 2419, Current Mhz: 1209, Mhz Limit: 2419

Memory: 4k page, system-wide physical 7934M (379M free)
TotalPageFile size 32510M (AvailPageFile size 1M)
current process WorkingSet (physical memory assigned to process): 147M, peak: 155M
current process commit charge ("private bytes"): 194M, peak: 247M

vm_info: Java HotSpot(TM) 64-Bit Server VM (21.0.2+13-LTS-58) for windows-amd64 JRE (21.0.2+13-LTS-58), built on 2024-01-05T18:32:24Z by "mach5one" with MS VC++ 17.1 (VS2022)

END.
