#
# There is insufficient memory for the Java Runtime Environment to continue.
# Native memory allocation (malloc) failed to allocate 1130416 bytes for Chunk::new
# Possible reasons:
#   The system is out of physical RAM or swap space
#   The process is running with CompressedOops enabled, and the Java Heap may be blocking the growth of the native heap
# Possible solutions:
#   Reduce memory load on the system
#   Increase physical memory or swap space
#   Check if swap backing store is full
#   Decrease Java heap size (-Xmx/-Xms)
#   Decrease number of Java threads
#   Decrease Java thread stack sizes (-Xss)
#   Set larger code cache with -XX:ReservedCodeCacheSize=
#   JVM is running with Unscaled Compressed Oops mode in which the Java heap is
#     placed in the first 4GB address space. The Java Heap base address is the
#     maximum limit for the native heap growth. Please use -XX:HeapBaseMinAddress
#     to set the Java Heap base and to place the Java Heap above 4GB virtual address.
# This output file may be truncated or incomplete.
#
#  Out of Memory Error (./open/src/hotspot/share/memory/arena.cpp:197), pid=16996, tid=8924
#
# JRE version: Java(TM) SE Runtime Environment 18.9 (11.0.21+9) (build 11.0.21+9-LTS-193)
# Java VM: Java HotSpot(TM) 64-Bit Server VM 18.9 (11.0.21+9-LTS-193, mixed mode, tiered, compressed oops, g1 gc, windows-amd64)
# No core dump will be written. Minidumps are not enabled by default on client versions of Windows
#

---------------  S U M M A R Y ------------

Command Line: -ea -Dfile.encoding=UTF-8 -Dstdout.encoding=UTF-8 -Dstderr.encoding=UTF-8 org.testng.remote.RemoteTestNG -serport 60941 -protocol json -d D:\Eclipse-Rajeev\Octopussaas_main_Framework\test-output C:\Users\Rajeev nandi\AppData\Local\Temp\testng-eclipse--1010349081\testng-customsuite.xml

Host: 11th Gen Intel(R) Core(TM) i5-1135G7 @ 2.40GHz, 8 cores, 7G,  Windows 11 , 64 bit Build 26100 (10.0.26100.8521)
Time: Thu Jun  4 13:20:57 2026 India Standard Time elapsed time: 191.447251 seconds (0d 0h 3m 11s)

---------------  T H R E A D  ---------------

Current thread (0x000001af593e3800):  JavaThread "C2 CompilerThread0" daemon [_thread_in_native, id=8924, stack(0x000000a369e00000,0x000000a369f00000)]


Current CompileTask:
C2: 191449 4518       4       jdk.internal.org.objectweb.asm.Frame::execute (2264 bytes)

Stack: [0x000000a369e00000,0x000000a369f00000]
Native frames: (J=compiled Java code, j=interpreted, Vv=VM code, C=native code)
V  [jvm.dll+0x66058a]
V  [jvm.dll+0x7a362f]
V  [jvm.dll+0x7a4cf9]
V  [jvm.dll+0x7a5393]
V  [jvm.dll+0x258f55]
V  [jvm.dll+0xb2a0c]
V  [jvm.dll+0xb2fcc]
V  [jvm.dll+0x2ca682]
V  [jvm.dll+0x56f76c]
V  [jvm.dll+0x21aae1]
V  [jvm.dll+0x2142c5]
V  [jvm.dll+0x210af4]
V  [jvm.dll+0x18cdb1]
V  [jvm.dll+0x220e99]
V  [jvm.dll+0x21f1bc]
V  [jvm.dll+0x7673c1]
V  [jvm.dll+0x75fc44]
V  [jvm.dll+0x65f435]
C  [ucrtbase.dll+0x2cd30]
C  [KERNEL32.DLL+0x2e957]
C  [ntdll.dll+0x87c1c]


---------------  P R O C E S S  ---------------

Threads class SMR info:
_java_thread_list=0x000001af5c89abb0, length=26, elements={
0x000001af3ad4b000, 0x000001af58b5c000, 0x000001af58b67000, 0x000001af58b74800,
0x000001af58b75800, 0x000001af58b76800, 0x000001af593e3800, 0x000001af59403000,
0x000001af59404800, 0x000001af59562800, 0x000001af5a14b800, 0x000001af5a358000,
0x000001af5a304000, 0x000001af5a402800, 0x000001af5aa0e800, 0x000001af5a8ca800,
0x000001af5a8cc000, 0x000001af5a8cb800, 0x000001af5a8c9800, 0x000001af5a8cf800,
0x000001af5a8cd000, 0x000001af5a8d0000, 0x000001af5a06c800, 0x000001af5a06f800,
0x000001af5a06e000, 0x000001af5a06d000
}

Java Threads: ( => current thread )
  0x000001af3ad4b000 JavaThread "Forwarding screenshot on session 314f7cd1d8b2d34cd43e7ac02d6c9131 to remote" [_thread_blocked, id=3792, stack(0x000000a369200000,0x000000a369300000)]
  0x000001af58b5c000 JavaThread "Reference Handler" daemon [_thread_blocked, id=24840, stack(0x000000a369900000,0x000000a369a00000)]
  0x000001af58b67000 JavaThread "Finalizer" daemon [_thread_blocked, id=14940, stack(0x000000a369a00000,0x000000a369b00000)]
  0x000001af58b74800 JavaThread "Signal Dispatcher" daemon [_thread_blocked, id=29996, stack(0x000000a369b00000,0x000000a369c00000)]
  0x000001af58b75800 JavaThread "Attach Listener" daemon [_thread_blocked, id=13448, stack(0x000000a369c00000,0x000000a369d00000)]
  0x000001af58b76800 JavaThread "Service Thread" daemon [_thread_blocked, id=32096, stack(0x000000a369d00000,0x000000a369e00000)]
=>0x000001af593e3800 JavaThread "C2 CompilerThread0" daemon [_thread_in_native, id=8924, stack(0x000000a369e00000,0x000000a369f00000)]
  0x000001af59403000 JavaThread "C1 CompilerThread0" daemon [_thread_blocked, id=17932, stack(0x000000a369f00000,0x000000a36a000000)]
  0x000001af59404800 JavaThread "Sweeper thread" daemon [_thread_blocked, id=31100, stack(0x000000a36a000000,0x000000a36a100000)]
  0x000001af59562800 JavaThread "Common-Cleaner" daemon [_thread_blocked, id=33968, stack(0x000000a36a200000,0x000000a36a300000)]
  0x000001af5a14b800 JavaThread "ReaderThread" [_thread_in_native, id=3648, stack(0x000000a36a500000,0x000000a36a600000)]
  0x000001af5a358000 JavaThread "ForkJoinPool.commonPool-worker-3" daemon [_thread_blocked, id=33452, stack(0x000000a36a900000,0x000000a36aa00000)]
  0x000001af5a304000 JavaThread "ForkJoinPool.commonPool-worker-5" daemon [_thread_blocked, id=15024, stack(0x000000a36aa00000,0x000000a36ab00000)]
  0x000001af5a402800 JavaThread "ForkJoinPool.commonPool-worker-9" daemon [_thread_blocked, id=27424, stack(0x000000a36ac00000,0x000000a36ad00000)]
  0x000001af5aa0e800 JavaThread "ForkJoinPool.commonPool-worker-15" daemon [_thread_blocked, id=24712, stack(0x000000a36af00000,0x000000a36b000000)]
  0x000001af5a8ca800 JavaThread "HttpClient-1-SelectorManager" daemon [_thread_in_native, id=6928, stack(0x000000a36b100000,0x000000a36b200000)]
  0x000001af5a8cc000 JavaThread "External Process Output Forwarder - C:\Users\Rajeev nandi\.cache\selenium\chromedriver\win64\148.0.7778.178\chromedriver.exe" daemon [_thread_in_native, id=8716, stack(0x000000a36b200000,0x000000a36b300000)]
  0x000001af5a8cb800 JavaThread "Driver Service Executor" daemon [_thread_blocked, id=30504, stack(0x000000a36b300000,0x000000a36b400000)]
  0x000001af5a8c9800 JavaThread "Driver Service Executor" daemon [_thread_blocked, id=33128, stack(0x000000a36b400000,0x000000a36b500000)]
  0x000001af5a8cf800 JavaThread "JdkHttpClient-0-0" daemon [_thread_blocked, id=7196, stack(0x000000a36a300000,0x000000a36a400000)]
  0x000001af5a8cd000 JavaThread "CompletableFutureDelayScheduler" daemon [_thread_blocked, id=21096, stack(0x000000a36b700000,0x000000a36b800000)]
  0x000001af5a8d0000 JavaThread "JdkHttpClient-0-1" daemon [_thread_blocked, id=10180, stack(0x000000a36b800000,0x000000a36b900000)]
  0x000001af5a06c800 JavaThread "JdkHttpClient-0-2" daemon [_thread_blocked, id=14124, stack(0x000000a36b900000,0x000000a36ba00000)]
  0x000001af5a06f800 JavaThread "HttpClient-2-SelectorManager" daemon [_thread_in_native, id=13648, stack(0x000000a36bb00000,0x000000a36bc00000)]
  0x000001af5a06e000 JavaThread "Java2D Disposer" daemon [_thread_blocked, id=12424, stack(0x000000a36ad00000,0x000000a36ae00000)]
  0x000001af5a06d000 JavaThread "AWT-Windows" daemon [_thread_in_native, id=31428, stack(0x000000a36ba00000,0x000000a36bb00000)]

Other Threads:
  0x000001af58b57000 VMThread "VM Thread" [stack: 0x000000a369800000,0x000000a369900000] [id=20420]
  0x000001af59566000 WatcherThread [stack: 0x000000a36a100000,0x000000a36a200000] [id=6484]
  0x000001af3ad62000 GCTaskThread "GC Thread#0" [stack: 0x000000a369300000,0x000000a369400000] [id=19404]
  0x000001af5a1c7000 GCTaskThread "GC Thread#1" [stack: 0x000000a36a600000,0x000000a36a700000] [id=2244]
  0x000001af5a1b6800 GCTaskThread "GC Thread#2" [stack: 0x000000a36a700000,0x000000a36a800000] [id=8900]
  0x000001af5a1b7000 GCTaskThread "GC Thread#3" [stack: 0x000000a36a800000,0x000000a36a900000] [id=16852]
  0x000001af3ad96800 ConcurrentGCThread "G1 Main Marker" [stack: 0x000000a369400000,0x000000a369500000] [id=26236]
  0x000001af3ad9e800 ConcurrentGCThread "G1 Conc#0" [stack: 0x000000a369500000,0x000000a369600000] [id=32072]
  0x000001af5a2f7000 ConcurrentGCThread "G1 Conc#1" [stack: 0x000000a36b000000,0x000000a36b100000] [id=29592]
  0x000001af3ad98000 ConcurrentGCThread "G1 Refine#0" [stack: 0x000000a369600000,0x000000a369700000] [id=16484]
  0x000001af589b3800 ConcurrentGCThread "G1 Young RemSet Sampling" [stack: 0x000000a369700000,0x000000a369800000] [id=28932]

Threads with active compile tasks:
C2 CompilerThread0   191505 4518       4       jdk.internal.org.objectweb.asm.Frame::execute (2264 bytes)

VM state:not at safepoint (normal execution)

VM Mutex/Monitor currently owned by a thread: None

Heap address: 0x0000000084000000, size: 1984 MB, Compressed Oops mode: 32-bit
Narrow klass base: 0x0000000000000000, Narrow klass shift: 3
Compressed class space size: 1073741824 Address: 0x0000000100000000

Heap:
 garbage-first heap   total 126976K, used 70847K [0x0000000084000000, 0x0000000100000000)
  region size 1024K, 62 young (63488K), 6 survivors (6144K)
 Metaspace       used 39160K, capacity 40815K, committed 41084K, reserved 1085440K
  class space    used 4496K, capacity 5220K, committed 5244K, reserved 1048576K
Heap Regions: E=young(eden), S=young(survivor), O=old, HS=humongous(starts), HC=humongous(continues), CS=collection set, F=free, A=archive, TAMS=top-at-mark-start (previous, next)
|   0|0x0000000084000000, 0x0000000084100000, 0x0000000084100000|100%|HS|  |TAMS 0x0000000084100000, 0x0000000084000000| Complete 
|   1|0x0000000084100000, 0x0000000084200000, 0x0000000084200000|100%| O|  |TAMS 0x0000000084200000, 0x0000000084100000| Untracked 
|   2|0x0000000084200000, 0x0000000084300000, 0x0000000084300000|100%| O|  |TAMS 0x0000000084300000, 0x0000000084200000| Untracked 
|   3|0x0000000084300000, 0x0000000084400000, 0x0000000084400000|100%| O|  |TAMS 0x0000000084400000, 0x0000000084300000| Untracked 
|   4|0x0000000084400000, 0x0000000084500000, 0x0000000084500000|100%| O|  |TAMS 0x0000000084500000, 0x0000000084400000| Untracked 
|   5|0x0000000084500000, 0x0000000084600000, 0x0000000084600000|100%| O|  |TAMS 0x0000000084600000, 0x0000000084500000| Untracked 
|   6|0x0000000084600000, 0x0000000084700000, 0x0000000084700000|100%| O|  |TAMS 0x0000000084700000, 0x0000000084600000| Untracked 
|   7|0x0000000084700000, 0x0000000084800000, 0x0000000084800000|100%| O|  |TAMS 0x0000000084800000, 0x0000000084700000| Untracked 
|   8|0x0000000084800000, 0x0000000084900000, 0x0000000084900000|100%| O|  |TAMS 0x0000000084900000, 0x0000000084800000| Untracked 
|   9|0x0000000084900000, 0x00000000849b3200, 0x0000000084a00000| 69%| O|  |TAMS 0x00000000849b3200, 0x0000000084900000| Untracked 
|  10|0x0000000084a00000, 0x0000000084a00000, 0x0000000084b00000|  0%| F|  |TAMS 0x0000000084a00000, 0x0000000084a00000| Untracked 
|  11|0x0000000084b00000, 0x0000000084b00000, 0x0000000084c00000|  0%| F|  |TAMS 0x0000000084b00000, 0x0000000084b00000| Untracked 
|  12|0x0000000084c00000, 0x0000000084c00000, 0x0000000084d00000|  0%| F|  |TAMS 0x0000000084c00000, 0x0000000084c00000| Untracked 
|  13|0x0000000084d00000, 0x0000000084d00000, 0x0000000084e00000|  0%| F|  |TAMS 0x0000000084d00000, 0x0000000084d00000| Untracked 
|  14|0x0000000084e00000, 0x0000000084e00000, 0x0000000084f00000|  0%| F|  |TAMS 0x0000000084e00000, 0x0000000084e00000| Untracked 
|  15|0x0000000084f00000, 0x0000000084f00000, 0x0000000085000000|  0%| F|  |TAMS 0x0000000084f00000, 0x0000000084f00000| Untracked 
|  16|0x0000000085000000, 0x0000000085000000, 0x0000000085100000|  0%| F|  |TAMS 0x0000000085000000, 0x0000000085000000| Untracked 
|  17|0x0000000085100000, 0x0000000085100000, 0x0000000085200000|  0%| F|  |TAMS 0x0000000085100000, 0x0000000085100000| Untracked 
|  18|0x0000000085200000, 0x0000000085200000, 0x0000000085300000|  0%| F|  |TAMS 0x0000000085200000, 0x0000000085200000| Untracked 
|  19|0x0000000085300000, 0x0000000085300000, 0x0000000085400000|  0%| F|  |TAMS 0x0000000085300000, 0x0000000085300000| Untracked 
|  20|0x0000000085400000, 0x0000000085400000, 0x0000000085500000|  0%| F|  |TAMS 0x0000000085400000, 0x0000000085400000| Untracked 
|  21|0x0000000085500000, 0x0000000085500000, 0x0000000085600000|  0%| F|  |TAMS 0x0000000085500000, 0x0000000085500000| Untracked 
|  22|0x0000000085600000, 0x0000000085600000, 0x0000000085700000|  0%| F|  |TAMS 0x0000000085600000, 0x0000000085600000| Untracked 
|  23|0x0000000085700000, 0x0000000085700000, 0x0000000085800000|  0%| F|  |TAMS 0x0000000085700000, 0x0000000085700000| Untracked 
|  24|0x0000000085800000, 0x0000000085800000, 0x0000000085900000|  0%| F|  |TAMS 0x0000000085800000, 0x0000000085800000| Untracked 
|  25|0x0000000085900000, 0x0000000085900000, 0x0000000085a00000|  0%| F|  |TAMS 0x0000000085900000, 0x0000000085900000| Untracked 
|  26|0x0000000085a00000, 0x0000000085a00000, 0x0000000085b00000|  0%| F|  |TAMS 0x0000000085a00000, 0x0000000085a00000| Untracked 
|  27|0x0000000085b00000, 0x0000000085b00000, 0x0000000085c00000|  0%| F|  |TAMS 0x0000000085b00000, 0x0000000085b00000| Untracked 
|  28|0x0000000085c00000, 0x0000000085c00000, 0x0000000085d00000|  0%| F|  |TAMS 0x0000000085c00000, 0x0000000085c00000| Untracked 
|  29|0x0000000085d00000, 0x0000000085d00000, 0x0000000085e00000|  0%| F|  |TAMS 0x0000000085d00000, 0x0000000085d00000| Untracked 
|  30|0x0000000085e00000, 0x0000000085e00000, 0x0000000085f00000|  0%| F|  |TAMS 0x0000000085e00000, 0x0000000085e00000| Untracked 
|  31|0x0000000085f00000, 0x0000000085f00000, 0x0000000086000000|  0%| F|  |TAMS 0x0000000085f00000, 0x0000000085f00000| Untracked 
|  32|0x0000000086000000, 0x0000000086000000, 0x0000000086100000|  0%| F|  |TAMS 0x0000000086000000, 0x0000000086000000| Untracked 
|  33|0x0000000086100000, 0x0000000086100000, 0x0000000086200000|  0%| F|  |TAMS 0x0000000086100000, 0x0000000086100000| Untracked 
|  34|0x0000000086200000, 0x0000000086200000, 0x0000000086300000|  0%| F|  |TAMS 0x0000000086200000, 0x0000000086200000| Untracked 
|  35|0x0000000086300000, 0x0000000086300000, 0x0000000086400000|  0%| F|  |TAMS 0x0000000086300000, 0x0000000086300000| Untracked 
|  36|0x0000000086400000, 0x0000000086400000, 0x0000000086500000|  0%| F|  |TAMS 0x0000000086400000, 0x0000000086400000| Untracked 
|  37|0x0000000086500000, 0x0000000086500000, 0x0000000086600000|  0%| F|  |TAMS 0x0000000086500000, 0x0000000086500000| Untracked 
|  38|0x0000000086600000, 0x0000000086600000, 0x0000000086700000|  0%| F|  |TAMS 0x0000000086600000, 0x0000000086600000| Untracked 
|  39|0x0000000086700000, 0x0000000086700000, 0x0000000086800000|  0%| F|  |TAMS 0x0000000086700000, 0x0000000086700000| Untracked 
|  40|0x0000000086800000, 0x0000000086800000, 0x0000000086900000|  0%| F|  |TAMS 0x0000000086800000, 0x0000000086800000| Untracked 
|  41|0x0000000086900000, 0x0000000086900000, 0x0000000086a00000|  0%| F|  |TAMS 0x0000000086900000, 0x0000000086900000| Untracked 
|  42|0x0000000086a00000, 0x0000000086a00000, 0x0000000086b00000|  0%| F|  |TAMS 0x0000000086a00000, 0x0000000086a00000| Untracked 
|  43|0x0000000086b00000, 0x0000000086b00000, 0x0000000086c00000|  0%| F|  |TAMS 0x0000000086b00000, 0x0000000086b00000| Untracked 
|  44|0x0000000086c00000, 0x0000000086c00000, 0x0000000086d00000|  0%| F|  |TAMS 0x0000000086c00000, 0x0000000086c00000| Untracked 
|  45|0x0000000086d00000, 0x0000000086d00000, 0x0000000086e00000|  0%| F|  |TAMS 0x0000000086d00000, 0x0000000086d00000| Untracked 
|  46|0x0000000086e00000, 0x0000000086e00000, 0x0000000086f00000|  0%| F|  |TAMS 0x0000000086e00000, 0x0000000086e00000| Untracked 
|  47|0x0000000086f00000, 0x0000000086f00000, 0x0000000087000000|  0%| F|  |TAMS 0x0000000086f00000, 0x0000000086f00000| Untracked 
|  48|0x0000000087000000, 0x0000000087000000, 0x0000000087100000|  0%| F|  |TAMS 0x0000000087000000, 0x0000000087000000| Untracked 
|  49|0x0000000087100000, 0x0000000087100000, 0x0000000087200000|  0%| F|  |TAMS 0x0000000087100000, 0x0000000087100000| Untracked 
|  50|0x0000000087200000, 0x0000000087200000, 0x0000000087300000|  0%| F|  |TAMS 0x0000000087200000, 0x0000000087200000| Untracked 
|  51|0x0000000087300000, 0x0000000087300000, 0x0000000087400000|  0%| F|  |TAMS 0x0000000087300000, 0x0000000087300000| Untracked 
|  52|0x0000000087400000, 0x0000000087400000, 0x0000000087500000|  0%| F|  |TAMS 0x0000000087400000, 0x0000000087400000| Untracked 
|  53|0x0000000087500000, 0x0000000087500000, 0x0000000087600000|  0%| F|  |TAMS 0x0000000087500000, 0x0000000087500000| Untracked 
|  54|0x0000000087600000, 0x0000000087600000, 0x0000000087700000|  0%| F|  |TAMS 0x0000000087600000, 0x0000000087600000| Untracked 
|  55|0x0000000087700000, 0x0000000087700000, 0x0000000087800000|  0%| F|  |TAMS 0x0000000087700000, 0x0000000087700000| Untracked 
|  56|0x0000000087800000, 0x0000000087800000, 0x0000000087900000|  0%| F|  |TAMS 0x0000000087800000, 0x0000000087800000| Untracked 
|  57|0x0000000087900000, 0x0000000087900000, 0x0000000087a00000|  0%| F|  |TAMS 0x0000000087900000, 0x0000000087900000| Untracked 
|  58|0x0000000087a00000, 0x0000000087a00000, 0x0000000087b00000|  0%| F|  |TAMS 0x0000000087a00000, 0x0000000087a00000| Untracked 
|  59|0x0000000087b00000, 0x0000000087b00000, 0x0000000087c00000|  0%| F|  |TAMS 0x0000000087b00000, 0x0000000087b00000| Untracked 
|  60|0x0000000087c00000, 0x0000000087c00000, 0x0000000087d00000|  0%| F|  |TAMS 0x0000000087c00000, 0x0000000087c00000| Untracked 
|  61|0x0000000087d00000, 0x0000000087d00000, 0x0000000087e00000|  0%| F|  |TAMS 0x0000000087d00000, 0x0000000087d00000| Untracked 
|  62|0x0000000087e00000, 0x0000000087ea4008, 0x0000000087f00000| 64%| E|  |TAMS 0x0000000087e00000, 0x0000000087e00000| Complete 
|  63|0x0000000087f00000, 0x0000000088000000, 0x0000000088000000|100%| E|CS|TAMS 0x0000000087f00000, 0x0000000087f00000| Complete 
|  64|0x0000000088000000, 0x0000000088100000, 0x0000000088100000|100%| E|CS|TAMS 0x0000000088000000, 0x0000000088000000| Complete 
|  65|0x0000000088100000, 0x0000000088200000, 0x0000000088200000|100%| E|CS|TAMS 0x0000000088100000, 0x0000000088100000| Complete 
|  66|0x0000000088200000, 0x0000000088300000, 0x0000000088300000|100%| E|CS|TAMS 0x0000000088200000, 0x0000000088200000| Complete 
|  67|0x0000000088300000, 0x0000000088400000, 0x0000000088400000|100%| E|CS|TAMS 0x0000000088300000, 0x0000000088300000| Complete 
|  68|0x0000000088400000, 0x0000000088500000, 0x0000000088500000|100%| E|CS|TAMS 0x0000000088400000, 0x0000000088400000| Complete 
|  69|0x0000000088500000, 0x0000000088600000, 0x0000000088600000|100%| E|  |TAMS 0x0000000088500000, 0x0000000088500000| Complete 
|  70|0x0000000088600000, 0x0000000088700000, 0x0000000088700000|100%| E|CS|TAMS 0x0000000088600000, 0x0000000088600000| Complete 
|  71|0x0000000088700000, 0x0000000088800000, 0x0000000088800000|100%| E|CS|TAMS 0x0000000088700000, 0x0000000088700000| Complete 
|  72|0x0000000088800000, 0x0000000088900000, 0x0000000088900000|100%| E|CS|TAMS 0x0000000088800000, 0x0000000088800000| Complete 
|  73|0x0000000088900000, 0x0000000088a00000, 0x0000000088a00000|100%| E|CS|TAMS 0x0000000088900000, 0x0000000088900000| Complete 
|  74|0x0000000088a00000, 0x0000000088b00000, 0x0000000088b00000|100%| E|CS|TAMS 0x0000000088a00000, 0x0000000088a00000| Complete 
|  75|0x0000000088b00000, 0x0000000088c00000, 0x0000000088c00000|100%| E|CS|TAMS 0x0000000088b00000, 0x0000000088b00000| Complete 
|  76|0x0000000088c00000, 0x0000000088d00000, 0x0000000088d00000|100%| E|CS|TAMS 0x0000000088c00000, 0x0000000088c00000| Complete 
|  77|0x0000000088d00000, 0x0000000088e00000, 0x0000000088e00000|100%| E|CS|TAMS 0x0000000088d00000, 0x0000000088d00000| Complete 
|  78|0x0000000088e00000, 0x0000000088f00000, 0x0000000088f00000|100%| E|CS|TAMS 0x0000000088e00000, 0x0000000088e00000| Complete 
|  79|0x0000000088f00000, 0x0000000089000000, 0x0000000089000000|100%| E|CS|TAMS 0x0000000088f00000, 0x0000000088f00000| Complete 
|  80|0x0000000089000000, 0x0000000089100000, 0x0000000089100000|100%| E|CS|TAMS 0x0000000089000000, 0x0000000089000000| Complete 
|  81|0x0000000089100000, 0x0000000089200000, 0x0000000089200000|100%| E|CS|TAMS 0x0000000089100000, 0x0000000089100000| Complete 
|  82|0x0000000089200000, 0x0000000089300000, 0x0000000089300000|100%| E|CS|TAMS 0x0000000089200000, 0x0000000089200000| Complete 
|  83|0x0000000089300000, 0x0000000089400000, 0x0000000089400000|100%| E|CS|TAMS 0x0000000089300000, 0x0000000089300000| Complete 
|  84|0x0000000089400000, 0x0000000089500000, 0x0000000089500000|100%| E|CS|TAMS 0x0000000089400000, 0x0000000089400000| Complete 
|  85|0x0000000089500000, 0x0000000089600000, 0x0000000089600000|100%| E|CS|TAMS 0x0000000089500000, 0x0000000089500000| Complete 
|  86|0x0000000089600000, 0x0000000089700000, 0x0000000089700000|100%| E|CS|TAMS 0x0000000089600000, 0x0000000089600000| Complete 
|  87|0x0000000089700000, 0x0000000089800000, 0x0000000089800000|100%| E|CS|TAMS 0x0000000089700000, 0x0000000089700000| Complete 
|  88|0x0000000089800000, 0x0000000089900000, 0x0000000089900000|100%| E|CS|TAMS 0x0000000089800000, 0x0000000089800000| Complete 
|  89|0x0000000089900000, 0x0000000089a00000, 0x0000000089a00000|100%| E|CS|TAMS 0x0000000089900000, 0x0000000089900000| Complete 
|  90|0x0000000089a00000, 0x0000000089b00000, 0x0000000089b00000|100%| E|CS|TAMS 0x0000000089a00000, 0x0000000089a00000| Complete 
|  91|0x0000000089b00000, 0x0000000089c00000, 0x0000000089c00000|100%| E|CS|TAMS 0x0000000089b00000, 0x0000000089b00000| Complete 
|  92|0x0000000089c00000, 0x0000000089d00000, 0x0000000089d00000|100%| E|CS|TAMS 0x0000000089c00000, 0x0000000089c00000| Complete 
|  93|0x0000000089d00000, 0x0000000089e00000, 0x0000000089e00000|100%| E|CS|TAMS 0x0000000089d00000, 0x0000000089d00000| Complete 
|  94|0x0000000089e00000, 0x0000000089f00000, 0x0000000089f00000|100%| E|CS|TAMS 0x0000000089e00000, 0x0000000089e00000| Complete 
|  95|0x0000000089f00000, 0x000000008a000000, 0x000000008a000000|100%| E|CS|TAMS 0x0000000089f00000, 0x0000000089f00000| Complete 
|  96|0x000000008a000000, 0x000000008a100000, 0x000000008a100000|100%| E|CS|TAMS 0x000000008a000000, 0x000000008a000000| Complete 
|  97|0x000000008a100000, 0x000000008a200000, 0x000000008a200000|100%| E|CS|TAMS 0x000000008a100000, 0x000000008a100000| Complete 
|  98|0x000000008a200000, 0x000000008a300000, 0x000000008a300000|100%| E|CS|TAMS 0x000000008a200000, 0x000000008a200000| Complete 
|  99|0x000000008a300000, 0x000000008a400000, 0x000000008a400000|100%| E|CS|TAMS 0x000000008a300000, 0x000000008a300000| Complete 
| 100|0x000000008a400000, 0x000000008a500000, 0x000000008a500000|100%| E|CS|TAMS 0x000000008a400000, 0x000000008a400000| Complete 
| 101|0x000000008a500000, 0x000000008a600000, 0x000000008a600000|100%| E|CS|TAMS 0x000000008a500000, 0x000000008a500000| Complete 
| 102|0x000000008a600000, 0x000000008a700000, 0x000000008a700000|100%| E|CS|TAMS 0x000000008a600000, 0x000000008a600000| Complete 
| 103|0x000000008a700000, 0x000000008a800000, 0x000000008a800000|100%| E|CS|TAMS 0x000000008a700000, 0x000000008a700000| Complete 
| 104|0x000000008a800000, 0x000000008a900000, 0x000000008a900000|100%| E|CS|TAMS 0x000000008a800000, 0x000000008a800000| Complete 
| 105|0x000000008a900000, 0x000000008aa00000, 0x000000008aa00000|100%| E|CS|TAMS 0x000000008a900000, 0x000000008a900000| Complete 
| 106|0x000000008aa00000, 0x000000008ab00000, 0x000000008ab00000|100%| E|CS|TAMS 0x000000008aa00000, 0x000000008aa00000| Complete 
| 107|0x000000008ab00000, 0x000000008ac00000, 0x000000008ac00000|100%| E|CS|TAMS 0x000000008ab00000, 0x000000008ab00000| Complete 
| 108|0x000000008ac00000, 0x000000008ad00000, 0x000000008ad00000|100%| E|CS|TAMS 0x000000008ac00000, 0x000000008ac00000| Complete 
| 109|0x000000008ad00000, 0x000000008ae00000, 0x000000008ae00000|100%| E|CS|TAMS 0x000000008ad00000, 0x000000008ad00000| Complete 
| 110|0x000000008ae00000, 0x000000008af00000, 0x000000008af00000|100%| E|CS|TAMS 0x000000008ae00000, 0x000000008ae00000| Complete 
| 111|0x000000008af00000, 0x000000008b000000, 0x000000008b000000|100%| E|CS|TAMS 0x000000008af00000, 0x000000008af00000| Complete 
| 112|0x000000008b000000, 0x000000008b100000, 0x000000008b100000|100%| E|CS|TAMS 0x000000008b000000, 0x000000008b000000| Complete 
| 113|0x000000008b100000, 0x000000008b200000, 0x000000008b200000|100%| E|CS|TAMS 0x000000008b100000, 0x000000008b100000| Complete 
| 114|0x000000008b200000, 0x000000008b300000, 0x000000008b300000|100%| E|CS|TAMS 0x000000008b200000, 0x000000008b200000| Complete 
| 115|0x000000008b300000, 0x000000008b400000, 0x000000008b400000|100%| E|CS|TAMS 0x000000008b300000, 0x000000008b300000| Complete 
| 116|0x000000008b400000, 0x000000008b500000, 0x000000008b500000|100%| E|CS|TAMS 0x000000008b400000, 0x000000008b400000| Complete 
| 117|0x000000008b500000, 0x000000008b57cca0, 0x000000008b600000| 48%| S|CS|TAMS 0x000000008b500000, 0x000000008b500000| Complete 
| 118|0x000000008b600000, 0x000000008b700000, 0x000000008b700000|100%| S|CS|TAMS 0x000000008b600000, 0x000000008b600000| Complete 
| 119|0x000000008b700000, 0x000000008b800000, 0x000000008b800000|100%| S|CS|TAMS 0x000000008b700000, 0x000000008b700000| Complete 
| 120|0x000000008b800000, 0x000000008b900000, 0x000000008b900000|100%| S|CS|TAMS 0x000000008b800000, 0x000000008b800000| Complete 
| 121|0x000000008b900000, 0x000000008ba00000, 0x000000008ba00000|100%| S|CS|TAMS 0x000000008b900000, 0x000000008b900000| Complete 
| 122|0x000000008ba00000, 0x000000008bb00000, 0x000000008bb00000|100%| S|CS|TAMS 0x000000008ba00000, 0x000000008ba00000| Complete 
| 123|0x000000008bb00000, 0x000000008bc00000, 0x000000008bc00000|100%| E|CS|TAMS 0x000000008bb00000, 0x000000008bb00000| Complete 

Card table byte_map: [0x000001af51b20000,0x000001af51f00000] _byte_map_base: 0x000001af51700000

Marking Bits (Prev, Next): (CMBitMap*) 0x000001af3ad8c678, (CMBitMap*) 0x000001af3ad8c6b0
 Prev Bits: [0x000001af522e0000, 0x000001af541e0000)
 Next Bits: [0x000001af541e0000, 0x000001af560e0000)

Polling page: 0x000001af38be0000

Metaspace:

Usage:
  Non-class:     34.76 MB capacity,    33.85 MB ( 97%) used,   746.70 KB (  2%) free+waste,   184.31 KB ( <1%) overhead. 
      Class:      5.10 MB capacity,     4.39 MB ( 86%) used,   626.88 KB ( 12%) free+waste,    96.19 KB (  2%) overhead. 
       Both:     39.86 MB capacity,    38.24 MB ( 96%) used,     1.34 MB (  3%) free+waste,   280.50 KB ( <1%) overhead. 

Virtual space:
  Non-class space:       36.00 MB reserved,      35.00 MB ( 97%) committed 
      Class space:        1.00 GB reserved,       5.12 MB ( <1%) committed 
             Both:        1.04 GB reserved,      40.12 MB (  4%) committed 

Chunk freelists:
   Non-Class:  0 bytes
       Class:  0 bytes
        Both:  0 bytes

CodeHeap 'non-profiled nmethods': size=120000Kb used=2119Kb max_used=2119Kb free=117880Kb
 bounds [0x000001af49ee0000, 0x000001af4a150000, 0x000001af51410000]
CodeHeap 'profiled nmethods': size=120000Kb used=9955Kb max_used=9955Kb free=110044Kb
 bounds [0x000001af429b0000, 0x000001af43370000, 0x000001af49ee0000]
CodeHeap 'non-nmethods': size=5760Kb used=1268Kb max_used=1302Kb free=4491Kb
 bounds [0x000001af42410000, 0x000001af42680000, 0x000001af429b0000]
 total_blobs=5169 nmethods=4519 adapters=561
 compilation: enabled
              stopped_count=0, restarted_count=0
 full_count=0

Compilation events (10 events):
Event: 190.106 Thread 0x000001af59403000 4535       3       java.lang.invoke.DelegatingMethodHandle::<init> (10 bytes)
Event: 190.108 Thread 0x000001af59403000 nmethod 4535 0x000001af43362b90 code [0x000001af43362d60, 0x000001af43363198]
Event: 190.116 Thread 0x000001af59403000 4536       3       org.testng.shaded.com.google.gson.internal.$Gson$Types::resolve (499 bytes)
Event: 190.124 Thread 0x000001af59403000 nmethod 4536 0x000001af43363310 code [0x000001af43363860, 0x000001af43366df8]
Event: 190.124 Thread 0x000001af59403000 4538       3       java.util.LinkedList::<init> (10 bytes)
Event: 190.125 Thread 0x000001af59403000 nmethod 4538 0x000001af43367d90 code [0x000001af43367f40, 0x000001af433681b8]
Event: 190.125 Thread 0x000001af59403000 4539       3       java.util.AbstractSequentialList::<init> (5 bytes)
Event: 190.125 Thread 0x000001af59403000 nmethod 4539 0x000001af43368310 code [0x000001af433684c0, 0x000001af433686d8]
Event: 190.125 Thread 0x000001af59403000 4537       3       org.testng.shaded.com.google.gson.stream.JsonWriter::newline (47 bytes)
Event: 190.126 Thread 0x000001af59403000 nmethod 4537 0x000001af43368810 code [0x000001af433689e0, 0x000001af43368d98]

GC Heap History (10 events):
Event: 1.541 GC heap before
{Heap before GC invocations=0 (full 0):
 garbage-first heap   total 126976K, used 24576K [0x0000000084000000, 0x0000000100000000)
  region size 1024K, 24 young (24576K), 0 survivors (0K)
 Metaspace       used 13525K, capacity 13849K, committed 14080K, reserved 1062912K
  class space    used 1371K, capacity 1503K, committed 1536K, reserved 1048576K
}
Event: 1.553 GC heap after
{Heap after GC invocations=1 (full 0):
 garbage-first heap   total 126976K, used 6828K [0x0000000084000000, 0x0000000100000000)
  region size 1024K, 3 young (3072K), 3 survivors (3072K)
 Metaspace       used 13525K, capacity 13849K, committed 14080K, reserved 1062912K
  class space    used 1371K, capacity 1503K, committed 1536K, reserved 1048576K
}
Event: 4.775 GC heap before
{Heap before GC invocations=1 (full 0):
 garbage-first heap   total 126976K, used 46764K [0x0000000084000000, 0x0000000100000000)
  region size 1024K, 43 young (44032K), 3 survivors (3072K)
 Metaspace       used 20455K, capacity 21190K, committed 21248K, reserved 1069056K
  class space    used 2245K, capacity 2549K, committed 2560K, reserved 1048576K
}
Event: 4.793 GC heap after
{Heap after GC invocations=2 (full 0):
 garbage-first heap   total 126976K, used 9637K [0x0000000084000000, 0x0000000100000000)
  region size 1024K, 6 young (6144K), 6 survivors (6144K)
 Metaspace       used 20455K, capacity 21190K, committed 21248K, reserved 1069056K
  class space    used 2245K, capacity 2549K, committed 2560K, reserved 1048576K
}
Event: 30.284 GC heap before
{Heap before GC invocations=3 (full 0):
 garbage-first heap   total 126976K, used 54693K [0x0000000084000000, 0x0000000100000000)
  region size 1024K, 50 young (51200K), 6 survivors (6144K)
 Metaspace       used 31829K, capacity 33250K, committed 33532K, reserved 1079296K
  class space    used 3671K, capacity 4259K, committed 4348K, reserved 1048576K
}
Event: 30.349 GC heap after
{Heap after GC invocations=4 (full 0):
 garbage-first heap   total 126976K, used 13607K [0x0000000084000000, 0x0000000100000000)
  region size 1024K, 7 young (7168K), 7 survivors (7168K)
 Metaspace       used 31829K, capacity 33250K, committed 33532K, reserved 1079296K
  class space    used 3671K, capacity 4259K, committed 4348K, reserved 1048576K
}
Event: 31.614 GC heap before
{Heap before GC invocations=4 (full 0):
 garbage-first heap   total 126976K, used 67879K [0x0000000084000000, 0x0000000100000000)
  region size 1024K, 60 young (61440K), 7 survivors (7168K)
 Metaspace       used 34351K, capacity 35761K, committed 35964K, reserved 1081344K
  class space    used 3977K, capacity 4619K, committed 4732K, reserved 1048576K
}
Event: 31.634 GC heap after
{Heap after GC invocations=5 (full 0):
 garbage-first heap   total 126976K, used 15808K [0x0000000084000000, 0x0000000100000000)
  region size 1024K, 6 young (6144K), 6 survivors (6144K)
 Metaspace       used 34351K, capacity 35761K, committed 35964K, reserved 1081344K
  class space    used 3977K, capacity 4619K, committed 4732K, reserved 1048576K
}
Event: 31.656 GC heap before
{Heap before GC invocations=5 (full 0):
 garbage-first heap   total 126976K, used 15808K [0x0000000084000000, 0x0000000100000000)
  region size 1024K, 7 young (7168K), 6 survivors (6144K)
 Metaspace       used 34442K, capacity 35859K, committed 35964K, reserved 1081344K
  class space    used 4002K, capacity 4652K, committed 4732K, reserved 1048576K
}
Event: 31.678 GC heap after
{Heap after GC invocations=6 (full 0):
 garbage-first heap   total 126976K, used 15551K [0x0000000084000000, 0x0000000100000000)
  region size 1024K, 6 young (6144K), 6 survivors (6144K)
 Metaspace       used 34442K, capacity 35859K, committed 35964K, reserved 1081344K
  class space    used 4002K, capacity 4652K, committed 4732K, reserved 1048576K
}

Deoptimization events (10 events):
Event: 108.466 Thread 0x000001af3ad4b000 Uncommon trap: reason=unstable_if action=reinterpret pc=0x000001af49ee71b4 method=java.lang.StringLatin1.canEncode(I)Z @ 4 c2
Event: 108.488 Thread 0x000001af3ad4b000 Uncommon trap: reason=unstable_if action=reinterpret pc=0x000001af49f1b520 method=java.lang.AbstractStringBuilder.isLatin1()Z @ 10 c2
Event: 108.494 Thread 0x000001af3ad4b000 Uncommon trap: reason=unstable_if action=reinterpret pc=0x000001af49ef3d64 method=java.lang.AbstractStringBuilder.putStringAt(ILjava/lang/String;)V @ 8 c2
Event: 108.593 Thread 0x000001af3ad4b000 Uncommon trap: reason=profile_predicate action=maybe_recompile pc=0x000001af4a092e70 method=java.util.regex.Pattern$Slice.match(Ljava/util/regex/Matcher;ILjava/lang/CharSequence;)Z @ 18 c2
Event: 108.594 Thread 0x000001af3ad4b000 Uncommon trap: reason=profile_predicate action=maybe_recompile pc=0x000001af4a092e70 method=java.util.regex.Pattern$Slice.match(Ljava/util/regex/Matcher;ILjava/lang/CharSequence;)Z @ 18 c2
Event: 108.594 Thread 0x000001af3ad4b000 Uncommon trap: reason=profile_predicate action=maybe_recompile pc=0x000001af4a092e70 method=java.util.regex.Pattern$Slice.match(Ljava/util/regex/Matcher;ILjava/lang/CharSequence;)Z @ 18 c2
Event: 108.594 Thread 0x000001af3ad4b000 Uncommon trap: reason=profile_predicate action=maybe_recompile pc=0x000001af4a092e70 method=java.util.regex.Pattern$Slice.match(Ljava/util/regex/Matcher;ILjava/lang/CharSequence;)Z @ 18 c2
Event: 108.626 Thread 0x000001af3ad4b000 Uncommon trap: reason=class_check action=maybe_recompile pc=0x000001af4a045b70 method=org.apache.xmlbeans.impl.store.CharUtil.isValid(Ljava/lang/Object;II)Z @ 64 c2
Event: 155.930 Thread 0x000001af3ad4b000 Uncommon trap: reason=unstable_if action=reinterpret pc=0x000001af4a01ec50 method=java.util.zip.InflaterInputStream.read([BII)I @ 41 c2
Event: 155.931 Thread 0x000001af3ad4b000 Uncommon trap: reason=unstable_if action=reinterpret pc=0x000001af4a0069a0 method=java.lang.String.indexOf([BBILjava/lang/String;I)I @ 21 c2

Classes redefined (0 events):
No events

Internal exceptions (10 events):
Event: 32.517 Thread 0x000001af3ad4b000 Exception <a 'java/lang/NoSuchMethodError'{0x000000008a7a4c90}: java.lang.invoke.DirectMethodHandle$Holder.invokeVirtual(Ljava/lang/Object;Ljava/lang/Object;ILjava/lang/Object;)V> (0x000000008a7a4c90) thrown at [./open/src/hotspot/share/interpreter/linkRe
Event: 104.246 Thread 0x000001af3ad4b000 Exception <a 'java/lang/ClassNotFoundException'{0x00000000898379c0}: sun/awt/resources/spi/awtProvider> (0x00000000898379c0) thrown at [./open/src/hotspot/share/classfile/systemDictionary.cpp, line 226]
Event: 104.311 Thread 0x000001af3ad4b000 Exception <a 'java/io/FileNotFoundException'{0x000000008983cf60}> (0x000000008983cf60) thrown at [./open/src/hotspot/share/prims/jni.cpp, line 611]
Event: 104.323 Thread 0x000001af3ad4b000 Exception <a 'java/io/FileNotFoundException'{0x0000000089840cc8}> (0x0000000089840cc8) thrown at [./open/src/hotspot/share/prims/jni.cpp, line 611]
Event: 104.575 Thread 0x000001af3ad4b000 Exception <a 'java/lang/NoSuchMethodError'{0x0000000089886460}: java.lang.invoke.DirectMethodHandle$Holder.invokeStatic(Ljava/lang/Object;Ljava/lang/Object;Ljava/lang/Object;Ljava/lang/Object;Ljava/lang/Object;Ljava/lang/Object;Ljava/lang/Object;Ljava/lan
Event: 104.580 Thread 0x000001af3ad4b000 Exception <a 'java/lang/NoSuchMethodError'{0x00000000898a0640}: java.lang.invoke.DirectMethodHandle$Holder.invokeStatic(Ljava/lang/Object;Ljava/lang/Object;Ljava/lang/Object;Ljava/lang/Object;Ljava/lang/Object;Ljava/lang/Object;Ljava/lang/Object;Ljava/lan
Event: 108.477 Thread 0x000001af3ad4b000 Exception <a 'java/lang/NoSuchMethodError'{0x00000000896eeff0}: java.lang.invoke.DirectMethodHandle$Holder.invokeSpecialIFC(Ljava/lang/Object;Ljava/lang/Object;)Ljava/lang/Object;> (0x00000000896eeff0) thrown at [./open/src/hotspot/share/interpreter/linkR
Event: 108.479 Thread 0x000001af3ad4b000 Exception <a 'java/lang/NoSuchMethodError'{0x00000000896f4d98}: java.lang.invoke.DirectMethodHandle$Holder.invokeSpecial(Ljava/lang/Object;Ljava/lang/Object;I)V> (0x00000000896f4d98) thrown at [./open/src/hotspot/share/interpreter/linkResolver.cpp, line 7
Event: 190.069 Thread 0x000001af3ad4b000 Exception <a 'java/lang/NoSuchMethodError'{0x0000000087f7f2b8}: java.lang.invoke.DirectMethodHandle$Holder.invokeStatic(Ljava/lang/Object;Ljava/lang/Object;Ljava/lang/Object;Ljava/lang/Object;Ljava/lang/Object;Ljava/lang/Object;I)Ljava/lang/Object;> (0x00
Event: 190.095 Thread 0x000001af3ad4b000 Exception <a 'java/lang/reflect/InvocationTargetException'{0x0000000087fec400}> (0x0000000087fec400) thrown at [./open/src/hotspot/share/runtime/reflection.cpp, line 1240]

Events (10 events):
Event: 190.085 loading class java/lang/invoke/BoundMethodHandle$Species_LLLIILL
Event: 190.086 loading class java/lang/invoke/BoundMethodHandle$Species_LLLIILL done
Event: 190.090 loading class java/lang/invoke/BoundMethodHandle$Species_LLLIILLL
Event: 190.090 loading class java/lang/invoke/BoundMethodHandle$Species_LLLIILLL done
Event: 190.098 loading class java/lang/Throwable$WrappedPrintWriter
Event: 190.100 loading class java/lang/Throwable$PrintStreamOrWriter
Event: 190.100 loading class java/lang/Throwable$PrintStreamOrWriter done
Event: 190.100 loading class java/lang/Throwable$WrappedPrintWriter done
Event: 190.104 loading class org/openqa/selenium/WebDriverException
Event: 190.104 loading class org/openqa/selenium/WebDriverException done


Dynamic libraries:
0x00007ff7de3b0000 - 0x00007ff7de3c0000 	C:\Program Files\Java\jdk-11\bin\javaw.exe
0x00007ff961200000 - 0x00007ff961466000 	C:\WINDOWS\SYSTEM32\ntdll.dll
0x00007ff95fb30000 - 0x00007ff95fbf9000 	C:\WINDOWS\System32\KERNEL32.DLL
0x00007ff95e700000 - 0x00007ff95eafa000 	C:\WINDOWS\System32\KERNELBASE.dll
0x00007ff95b130000 - 0x00007ff95b1d0000 	C:\WINDOWS\SYSTEM32\apphelp.dll
0x00007ff95eca0000 - 0x00007ff95edec000 	C:\WINDOWS\System32\ucrtbase.dll
0x00007ff94df20000 - 0x00007ff94df39000 	C:\Program Files\Java\jdk-11\bin\jli.dll
0x00007ff94fc80000 - 0x00007ff94fc9b000 	C:\Program Files\Java\jdk-11\bin\VCRUNTIME140.dll
0x00007ff961040000 - 0x00007ff9610f6000 	C:\WINDOWS\System32\ADVAPI32.dll
0x00007ff95fc90000 - 0x00007ff95fd39000 	C:\WINDOWS\System32\msvcrt.dll
0x00007ff9601c0000 - 0x00007ff96026a000 	C:\WINDOWS\System32\sechost.dll
0x00007ff95ef80000 - 0x00007ff95f098000 	C:\WINDOWS\System32\RPCRT4.dll
0x00007ff95f4f0000 - 0x00007ff95f6b7000 	C:\WINDOWS\System32\USER32.dll
0x00007ff95ebb0000 - 0x00007ff95ebd7000 	C:\WINDOWS\System32\win32u.dll
0x00007ff960170000 - 0x00007ff96019b000 	C:\WINDOWS\System32\GDI32.dll
0x00007ff95e490000 - 0x00007ff95e5bb000 	C:\WINDOWS\System32\gdi32full.dll
0x00007ff943eb0000 - 0x00007ff944142000 	C:\WINDOWS\WinSxS\amd64_microsoft.windows.common-controls_6595b64144ccf1df_6.0.26100.8521_none_3e08b75ce33403b3\COMCTL32.dll
0x00007ff95eb00000 - 0x00007ff95eba3000 	C:\WINDOWS\System32\msvcp_win.dll
0x00007ff94d650000 - 0x00007ff94d65b000 	C:\WINDOWS\SYSTEM32\VERSION.dll
0x00007ff95f6c0000 - 0x00007ff95f6f2000 	C:\WINDOWS\System32\IMM32.DLL
0x00007ff94fc70000 - 0x00007ff94fc7c000 	C:\Program Files\Java\jdk-11\bin\vcruntime140_1.dll
0x00007ff926900000 - 0x00007ff92698e000 	C:\Program Files\Java\jdk-11\bin\msvcp140.dll
0x00007ff8d3850000 - 0x00007ff8d43bd000 	C:\Program Files\Java\jdk-11\bin\server\jvm.dll
0x00007ff9601a0000 - 0x00007ff9601a8000 	C:\WINDOWS\System32\PSAPI.DLL
0x00007ff93fee0000 - 0x00007ff93feea000 	C:\WINDOWS\SYSTEM32\WSOCK32.dll
0x00007ff956090000 - 0x00007ff9560c6000 	C:\WINDOWS\SYSTEM32\WINMM.dll
0x00007ff95faa0000 - 0x00007ff95fb20000 	C:\WINDOWS\System32\WS2_32.dll
0x00007ff95d220000 - 0x00007ff95d23b000 	C:\WINDOWS\SYSTEM32\kernel.appcore.dll
0x00007ff94df10000 - 0x00007ff94df20000 	C:\Program Files\Java\jdk-11\bin\verify.dll
0x00007ff95ba90000 - 0x00007ff95bcd2000 	C:\WINDOWS\SYSTEM32\DBGHELP.DLL
0x00007ff95f700000 - 0x00007ff95fa83000 	C:\WINDOWS\System32\combase.dll
0x00007ff95ff20000 - 0x00007ff95fff9000 	C:\WINDOWS\System32\OLEAUT32.dll
0x00007ff940190000 - 0x00007ff9401cb000 	C:\WINDOWS\SYSTEM32\dbgcore.DLL
0x00007ff95e5c0000 - 0x00007ff95e668000 	C:\WINDOWS\System32\bcryptPrimitives.dll
0x00007ff94bd20000 - 0x00007ff94bd48000 	C:\Program Files\Java\jdk-11\bin\java.dll
0x00007ff94de90000 - 0x00007ff94de9a000 	C:\Program Files\Java\jdk-11\bin\jimage.dll
0x00007ff94bbc0000 - 0x00007ff94bbd7000 	C:\Program Files\Java\jdk-11\bin\zip.dll
0x00007ff960890000 - 0x00007ff961014000 	C:\WINDOWS\System32\SHELL32.dll
0x00007ff95c040000 - 0x00007ff95c8c0000 	C:\WINDOWS\SYSTEM32\windows.storage.dll
0x00007ff95f290000 - 0x00007ff95f386000 	C:\WINDOWS\System32\SHCORE.dll
0x00007ff960100000 - 0x00007ff960167000 	C:\WINDOWS\System32\shlwapi.dll
0x00007ff95e3b0000 - 0x00007ff95e3d9000 	C:\WINDOWS\SYSTEM32\profapi.dll
0x00007ff943030000 - 0x00007ff943049000 	C:\Program Files\Java\jdk-11\bin\net.dll
0x00007ff950200000 - 0x00007ff950329000 	C:\WINDOWS\SYSTEM32\WINHTTP.dll
0x00007ff95d790000 - 0x00007ff95d7fc000 	C:\WINDOWS\system32\mswsock.dll
0x00007ff93d780000 - 0x00007ff93d792000 	C:\Program Files\Java\jdk-11\bin\nio.dll
0x00007ff95cd00000 - 0x00007ff95ce4a000 	C:\WINDOWS\SYSTEM32\DNSAPI.dll
0x00007ff95d590000 - 0x00007ff95d59d000 	C:\WINDOWS\SYSTEM32\DSPARSE.dll
0x00007ff95cc40000 - 0x00007ff95cc73000 	C:\WINDOWS\SYSTEM32\IPHLPAPI.DLL
0x00007ff95ef70000 - 0x00007ff95ef7a000 	C:\WINDOWS\System32\NSI.dll
0x00007ff94f400000 - 0x00007ff94f40b000 	C:\Windows\System32\rasadhlp.dll
0x00007ff9585d0000 - 0x00007ff958656000 	C:\WINDOWS\System32\fwpuclnt.dll
0x00007ff95da70000 - 0x00007ff95da8b000 	C:\WINDOWS\SYSTEM32\CRYPTSP.dll
0x00007ff95d180000 - 0x00007ff95d1b9000 	C:\WINDOWS\system32\rsaenh.dll
0x00007ff95d840000 - 0x00007ff95d873000 	C:\WINDOWS\SYSTEM32\USERENV.dll
0x00007ff95e380000 - 0x00007ff95e3aa000 	C:\WINDOWS\SYSTEM32\bcrypt.dll
0x00007ff95da90000 - 0x00007ff95da9c000 	C:\WINDOWS\SYSTEM32\CRYPTBASE.dll
0x00007ff957a00000 - 0x00007ff957a1d000 	C:\WINDOWS\SYSTEM32\dhcpcsvc6.DLL
0x00007ff9579d0000 - 0x00007ff9579f5000 	C:\WINDOWS\SYSTEM32\dhcpcsvc.DLL
0x00007ff94de80000 - 0x00007ff94de89000 	C:\Program Files\Java\jdk-11\bin\management.dll
0x00007ff94dd30000 - 0x00007ff94dd3b000 	C:\Program Files\Java\jdk-11\bin\management_ext.dll
0x00007ff93d750000 - 0x00007ff93d777000 	C:\Program Files\Java\jdk-11\bin\sunec.dll
0x00007ff8f57f0000 - 0x00007ff8f5973000 	C:\Program Files\Java\jdk-11\bin\awt.dll
0x00007ff95b4a0000 - 0x00007ff95b4cf000 	C:\WINDOWS\system32\DWMAPI.DLL
0x00007ff95b210000 - 0x00007ff95b2ba000 	C:\WINDOWS\system32\uxtheme.dll
0x00007ff90e670000 - 0x00007ff90e77c000 	C:\WINDOWS\system32\opengl32.dll
0x00007ff92ab60000 - 0x00007ff92ab8d000 	C:\WINDOWS\SYSTEM32\GLU32.dll
0x00007ff95b2f0000 - 0x00007ff95b334000 	C:\WINDOWS\SYSTEM32\dxcore.dll
0x00007ff960730000 - 0x00007ff96088d000 	C:\WINDOWS\System32\MSCTF.dll
0x00007ff95f0a0000 - 0x00007ff95f238000 	C:\WINDOWS\System32\ole32.dll

dbghelp: loaded successfully - version: 4.0.5 - missing functions: none
symbol engine: initialized successfully - sym options: 0x614 - pdb path: .;C:\Program Files\Java\jdk-11\bin;C:\WINDOWS\SYSTEM32;C:\WINDOWS\WinSxS\amd64_microsoft.windows.common-controls_6595b64144ccf1df_6.0.26100.8521_none_3e08b75ce33403b3;C:\Program Files\Java\jdk-11\bin\server

VM Arguments:
jvm_args: -ea -Dfile.encoding=UTF-8 -Dstdout.encoding=UTF-8 -Dstderr.encoding=UTF-8 
java_command: org.testng.remote.RemoteTestNG -serport 60941 -protocol json -d D:\Eclipse-Rajeev\Octopussaas_main_Framework\test-output C:\Users\Rajeev nandi\AppData\Local\Temp\testng-eclipse--1010349081\testng-customsuite.xml
java_class_path (initial): C:\Users\Rajeev nandi\eclipse\java-2026-03\eclipse\configuration\org.eclipse.osgi\533\0\.cp\lib\testng-remote.jar;D:\Eclipse-Rajeev\Octopussaas_main_Framework\target\test-classes;D:\Eclipse-Rajeev\Octopussaas_main_Framework\target\classes;C:\Users\Rajeev nandi\.m2\repository\org\seleniumhq\selenium\selenium-java\4.34.0\selenium-java-4.34.0.jar;C:\Users\Rajeev nandi\.m2\repository\org\seleniumhq\selenium\selenium-api\4.34.0\selenium-api-4.34.0.jar;C:\Users\Rajeev nandi\.m2\repository\org\jspecify\jspecify\1.0.0\jspecify-1.0.0.jar;C:\Users\Rajeev nandi\.m2\repository\org\seleniumhq\selenium\selenium-chrome-driver\4.34.0\selenium-chrome-driver-4.34.0.jar;C:\Users\Rajeev nandi\.m2\repository\com\google\auto\service\auto-service-annotations\1.1.1\auto-service-annotations-1.1.1.jar;C:\Users\Rajeev nandi\.m2\repository\org\seleniumhq\selenium\selenium-chromium-driver\4.34.0\selenium-chromium-driver-4.34.0.jar;C:\Users\Rajeev nandi\.m2\repository\org\seleniumhq\selenium\selenium-json\4.34.0\selenium-json-4.34.0.jar;C:\Users\Rajeev nandi\.m2\repository\org\seleniumhq\selenium\selenium-manager\4.34.0\selenium-manager-4.34.0.jar;C:\Users\Rajeev nandi\.m2\repository\org\seleniumhq\selenium\selenium-devtools-v136\4.34.0\selenium-devtools-v136-4.34.0.jar;C:\Users\Rajeev nandi\.m2\repository\org\seleniumhq\selenium\selenium-devtools-v137\4.34.0\selenium-devtools-v137-4.34.0.jar;C:\Users\Rajeev nandi\.m2\repository\org\seleniumhq\selenium\selenium-devtools-v138\4.34.0\selenium-devtools-v138-4.34.0.jar;C:\Users\Rajeev nandi\.m2\repository\org\seleniumhq\selenium\selenium-edge-driver\4.34.0\selenium-edge-driver-4.34.0.jar;C:\Users\Rajeev nandi\.m2\repository\org\seleniumhq\selenium\selenium-firefox-driver\4.34.0\selenium-firefox-driver-4.34.0.jar;C:\Users\Rajeev nandi\.m2\repository\org\seleniumhq\selenium\selenium-http\4.34.0\selenium-http-4.34.0.jar;C:\Users\Rajeev nandi\.m2\repository\org\seleniumhq\selenium\selenium-ie-driver\4.34.0\selenium-ie-driver
Launcher Type: SUN_STANDARD

[Global flags]
     intx CICompilerCount                          = 4                                         {product} {ergonomic}
     uint ConcGCThreads                            = 2                                         {product} {ergonomic}
     uint G1ConcRefinementThreads                  = 8                                         {product} {ergonomic}
   size_t G1HeapRegionSize                         = 1048576                                   {product} {ergonomic}
    uintx GCDrainStackTargetSize                   = 64                                        {product} {ergonomic}
   size_t InitialHeapSize                          = 130023424                                 {product} {ergonomic}
   size_t MarkStackSize                            = 4194304                                   {product} {ergonomic}
   size_t MaxHeapSize                              = 2080374784                                {product} {ergonomic}
   size_t MaxNewSize                               = 1247805440                                {product} {ergonomic}
   size_t MinHeapDeltaBytes                        = 1048576                                   {product} {ergonomic}
    uintx NonNMethodCodeHeapSize                   = 5836300                                {pd product} {ergonomic}
    uintx NonProfiledCodeHeapSize                  = 122910970                              {pd product} {ergonomic}
    uintx ProfiledCodeHeapSize                     = 122910970                              {pd product} {ergonomic}
    uintx ReservedCodeCacheSize                    = 251658240                              {pd product} {ergonomic}
     bool SegmentedCodeCache                       = true                                      {product} {ergonomic}
     bool UseCompressedClassPointers               = true                                 {lp64_product} {ergonomic}
     bool UseCompressedOops                        = true                                 {lp64_product} {ergonomic}
     bool UseG1GC                                  = true                                      {product} {ergonomic}
     bool UseLargePagesIndividualAllocation        = false                                  {pd product} {ergonomic}

Logging:
Log output configuration:
 #0: stdout all=warning uptime,level,tags
 #1: stderr all=off uptime,level,tags

Environment Variables:
JAVA_HOME=C:\Program Files\Java\jdk-17
PATH=C:/Program Files/Java/jdk-21/bin/server;C:/Program Files/Java/jdk-21/bin;C:/Users/Rajeev nandi/AppData/Local/Temp/eoiD262.tmp//plugins/org.eclipse.justj.openjdk.hotspot.jre.minimal.stripped.win32.x86_64_21.0.10.v20260205-0638/jre/bin/server;C:/Users/Rajeev nandi/AppData/Local/Temp/eoiD262.tmp//plugins/org.eclipse.justj.openjdk.hotspot.jre.minimal.stripped.win32.x86_64_21.0.10.v20260205-0638/jre/bin;C:\Program Files\Google\Chrome\Application;C:\Python314\Scripts\;C:\Python314\;C:\app\Rajeevnandi2\product\11.2.0\dbhome_1\bin;C:\app\Rajeevnandi\product\11.2.0\dbhome_2\bin;C:\app\Rajeevnandi\product\11.2.0\dbhome_1\bin;C:\Program Files\Common Files\Oracle\Java\javapath;C:\WINDOWS\system32;C:\WINDOWS;C:\WINDOWS\System32\Wbem;C:\WINDOWS\System32\WindowsPowerShell\v1.0\;C:\WINDOWS\System32\OpenSSH\;C:\Program Files\dotnet\;C:\Program Files\Java\jdk-21\bin;C:\Program Files\Java\jdk-17\bin;D:\automation software\apache-maven-3.9.11-bin\apache-maven-3.9.11\bin;C:\Program Files\Git\cmd;C:\ProgramData\chocolatey\bin;C:\Program Files\nodejs\;C:\Program Files\MySQL\MySQL Shell 8.0\bin\;C:\Users\Rajeev nandi\AppData\Local\Microsoft\WindowsApps;C:\Program Files\JetBrains\PyCharm 2023.2\bin;;C:\Users\Rajeev nandi\AppData\Local\Programs\Microsoft VS Code\bin;D:\automation software\apache-maven-3.9.11-bin\apache-maven-3.9.11\bin;C:\Users\Rajeev nandi\AppData\Roaming\npm;C:\Users\Rajeev nandi\AppData\Local\GitHubDesktop\bin;;C:\Users\Rajeev nandi\Downloads;;C:\Users\Rajeev nandi\Downloads;
USERNAME=Rajeev nandi
OS=Windows_NT
PROCESSOR_IDENTIFIER=Intel64 Family 6 Model 140 Stepping 1, GenuineIntel



---------------  S Y S T E M  ---------------

OS: Windows 11 , 64 bit Build 26100 (10.0.26100.8521)
Hyper-V role detected

CPU:total 8 (initial active 8) (4 cores per cpu, 2 threads per core) family 6 model 140 stepping 1 microcode 0xbe, cmov, cx8, fxsr, mmx, sse, sse2, sse3, ssse3, sse4.1, sse4.2, popcnt, avx, avx2, aes, clmul, erms, 3dnowpref, lzcnt, ht, tsc, tscinvbit, bmi1, bmi2, adx, evex, sha, fma

Memory: 4k page, system-wide physical 7934M (389M free)
TotalPageFile size 32510M (AvailPageFile size 8M)
current process WorkingSet (physical memory assigned to process): 57M, peak: 182M
current process commit charge ("private bytes"): 281M, peak: 299M

vm_info: Java HotSpot(TM) 64-Bit Server VM (11.0.21+9-LTS-193) for windows-amd64 JRE (11.0.21+9-LTS-193), built on Sep 13 2023 11:04:38 by "mach5one" with MS VC++ 17.1 (VS2022)

END.
